[2024-12-04 11:43:23,117] {processor.py:153} INFO - Started process (PID=6563) to work on /home/airflow/dags/Lead_scoring_training_pipeline/.ipynb_checkpoints/constants-checkpoint.py
[2024-12-04 11:43:23,117] {processor.py:641} INFO - Processing file /home/airflow/dags/Lead_scoring_training_pipeline/.ipynb_checkpoints/constants-checkpoint.py for tasks to queue
[2024-12-04 11:43:23,117] {logging_mixin.py:115} INFO - [2024-12-04 11:43:23,117] {dagbag.py:508} INFO - Filling up the DagBag from /home/airflow/dags/Lead_scoring_training_pipeline/.ipynb_checkpoints/constants-checkpoint.py
[2024-12-04 11:43:23,119] {processor.py:653} WARNING - No viable dags retrieved from /home/airflow/dags/Lead_scoring_training_pipeline/.ipynb_checkpoints/constants-checkpoint.py
[2024-12-04 11:43:23,129] {processor.py:161} INFO - Processing /home/airflow/dags/Lead_scoring_training_pipeline/.ipynb_checkpoints/constants-checkpoint.py took 0.016 seconds
[2024-12-04 11:43:58,692] {processor.py:153} INFO - Started process (PID=6612) to work on /home/airflow/dags/Lead_scoring_training_pipeline/.ipynb_checkpoints/constants-checkpoint.py
[2024-12-04 11:43:58,694] {processor.py:641} INFO - Processing file /home/airflow/dags/Lead_scoring_training_pipeline/.ipynb_checkpoints/constants-checkpoint.py for tasks to queue
[2024-12-04 11:43:58,694] {logging_mixin.py:115} INFO - [2024-12-04 11:43:58,694] {dagbag.py:508} INFO - Filling up the DagBag from /home/airflow/dags/Lead_scoring_training_pipeline/.ipynb_checkpoints/constants-checkpoint.py
[2024-12-04 11:43:58,696] {processor.py:653} WARNING - No viable dags retrieved from /home/airflow/dags/Lead_scoring_training_pipeline/.ipynb_checkpoints/constants-checkpoint.py
[2024-12-04 11:43:58,706] {processor.py:161} INFO - Processing /home/airflow/dags/Lead_scoring_training_pipeline/.ipynb_checkpoints/constants-checkpoint.py took 0.017 seconds
[2024-12-04 11:44:38,000] {processor.py:153} INFO - Started process (PID=6665) to work on /home/airflow/dags/Lead_scoring_training_pipeline/.ipynb_checkpoints/constants-checkpoint.py
[2024-12-04 11:44:38,002] {processor.py:641} INFO - Processing file /home/airflow/dags/Lead_scoring_training_pipeline/.ipynb_checkpoints/constants-checkpoint.py for tasks to queue
[2024-12-04 11:44:38,002] {logging_mixin.py:115} INFO - [2024-12-04 11:44:38,002] {dagbag.py:508} INFO - Filling up the DagBag from /home/airflow/dags/Lead_scoring_training_pipeline/.ipynb_checkpoints/constants-checkpoint.py
[2024-12-04 11:44:38,003] {processor.py:653} WARNING - No viable dags retrieved from /home/airflow/dags/Lead_scoring_training_pipeline/.ipynb_checkpoints/constants-checkpoint.py
[2024-12-04 11:44:38,014] {processor.py:161} INFO - Processing /home/airflow/dags/Lead_scoring_training_pipeline/.ipynb_checkpoints/constants-checkpoint.py took 0.017 seconds
[2024-12-04 11:45:19,399] {processor.py:153} INFO - Started process (PID=6730) to work on /home/airflow/dags/Lead_scoring_training_pipeline/.ipynb_checkpoints/constants-checkpoint.py
[2024-12-04 11:45:19,401] {processor.py:641} INFO - Processing file /home/airflow/dags/Lead_scoring_training_pipeline/.ipynb_checkpoints/constants-checkpoint.py for tasks to queue
[2024-12-04 11:45:19,401] {logging_mixin.py:115} INFO - [2024-12-04 11:45:19,401] {dagbag.py:508} INFO - Filling up the DagBag from /home/airflow/dags/Lead_scoring_training_pipeline/.ipynb_checkpoints/constants-checkpoint.py
[2024-12-04 11:45:19,402] {processor.py:653} WARNING - No viable dags retrieved from /home/airflow/dags/Lead_scoring_training_pipeline/.ipynb_checkpoints/constants-checkpoint.py
[2024-12-04 11:45:19,412] {processor.py:161} INFO - Processing /home/airflow/dags/Lead_scoring_training_pipeline/.ipynb_checkpoints/constants-checkpoint.py took 0.016 seconds
[2024-12-04 11:45:53,304] {processor.py:153} INFO - Started process (PID=6772) to work on /home/airflow/dags/Lead_scoring_training_pipeline/.ipynb_checkpoints/constants-checkpoint.py
[2024-12-04 11:45:53,306] {processor.py:641} INFO - Processing file /home/airflow/dags/Lead_scoring_training_pipeline/.ipynb_checkpoints/constants-checkpoint.py for tasks to queue
[2024-12-04 11:45:53,307] {logging_mixin.py:115} INFO - [2024-12-04 11:45:53,306] {dagbag.py:508} INFO - Filling up the DagBag from /home/airflow/dags/Lead_scoring_training_pipeline/.ipynb_checkpoints/constants-checkpoint.py
[2024-12-04 11:45:53,308] {processor.py:653} WARNING - No viable dags retrieved from /home/airflow/dags/Lead_scoring_training_pipeline/.ipynb_checkpoints/constants-checkpoint.py
[2024-12-04 11:45:53,319] {processor.py:161} INFO - Processing /home/airflow/dags/Lead_scoring_training_pipeline/.ipynb_checkpoints/constants-checkpoint.py took 0.018 seconds
[2024-12-04 11:46:28,097] {processor.py:153} INFO - Started process (PID=6821) to work on /home/airflow/dags/Lead_scoring_training_pipeline/.ipynb_checkpoints/constants-checkpoint.py
[2024-12-04 11:46:28,099] {processor.py:641} INFO - Processing file /home/airflow/dags/Lead_scoring_training_pipeline/.ipynb_checkpoints/constants-checkpoint.py for tasks to queue
[2024-12-04 11:46:28,099] {logging_mixin.py:115} INFO - [2024-12-04 11:46:28,099] {dagbag.py:508} INFO - Filling up the DagBag from /home/airflow/dags/Lead_scoring_training_pipeline/.ipynb_checkpoints/constants-checkpoint.py
[2024-12-04 11:46:28,100] {processor.py:653} WARNING - No viable dags retrieved from /home/airflow/dags/Lead_scoring_training_pipeline/.ipynb_checkpoints/constants-checkpoint.py
[2024-12-04 11:46:28,111] {processor.py:161} INFO - Processing /home/airflow/dags/Lead_scoring_training_pipeline/.ipynb_checkpoints/constants-checkpoint.py took 0.017 seconds
[2024-12-04 11:47:07,972] {processor.py:153} INFO - Started process (PID=6876) to work on /home/airflow/dags/Lead_scoring_training_pipeline/.ipynb_checkpoints/constants-checkpoint.py
[2024-12-04 11:47:07,974] {processor.py:641} INFO - Processing file /home/airflow/dags/Lead_scoring_training_pipeline/.ipynb_checkpoints/constants-checkpoint.py for tasks to queue
[2024-12-04 11:47:07,974] {logging_mixin.py:115} INFO - [2024-12-04 11:47:07,974] {dagbag.py:508} INFO - Filling up the DagBag from /home/airflow/dags/Lead_scoring_training_pipeline/.ipynb_checkpoints/constants-checkpoint.py
[2024-12-04 11:47:07,976] {processor.py:653} WARNING - No viable dags retrieved from /home/airflow/dags/Lead_scoring_training_pipeline/.ipynb_checkpoints/constants-checkpoint.py
[2024-12-04 11:47:07,986] {processor.py:161} INFO - Processing /home/airflow/dags/Lead_scoring_training_pipeline/.ipynb_checkpoints/constants-checkpoint.py took 0.018 seconds
[2024-12-04 11:47:45,916] {processor.py:153} INFO - Started process (PID=6928) to work on /home/airflow/dags/Lead_scoring_training_pipeline/.ipynb_checkpoints/constants-checkpoint.py
[2024-12-04 11:47:45,918] {processor.py:641} INFO - Processing file /home/airflow/dags/Lead_scoring_training_pipeline/.ipynb_checkpoints/constants-checkpoint.py for tasks to queue
[2024-12-04 11:47:45,918] {logging_mixin.py:115} INFO - [2024-12-04 11:47:45,918] {dagbag.py:508} INFO - Filling up the DagBag from /home/airflow/dags/Lead_scoring_training_pipeline/.ipynb_checkpoints/constants-checkpoint.py
[2024-12-04 11:47:45,920] {processor.py:653} WARNING - No viable dags retrieved from /home/airflow/dags/Lead_scoring_training_pipeline/.ipynb_checkpoints/constants-checkpoint.py
[2024-12-04 11:47:45,931] {processor.py:161} INFO - Processing /home/airflow/dags/Lead_scoring_training_pipeline/.ipynb_checkpoints/constants-checkpoint.py took 0.018 seconds
