[2024-12-04 11:53:26,958] {processor.py:153} INFO - Started process (PID=7303) to work on /home/airflow/dags/Lead_scoring_inference_pipeline/.ipynb_checkpoints/constants-checkpoint.py
[2024-12-04 11:53:26,958] {processor.py:641} INFO - Processing file /home/airflow/dags/Lead_scoring_inference_pipeline/.ipynb_checkpoints/constants-checkpoint.py for tasks to queue
[2024-12-04 11:53:26,959] {logging_mixin.py:115} INFO - [2024-12-04 11:53:26,959] {dagbag.py:508} INFO - Filling up the DagBag from /home/airflow/dags/Lead_scoring_inference_pipeline/.ipynb_checkpoints/constants-checkpoint.py
[2024-12-04 11:53:26,961] {processor.py:653} WARNING - No viable dags retrieved from /home/airflow/dags/Lead_scoring_inference_pipeline/.ipynb_checkpoints/constants-checkpoint.py
[2024-12-04 11:53:26,972] {processor.py:161} INFO - Processing /home/airflow/dags/Lead_scoring_inference_pipeline/.ipynb_checkpoints/constants-checkpoint.py took 0.017 seconds
[2024-12-04 11:54:10,678] {processor.py:153} INFO - Started process (PID=7370) to work on /home/airflow/dags/Lead_scoring_inference_pipeline/.ipynb_checkpoints/constants-checkpoint.py
[2024-12-04 11:54:10,679] {processor.py:641} INFO - Processing file /home/airflow/dags/Lead_scoring_inference_pipeline/.ipynb_checkpoints/constants-checkpoint.py for tasks to queue
[2024-12-04 11:54:10,680] {logging_mixin.py:115} INFO - [2024-12-04 11:54:10,680] {dagbag.py:508} INFO - Filling up the DagBag from /home/airflow/dags/Lead_scoring_inference_pipeline/.ipynb_checkpoints/constants-checkpoint.py
[2024-12-04 11:54:10,681] {processor.py:653} WARNING - No viable dags retrieved from /home/airflow/dags/Lead_scoring_inference_pipeline/.ipynb_checkpoints/constants-checkpoint.py
[2024-12-04 11:54:10,692] {processor.py:161} INFO - Processing /home/airflow/dags/Lead_scoring_inference_pipeline/.ipynb_checkpoints/constants-checkpoint.py took 0.018 seconds
[2024-12-04 11:54:50,048] {processor.py:153} INFO - Started process (PID=7427) to work on /home/airflow/dags/Lead_scoring_inference_pipeline/.ipynb_checkpoints/constants-checkpoint.py
[2024-12-04 11:54:50,050] {processor.py:641} INFO - Processing file /home/airflow/dags/Lead_scoring_inference_pipeline/.ipynb_checkpoints/constants-checkpoint.py for tasks to queue
[2024-12-04 11:54:50,050] {logging_mixin.py:115} INFO - [2024-12-04 11:54:50,050] {dagbag.py:508} INFO - Filling up the DagBag from /home/airflow/dags/Lead_scoring_inference_pipeline/.ipynb_checkpoints/constants-checkpoint.py
[2024-12-04 11:54:50,052] {processor.py:653} WARNING - No viable dags retrieved from /home/airflow/dags/Lead_scoring_inference_pipeline/.ipynb_checkpoints/constants-checkpoint.py
[2024-12-04 11:54:50,063] {processor.py:161} INFO - Processing /home/airflow/dags/Lead_scoring_inference_pipeline/.ipynb_checkpoints/constants-checkpoint.py took 0.018 seconds
[2024-12-04 11:55:24,445] {processor.py:153} INFO - Started process (PID=7475) to work on /home/airflow/dags/Lead_scoring_inference_pipeline/.ipynb_checkpoints/constants-checkpoint.py
[2024-12-04 11:55:24,447] {processor.py:641} INFO - Processing file /home/airflow/dags/Lead_scoring_inference_pipeline/.ipynb_checkpoints/constants-checkpoint.py for tasks to queue
[2024-12-04 11:55:24,447] {logging_mixin.py:115} INFO - [2024-12-04 11:55:24,447] {dagbag.py:508} INFO - Filling up the DagBag from /home/airflow/dags/Lead_scoring_inference_pipeline/.ipynb_checkpoints/constants-checkpoint.py
[2024-12-04 11:55:24,449] {processor.py:653} WARNING - No viable dags retrieved from /home/airflow/dags/Lead_scoring_inference_pipeline/.ipynb_checkpoints/constants-checkpoint.py
[2024-12-04 11:55:24,460] {processor.py:161} INFO - Processing /home/airflow/dags/Lead_scoring_inference_pipeline/.ipynb_checkpoints/constants-checkpoint.py took 0.018 seconds
[2024-12-04 11:56:06,980] {processor.py:153} INFO - Started process (PID=7530) to work on /home/airflow/dags/Lead_scoring_inference_pipeline/.ipynb_checkpoints/constants-checkpoint.py
[2024-12-04 11:56:06,982] {processor.py:641} INFO - Processing file /home/airflow/dags/Lead_scoring_inference_pipeline/.ipynb_checkpoints/constants-checkpoint.py for tasks to queue
[2024-12-04 11:56:06,982] {logging_mixin.py:115} INFO - [2024-12-04 11:56:06,982] {dagbag.py:508} INFO - Filling up the DagBag from /home/airflow/dags/Lead_scoring_inference_pipeline/.ipynb_checkpoints/constants-checkpoint.py
[2024-12-04 11:56:06,983] {processor.py:653} WARNING - No viable dags retrieved from /home/airflow/dags/Lead_scoring_inference_pipeline/.ipynb_checkpoints/constants-checkpoint.py
[2024-12-04 11:56:06,994] {processor.py:161} INFO - Processing /home/airflow/dags/Lead_scoring_inference_pipeline/.ipynb_checkpoints/constants-checkpoint.py took 0.018 seconds
[2024-12-04 11:56:46,430] {processor.py:153} INFO - Started process (PID=7583) to work on /home/airflow/dags/Lead_scoring_inference_pipeline/.ipynb_checkpoints/constants-checkpoint.py
[2024-12-04 11:56:46,431] {processor.py:641} INFO - Processing file /home/airflow/dags/Lead_scoring_inference_pipeline/.ipynb_checkpoints/constants-checkpoint.py for tasks to queue
[2024-12-04 11:56:46,432] {logging_mixin.py:115} INFO - [2024-12-04 11:56:46,432] {dagbag.py:508} INFO - Filling up the DagBag from /home/airflow/dags/Lead_scoring_inference_pipeline/.ipynb_checkpoints/constants-checkpoint.py
[2024-12-04 11:56:46,433] {processor.py:653} WARNING - No viable dags retrieved from /home/airflow/dags/Lead_scoring_inference_pipeline/.ipynb_checkpoints/constants-checkpoint.py
[2024-12-04 11:56:46,445] {processor.py:161} INFO - Processing /home/airflow/dags/Lead_scoring_inference_pipeline/.ipynb_checkpoints/constants-checkpoint.py took 0.019 seconds
[2024-12-04 11:57:21,684] {processor.py:153} INFO - Started process (PID=7635) to work on /home/airflow/dags/Lead_scoring_inference_pipeline/.ipynb_checkpoints/constants-checkpoint.py
[2024-12-04 11:57:21,685] {processor.py:641} INFO - Processing file /home/airflow/dags/Lead_scoring_inference_pipeline/.ipynb_checkpoints/constants-checkpoint.py for tasks to queue
[2024-12-04 11:57:21,686] {logging_mixin.py:115} INFO - [2024-12-04 11:57:21,686] {dagbag.py:508} INFO - Filling up the DagBag from /home/airflow/dags/Lead_scoring_inference_pipeline/.ipynb_checkpoints/constants-checkpoint.py
[2024-12-04 11:57:21,687] {processor.py:653} WARNING - No viable dags retrieved from /home/airflow/dags/Lead_scoring_inference_pipeline/.ipynb_checkpoints/constants-checkpoint.py
[2024-12-04 11:57:21,698] {processor.py:161} INFO - Processing /home/airflow/dags/Lead_scoring_inference_pipeline/.ipynb_checkpoints/constants-checkpoint.py took 0.017 seconds
[2024-12-04 11:57:58,276] {processor.py:153} INFO - Started process (PID=7687) to work on /home/airflow/dags/Lead_scoring_inference_pipeline/.ipynb_checkpoints/constants-checkpoint.py
[2024-12-04 11:57:58,278] {processor.py:641} INFO - Processing file /home/airflow/dags/Lead_scoring_inference_pipeline/.ipynb_checkpoints/constants-checkpoint.py for tasks to queue
[2024-12-04 11:57:58,278] {logging_mixin.py:115} INFO - [2024-12-04 11:57:58,278] {dagbag.py:508} INFO - Filling up the DagBag from /home/airflow/dags/Lead_scoring_inference_pipeline/.ipynb_checkpoints/constants-checkpoint.py
[2024-12-04 11:57:58,280] {processor.py:653} WARNING - No viable dags retrieved from /home/airflow/dags/Lead_scoring_inference_pipeline/.ipynb_checkpoints/constants-checkpoint.py
[2024-12-04 11:57:58,291] {processor.py:161} INFO - Processing /home/airflow/dags/Lead_scoring_inference_pipeline/.ipynb_checkpoints/constants-checkpoint.py took 0.017 seconds
[2024-12-04 11:58:39,789] {processor.py:153} INFO - Started process (PID=7746) to work on /home/airflow/dags/Lead_scoring_inference_pipeline/.ipynb_checkpoints/constants-checkpoint.py
[2024-12-04 11:58:39,790] {processor.py:641} INFO - Processing file /home/airflow/dags/Lead_scoring_inference_pipeline/.ipynb_checkpoints/constants-checkpoint.py for tasks to queue
[2024-12-04 11:58:39,791] {logging_mixin.py:115} INFO - [2024-12-04 11:58:39,791] {dagbag.py:508} INFO - Filling up the DagBag from /home/airflow/dags/Lead_scoring_inference_pipeline/.ipynb_checkpoints/constants-checkpoint.py
[2024-12-04 11:58:39,792] {processor.py:653} WARNING - No viable dags retrieved from /home/airflow/dags/Lead_scoring_inference_pipeline/.ipynb_checkpoints/constants-checkpoint.py
[2024-12-04 11:58:39,804] {processor.py:161} INFO - Processing /home/airflow/dags/Lead_scoring_inference_pipeline/.ipynb_checkpoints/constants-checkpoint.py took 0.018 seconds
[2024-12-04 11:59:18,093] {processor.py:153} INFO - Started process (PID=7813) to work on /home/airflow/dags/Lead_scoring_inference_pipeline/.ipynb_checkpoints/constants-checkpoint.py
[2024-12-04 11:59:18,095] {processor.py:641} INFO - Processing file /home/airflow/dags/Lead_scoring_inference_pipeline/.ipynb_checkpoints/constants-checkpoint.py for tasks to queue
[2024-12-04 11:59:18,095] {logging_mixin.py:115} INFO - [2024-12-04 11:59:18,095] {dagbag.py:508} INFO - Filling up the DagBag from /home/airflow/dags/Lead_scoring_inference_pipeline/.ipynb_checkpoints/constants-checkpoint.py
[2024-12-04 11:59:18,097] {processor.py:653} WARNING - No viable dags retrieved from /home/airflow/dags/Lead_scoring_inference_pipeline/.ipynb_checkpoints/constants-checkpoint.py
[2024-12-04 11:59:18,108] {processor.py:161} INFO - Processing /home/airflow/dags/Lead_scoring_inference_pipeline/.ipynb_checkpoints/constants-checkpoint.py took 0.018 seconds
[2024-12-04 11:59:55,246] {processor.py:153} INFO - Started process (PID=7866) to work on /home/airflow/dags/Lead_scoring_inference_pipeline/.ipynb_checkpoints/constants-checkpoint.py
[2024-12-04 11:59:55,248] {processor.py:641} INFO - Processing file /home/airflow/dags/Lead_scoring_inference_pipeline/.ipynb_checkpoints/constants-checkpoint.py for tasks to queue
[2024-12-04 11:59:55,248] {logging_mixin.py:115} INFO - [2024-12-04 11:59:55,248] {dagbag.py:508} INFO - Filling up the DagBag from /home/airflow/dags/Lead_scoring_inference_pipeline/.ipynb_checkpoints/constants-checkpoint.py
[2024-12-04 11:59:55,250] {processor.py:653} WARNING - No viable dags retrieved from /home/airflow/dags/Lead_scoring_inference_pipeline/.ipynb_checkpoints/constants-checkpoint.py
[2024-12-04 11:59:55,261] {processor.py:161} INFO - Processing /home/airflow/dags/Lead_scoring_inference_pipeline/.ipynb_checkpoints/constants-checkpoint.py took 0.019 seconds
[2024-12-04 12:00:30,662] {processor.py:153} INFO - Started process (PID=7916) to work on /home/airflow/dags/Lead_scoring_inference_pipeline/.ipynb_checkpoints/constants-checkpoint.py
[2024-12-04 12:00:30,663] {processor.py:641} INFO - Processing file /home/airflow/dags/Lead_scoring_inference_pipeline/.ipynb_checkpoints/constants-checkpoint.py for tasks to queue
[2024-12-04 12:00:30,663] {logging_mixin.py:115} INFO - [2024-12-04 12:00:30,663] {dagbag.py:508} INFO - Filling up the DagBag from /home/airflow/dags/Lead_scoring_inference_pipeline/.ipynb_checkpoints/constants-checkpoint.py
[2024-12-04 12:00:30,665] {processor.py:653} WARNING - No viable dags retrieved from /home/airflow/dags/Lead_scoring_inference_pipeline/.ipynb_checkpoints/constants-checkpoint.py
[2024-12-04 12:00:30,676] {processor.py:161} INFO - Processing /home/airflow/dags/Lead_scoring_inference_pipeline/.ipynb_checkpoints/constants-checkpoint.py took 0.018 seconds
[2024-12-04 12:01:06,362] {processor.py:153} INFO - Started process (PID=7966) to work on /home/airflow/dags/Lead_scoring_inference_pipeline/.ipynb_checkpoints/constants-checkpoint.py
[2024-12-04 12:01:06,364] {processor.py:641} INFO - Processing file /home/airflow/dags/Lead_scoring_inference_pipeline/.ipynb_checkpoints/constants-checkpoint.py for tasks to queue
[2024-12-04 12:01:06,364] {logging_mixin.py:115} INFO - [2024-12-04 12:01:06,364] {dagbag.py:508} INFO - Filling up the DagBag from /home/airflow/dags/Lead_scoring_inference_pipeline/.ipynb_checkpoints/constants-checkpoint.py
[2024-12-04 12:01:06,366] {processor.py:653} WARNING - No viable dags retrieved from /home/airflow/dags/Lead_scoring_inference_pipeline/.ipynb_checkpoints/constants-checkpoint.py
[2024-12-04 12:01:06,377] {processor.py:161} INFO - Processing /home/airflow/dags/Lead_scoring_inference_pipeline/.ipynb_checkpoints/constants-checkpoint.py took 0.019 seconds
[2024-12-04 12:01:45,398] {processor.py:153} INFO - Started process (PID=8019) to work on /home/airflow/dags/Lead_scoring_inference_pipeline/.ipynb_checkpoints/constants-checkpoint.py
[2024-12-04 12:01:45,399] {processor.py:641} INFO - Processing file /home/airflow/dags/Lead_scoring_inference_pipeline/.ipynb_checkpoints/constants-checkpoint.py for tasks to queue
[2024-12-04 12:01:45,400] {logging_mixin.py:115} INFO - [2024-12-04 12:01:45,400] {dagbag.py:508} INFO - Filling up the DagBag from /home/airflow/dags/Lead_scoring_inference_pipeline/.ipynb_checkpoints/constants-checkpoint.py
[2024-12-04 12:01:45,401] {processor.py:653} WARNING - No viable dags retrieved from /home/airflow/dags/Lead_scoring_inference_pipeline/.ipynb_checkpoints/constants-checkpoint.py
[2024-12-04 12:01:45,412] {processor.py:161} INFO - Processing /home/airflow/dags/Lead_scoring_inference_pipeline/.ipynb_checkpoints/constants-checkpoint.py took 0.018 seconds
[2024-12-04 12:02:22,109] {processor.py:153} INFO - Started process (PID=8069) to work on /home/airflow/dags/Lead_scoring_inference_pipeline/.ipynb_checkpoints/constants-checkpoint.py
[2024-12-04 12:02:22,111] {processor.py:641} INFO - Processing file /home/airflow/dags/Lead_scoring_inference_pipeline/.ipynb_checkpoints/constants-checkpoint.py for tasks to queue
[2024-12-04 12:02:22,112] {logging_mixin.py:115} INFO - [2024-12-04 12:02:22,111] {dagbag.py:508} INFO - Filling up the DagBag from /home/airflow/dags/Lead_scoring_inference_pipeline/.ipynb_checkpoints/constants-checkpoint.py
[2024-12-04 12:02:22,113] {processor.py:653} WARNING - No viable dags retrieved from /home/airflow/dags/Lead_scoring_inference_pipeline/.ipynb_checkpoints/constants-checkpoint.py
[2024-12-04 12:02:22,124] {processor.py:161} INFO - Processing /home/airflow/dags/Lead_scoring_inference_pipeline/.ipynb_checkpoints/constants-checkpoint.py took 0.018 seconds
[2024-12-04 12:03:03,820] {processor.py:153} INFO - Started process (PID=8123) to work on /home/airflow/dags/Lead_scoring_inference_pipeline/.ipynb_checkpoints/constants-checkpoint.py
[2024-12-04 12:03:03,822] {processor.py:641} INFO - Processing file /home/airflow/dags/Lead_scoring_inference_pipeline/.ipynb_checkpoints/constants-checkpoint.py for tasks to queue
[2024-12-04 12:03:03,823] {logging_mixin.py:115} INFO - [2024-12-04 12:03:03,822] {dagbag.py:508} INFO - Filling up the DagBag from /home/airflow/dags/Lead_scoring_inference_pipeline/.ipynb_checkpoints/constants-checkpoint.py
[2024-12-04 12:03:03,824] {processor.py:653} WARNING - No viable dags retrieved from /home/airflow/dags/Lead_scoring_inference_pipeline/.ipynb_checkpoints/constants-checkpoint.py
[2024-12-04 12:03:03,835] {processor.py:161} INFO - Processing /home/airflow/dags/Lead_scoring_inference_pipeline/.ipynb_checkpoints/constants-checkpoint.py took 0.018 seconds
[2024-12-04 12:03:32,850] {processor.py:153} INFO - Started process (PID=8166) to work on /home/airflow/dags/Lead_scoring_inference_pipeline/.ipynb_checkpoints/constants-checkpoint.py
[2024-12-04 12:03:32,850] {processor.py:641} INFO - Processing file /home/airflow/dags/Lead_scoring_inference_pipeline/.ipynb_checkpoints/constants-checkpoint.py for tasks to queue
[2024-12-04 12:03:32,851] {logging_mixin.py:115} INFO - [2024-12-04 12:03:32,851] {dagbag.py:508} INFO - Filling up the DagBag from /home/airflow/dags/Lead_scoring_inference_pipeline/.ipynb_checkpoints/constants-checkpoint.py
[2024-12-04 12:03:32,853] {processor.py:653} WARNING - No viable dags retrieved from /home/airflow/dags/Lead_scoring_inference_pipeline/.ipynb_checkpoints/constants-checkpoint.py
[2024-12-04 12:03:32,864] {processor.py:161} INFO - Processing /home/airflow/dags/Lead_scoring_inference_pipeline/.ipynb_checkpoints/constants-checkpoint.py took 0.018 seconds
[2024-12-04 12:04:16,014] {processor.py:153} INFO - Started process (PID=8223) to work on /home/airflow/dags/Lead_scoring_inference_pipeline/.ipynb_checkpoints/constants-checkpoint.py
[2024-12-04 12:04:16,015] {processor.py:641} INFO - Processing file /home/airflow/dags/Lead_scoring_inference_pipeline/.ipynb_checkpoints/constants-checkpoint.py for tasks to queue
[2024-12-04 12:04:16,016] {logging_mixin.py:115} INFO - [2024-12-04 12:04:16,016] {dagbag.py:508} INFO - Filling up the DagBag from /home/airflow/dags/Lead_scoring_inference_pipeline/.ipynb_checkpoints/constants-checkpoint.py
[2024-12-04 12:04:16,017] {processor.py:653} WARNING - No viable dags retrieved from /home/airflow/dags/Lead_scoring_inference_pipeline/.ipynb_checkpoints/constants-checkpoint.py
[2024-12-04 12:04:16,029] {processor.py:161} INFO - Processing /home/airflow/dags/Lead_scoring_inference_pipeline/.ipynb_checkpoints/constants-checkpoint.py took 0.018 seconds
[2024-12-04 12:04:53,347] {processor.py:153} INFO - Started process (PID=8275) to work on /home/airflow/dags/Lead_scoring_inference_pipeline/.ipynb_checkpoints/constants-checkpoint.py
[2024-12-04 12:04:53,350] {processor.py:641} INFO - Processing file /home/airflow/dags/Lead_scoring_inference_pipeline/.ipynb_checkpoints/constants-checkpoint.py for tasks to queue
[2024-12-04 12:04:53,350] {logging_mixin.py:115} INFO - [2024-12-04 12:04:53,350] {dagbag.py:508} INFO - Filling up the DagBag from /home/airflow/dags/Lead_scoring_inference_pipeline/.ipynb_checkpoints/constants-checkpoint.py
[2024-12-04 12:04:53,352] {processor.py:653} WARNING - No viable dags retrieved from /home/airflow/dags/Lead_scoring_inference_pipeline/.ipynb_checkpoints/constants-checkpoint.py
[2024-12-04 12:04:53,364] {processor.py:161} INFO - Processing /home/airflow/dags/Lead_scoring_inference_pipeline/.ipynb_checkpoints/constants-checkpoint.py took 0.020 seconds
[2024-12-04 12:05:32,209] {processor.py:153} INFO - Started process (PID=8326) to work on /home/airflow/dags/Lead_scoring_inference_pipeline/.ipynb_checkpoints/constants-checkpoint.py
[2024-12-04 12:05:32,211] {processor.py:641} INFO - Processing file /home/airflow/dags/Lead_scoring_inference_pipeline/.ipynb_checkpoints/constants-checkpoint.py for tasks to queue
[2024-12-04 12:05:32,211] {logging_mixin.py:115} INFO - [2024-12-04 12:05:32,211] {dagbag.py:508} INFO - Filling up the DagBag from /home/airflow/dags/Lead_scoring_inference_pipeline/.ipynb_checkpoints/constants-checkpoint.py
[2024-12-04 12:05:32,213] {processor.py:653} WARNING - No viable dags retrieved from /home/airflow/dags/Lead_scoring_inference_pipeline/.ipynb_checkpoints/constants-checkpoint.py
[2024-12-04 12:05:32,224] {processor.py:161} INFO - Processing /home/airflow/dags/Lead_scoring_inference_pipeline/.ipynb_checkpoints/constants-checkpoint.py took 0.018 seconds
[2024-12-04 12:06:12,968] {processor.py:153} INFO - Started process (PID=8381) to work on /home/airflow/dags/Lead_scoring_inference_pipeline/.ipynb_checkpoints/constants-checkpoint.py
[2024-12-04 12:06:12,970] {processor.py:641} INFO - Processing file /home/airflow/dags/Lead_scoring_inference_pipeline/.ipynb_checkpoints/constants-checkpoint.py for tasks to queue
[2024-12-04 12:06:12,970] {logging_mixin.py:115} INFO - [2024-12-04 12:06:12,970] {dagbag.py:508} INFO - Filling up the DagBag from /home/airflow/dags/Lead_scoring_inference_pipeline/.ipynb_checkpoints/constants-checkpoint.py
[2024-12-04 12:06:12,972] {processor.py:653} WARNING - No viable dags retrieved from /home/airflow/dags/Lead_scoring_inference_pipeline/.ipynb_checkpoints/constants-checkpoint.py
[2024-12-04 12:06:12,983] {processor.py:161} INFO - Processing /home/airflow/dags/Lead_scoring_inference_pipeline/.ipynb_checkpoints/constants-checkpoint.py took 0.018 seconds
[2024-12-04 12:06:51,512] {processor.py:153} INFO - Started process (PID=8439) to work on /home/airflow/dags/Lead_scoring_inference_pipeline/.ipynb_checkpoints/constants-checkpoint.py
[2024-12-04 12:06:51,514] {processor.py:641} INFO - Processing file /home/airflow/dags/Lead_scoring_inference_pipeline/.ipynb_checkpoints/constants-checkpoint.py for tasks to queue
[2024-12-04 12:06:51,514] {logging_mixin.py:115} INFO - [2024-12-04 12:06:51,514] {dagbag.py:508} INFO - Filling up the DagBag from /home/airflow/dags/Lead_scoring_inference_pipeline/.ipynb_checkpoints/constants-checkpoint.py
[2024-12-04 12:06:51,516] {processor.py:653} WARNING - No viable dags retrieved from /home/airflow/dags/Lead_scoring_inference_pipeline/.ipynb_checkpoints/constants-checkpoint.py
[2024-12-04 12:06:51,527] {processor.py:161} INFO - Processing /home/airflow/dags/Lead_scoring_inference_pipeline/.ipynb_checkpoints/constants-checkpoint.py took 0.019 seconds
[2024-12-04 12:07:32,020] {processor.py:153} INFO - Started process (PID=8494) to work on /home/airflow/dags/Lead_scoring_inference_pipeline/.ipynb_checkpoints/constants-checkpoint.py
[2024-12-04 12:07:32,022] {processor.py:641} INFO - Processing file /home/airflow/dags/Lead_scoring_inference_pipeline/.ipynb_checkpoints/constants-checkpoint.py for tasks to queue
[2024-12-04 12:07:32,022] {logging_mixin.py:115} INFO - [2024-12-04 12:07:32,022] {dagbag.py:508} INFO - Filling up the DagBag from /home/airflow/dags/Lead_scoring_inference_pipeline/.ipynb_checkpoints/constants-checkpoint.py
[2024-12-04 12:07:32,024] {processor.py:653} WARNING - No viable dags retrieved from /home/airflow/dags/Lead_scoring_inference_pipeline/.ipynb_checkpoints/constants-checkpoint.py
[2024-12-04 12:07:32,035] {processor.py:161} INFO - Processing /home/airflow/dags/Lead_scoring_inference_pipeline/.ipynb_checkpoints/constants-checkpoint.py took 0.019 seconds
[2024-12-04 12:08:11,249] {processor.py:153} INFO - Started process (PID=8547) to work on /home/airflow/dags/Lead_scoring_inference_pipeline/.ipynb_checkpoints/constants-checkpoint.py
[2024-12-04 12:08:11,251] {processor.py:641} INFO - Processing file /home/airflow/dags/Lead_scoring_inference_pipeline/.ipynb_checkpoints/constants-checkpoint.py for tasks to queue
[2024-12-04 12:08:11,251] {logging_mixin.py:115} INFO - [2024-12-04 12:08:11,251] {dagbag.py:508} INFO - Filling up the DagBag from /home/airflow/dags/Lead_scoring_inference_pipeline/.ipynb_checkpoints/constants-checkpoint.py
[2024-12-04 12:08:11,253] {processor.py:653} WARNING - No viable dags retrieved from /home/airflow/dags/Lead_scoring_inference_pipeline/.ipynb_checkpoints/constants-checkpoint.py
[2024-12-04 12:08:11,265] {processor.py:161} INFO - Processing /home/airflow/dags/Lead_scoring_inference_pipeline/.ipynb_checkpoints/constants-checkpoint.py took 0.019 seconds
[2024-12-04 12:08:46,111] {processor.py:153} INFO - Started process (PID=8596) to work on /home/airflow/dags/Lead_scoring_inference_pipeline/.ipynb_checkpoints/constants-checkpoint.py
[2024-12-04 12:08:46,113] {processor.py:641} INFO - Processing file /home/airflow/dags/Lead_scoring_inference_pipeline/.ipynb_checkpoints/constants-checkpoint.py for tasks to queue
[2024-12-04 12:08:46,114] {logging_mixin.py:115} INFO - [2024-12-04 12:08:46,113] {dagbag.py:508} INFO - Filling up the DagBag from /home/airflow/dags/Lead_scoring_inference_pipeline/.ipynb_checkpoints/constants-checkpoint.py
[2024-12-04 12:08:46,115] {processor.py:653} WARNING - No viable dags retrieved from /home/airflow/dags/Lead_scoring_inference_pipeline/.ipynb_checkpoints/constants-checkpoint.py
[2024-12-04 12:08:46,126] {processor.py:161} INFO - Processing /home/airflow/dags/Lead_scoring_inference_pipeline/.ipynb_checkpoints/constants-checkpoint.py took 0.018 seconds
[2024-12-04 12:09:22,213] {processor.py:153} INFO - Started process (PID=8646) to work on /home/airflow/dags/Lead_scoring_inference_pipeline/.ipynb_checkpoints/constants-checkpoint.py
[2024-12-04 12:09:22,215] {processor.py:641} INFO - Processing file /home/airflow/dags/Lead_scoring_inference_pipeline/.ipynb_checkpoints/constants-checkpoint.py for tasks to queue
[2024-12-04 12:09:22,216] {logging_mixin.py:115} INFO - [2024-12-04 12:09:22,216] {dagbag.py:508} INFO - Filling up the DagBag from /home/airflow/dags/Lead_scoring_inference_pipeline/.ipynb_checkpoints/constants-checkpoint.py
[2024-12-04 12:09:22,217] {processor.py:653} WARNING - No viable dags retrieved from /home/airflow/dags/Lead_scoring_inference_pipeline/.ipynb_checkpoints/constants-checkpoint.py
[2024-12-04 12:09:22,228] {processor.py:161} INFO - Processing /home/airflow/dags/Lead_scoring_inference_pipeline/.ipynb_checkpoints/constants-checkpoint.py took 0.018 seconds
[2024-12-04 12:10:01,114] {processor.py:153} INFO - Started process (PID=8705) to work on /home/airflow/dags/Lead_scoring_inference_pipeline/.ipynb_checkpoints/constants-checkpoint.py
[2024-12-04 12:10:01,116] {processor.py:641} INFO - Processing file /home/airflow/dags/Lead_scoring_inference_pipeline/.ipynb_checkpoints/constants-checkpoint.py for tasks to queue
[2024-12-04 12:10:01,117] {logging_mixin.py:115} INFO - [2024-12-04 12:10:01,116] {dagbag.py:508} INFO - Filling up the DagBag from /home/airflow/dags/Lead_scoring_inference_pipeline/.ipynb_checkpoints/constants-checkpoint.py
[2024-12-04 12:10:01,118] {processor.py:653} WARNING - No viable dags retrieved from /home/airflow/dags/Lead_scoring_inference_pipeline/.ipynb_checkpoints/constants-checkpoint.py
[2024-12-04 12:10:01,134] {processor.py:161} INFO - Processing /home/airflow/dags/Lead_scoring_inference_pipeline/.ipynb_checkpoints/constants-checkpoint.py took 0.023 seconds
[2024-12-04 12:10:40,593] {processor.py:153} INFO - Started process (PID=8783) to work on /home/airflow/dags/Lead_scoring_inference_pipeline/.ipynb_checkpoints/constants-checkpoint.py
[2024-12-04 12:10:40,594] {processor.py:641} INFO - Processing file /home/airflow/dags/Lead_scoring_inference_pipeline/.ipynb_checkpoints/constants-checkpoint.py for tasks to queue
[2024-12-04 12:10:40,595] {logging_mixin.py:115} INFO - [2024-12-04 12:10:40,595] {dagbag.py:508} INFO - Filling up the DagBag from /home/airflow/dags/Lead_scoring_inference_pipeline/.ipynb_checkpoints/constants-checkpoint.py
[2024-12-04 12:10:40,596] {processor.py:653} WARNING - No viable dags retrieved from /home/airflow/dags/Lead_scoring_inference_pipeline/.ipynb_checkpoints/constants-checkpoint.py
[2024-12-04 12:10:40,607] {processor.py:161} INFO - Processing /home/airflow/dags/Lead_scoring_inference_pipeline/.ipynb_checkpoints/constants-checkpoint.py took 0.018 seconds
[2024-12-04 12:11:15,424] {processor.py:153} INFO - Started process (PID=8848) to work on /home/airflow/dags/Lead_scoring_inference_pipeline/.ipynb_checkpoints/constants-checkpoint.py
[2024-12-04 12:11:15,426] {processor.py:641} INFO - Processing file /home/airflow/dags/Lead_scoring_inference_pipeline/.ipynb_checkpoints/constants-checkpoint.py for tasks to queue
[2024-12-04 12:11:15,426] {logging_mixin.py:115} INFO - [2024-12-04 12:11:15,426] {dagbag.py:508} INFO - Filling up the DagBag from /home/airflow/dags/Lead_scoring_inference_pipeline/.ipynb_checkpoints/constants-checkpoint.py
[2024-12-04 12:11:15,428] {processor.py:653} WARNING - No viable dags retrieved from /home/airflow/dags/Lead_scoring_inference_pipeline/.ipynb_checkpoints/constants-checkpoint.py
[2024-12-04 12:11:15,438] {processor.py:161} INFO - Processing /home/airflow/dags/Lead_scoring_inference_pipeline/.ipynb_checkpoints/constants-checkpoint.py took 0.017 seconds
[2024-12-04 12:11:51,452] {processor.py:153} INFO - Started process (PID=8954) to work on /home/airflow/dags/Lead_scoring_inference_pipeline/.ipynb_checkpoints/constants-checkpoint.py
[2024-12-04 12:11:51,454] {processor.py:641} INFO - Processing file /home/airflow/dags/Lead_scoring_inference_pipeline/.ipynb_checkpoints/constants-checkpoint.py for tasks to queue
[2024-12-04 12:11:51,454] {logging_mixin.py:115} INFO - [2024-12-04 12:11:51,454] {dagbag.py:508} INFO - Filling up the DagBag from /home/airflow/dags/Lead_scoring_inference_pipeline/.ipynb_checkpoints/constants-checkpoint.py
[2024-12-04 12:11:51,455] {processor.py:653} WARNING - No viable dags retrieved from /home/airflow/dags/Lead_scoring_inference_pipeline/.ipynb_checkpoints/constants-checkpoint.py
[2024-12-04 12:11:51,466] {processor.py:161} INFO - Processing /home/airflow/dags/Lead_scoring_inference_pipeline/.ipynb_checkpoints/constants-checkpoint.py took 0.017 seconds
[2024-12-04 12:12:24,949] {processor.py:153} INFO - Started process (PID=9063) to work on /home/airflow/dags/Lead_scoring_inference_pipeline/.ipynb_checkpoints/constants-checkpoint.py
[2024-12-04 12:12:24,949] {processor.py:641} INFO - Processing file /home/airflow/dags/Lead_scoring_inference_pipeline/.ipynb_checkpoints/constants-checkpoint.py for tasks to queue
[2024-12-04 12:12:24,950] {logging_mixin.py:115} INFO - [2024-12-04 12:12:24,949] {dagbag.py:508} INFO - Filling up the DagBag from /home/airflow/dags/Lead_scoring_inference_pipeline/.ipynb_checkpoints/constants-checkpoint.py
[2024-12-04 12:12:24,951] {processor.py:653} WARNING - No viable dags retrieved from /home/airflow/dags/Lead_scoring_inference_pipeline/.ipynb_checkpoints/constants-checkpoint.py
[2024-12-04 12:12:24,962] {processor.py:161} INFO - Processing /home/airflow/dags/Lead_scoring_inference_pipeline/.ipynb_checkpoints/constants-checkpoint.py took 0.016 seconds
[2024-12-04 12:13:06,537] {processor.py:153} INFO - Started process (PID=9178) to work on /home/airflow/dags/Lead_scoring_inference_pipeline/.ipynb_checkpoints/constants-checkpoint.py
[2024-12-04 12:13:06,538] {processor.py:641} INFO - Processing file /home/airflow/dags/Lead_scoring_inference_pipeline/.ipynb_checkpoints/constants-checkpoint.py for tasks to queue
[2024-12-04 12:13:06,539] {logging_mixin.py:115} INFO - [2024-12-04 12:13:06,539] {dagbag.py:508} INFO - Filling up the DagBag from /home/airflow/dags/Lead_scoring_inference_pipeline/.ipynb_checkpoints/constants-checkpoint.py
[2024-12-04 12:13:06,540] {processor.py:653} WARNING - No viable dags retrieved from /home/airflow/dags/Lead_scoring_inference_pipeline/.ipynb_checkpoints/constants-checkpoint.py
[2024-12-04 12:13:06,551] {processor.py:161} INFO - Processing /home/airflow/dags/Lead_scoring_inference_pipeline/.ipynb_checkpoints/constants-checkpoint.py took 0.017 seconds
[2024-12-04 12:13:40,898] {processor.py:153} INFO - Started process (PID=9289) to work on /home/airflow/dags/Lead_scoring_inference_pipeline/.ipynb_checkpoints/constants-checkpoint.py
[2024-12-04 12:13:40,899] {processor.py:641} INFO - Processing file /home/airflow/dags/Lead_scoring_inference_pipeline/.ipynb_checkpoints/constants-checkpoint.py for tasks to queue
[2024-12-04 12:13:40,900] {logging_mixin.py:115} INFO - [2024-12-04 12:13:40,900] {dagbag.py:508} INFO - Filling up the DagBag from /home/airflow/dags/Lead_scoring_inference_pipeline/.ipynb_checkpoints/constants-checkpoint.py
[2024-12-04 12:13:40,901] {processor.py:653} WARNING - No viable dags retrieved from /home/airflow/dags/Lead_scoring_inference_pipeline/.ipynb_checkpoints/constants-checkpoint.py
[2024-12-04 12:13:40,911] {processor.py:161} INFO - Processing /home/airflow/dags/Lead_scoring_inference_pipeline/.ipynb_checkpoints/constants-checkpoint.py took 0.017 seconds
[2024-12-04 12:14:15,357] {processor.py:153} INFO - Started process (PID=9381) to work on /home/airflow/dags/Lead_scoring_inference_pipeline/.ipynb_checkpoints/constants-checkpoint.py
[2024-12-04 12:14:15,359] {processor.py:641} INFO - Processing file /home/airflow/dags/Lead_scoring_inference_pipeline/.ipynb_checkpoints/constants-checkpoint.py for tasks to queue
[2024-12-04 12:14:15,360] {logging_mixin.py:115} INFO - [2024-12-04 12:14:15,360] {dagbag.py:508} INFO - Filling up the DagBag from /home/airflow/dags/Lead_scoring_inference_pipeline/.ipynb_checkpoints/constants-checkpoint.py
[2024-12-04 12:14:15,361] {processor.py:653} WARNING - No viable dags retrieved from /home/airflow/dags/Lead_scoring_inference_pipeline/.ipynb_checkpoints/constants-checkpoint.py
[2024-12-04 12:14:15,372] {processor.py:161} INFO - Processing /home/airflow/dags/Lead_scoring_inference_pipeline/.ipynb_checkpoints/constants-checkpoint.py took 0.017 seconds
[2024-12-04 12:14:53,728] {processor.py:153} INFO - Started process (PID=9481) to work on /home/airflow/dags/Lead_scoring_inference_pipeline/.ipynb_checkpoints/constants-checkpoint.py
[2024-12-04 12:14:53,730] {processor.py:641} INFO - Processing file /home/airflow/dags/Lead_scoring_inference_pipeline/.ipynb_checkpoints/constants-checkpoint.py for tasks to queue
[2024-12-04 12:14:53,730] {logging_mixin.py:115} INFO - [2024-12-04 12:14:53,730] {dagbag.py:508} INFO - Filling up the DagBag from /home/airflow/dags/Lead_scoring_inference_pipeline/.ipynb_checkpoints/constants-checkpoint.py
[2024-12-04 12:14:53,732] {processor.py:653} WARNING - No viable dags retrieved from /home/airflow/dags/Lead_scoring_inference_pipeline/.ipynb_checkpoints/constants-checkpoint.py
[2024-12-04 12:14:53,742] {processor.py:161} INFO - Processing /home/airflow/dags/Lead_scoring_inference_pipeline/.ipynb_checkpoints/constants-checkpoint.py took 0.017 seconds
[2024-12-04 12:15:32,630] {processor.py:153} INFO - Started process (PID=9541) to work on /home/airflow/dags/Lead_scoring_inference_pipeline/.ipynb_checkpoints/constants-checkpoint.py
[2024-12-04 12:15:32,631] {processor.py:641} INFO - Processing file /home/airflow/dags/Lead_scoring_inference_pipeline/.ipynb_checkpoints/constants-checkpoint.py for tasks to queue
[2024-12-04 12:15:32,632] {logging_mixin.py:115} INFO - [2024-12-04 12:15:32,632] {dagbag.py:508} INFO - Filling up the DagBag from /home/airflow/dags/Lead_scoring_inference_pipeline/.ipynb_checkpoints/constants-checkpoint.py
[2024-12-04 12:15:32,633] {processor.py:653} WARNING - No viable dags retrieved from /home/airflow/dags/Lead_scoring_inference_pipeline/.ipynb_checkpoints/constants-checkpoint.py
[2024-12-04 12:15:32,643] {processor.py:161} INFO - Processing /home/airflow/dags/Lead_scoring_inference_pipeline/.ipynb_checkpoints/constants-checkpoint.py took 0.017 seconds
[2024-12-04 12:16:07,093] {processor.py:153} INFO - Started process (PID=9615) to work on /home/airflow/dags/Lead_scoring_inference_pipeline/.ipynb_checkpoints/constants-checkpoint.py
[2024-12-04 12:16:07,094] {processor.py:641} INFO - Processing file /home/airflow/dags/Lead_scoring_inference_pipeline/.ipynb_checkpoints/constants-checkpoint.py for tasks to queue
[2024-12-04 12:16:07,095] {logging_mixin.py:115} INFO - [2024-12-04 12:16:07,095] {dagbag.py:508} INFO - Filling up the DagBag from /home/airflow/dags/Lead_scoring_inference_pipeline/.ipynb_checkpoints/constants-checkpoint.py
[2024-12-04 12:16:07,096] {processor.py:653} WARNING - No viable dags retrieved from /home/airflow/dags/Lead_scoring_inference_pipeline/.ipynb_checkpoints/constants-checkpoint.py
[2024-12-04 12:16:07,107] {processor.py:161} INFO - Processing /home/airflow/dags/Lead_scoring_inference_pipeline/.ipynb_checkpoints/constants-checkpoint.py took 0.018 seconds
[2024-12-04 12:16:43,779] {processor.py:153} INFO - Started process (PID=9681) to work on /home/airflow/dags/Lead_scoring_inference_pipeline/.ipynb_checkpoints/constants-checkpoint.py
[2024-12-04 12:16:43,781] {processor.py:641} INFO - Processing file /home/airflow/dags/Lead_scoring_inference_pipeline/.ipynb_checkpoints/constants-checkpoint.py for tasks to queue
[2024-12-04 12:16:43,781] {logging_mixin.py:115} INFO - [2024-12-04 12:16:43,781] {dagbag.py:508} INFO - Filling up the DagBag from /home/airflow/dags/Lead_scoring_inference_pipeline/.ipynb_checkpoints/constants-checkpoint.py
[2024-12-04 12:16:43,783] {processor.py:653} WARNING - No viable dags retrieved from /home/airflow/dags/Lead_scoring_inference_pipeline/.ipynb_checkpoints/constants-checkpoint.py
[2024-12-04 12:16:43,794] {processor.py:161} INFO - Processing /home/airflow/dags/Lead_scoring_inference_pipeline/.ipynb_checkpoints/constants-checkpoint.py took 0.017 seconds
[2024-12-04 12:17:24,313] {processor.py:153} INFO - Started process (PID=9746) to work on /home/airflow/dags/Lead_scoring_inference_pipeline/.ipynb_checkpoints/constants-checkpoint.py
[2024-12-04 12:17:24,315] {processor.py:641} INFO - Processing file /home/airflow/dags/Lead_scoring_inference_pipeline/.ipynb_checkpoints/constants-checkpoint.py for tasks to queue
[2024-12-04 12:17:24,316] {logging_mixin.py:115} INFO - [2024-12-04 12:17:24,315] {dagbag.py:508} INFO - Filling up the DagBag from /home/airflow/dags/Lead_scoring_inference_pipeline/.ipynb_checkpoints/constants-checkpoint.py
[2024-12-04 12:17:24,317] {processor.py:653} WARNING - No viable dags retrieved from /home/airflow/dags/Lead_scoring_inference_pipeline/.ipynb_checkpoints/constants-checkpoint.py
[2024-12-04 12:17:24,328] {processor.py:161} INFO - Processing /home/airflow/dags/Lead_scoring_inference_pipeline/.ipynb_checkpoints/constants-checkpoint.py took 0.018 seconds
[2024-12-04 12:18:06,141] {processor.py:153} INFO - Started process (PID=9813) to work on /home/airflow/dags/Lead_scoring_inference_pipeline/.ipynb_checkpoints/constants-checkpoint.py
[2024-12-04 12:18:06,142] {processor.py:641} INFO - Processing file /home/airflow/dags/Lead_scoring_inference_pipeline/.ipynb_checkpoints/constants-checkpoint.py for tasks to queue
[2024-12-04 12:18:06,143] {logging_mixin.py:115} INFO - [2024-12-04 12:18:06,143] {dagbag.py:508} INFO - Filling up the DagBag from /home/airflow/dags/Lead_scoring_inference_pipeline/.ipynb_checkpoints/constants-checkpoint.py
[2024-12-04 12:18:06,144] {processor.py:653} WARNING - No viable dags retrieved from /home/airflow/dags/Lead_scoring_inference_pipeline/.ipynb_checkpoints/constants-checkpoint.py
[2024-12-04 12:18:06,155] {processor.py:161} INFO - Processing /home/airflow/dags/Lead_scoring_inference_pipeline/.ipynb_checkpoints/constants-checkpoint.py took 0.018 seconds
[2024-12-04 12:18:41,012] {processor.py:153} INFO - Started process (PID=9867) to work on /home/airflow/dags/Lead_scoring_inference_pipeline/.ipynb_checkpoints/constants-checkpoint.py
[2024-12-04 12:18:41,013] {processor.py:641} INFO - Processing file /home/airflow/dags/Lead_scoring_inference_pipeline/.ipynb_checkpoints/constants-checkpoint.py for tasks to queue
[2024-12-04 12:18:41,014] {logging_mixin.py:115} INFO - [2024-12-04 12:18:41,014] {dagbag.py:508} INFO - Filling up the DagBag from /home/airflow/dags/Lead_scoring_inference_pipeline/.ipynb_checkpoints/constants-checkpoint.py
[2024-12-04 12:18:41,015] {processor.py:653} WARNING - No viable dags retrieved from /home/airflow/dags/Lead_scoring_inference_pipeline/.ipynb_checkpoints/constants-checkpoint.py
[2024-12-04 12:18:41,026] {processor.py:161} INFO - Processing /home/airflow/dags/Lead_scoring_inference_pipeline/.ipynb_checkpoints/constants-checkpoint.py took 0.017 seconds
[2024-12-04 12:19:15,964] {processor.py:153} INFO - Started process (PID=9916) to work on /home/airflow/dags/Lead_scoring_inference_pipeline/.ipynb_checkpoints/constants-checkpoint.py
[2024-12-04 12:19:15,966] {processor.py:641} INFO - Processing file /home/airflow/dags/Lead_scoring_inference_pipeline/.ipynb_checkpoints/constants-checkpoint.py for tasks to queue
[2024-12-04 12:19:15,966] {logging_mixin.py:115} INFO - [2024-12-04 12:19:15,966] {dagbag.py:508} INFO - Filling up the DagBag from /home/airflow/dags/Lead_scoring_inference_pipeline/.ipynb_checkpoints/constants-checkpoint.py
[2024-12-04 12:19:15,967] {processor.py:653} WARNING - No viable dags retrieved from /home/airflow/dags/Lead_scoring_inference_pipeline/.ipynb_checkpoints/constants-checkpoint.py
[2024-12-04 12:19:15,978] {processor.py:161} INFO - Processing /home/airflow/dags/Lead_scoring_inference_pipeline/.ipynb_checkpoints/constants-checkpoint.py took 0.017 seconds
[2024-12-04 12:19:55,856] {processor.py:153} INFO - Started process (PID=9995) to work on /home/airflow/dags/Lead_scoring_inference_pipeline/.ipynb_checkpoints/constants-checkpoint.py
[2024-12-04 12:19:55,858] {processor.py:641} INFO - Processing file /home/airflow/dags/Lead_scoring_inference_pipeline/.ipynb_checkpoints/constants-checkpoint.py for tasks to queue
[2024-12-04 12:19:55,858] {logging_mixin.py:115} INFO - [2024-12-04 12:19:55,858] {dagbag.py:508} INFO - Filling up the DagBag from /home/airflow/dags/Lead_scoring_inference_pipeline/.ipynb_checkpoints/constants-checkpoint.py
[2024-12-04 12:19:55,860] {processor.py:653} WARNING - No viable dags retrieved from /home/airflow/dags/Lead_scoring_inference_pipeline/.ipynb_checkpoints/constants-checkpoint.py
[2024-12-04 12:19:55,871] {processor.py:161} INFO - Processing /home/airflow/dags/Lead_scoring_inference_pipeline/.ipynb_checkpoints/constants-checkpoint.py took 0.018 seconds
[2024-12-04 12:20:32,241] {processor.py:153} INFO - Started process (PID=10088) to work on /home/airflow/dags/Lead_scoring_inference_pipeline/.ipynb_checkpoints/constants-checkpoint.py
[2024-12-04 12:20:32,243] {processor.py:641} INFO - Processing file /home/airflow/dags/Lead_scoring_inference_pipeline/.ipynb_checkpoints/constants-checkpoint.py for tasks to queue
[2024-12-04 12:20:32,244] {logging_mixin.py:115} INFO - [2024-12-04 12:20:32,244] {dagbag.py:508} INFO - Filling up the DagBag from /home/airflow/dags/Lead_scoring_inference_pipeline/.ipynb_checkpoints/constants-checkpoint.py
[2024-12-04 12:20:32,245] {processor.py:653} WARNING - No viable dags retrieved from /home/airflow/dags/Lead_scoring_inference_pipeline/.ipynb_checkpoints/constants-checkpoint.py
[2024-12-04 12:20:32,256] {processor.py:161} INFO - Processing /home/airflow/dags/Lead_scoring_inference_pipeline/.ipynb_checkpoints/constants-checkpoint.py took 0.018 seconds
[2024-12-04 12:21:06,750] {processor.py:153} INFO - Started process (PID=10137) to work on /home/airflow/dags/Lead_scoring_inference_pipeline/.ipynb_checkpoints/constants-checkpoint.py
[2024-12-04 12:21:06,750] {processor.py:641} INFO - Processing file /home/airflow/dags/Lead_scoring_inference_pipeline/.ipynb_checkpoints/constants-checkpoint.py for tasks to queue
[2024-12-04 12:21:06,751] {logging_mixin.py:115} INFO - [2024-12-04 12:21:06,751] {dagbag.py:508} INFO - Filling up the DagBag from /home/airflow/dags/Lead_scoring_inference_pipeline/.ipynb_checkpoints/constants-checkpoint.py
[2024-12-04 12:21:06,752] {processor.py:653} WARNING - No viable dags retrieved from /home/airflow/dags/Lead_scoring_inference_pipeline/.ipynb_checkpoints/constants-checkpoint.py
[2024-12-04 12:21:06,763] {processor.py:161} INFO - Processing /home/airflow/dags/Lead_scoring_inference_pipeline/.ipynb_checkpoints/constants-checkpoint.py took 0.016 seconds
[2024-12-04 12:21:43,057] {processor.py:153} INFO - Started process (PID=10187) to work on /home/airflow/dags/Lead_scoring_inference_pipeline/.ipynb_checkpoints/constants-checkpoint.py
[2024-12-04 12:21:43,059] {processor.py:641} INFO - Processing file /home/airflow/dags/Lead_scoring_inference_pipeline/.ipynb_checkpoints/constants-checkpoint.py for tasks to queue
[2024-12-04 12:21:43,060] {logging_mixin.py:115} INFO - [2024-12-04 12:21:43,060] {dagbag.py:508} INFO - Filling up the DagBag from /home/airflow/dags/Lead_scoring_inference_pipeline/.ipynb_checkpoints/constants-checkpoint.py
[2024-12-04 12:21:43,061] {processor.py:653} WARNING - No viable dags retrieved from /home/airflow/dags/Lead_scoring_inference_pipeline/.ipynb_checkpoints/constants-checkpoint.py
[2024-12-04 12:21:43,072] {processor.py:161} INFO - Processing /home/airflow/dags/Lead_scoring_inference_pipeline/.ipynb_checkpoints/constants-checkpoint.py took 0.018 seconds
[2024-12-04 12:22:19,413] {processor.py:153} INFO - Started process (PID=10242) to work on /home/airflow/dags/Lead_scoring_inference_pipeline/.ipynb_checkpoints/constants-checkpoint.py
[2024-12-04 12:22:19,415] {processor.py:641} INFO - Processing file /home/airflow/dags/Lead_scoring_inference_pipeline/.ipynb_checkpoints/constants-checkpoint.py for tasks to queue
[2024-12-04 12:22:19,416] {logging_mixin.py:115} INFO - [2024-12-04 12:22:19,416] {dagbag.py:508} INFO - Filling up the DagBag from /home/airflow/dags/Lead_scoring_inference_pipeline/.ipynb_checkpoints/constants-checkpoint.py
[2024-12-04 12:22:19,417] {processor.py:653} WARNING - No viable dags retrieved from /home/airflow/dags/Lead_scoring_inference_pipeline/.ipynb_checkpoints/constants-checkpoint.py
[2024-12-04 12:22:19,428] {processor.py:161} INFO - Processing /home/airflow/dags/Lead_scoring_inference_pipeline/.ipynb_checkpoints/constants-checkpoint.py took 0.018 seconds
[2024-12-04 12:22:56,669] {processor.py:153} INFO - Started process (PID=10293) to work on /home/airflow/dags/Lead_scoring_inference_pipeline/.ipynb_checkpoints/constants-checkpoint.py
[2024-12-04 12:22:56,670] {processor.py:641} INFO - Processing file /home/airflow/dags/Lead_scoring_inference_pipeline/.ipynb_checkpoints/constants-checkpoint.py for tasks to queue
[2024-12-04 12:22:56,671] {logging_mixin.py:115} INFO - [2024-12-04 12:22:56,671] {dagbag.py:508} INFO - Filling up the DagBag from /home/airflow/dags/Lead_scoring_inference_pipeline/.ipynb_checkpoints/constants-checkpoint.py
[2024-12-04 12:22:56,672] {processor.py:653} WARNING - No viable dags retrieved from /home/airflow/dags/Lead_scoring_inference_pipeline/.ipynb_checkpoints/constants-checkpoint.py
[2024-12-04 12:22:56,683] {processor.py:161} INFO - Processing /home/airflow/dags/Lead_scoring_inference_pipeline/.ipynb_checkpoints/constants-checkpoint.py took 0.017 seconds
[2024-12-04 12:23:35,632] {processor.py:153} INFO - Started process (PID=10345) to work on /home/airflow/dags/Lead_scoring_inference_pipeline/.ipynb_checkpoints/constants-checkpoint.py
[2024-12-04 12:23:35,634] {processor.py:641} INFO - Processing file /home/airflow/dags/Lead_scoring_inference_pipeline/.ipynb_checkpoints/constants-checkpoint.py for tasks to queue
[2024-12-04 12:23:35,634] {logging_mixin.py:115} INFO - [2024-12-04 12:23:35,634] {dagbag.py:508} INFO - Filling up the DagBag from /home/airflow/dags/Lead_scoring_inference_pipeline/.ipynb_checkpoints/constants-checkpoint.py
[2024-12-04 12:23:35,635] {processor.py:653} WARNING - No viable dags retrieved from /home/airflow/dags/Lead_scoring_inference_pipeline/.ipynb_checkpoints/constants-checkpoint.py
[2024-12-04 12:23:35,647] {processor.py:161} INFO - Processing /home/airflow/dags/Lead_scoring_inference_pipeline/.ipynb_checkpoints/constants-checkpoint.py took 0.018 seconds
[2024-12-04 12:24:13,793] {processor.py:153} INFO - Started process (PID=10399) to work on /home/airflow/dags/Lead_scoring_inference_pipeline/.ipynb_checkpoints/constants-checkpoint.py
[2024-12-04 12:24:13,794] {processor.py:641} INFO - Processing file /home/airflow/dags/Lead_scoring_inference_pipeline/.ipynb_checkpoints/constants-checkpoint.py for tasks to queue
[2024-12-04 12:24:13,795] {logging_mixin.py:115} INFO - [2024-12-04 12:24:13,795] {dagbag.py:508} INFO - Filling up the DagBag from /home/airflow/dags/Lead_scoring_inference_pipeline/.ipynb_checkpoints/constants-checkpoint.py
[2024-12-04 12:24:13,796] {processor.py:653} WARNING - No viable dags retrieved from /home/airflow/dags/Lead_scoring_inference_pipeline/.ipynb_checkpoints/constants-checkpoint.py
[2024-12-04 12:24:13,807] {processor.py:161} INFO - Processing /home/airflow/dags/Lead_scoring_inference_pipeline/.ipynb_checkpoints/constants-checkpoint.py took 0.017 seconds
[2024-12-04 12:24:51,264] {processor.py:153} INFO - Started process (PID=10451) to work on /home/airflow/dags/Lead_scoring_inference_pipeline/.ipynb_checkpoints/constants-checkpoint.py
[2024-12-04 12:24:51,265] {processor.py:641} INFO - Processing file /home/airflow/dags/Lead_scoring_inference_pipeline/.ipynb_checkpoints/constants-checkpoint.py for tasks to queue
[2024-12-04 12:24:51,266] {logging_mixin.py:115} INFO - [2024-12-04 12:24:51,266] {dagbag.py:508} INFO - Filling up the DagBag from /home/airflow/dags/Lead_scoring_inference_pipeline/.ipynb_checkpoints/constants-checkpoint.py
[2024-12-04 12:24:51,267] {processor.py:653} WARNING - No viable dags retrieved from /home/airflow/dags/Lead_scoring_inference_pipeline/.ipynb_checkpoints/constants-checkpoint.py
[2024-12-04 12:24:51,278] {processor.py:161} INFO - Processing /home/airflow/dags/Lead_scoring_inference_pipeline/.ipynb_checkpoints/constants-checkpoint.py took 0.017 seconds
[2024-12-04 12:25:27,537] {processor.py:153} INFO - Started process (PID=10502) to work on /home/airflow/dags/Lead_scoring_inference_pipeline/.ipynb_checkpoints/constants-checkpoint.py
[2024-12-04 12:25:27,539] {processor.py:641} INFO - Processing file /home/airflow/dags/Lead_scoring_inference_pipeline/.ipynb_checkpoints/constants-checkpoint.py for tasks to queue
[2024-12-04 12:25:27,539] {logging_mixin.py:115} INFO - [2024-12-04 12:25:27,539] {dagbag.py:508} INFO - Filling up the DagBag from /home/airflow/dags/Lead_scoring_inference_pipeline/.ipynb_checkpoints/constants-checkpoint.py
[2024-12-04 12:25:27,541] {processor.py:653} WARNING - No viable dags retrieved from /home/airflow/dags/Lead_scoring_inference_pipeline/.ipynb_checkpoints/constants-checkpoint.py
[2024-12-04 12:25:27,552] {processor.py:161} INFO - Processing /home/airflow/dags/Lead_scoring_inference_pipeline/.ipynb_checkpoints/constants-checkpoint.py took 0.018 seconds
