[2024-12-04 11:53:25,794] {processor.py:153} INFO - Started process (PID=7302) to work on /home/airflow/dags/Lead_scoring_inference_pipeline/constants.py
[2024-12-04 11:53:25,794] {processor.py:641} INFO - Processing file /home/airflow/dags/Lead_scoring_inference_pipeline/constants.py for tasks to queue
[2024-12-04 11:53:25,795] {logging_mixin.py:115} INFO - [2024-12-04 11:53:25,795] {dagbag.py:508} INFO - Filling up the DagBag from /home/airflow/dags/Lead_scoring_inference_pipeline/constants.py
[2024-12-04 11:53:25,796] {processor.py:653} WARNING - No viable dags retrieved from /home/airflow/dags/Lead_scoring_inference_pipeline/constants.py
[2024-12-04 11:53:25,807] {processor.py:161} INFO - Processing /home/airflow/dags/Lead_scoring_inference_pipeline/constants.py took 0.017 seconds
[2024-12-04 11:54:09,496] {processor.py:153} INFO - Started process (PID=7369) to work on /home/airflow/dags/Lead_scoring_inference_pipeline/constants.py
[2024-12-04 11:54:09,498] {processor.py:641} INFO - Processing file /home/airflow/dags/Lead_scoring_inference_pipeline/constants.py for tasks to queue
[2024-12-04 11:54:09,499] {logging_mixin.py:115} INFO - [2024-12-04 11:54:09,499] {dagbag.py:508} INFO - Filling up the DagBag from /home/airflow/dags/Lead_scoring_inference_pipeline/constants.py
[2024-12-04 11:54:09,500] {processor.py:653} WARNING - No viable dags retrieved from /home/airflow/dags/Lead_scoring_inference_pipeline/constants.py
[2024-12-04 11:54:09,511] {processor.py:161} INFO - Processing /home/airflow/dags/Lead_scoring_inference_pipeline/constants.py took 0.019 seconds
[2024-12-04 11:54:48,881] {processor.py:153} INFO - Started process (PID=7426) to work on /home/airflow/dags/Lead_scoring_inference_pipeline/constants.py
[2024-12-04 11:54:48,882] {processor.py:641} INFO - Processing file /home/airflow/dags/Lead_scoring_inference_pipeline/constants.py for tasks to queue
[2024-12-04 11:54:48,883] {logging_mixin.py:115} INFO - [2024-12-04 11:54:48,883] {dagbag.py:508} INFO - Filling up the DagBag from /home/airflow/dags/Lead_scoring_inference_pipeline/constants.py
[2024-12-04 11:54:48,884] {processor.py:653} WARNING - No viable dags retrieved from /home/airflow/dags/Lead_scoring_inference_pipeline/constants.py
[2024-12-04 11:54:48,895] {processor.py:161} INFO - Processing /home/airflow/dags/Lead_scoring_inference_pipeline/constants.py took 0.017 seconds
[2024-12-04 11:55:23,255] {processor.py:153} INFO - Started process (PID=7474) to work on /home/airflow/dags/Lead_scoring_inference_pipeline/constants.py
[2024-12-04 11:55:23,257] {processor.py:641} INFO - Processing file /home/airflow/dags/Lead_scoring_inference_pipeline/constants.py for tasks to queue
[2024-12-04 11:55:23,258] {logging_mixin.py:115} INFO - [2024-12-04 11:55:23,258] {dagbag.py:508} INFO - Filling up the DagBag from /home/airflow/dags/Lead_scoring_inference_pipeline/constants.py
[2024-12-04 11:55:23,259] {processor.py:653} WARNING - No viable dags retrieved from /home/airflow/dags/Lead_scoring_inference_pipeline/constants.py
[2024-12-04 11:55:23,269] {processor.py:161} INFO - Processing /home/airflow/dags/Lead_scoring_inference_pipeline/constants.py took 0.017 seconds
[2024-12-04 11:56:05,820] {processor.py:153} INFO - Started process (PID=7529) to work on /home/airflow/dags/Lead_scoring_inference_pipeline/constants.py
[2024-12-04 11:56:05,821] {processor.py:641} INFO - Processing file /home/airflow/dags/Lead_scoring_inference_pipeline/constants.py for tasks to queue
[2024-12-04 11:56:05,822] {logging_mixin.py:115} INFO - [2024-12-04 11:56:05,822] {dagbag.py:508} INFO - Filling up the DagBag from /home/airflow/dags/Lead_scoring_inference_pipeline/constants.py
[2024-12-04 11:56:05,823] {processor.py:653} WARNING - No viable dags retrieved from /home/airflow/dags/Lead_scoring_inference_pipeline/constants.py
[2024-12-04 11:56:05,834] {processor.py:161} INFO - Processing /home/airflow/dags/Lead_scoring_inference_pipeline/constants.py took 0.017 seconds
[2024-12-04 11:56:45,905] {processor.py:153} INFO - Started process (PID=7582) to work on /home/airflow/dags/Lead_scoring_inference_pipeline/constants.py
[2024-12-04 11:56:45,906] {processor.py:641} INFO - Processing file /home/airflow/dags/Lead_scoring_inference_pipeline/constants.py for tasks to queue
[2024-12-04 11:56:45,907] {logging_mixin.py:115} INFO - [2024-12-04 11:56:45,907] {dagbag.py:508} INFO - Filling up the DagBag from /home/airflow/dags/Lead_scoring_inference_pipeline/constants.py
[2024-12-04 11:56:45,908] {processor.py:653} WARNING - No viable dags retrieved from /home/airflow/dags/Lead_scoring_inference_pipeline/constants.py
[2024-12-04 11:56:45,920] {processor.py:161} INFO - Processing /home/airflow/dags/Lead_scoring_inference_pipeline/constants.py took 0.018 seconds
[2024-12-04 11:57:20,512] {processor.py:153} INFO - Started process (PID=7634) to work on /home/airflow/dags/Lead_scoring_inference_pipeline/constants.py
[2024-12-04 11:57:20,514] {processor.py:641} INFO - Processing file /home/airflow/dags/Lead_scoring_inference_pipeline/constants.py for tasks to queue
[2024-12-04 11:57:20,514] {logging_mixin.py:115} INFO - [2024-12-04 11:57:20,514] {dagbag.py:508} INFO - Filling up the DagBag from /home/airflow/dags/Lead_scoring_inference_pipeline/constants.py
[2024-12-04 11:57:20,516] {processor.py:653} WARNING - No viable dags retrieved from /home/airflow/dags/Lead_scoring_inference_pipeline/constants.py
[2024-12-04 11:57:20,527] {processor.py:161} INFO - Processing /home/airflow/dags/Lead_scoring_inference_pipeline/constants.py took 0.017 seconds
[2024-12-04 11:57:57,113] {processor.py:153} INFO - Started process (PID=7686) to work on /home/airflow/dags/Lead_scoring_inference_pipeline/constants.py
[2024-12-04 11:57:57,115] {processor.py:641} INFO - Processing file /home/airflow/dags/Lead_scoring_inference_pipeline/constants.py for tasks to queue
[2024-12-04 11:57:57,115] {logging_mixin.py:115} INFO - [2024-12-04 11:57:57,115] {dagbag.py:508} INFO - Filling up the DagBag from /home/airflow/dags/Lead_scoring_inference_pipeline/constants.py
[2024-12-04 11:57:57,117] {processor.py:653} WARNING - No viable dags retrieved from /home/airflow/dags/Lead_scoring_inference_pipeline/constants.py
[2024-12-04 11:57:57,128] {processor.py:161} INFO - Processing /home/airflow/dags/Lead_scoring_inference_pipeline/constants.py took 0.018 seconds
[2024-12-04 11:58:38,625] {processor.py:153} INFO - Started process (PID=7745) to work on /home/airflow/dags/Lead_scoring_inference_pipeline/constants.py
[2024-12-04 11:58:38,627] {processor.py:641} INFO - Processing file /home/airflow/dags/Lead_scoring_inference_pipeline/constants.py for tasks to queue
[2024-12-04 11:58:38,628] {logging_mixin.py:115} INFO - [2024-12-04 11:58:38,628] {dagbag.py:508} INFO - Filling up the DagBag from /home/airflow/dags/Lead_scoring_inference_pipeline/constants.py
[2024-12-04 11:58:38,629] {processor.py:653} WARNING - No viable dags retrieved from /home/airflow/dags/Lead_scoring_inference_pipeline/constants.py
[2024-12-04 11:58:38,639] {processor.py:161} INFO - Processing /home/airflow/dags/Lead_scoring_inference_pipeline/constants.py took 0.017 seconds
[2024-12-04 11:59:16,929] {processor.py:153} INFO - Started process (PID=7811) to work on /home/airflow/dags/Lead_scoring_inference_pipeline/constants.py
[2024-12-04 11:59:16,931] {processor.py:641} INFO - Processing file /home/airflow/dags/Lead_scoring_inference_pipeline/constants.py for tasks to queue
[2024-12-04 11:59:16,931] {logging_mixin.py:115} INFO - [2024-12-04 11:59:16,931] {dagbag.py:508} INFO - Filling up the DagBag from /home/airflow/dags/Lead_scoring_inference_pipeline/constants.py
[2024-12-04 11:59:16,933] {processor.py:653} WARNING - No viable dags retrieved from /home/airflow/dags/Lead_scoring_inference_pipeline/constants.py
[2024-12-04 11:59:16,944] {processor.py:161} INFO - Processing /home/airflow/dags/Lead_scoring_inference_pipeline/constants.py took 0.018 seconds
[2024-12-04 11:59:54,082] {processor.py:153} INFO - Started process (PID=7865) to work on /home/airflow/dags/Lead_scoring_inference_pipeline/constants.py
[2024-12-04 11:59:54,084] {processor.py:641} INFO - Processing file /home/airflow/dags/Lead_scoring_inference_pipeline/constants.py for tasks to queue
[2024-12-04 11:59:54,084] {logging_mixin.py:115} INFO - [2024-12-04 11:59:54,084] {dagbag.py:508} INFO - Filling up the DagBag from /home/airflow/dags/Lead_scoring_inference_pipeline/constants.py
[2024-12-04 11:59:54,086] {processor.py:653} WARNING - No viable dags retrieved from /home/airflow/dags/Lead_scoring_inference_pipeline/constants.py
[2024-12-04 11:59:54,098] {processor.py:161} INFO - Processing /home/airflow/dags/Lead_scoring_inference_pipeline/constants.py took 0.019 seconds
[2024-12-04 12:00:29,497] {processor.py:153} INFO - Started process (PID=7915) to work on /home/airflow/dags/Lead_scoring_inference_pipeline/constants.py
[2024-12-04 12:00:29,498] {processor.py:641} INFO - Processing file /home/airflow/dags/Lead_scoring_inference_pipeline/constants.py for tasks to queue
[2024-12-04 12:00:29,499] {logging_mixin.py:115} INFO - [2024-12-04 12:00:29,498] {dagbag.py:508} INFO - Filling up the DagBag from /home/airflow/dags/Lead_scoring_inference_pipeline/constants.py
[2024-12-04 12:00:29,500] {processor.py:653} WARNING - No viable dags retrieved from /home/airflow/dags/Lead_scoring_inference_pipeline/constants.py
[2024-12-04 12:00:29,511] {processor.py:161} INFO - Processing /home/airflow/dags/Lead_scoring_inference_pipeline/constants.py took 0.018 seconds
[2024-12-04 12:00:53,528] {processor.py:153} INFO - Started process (PID=7953) to work on /home/airflow/dags/Lead_scoring_inference_pipeline/constants.py
[2024-12-04 12:00:53,529] {processor.py:641} INFO - Processing file /home/airflow/dags/Lead_scoring_inference_pipeline/constants.py for tasks to queue
[2024-12-04 12:00:53,529] {logging_mixin.py:115} INFO - [2024-12-04 12:00:53,529] {dagbag.py:508} INFO - Filling up the DagBag from /home/airflow/dags/Lead_scoring_inference_pipeline/constants.py
[2024-12-04 12:00:53,531] {processor.py:653} WARNING - No viable dags retrieved from /home/airflow/dags/Lead_scoring_inference_pipeline/constants.py
[2024-12-04 12:00:53,542] {processor.py:161} INFO - Processing /home/airflow/dags/Lead_scoring_inference_pipeline/constants.py took 0.018 seconds
[2024-12-04 12:01:33,660] {processor.py:153} INFO - Started process (PID=8006) to work on /home/airflow/dags/Lead_scoring_inference_pipeline/constants.py
[2024-12-04 12:01:33,662] {processor.py:641} INFO - Processing file /home/airflow/dags/Lead_scoring_inference_pipeline/constants.py for tasks to queue
[2024-12-04 12:01:33,662] {logging_mixin.py:115} INFO - [2024-12-04 12:01:33,662] {dagbag.py:508} INFO - Filling up the DagBag from /home/airflow/dags/Lead_scoring_inference_pipeline/constants.py
[2024-12-04 12:01:33,664] {processor.py:653} WARNING - No viable dags retrieved from /home/airflow/dags/Lead_scoring_inference_pipeline/constants.py
[2024-12-04 12:01:33,675] {processor.py:161} INFO - Processing /home/airflow/dags/Lead_scoring_inference_pipeline/constants.py took 0.018 seconds
[2024-12-04 12:02:09,409] {processor.py:153} INFO - Started process (PID=8057) to work on /home/airflow/dags/Lead_scoring_inference_pipeline/constants.py
[2024-12-04 12:02:09,411] {processor.py:641} INFO - Processing file /home/airflow/dags/Lead_scoring_inference_pipeline/constants.py for tasks to queue
[2024-12-04 12:02:09,411] {logging_mixin.py:115} INFO - [2024-12-04 12:02:09,411] {dagbag.py:508} INFO - Filling up the DagBag from /home/airflow/dags/Lead_scoring_inference_pipeline/constants.py
[2024-12-04 12:02:09,413] {processor.py:653} WARNING - No viable dags retrieved from /home/airflow/dags/Lead_scoring_inference_pipeline/constants.py
[2024-12-04 12:02:09,424] {processor.py:161} INFO - Processing /home/airflow/dags/Lead_scoring_inference_pipeline/constants.py took 0.018 seconds
[2024-12-04 12:02:48,973] {processor.py:153} INFO - Started process (PID=8109) to work on /home/airflow/dags/Lead_scoring_inference_pipeline/constants.py
[2024-12-04 12:02:48,974] {processor.py:641} INFO - Processing file /home/airflow/dags/Lead_scoring_inference_pipeline/constants.py for tasks to queue
[2024-12-04 12:02:48,975] {logging_mixin.py:115} INFO - [2024-12-04 12:02:48,975] {dagbag.py:508} INFO - Filling up the DagBag from /home/airflow/dags/Lead_scoring_inference_pipeline/constants.py
[2024-12-04 12:02:48,977] {processor.py:653} WARNING - No viable dags retrieved from /home/airflow/dags/Lead_scoring_inference_pipeline/constants.py
[2024-12-04 12:02:48,988] {processor.py:161} INFO - Processing /home/airflow/dags/Lead_scoring_inference_pipeline/constants.py took 0.019 seconds
[2024-12-04 12:03:31,660] {processor.py:153} INFO - Started process (PID=8165) to work on /home/airflow/dags/Lead_scoring_inference_pipeline/constants.py
[2024-12-04 12:03:31,661] {processor.py:641} INFO - Processing file /home/airflow/dags/Lead_scoring_inference_pipeline/constants.py for tasks to queue
[2024-12-04 12:03:31,662] {logging_mixin.py:115} INFO - [2024-12-04 12:03:31,662] {dagbag.py:508} INFO - Filling up the DagBag from /home/airflow/dags/Lead_scoring_inference_pipeline/constants.py
[2024-12-04 12:03:31,664] {processor.py:653} WARNING - No viable dags retrieved from /home/airflow/dags/Lead_scoring_inference_pipeline/constants.py
[2024-12-04 12:03:31,675] {processor.py:161} INFO - Processing /home/airflow/dags/Lead_scoring_inference_pipeline/constants.py took 0.019 seconds
[2024-12-04 12:04:14,850] {processor.py:153} INFO - Started process (PID=8222) to work on /home/airflow/dags/Lead_scoring_inference_pipeline/constants.py
[2024-12-04 12:04:14,851] {processor.py:641} INFO - Processing file /home/airflow/dags/Lead_scoring_inference_pipeline/constants.py for tasks to queue
[2024-12-04 12:04:14,852] {logging_mixin.py:115} INFO - [2024-12-04 12:04:14,852] {dagbag.py:508} INFO - Filling up the DagBag from /home/airflow/dags/Lead_scoring_inference_pipeline/constants.py
[2024-12-04 12:04:14,853] {processor.py:653} WARNING - No viable dags retrieved from /home/airflow/dags/Lead_scoring_inference_pipeline/constants.py
[2024-12-04 12:04:14,865] {processor.py:161} INFO - Processing /home/airflow/dags/Lead_scoring_inference_pipeline/constants.py took 0.018 seconds
[2024-12-04 12:04:52,185] {processor.py:153} INFO - Started process (PID=8274) to work on /home/airflow/dags/Lead_scoring_inference_pipeline/constants.py
[2024-12-04 12:04:52,186] {processor.py:641} INFO - Processing file /home/airflow/dags/Lead_scoring_inference_pipeline/constants.py for tasks to queue
[2024-12-04 12:04:52,187] {logging_mixin.py:115} INFO - [2024-12-04 12:04:52,187] {dagbag.py:508} INFO - Filling up the DagBag from /home/airflow/dags/Lead_scoring_inference_pipeline/constants.py
[2024-12-04 12:04:52,188] {processor.py:653} WARNING - No viable dags retrieved from /home/airflow/dags/Lead_scoring_inference_pipeline/constants.py
[2024-12-04 12:04:52,199] {processor.py:161} INFO - Processing /home/airflow/dags/Lead_scoring_inference_pipeline/constants.py took 0.018 seconds
[2024-12-04 12:05:31,038] {processor.py:153} INFO - Started process (PID=8325) to work on /home/airflow/dags/Lead_scoring_inference_pipeline/constants.py
[2024-12-04 12:05:31,039] {processor.py:641} INFO - Processing file /home/airflow/dags/Lead_scoring_inference_pipeline/constants.py for tasks to queue
[2024-12-04 12:05:31,040] {logging_mixin.py:115} INFO - [2024-12-04 12:05:31,040] {dagbag.py:508} INFO - Filling up the DagBag from /home/airflow/dags/Lead_scoring_inference_pipeline/constants.py
[2024-12-04 12:05:31,041] {processor.py:653} WARNING - No viable dags retrieved from /home/airflow/dags/Lead_scoring_inference_pipeline/constants.py
[2024-12-04 12:05:31,053] {processor.py:161} INFO - Processing /home/airflow/dags/Lead_scoring_inference_pipeline/constants.py took 0.018 seconds
[2024-12-04 12:06:11,797] {processor.py:153} INFO - Started process (PID=8380) to work on /home/airflow/dags/Lead_scoring_inference_pipeline/constants.py
[2024-12-04 12:06:11,798] {processor.py:641} INFO - Processing file /home/airflow/dags/Lead_scoring_inference_pipeline/constants.py for tasks to queue
[2024-12-04 12:06:11,799] {logging_mixin.py:115} INFO - [2024-12-04 12:06:11,799] {dagbag.py:508} INFO - Filling up the DagBag from /home/airflow/dags/Lead_scoring_inference_pipeline/constants.py
[2024-12-04 12:06:11,800] {processor.py:653} WARNING - No viable dags retrieved from /home/airflow/dags/Lead_scoring_inference_pipeline/constants.py
[2024-12-04 12:06:11,811] {processor.py:161} INFO - Processing /home/airflow/dags/Lead_scoring_inference_pipeline/constants.py took 0.018 seconds
[2024-12-04 12:06:51,010] {processor.py:153} INFO - Started process (PID=8438) to work on /home/airflow/dags/Lead_scoring_inference_pipeline/constants.py
[2024-12-04 12:06:51,011] {processor.py:641} INFO - Processing file /home/airflow/dags/Lead_scoring_inference_pipeline/constants.py for tasks to queue
[2024-12-04 12:06:51,012] {logging_mixin.py:115} INFO - [2024-12-04 12:06:51,012] {dagbag.py:508} INFO - Filling up the DagBag from /home/airflow/dags/Lead_scoring_inference_pipeline/constants.py
[2024-12-04 12:06:51,014] {processor.py:653} WARNING - No viable dags retrieved from /home/airflow/dags/Lead_scoring_inference_pipeline/constants.py
[2024-12-04 12:06:51,025] {processor.py:161} INFO - Processing /home/airflow/dags/Lead_scoring_inference_pipeline/constants.py took 0.019 seconds
[2024-12-04 12:07:30,873] {processor.py:153} INFO - Started process (PID=8493) to work on /home/airflow/dags/Lead_scoring_inference_pipeline/constants.py
[2024-12-04 12:07:30,874] {processor.py:641} INFO - Processing file /home/airflow/dags/Lead_scoring_inference_pipeline/constants.py for tasks to queue
[2024-12-04 12:07:30,874] {logging_mixin.py:115} INFO - [2024-12-04 12:07:30,874] {dagbag.py:508} INFO - Filling up the DagBag from /home/airflow/dags/Lead_scoring_inference_pipeline/constants.py
[2024-12-04 12:07:30,876] {processor.py:653} WARNING - No viable dags retrieved from /home/airflow/dags/Lead_scoring_inference_pipeline/constants.py
[2024-12-04 12:07:30,887] {processor.py:161} INFO - Processing /home/airflow/dags/Lead_scoring_inference_pipeline/constants.py took 0.018 seconds
[2024-12-04 12:08:10,056] {processor.py:153} INFO - Started process (PID=8546) to work on /home/airflow/dags/Lead_scoring_inference_pipeline/constants.py
[2024-12-04 12:08:10,057] {processor.py:641} INFO - Processing file /home/airflow/dags/Lead_scoring_inference_pipeline/constants.py for tasks to queue
[2024-12-04 12:08:10,058] {logging_mixin.py:115} INFO - [2024-12-04 12:08:10,058] {dagbag.py:508} INFO - Filling up the DagBag from /home/airflow/dags/Lead_scoring_inference_pipeline/constants.py
[2024-12-04 12:08:10,059] {processor.py:653} WARNING - No viable dags retrieved from /home/airflow/dags/Lead_scoring_inference_pipeline/constants.py
[2024-12-04 12:08:10,071] {processor.py:161} INFO - Processing /home/airflow/dags/Lead_scoring_inference_pipeline/constants.py took 0.018 seconds
[2024-12-04 12:08:44,929] {processor.py:153} INFO - Started process (PID=8595) to work on /home/airflow/dags/Lead_scoring_inference_pipeline/constants.py
[2024-12-04 12:08:44,931] {processor.py:641} INFO - Processing file /home/airflow/dags/Lead_scoring_inference_pipeline/constants.py for tasks to queue
[2024-12-04 12:08:44,931] {logging_mixin.py:115} INFO - [2024-12-04 12:08:44,931] {dagbag.py:508} INFO - Filling up the DagBag from /home/airflow/dags/Lead_scoring_inference_pipeline/constants.py
[2024-12-04 12:08:44,933] {processor.py:653} WARNING - No viable dags retrieved from /home/airflow/dags/Lead_scoring_inference_pipeline/constants.py
[2024-12-04 12:08:44,944] {processor.py:161} INFO - Processing /home/airflow/dags/Lead_scoring_inference_pipeline/constants.py took 0.018 seconds
[2024-12-04 12:09:21,050] {processor.py:153} INFO - Started process (PID=8645) to work on /home/airflow/dags/Lead_scoring_inference_pipeline/constants.py
[2024-12-04 12:09:21,051] {processor.py:641} INFO - Processing file /home/airflow/dags/Lead_scoring_inference_pipeline/constants.py for tasks to queue
[2024-12-04 12:09:21,051] {logging_mixin.py:115} INFO - [2024-12-04 12:09:21,051] {dagbag.py:508} INFO - Filling up the DagBag from /home/airflow/dags/Lead_scoring_inference_pipeline/constants.py
[2024-12-04 12:09:21,053] {processor.py:653} WARNING - No viable dags retrieved from /home/airflow/dags/Lead_scoring_inference_pipeline/constants.py
[2024-12-04 12:09:21,065] {processor.py:161} INFO - Processing /home/airflow/dags/Lead_scoring_inference_pipeline/constants.py took 0.019 seconds
[2024-12-04 12:09:59,916] {processor.py:153} INFO - Started process (PID=8704) to work on /home/airflow/dags/Lead_scoring_inference_pipeline/constants.py
[2024-12-04 12:09:59,917] {processor.py:641} INFO - Processing file /home/airflow/dags/Lead_scoring_inference_pipeline/constants.py for tasks to queue
[2024-12-04 12:09:59,918] {logging_mixin.py:115} INFO - [2024-12-04 12:09:59,918] {dagbag.py:508} INFO - Filling up the DagBag from /home/airflow/dags/Lead_scoring_inference_pipeline/constants.py
[2024-12-04 12:09:59,919] {processor.py:653} WARNING - No viable dags retrieved from /home/airflow/dags/Lead_scoring_inference_pipeline/constants.py
[2024-12-04 12:09:59,931] {processor.py:161} INFO - Processing /home/airflow/dags/Lead_scoring_inference_pipeline/constants.py took 0.018 seconds
[2024-12-04 12:10:39,425] {processor.py:153} INFO - Started process (PID=8777) to work on /home/airflow/dags/Lead_scoring_inference_pipeline/constants.py
[2024-12-04 12:10:39,426] {processor.py:641} INFO - Processing file /home/airflow/dags/Lead_scoring_inference_pipeline/constants.py for tasks to queue
[2024-12-04 12:10:39,427] {logging_mixin.py:115} INFO - [2024-12-04 12:10:39,427] {dagbag.py:508} INFO - Filling up the DagBag from /home/airflow/dags/Lead_scoring_inference_pipeline/constants.py
[2024-12-04 12:10:39,428] {processor.py:653} WARNING - No viable dags retrieved from /home/airflow/dags/Lead_scoring_inference_pipeline/constants.py
[2024-12-04 12:10:39,439] {processor.py:161} INFO - Processing /home/airflow/dags/Lead_scoring_inference_pipeline/constants.py took 0.018 seconds
[2024-12-04 12:11:15,161] {processor.py:153} INFO - Started process (PID=8847) to work on /home/airflow/dags/Lead_scoring_inference_pipeline/constants.py
[2024-12-04 12:11:15,162] {processor.py:641} INFO - Processing file /home/airflow/dags/Lead_scoring_inference_pipeline/constants.py for tasks to queue
[2024-12-04 12:11:15,162] {logging_mixin.py:115} INFO - [2024-12-04 12:11:15,162] {dagbag.py:508} INFO - Filling up the DagBag from /home/airflow/dags/Lead_scoring_inference_pipeline/constants.py
[2024-12-04 12:11:15,164] {processor.py:653} WARNING - No viable dags retrieved from /home/airflow/dags/Lead_scoring_inference_pipeline/constants.py
[2024-12-04 12:11:15,174] {processor.py:161} INFO - Processing /home/airflow/dags/Lead_scoring_inference_pipeline/constants.py took 0.017 seconds
[2024-12-04 12:11:50,257] {processor.py:153} INFO - Started process (PID=8953) to work on /home/airflow/dags/Lead_scoring_inference_pipeline/constants.py
[2024-12-04 12:11:50,259] {processor.py:641} INFO - Processing file /home/airflow/dags/Lead_scoring_inference_pipeline/constants.py for tasks to queue
[2024-12-04 12:11:50,259] {logging_mixin.py:115} INFO - [2024-12-04 12:11:50,259] {dagbag.py:508} INFO - Filling up the DagBag from /home/airflow/dags/Lead_scoring_inference_pipeline/constants.py
[2024-12-04 12:11:50,261] {processor.py:653} WARNING - No viable dags retrieved from /home/airflow/dags/Lead_scoring_inference_pipeline/constants.py
[2024-12-04 12:11:50,271] {processor.py:161} INFO - Processing /home/airflow/dags/Lead_scoring_inference_pipeline/constants.py took 0.017 seconds
[2024-12-04 12:12:23,784] {processor.py:153} INFO - Started process (PID=9062) to work on /home/airflow/dags/Lead_scoring_inference_pipeline/constants.py
[2024-12-04 12:12:23,784] {processor.py:641} INFO - Processing file /home/airflow/dags/Lead_scoring_inference_pipeline/constants.py for tasks to queue
[2024-12-04 12:12:23,785] {logging_mixin.py:115} INFO - [2024-12-04 12:12:23,785] {dagbag.py:508} INFO - Filling up the DagBag from /home/airflow/dags/Lead_scoring_inference_pipeline/constants.py
[2024-12-04 12:12:23,786] {processor.py:653} WARNING - No viable dags retrieved from /home/airflow/dags/Lead_scoring_inference_pipeline/constants.py
[2024-12-04 12:12:23,797] {processor.py:161} INFO - Processing /home/airflow/dags/Lead_scoring_inference_pipeline/constants.py took 0.016 seconds
[2024-12-04 12:12:56,033] {processor.py:153} INFO - Started process (PID=9144) to work on /home/airflow/dags/Lead_scoring_inference_pipeline/constants.py
[2024-12-04 12:12:56,034] {processor.py:641} INFO - Processing file /home/airflow/dags/Lead_scoring_inference_pipeline/constants.py for tasks to queue
[2024-12-04 12:12:56,035] {logging_mixin.py:115} INFO - [2024-12-04 12:12:56,035] {dagbag.py:508} INFO - Filling up the DagBag from /home/airflow/dags/Lead_scoring_inference_pipeline/constants.py
[2024-12-04 12:12:56,036] {processor.py:653} WARNING - No viable dags retrieved from /home/airflow/dags/Lead_scoring_inference_pipeline/constants.py
[2024-12-04 12:12:56,047] {processor.py:161} INFO - Processing /home/airflow/dags/Lead_scoring_inference_pipeline/constants.py took 0.017 seconds
[2024-12-04 12:13:30,726] {processor.py:153} INFO - Started process (PID=9263) to work on /home/airflow/dags/Lead_scoring_inference_pipeline/constants.py
[2024-12-04 12:13:30,728] {processor.py:641} INFO - Processing file /home/airflow/dags/Lead_scoring_inference_pipeline/constants.py for tasks to queue
[2024-12-04 12:13:30,728] {logging_mixin.py:115} INFO - [2024-12-04 12:13:30,728] {dagbag.py:508} INFO - Filling up the DagBag from /home/airflow/dags/Lead_scoring_inference_pipeline/constants.py
[2024-12-04 12:13:30,729] {processor.py:653} WARNING - No viable dags retrieved from /home/airflow/dags/Lead_scoring_inference_pipeline/constants.py
[2024-12-04 12:13:30,740] {processor.py:161} INFO - Processing /home/airflow/dags/Lead_scoring_inference_pipeline/constants.py took 0.017 seconds
[2024-12-04 12:14:04,373] {processor.py:153} INFO - Started process (PID=9362) to work on /home/airflow/dags/Lead_scoring_inference_pipeline/constants.py
[2024-12-04 12:14:04,374] {processor.py:641} INFO - Processing file /home/airflow/dags/Lead_scoring_inference_pipeline/constants.py for tasks to queue
[2024-12-04 12:14:04,375] {logging_mixin.py:115} INFO - [2024-12-04 12:14:04,375] {dagbag.py:508} INFO - Filling up the DagBag from /home/airflow/dags/Lead_scoring_inference_pipeline/constants.py
[2024-12-04 12:14:04,376] {processor.py:653} WARNING - No viable dags retrieved from /home/airflow/dags/Lead_scoring_inference_pipeline/constants.py
[2024-12-04 12:14:04,387] {processor.py:161} INFO - Processing /home/airflow/dags/Lead_scoring_inference_pipeline/constants.py took 0.017 seconds
[2024-12-04 12:14:42,845] {processor.py:153} INFO - Started process (PID=9457) to work on /home/airflow/dags/Lead_scoring_inference_pipeline/constants.py
[2024-12-04 12:14:42,847] {processor.py:641} INFO - Processing file /home/airflow/dags/Lead_scoring_inference_pipeline/constants.py for tasks to queue
[2024-12-04 12:14:42,847] {logging_mixin.py:115} INFO - [2024-12-04 12:14:42,847] {dagbag.py:508} INFO - Filling up the DagBag from /home/airflow/dags/Lead_scoring_inference_pipeline/constants.py
[2024-12-04 12:14:42,849] {processor.py:653} WARNING - No viable dags retrieved from /home/airflow/dags/Lead_scoring_inference_pipeline/constants.py
[2024-12-04 12:14:42,859] {processor.py:161} INFO - Processing /home/airflow/dags/Lead_scoring_inference_pipeline/constants.py took 0.017 seconds
[2024-12-04 12:15:19,560] {processor.py:153} INFO - Started process (PID=9524) to work on /home/airflow/dags/Lead_scoring_inference_pipeline/constants.py
[2024-12-04 12:15:19,561] {processor.py:641} INFO - Processing file /home/airflow/dags/Lead_scoring_inference_pipeline/constants.py for tasks to queue
[2024-12-04 12:15:19,561] {logging_mixin.py:115} INFO - [2024-12-04 12:15:19,561] {dagbag.py:508} INFO - Filling up the DagBag from /home/airflow/dags/Lead_scoring_inference_pipeline/constants.py
[2024-12-04 12:15:19,563] {processor.py:653} WARNING - No viable dags retrieved from /home/airflow/dags/Lead_scoring_inference_pipeline/constants.py
[2024-12-04 12:15:19,573] {processor.py:161} INFO - Processing /home/airflow/dags/Lead_scoring_inference_pipeline/constants.py took 0.017 seconds
[2024-12-04 12:15:56,709] {processor.py:153} INFO - Started process (PID=9597) to work on /home/airflow/dags/Lead_scoring_inference_pipeline/constants.py
[2024-12-04 12:15:56,711] {processor.py:641} INFO - Processing file /home/airflow/dags/Lead_scoring_inference_pipeline/constants.py for tasks to queue
[2024-12-04 12:15:56,711] {logging_mixin.py:115} INFO - [2024-12-04 12:15:56,711] {dagbag.py:508} INFO - Filling up the DagBag from /home/airflow/dags/Lead_scoring_inference_pipeline/constants.py
[2024-12-04 12:15:56,713] {processor.py:653} WARNING - No viable dags retrieved from /home/airflow/dags/Lead_scoring_inference_pipeline/constants.py
[2024-12-04 12:15:56,723] {processor.py:161} INFO - Processing /home/airflow/dags/Lead_scoring_inference_pipeline/constants.py took 0.017 seconds
[2024-12-04 12:16:32,513] {processor.py:153} INFO - Started process (PID=9657) to work on /home/airflow/dags/Lead_scoring_inference_pipeline/constants.py
[2024-12-04 12:16:32,515] {processor.py:641} INFO - Processing file /home/airflow/dags/Lead_scoring_inference_pipeline/constants.py for tasks to queue
[2024-12-04 12:16:32,515] {logging_mixin.py:115} INFO - [2024-12-04 12:16:32,515] {dagbag.py:508} INFO - Filling up the DagBag from /home/airflow/dags/Lead_scoring_inference_pipeline/constants.py
[2024-12-04 12:16:32,517] {processor.py:653} WARNING - No viable dags retrieved from /home/airflow/dags/Lead_scoring_inference_pipeline/constants.py
[2024-12-04 12:16:32,528] {processor.py:161} INFO - Processing /home/airflow/dags/Lead_scoring_inference_pipeline/constants.py took 0.017 seconds
[2024-12-04 12:17:11,993] {processor.py:153} INFO - Started process (PID=9722) to work on /home/airflow/dags/Lead_scoring_inference_pipeline/constants.py
[2024-12-04 12:17:11,994] {processor.py:641} INFO - Processing file /home/airflow/dags/Lead_scoring_inference_pipeline/constants.py for tasks to queue
[2024-12-04 12:17:11,995] {logging_mixin.py:115} INFO - [2024-12-04 12:17:11,995] {dagbag.py:508} INFO - Filling up the DagBag from /home/airflow/dags/Lead_scoring_inference_pipeline/constants.py
[2024-12-04 12:17:11,996] {processor.py:653} WARNING - No viable dags retrieved from /home/airflow/dags/Lead_scoring_inference_pipeline/constants.py
[2024-12-04 12:17:12,007] {processor.py:161} INFO - Processing /home/airflow/dags/Lead_scoring_inference_pipeline/constants.py took 0.017 seconds
[2024-12-04 12:17:54,304] {processor.py:153} INFO - Started process (PID=9801) to work on /home/airflow/dags/Lead_scoring_inference_pipeline/constants.py
[2024-12-04 12:17:54,305] {processor.py:641} INFO - Processing file /home/airflow/dags/Lead_scoring_inference_pipeline/constants.py for tasks to queue
[2024-12-04 12:17:54,306] {logging_mixin.py:115} INFO - [2024-12-04 12:17:54,306] {dagbag.py:508} INFO - Filling up the DagBag from /home/airflow/dags/Lead_scoring_inference_pipeline/constants.py
[2024-12-04 12:17:54,307] {processor.py:653} WARNING - No viable dags retrieved from /home/airflow/dags/Lead_scoring_inference_pipeline/constants.py
[2024-12-04 12:17:54,318] {processor.py:161} INFO - Processing /home/airflow/dags/Lead_scoring_inference_pipeline/constants.py took 0.017 seconds
[2024-12-04 12:18:31,792] {processor.py:153} INFO - Started process (PID=9857) to work on /home/airflow/dags/Lead_scoring_inference_pipeline/constants.py
[2024-12-04 12:18:31,793] {processor.py:641} INFO - Processing file /home/airflow/dags/Lead_scoring_inference_pipeline/constants.py for tasks to queue
[2024-12-04 12:18:31,794] {logging_mixin.py:115} INFO - [2024-12-04 12:18:31,794] {dagbag.py:508} INFO - Filling up the DagBag from /home/airflow/dags/Lead_scoring_inference_pipeline/constants.py
[2024-12-04 12:18:31,795] {processor.py:653} WARNING - No viable dags retrieved from /home/airflow/dags/Lead_scoring_inference_pipeline/constants.py
[2024-12-04 12:18:31,806] {processor.py:161} INFO - Processing /home/airflow/dags/Lead_scoring_inference_pipeline/constants.py took 0.017 seconds
[2024-12-04 12:19:04,604] {processor.py:153} INFO - Started process (PID=9905) to work on /home/airflow/dags/Lead_scoring_inference_pipeline/constants.py
[2024-12-04 12:19:04,605] {processor.py:641} INFO - Processing file /home/airflow/dags/Lead_scoring_inference_pipeline/constants.py for tasks to queue
[2024-12-04 12:19:04,605] {logging_mixin.py:115} INFO - [2024-12-04 12:19:04,605] {dagbag.py:508} INFO - Filling up the DagBag from /home/airflow/dags/Lead_scoring_inference_pipeline/constants.py
[2024-12-04 12:19:04,607] {processor.py:653} WARNING - No viable dags retrieved from /home/airflow/dags/Lead_scoring_inference_pipeline/constants.py
[2024-12-04 12:19:04,617] {processor.py:161} INFO - Processing /home/airflow/dags/Lead_scoring_inference_pipeline/constants.py took 0.017 seconds
[2024-12-04 12:19:44,193] {processor.py:153} INFO - Started process (PID=9962) to work on /home/airflow/dags/Lead_scoring_inference_pipeline/constants.py
[2024-12-04 12:19:44,194] {processor.py:641} INFO - Processing file /home/airflow/dags/Lead_scoring_inference_pipeline/constants.py for tasks to queue
[2024-12-04 12:19:44,194] {logging_mixin.py:115} INFO - [2024-12-04 12:19:44,194] {dagbag.py:508} INFO - Filling up the DagBag from /home/airflow/dags/Lead_scoring_inference_pipeline/constants.py
[2024-12-04 12:19:44,196] {processor.py:653} WARNING - No viable dags retrieved from /home/airflow/dags/Lead_scoring_inference_pipeline/constants.py
[2024-12-04 12:19:44,207] {processor.py:161} INFO - Processing /home/airflow/dags/Lead_scoring_inference_pipeline/constants.py took 0.017 seconds
[2024-12-04 12:20:21,857] {processor.py:153} INFO - Started process (PID=10077) to work on /home/airflow/dags/Lead_scoring_inference_pipeline/constants.py
[2024-12-04 12:20:21,858] {processor.py:641} INFO - Processing file /home/airflow/dags/Lead_scoring_inference_pipeline/constants.py for tasks to queue
[2024-12-04 12:20:21,859] {logging_mixin.py:115} INFO - [2024-12-04 12:20:21,858] {dagbag.py:508} INFO - Filling up the DagBag from /home/airflow/dags/Lead_scoring_inference_pipeline/constants.py
[2024-12-04 12:20:21,860] {processor.py:653} WARNING - No viable dags retrieved from /home/airflow/dags/Lead_scoring_inference_pipeline/constants.py
[2024-12-04 12:20:21,871] {processor.py:161} INFO - Processing /home/airflow/dags/Lead_scoring_inference_pipeline/constants.py took 0.017 seconds
[2024-12-04 12:20:55,584] {processor.py:153} INFO - Started process (PID=10126) to work on /home/airflow/dags/Lead_scoring_inference_pipeline/constants.py
[2024-12-04 12:20:55,584] {processor.py:641} INFO - Processing file /home/airflow/dags/Lead_scoring_inference_pipeline/constants.py for tasks to queue
[2024-12-04 12:20:55,585] {logging_mixin.py:115} INFO - [2024-12-04 12:20:55,585] {dagbag.py:508} INFO - Filling up the DagBag from /home/airflow/dags/Lead_scoring_inference_pipeline/constants.py
[2024-12-04 12:20:55,586] {processor.py:653} WARNING - No viable dags retrieved from /home/airflow/dags/Lead_scoring_inference_pipeline/constants.py
[2024-12-04 12:20:55,596] {processor.py:161} INFO - Processing /home/airflow/dags/Lead_scoring_inference_pipeline/constants.py took 0.015 seconds
[2024-12-04 12:21:30,985] {processor.py:153} INFO - Started process (PID=10175) to work on /home/airflow/dags/Lead_scoring_inference_pipeline/constants.py
[2024-12-04 12:21:30,987] {processor.py:641} INFO - Processing file /home/airflow/dags/Lead_scoring_inference_pipeline/constants.py for tasks to queue
[2024-12-04 12:21:30,987] {logging_mixin.py:115} INFO - [2024-12-04 12:21:30,987] {dagbag.py:508} INFO - Filling up the DagBag from /home/airflow/dags/Lead_scoring_inference_pipeline/constants.py
[2024-12-04 12:21:30,989] {processor.py:653} WARNING - No viable dags retrieved from /home/airflow/dags/Lead_scoring_inference_pipeline/constants.py
[2024-12-04 12:21:31,000] {processor.py:161} INFO - Processing /home/airflow/dags/Lead_scoring_inference_pipeline/constants.py took 0.017 seconds
[2024-12-04 12:22:09,012] {processor.py:153} INFO - Started process (PID=10229) to work on /home/airflow/dags/Lead_scoring_inference_pipeline/constants.py
[2024-12-04 12:22:09,013] {processor.py:641} INFO - Processing file /home/airflow/dags/Lead_scoring_inference_pipeline/constants.py for tasks to queue
[2024-12-04 12:22:09,014] {logging_mixin.py:115} INFO - [2024-12-04 12:22:09,014] {dagbag.py:508} INFO - Filling up the DagBag from /home/airflow/dags/Lead_scoring_inference_pipeline/constants.py
[2024-12-04 12:22:09,015] {processor.py:653} WARNING - No viable dags retrieved from /home/airflow/dags/Lead_scoring_inference_pipeline/constants.py
[2024-12-04 12:22:09,026] {processor.py:161} INFO - Processing /home/airflow/dags/Lead_scoring_inference_pipeline/constants.py took 0.017 seconds
[2024-12-04 12:22:43,872] {processor.py:153} INFO - Started process (PID=10281) to work on /home/airflow/dags/Lead_scoring_inference_pipeline/constants.py
[2024-12-04 12:22:43,873] {processor.py:641} INFO - Processing file /home/airflow/dags/Lead_scoring_inference_pipeline/constants.py for tasks to queue
[2024-12-04 12:22:43,874] {logging_mixin.py:115} INFO - [2024-12-04 12:22:43,873] {dagbag.py:508} INFO - Filling up the DagBag from /home/airflow/dags/Lead_scoring_inference_pipeline/constants.py
[2024-12-04 12:22:43,875] {processor.py:653} WARNING - No viable dags retrieved from /home/airflow/dags/Lead_scoring_inference_pipeline/constants.py
[2024-12-04 12:22:43,886] {processor.py:161} INFO - Processing /home/airflow/dags/Lead_scoring_inference_pipeline/constants.py took 0.017 seconds
[2024-12-04 12:23:23,121] {processor.py:153} INFO - Started process (PID=10333) to work on /home/airflow/dags/Lead_scoring_inference_pipeline/constants.py
[2024-12-04 12:23:23,122] {processor.py:641} INFO - Processing file /home/airflow/dags/Lead_scoring_inference_pipeline/constants.py for tasks to queue
[2024-12-04 12:23:23,123] {logging_mixin.py:115} INFO - [2024-12-04 12:23:23,123] {dagbag.py:508} INFO - Filling up the DagBag from /home/airflow/dags/Lead_scoring_inference_pipeline/constants.py
[2024-12-04 12:23:23,124] {processor.py:653} WARNING - No viable dags retrieved from /home/airflow/dags/Lead_scoring_inference_pipeline/constants.py
[2024-12-04 12:23:23,135] {processor.py:161} INFO - Processing /home/airflow/dags/Lead_scoring_inference_pipeline/constants.py took 0.017 seconds
[2024-12-04 12:24:01,362] {processor.py:153} INFO - Started process (PID=10385) to work on /home/airflow/dags/Lead_scoring_inference_pipeline/constants.py
[2024-12-04 12:24:01,363] {processor.py:641} INFO - Processing file /home/airflow/dags/Lead_scoring_inference_pipeline/constants.py for tasks to queue
[2024-12-04 12:24:01,363] {logging_mixin.py:115} INFO - [2024-12-04 12:24:01,363] {dagbag.py:508} INFO - Filling up the DagBag from /home/airflow/dags/Lead_scoring_inference_pipeline/constants.py
[2024-12-04 12:24:01,365] {processor.py:653} WARNING - No viable dags retrieved from /home/airflow/dags/Lead_scoring_inference_pipeline/constants.py
[2024-12-04 12:24:01,377] {processor.py:161} INFO - Processing /home/airflow/dags/Lead_scoring_inference_pipeline/constants.py took 0.019 seconds
[2024-12-04 12:24:41,044] {processor.py:153} INFO - Started process (PID=10440) to work on /home/airflow/dags/Lead_scoring_inference_pipeline/constants.py
[2024-12-04 12:24:41,045] {processor.py:641} INFO - Processing file /home/airflow/dags/Lead_scoring_inference_pipeline/constants.py for tasks to queue
[2024-12-04 12:24:41,046] {logging_mixin.py:115} INFO - [2024-12-04 12:24:41,045] {dagbag.py:508} INFO - Filling up the DagBag from /home/airflow/dags/Lead_scoring_inference_pipeline/constants.py
[2024-12-04 12:24:41,047] {processor.py:653} WARNING - No viable dags retrieved from /home/airflow/dags/Lead_scoring_inference_pipeline/constants.py
[2024-12-04 12:24:41,058] {processor.py:161} INFO - Processing /home/airflow/dags/Lead_scoring_inference_pipeline/constants.py took 0.017 seconds
[2024-12-04 12:25:15,782] {processor.py:153} INFO - Started process (PID=10490) to work on /home/airflow/dags/Lead_scoring_inference_pipeline/constants.py
[2024-12-04 12:25:15,783] {processor.py:641} INFO - Processing file /home/airflow/dags/Lead_scoring_inference_pipeline/constants.py for tasks to queue
[2024-12-04 12:25:15,783] {logging_mixin.py:115} INFO - [2024-12-04 12:25:15,783] {dagbag.py:508} INFO - Filling up the DagBag from /home/airflow/dags/Lead_scoring_inference_pipeline/constants.py
[2024-12-04 12:25:15,785] {processor.py:653} WARNING - No viable dags retrieved from /home/airflow/dags/Lead_scoring_inference_pipeline/constants.py
[2024-12-04 12:25:15,796] {processor.py:161} INFO - Processing /home/airflow/dags/Lead_scoring_inference_pipeline/constants.py took 0.017 seconds
[2024-12-04 12:25:52,548] {processor.py:153} INFO - Started process (PID=10545) to work on /home/airflow/dags/Lead_scoring_inference_pipeline/constants.py
[2024-12-04 12:25:52,549] {processor.py:641} INFO - Processing file /home/airflow/dags/Lead_scoring_inference_pipeline/constants.py for tasks to queue
[2024-12-04 12:25:52,550] {logging_mixin.py:115} INFO - [2024-12-04 12:25:52,550] {dagbag.py:508} INFO - Filling up the DagBag from /home/airflow/dags/Lead_scoring_inference_pipeline/constants.py
[2024-12-04 12:25:52,551] {processor.py:653} WARNING - No viable dags retrieved from /home/airflow/dags/Lead_scoring_inference_pipeline/constants.py
[2024-12-04 12:25:52,562] {processor.py:161} INFO - Processing /home/airflow/dags/Lead_scoring_inference_pipeline/constants.py took 0.017 seconds
