[2024-12-04 11:53:28,122] {processor.py:153} INFO - Started process (PID=7304) to work on /home/airflow/dags/Lead_scoring_inference_pipeline/utils.py
[2024-12-04 11:53:28,122] {processor.py:641} INFO - Processing file /home/airflow/dags/Lead_scoring_inference_pipeline/utils.py for tasks to queue
[2024-12-04 11:53:28,123] {logging_mixin.py:115} INFO - [2024-12-04 11:53:28,123] {dagbag.py:508} INFO - Filling up the DagBag from /home/airflow/dags/Lead_scoring_inference_pipeline/utils.py
[2024-12-04 11:53:28,832] {logging_mixin.py:115} INFO - [2024-12-04 11:53:28,832] {utils.py:145} INFO - Note: NumExpr detected 64 cores but "NUMEXPR_MAX_THREADS" not set, so enforcing safe limit of 8.
[2024-12-04 11:53:28,832] {logging_mixin.py:115} INFO - [2024-12-04 11:53:28,832] {utils.py:157} INFO - NumExpr defaulting to 8 threads.
[2024-12-04 11:53:29,004] {processor.py:653} WARNING - No viable dags retrieved from /home/airflow/dags/Lead_scoring_inference_pipeline/utils.py
[2024-12-04 11:53:29,013] {processor.py:161} INFO - Processing /home/airflow/dags/Lead_scoring_inference_pipeline/utils.py took 0.894 seconds
[2024-12-04 11:54:11,865] {processor.py:153} INFO - Started process (PID=7371) to work on /home/airflow/dags/Lead_scoring_inference_pipeline/utils.py
[2024-12-04 11:54:11,867] {processor.py:641} INFO - Processing file /home/airflow/dags/Lead_scoring_inference_pipeline/utils.py for tasks to queue
[2024-12-04 11:54:11,867] {logging_mixin.py:115} INFO - [2024-12-04 11:54:11,867] {dagbag.py:508} INFO - Filling up the DagBag from /home/airflow/dags/Lead_scoring_inference_pipeline/utils.py
[2024-12-04 11:54:12,601] {logging_mixin.py:115} INFO - [2024-12-04 11:54:12,601] {utils.py:145} INFO - Note: NumExpr detected 64 cores but "NUMEXPR_MAX_THREADS" not set, so enforcing safe limit of 8.
[2024-12-04 11:54:12,602] {logging_mixin.py:115} INFO - [2024-12-04 11:54:12,602] {utils.py:157} INFO - NumExpr defaulting to 8 threads.
[2024-12-04 11:54:12,775] {processor.py:653} WARNING - No viable dags retrieved from /home/airflow/dags/Lead_scoring_inference_pipeline/utils.py
[2024-12-04 11:54:12,783] {processor.py:161} INFO - Processing /home/airflow/dags/Lead_scoring_inference_pipeline/utils.py took 0.922 seconds
[2024-12-04 11:54:51,212] {processor.py:153} INFO - Started process (PID=7428) to work on /home/airflow/dags/Lead_scoring_inference_pipeline/utils.py
[2024-12-04 11:54:51,214] {processor.py:641} INFO - Processing file /home/airflow/dags/Lead_scoring_inference_pipeline/utils.py for tasks to queue
[2024-12-04 11:54:51,215] {logging_mixin.py:115} INFO - [2024-12-04 11:54:51,215] {dagbag.py:508} INFO - Filling up the DagBag from /home/airflow/dags/Lead_scoring_inference_pipeline/utils.py
[2024-12-04 11:54:51,960] {logging_mixin.py:115} INFO - [2024-12-04 11:54:51,960] {utils.py:145} INFO - Note: NumExpr detected 64 cores but "NUMEXPR_MAX_THREADS" not set, so enforcing safe limit of 8.
[2024-12-04 11:54:51,960] {logging_mixin.py:115} INFO - [2024-12-04 11:54:51,960] {utils.py:157} INFO - NumExpr defaulting to 8 threads.
[2024-12-04 11:54:52,137] {processor.py:653} WARNING - No viable dags retrieved from /home/airflow/dags/Lead_scoring_inference_pipeline/utils.py
[2024-12-04 11:54:52,146] {processor.py:161} INFO - Processing /home/airflow/dags/Lead_scoring_inference_pipeline/utils.py took 0.937 seconds
[2024-12-04 11:55:25,609] {processor.py:153} INFO - Started process (PID=7476) to work on /home/airflow/dags/Lead_scoring_inference_pipeline/utils.py
[2024-12-04 11:55:25,609] {processor.py:641} INFO - Processing file /home/airflow/dags/Lead_scoring_inference_pipeline/utils.py for tasks to queue
[2024-12-04 11:55:25,610] {logging_mixin.py:115} INFO - [2024-12-04 11:55:25,610] {dagbag.py:508} INFO - Filling up the DagBag from /home/airflow/dags/Lead_scoring_inference_pipeline/utils.py
[2024-12-04 11:55:26,358] {logging_mixin.py:115} INFO - [2024-12-04 11:55:26,358] {utils.py:145} INFO - Note: NumExpr detected 64 cores but "NUMEXPR_MAX_THREADS" not set, so enforcing safe limit of 8.
[2024-12-04 11:55:26,358] {logging_mixin.py:115} INFO - [2024-12-04 11:55:26,358] {utils.py:157} INFO - NumExpr defaulting to 8 threads.
[2024-12-04 11:55:26,532] {processor.py:653} WARNING - No viable dags retrieved from /home/airflow/dags/Lead_scoring_inference_pipeline/utils.py
[2024-12-04 11:55:26,541] {processor.py:161} INFO - Processing /home/airflow/dags/Lead_scoring_inference_pipeline/utils.py took 0.935 seconds
[2024-12-04 11:56:08,150] {processor.py:153} INFO - Started process (PID=7531) to work on /home/airflow/dags/Lead_scoring_inference_pipeline/utils.py
[2024-12-04 11:56:08,151] {processor.py:641} INFO - Processing file /home/airflow/dags/Lead_scoring_inference_pipeline/utils.py for tasks to queue
[2024-12-04 11:56:08,152] {logging_mixin.py:115} INFO - [2024-12-04 11:56:08,152] {dagbag.py:508} INFO - Filling up the DagBag from /home/airflow/dags/Lead_scoring_inference_pipeline/utils.py
[2024-12-04 11:56:08,877] {logging_mixin.py:115} INFO - [2024-12-04 11:56:08,877] {utils.py:145} INFO - Note: NumExpr detected 64 cores but "NUMEXPR_MAX_THREADS" not set, so enforcing safe limit of 8.
[2024-12-04 11:56:08,877] {logging_mixin.py:115} INFO - [2024-12-04 11:56:08,877] {utils.py:157} INFO - NumExpr defaulting to 8 threads.
[2024-12-04 11:56:09,047] {processor.py:653} WARNING - No viable dags retrieved from /home/airflow/dags/Lead_scoring_inference_pipeline/utils.py
[2024-12-04 11:56:09,056] {processor.py:161} INFO - Processing /home/airflow/dags/Lead_scoring_inference_pipeline/utils.py took 0.909 seconds
[2024-12-04 11:56:47,613] {processor.py:153} INFO - Started process (PID=7584) to work on /home/airflow/dags/Lead_scoring_inference_pipeline/utils.py
[2024-12-04 11:56:47,615] {processor.py:641} INFO - Processing file /home/airflow/dags/Lead_scoring_inference_pipeline/utils.py for tasks to queue
[2024-12-04 11:56:47,616] {logging_mixin.py:115} INFO - [2024-12-04 11:56:47,615] {dagbag.py:508} INFO - Filling up the DagBag from /home/airflow/dags/Lead_scoring_inference_pipeline/utils.py
[2024-12-04 11:56:48,339] {logging_mixin.py:115} INFO - [2024-12-04 11:56:48,339] {utils.py:145} INFO - Note: NumExpr detected 64 cores but "NUMEXPR_MAX_THREADS" not set, so enforcing safe limit of 8.
[2024-12-04 11:56:48,340] {logging_mixin.py:115} INFO - [2024-12-04 11:56:48,340] {utils.py:157} INFO - NumExpr defaulting to 8 threads.
[2024-12-04 11:56:48,512] {processor.py:653} WARNING - No viable dags retrieved from /home/airflow/dags/Lead_scoring_inference_pipeline/utils.py
[2024-12-04 11:56:48,521] {processor.py:161} INFO - Processing /home/airflow/dags/Lead_scoring_inference_pipeline/utils.py took 0.911 seconds
[2024-12-04 11:57:22,848] {processor.py:153} INFO - Started process (PID=7636) to work on /home/airflow/dags/Lead_scoring_inference_pipeline/utils.py
[2024-12-04 11:57:22,850] {processor.py:641} INFO - Processing file /home/airflow/dags/Lead_scoring_inference_pipeline/utils.py for tasks to queue
[2024-12-04 11:57:22,850] {logging_mixin.py:115} INFO - [2024-12-04 11:57:22,850] {dagbag.py:508} INFO - Filling up the DagBag from /home/airflow/dags/Lead_scoring_inference_pipeline/utils.py
[2024-12-04 11:57:23,578] {logging_mixin.py:115} INFO - [2024-12-04 11:57:23,578] {utils.py:145} INFO - Note: NumExpr detected 64 cores but "NUMEXPR_MAX_THREADS" not set, so enforcing safe limit of 8.
[2024-12-04 11:57:23,578] {logging_mixin.py:115} INFO - [2024-12-04 11:57:23,578] {utils.py:157} INFO - NumExpr defaulting to 8 threads.
[2024-12-04 11:57:23,749] {processor.py:653} WARNING - No viable dags retrieved from /home/airflow/dags/Lead_scoring_inference_pipeline/utils.py
[2024-12-04 11:57:23,771] {processor.py:161} INFO - Processing /home/airflow/dags/Lead_scoring_inference_pipeline/utils.py took 0.926 seconds
[2024-12-04 11:57:59,441] {processor.py:153} INFO - Started process (PID=7688) to work on /home/airflow/dags/Lead_scoring_inference_pipeline/utils.py
[2024-12-04 11:57:59,442] {processor.py:641} INFO - Processing file /home/airflow/dags/Lead_scoring_inference_pipeline/utils.py for tasks to queue
[2024-12-04 11:57:59,443] {logging_mixin.py:115} INFO - [2024-12-04 11:57:59,443] {dagbag.py:508} INFO - Filling up the DagBag from /home/airflow/dags/Lead_scoring_inference_pipeline/utils.py
[2024-12-04 11:58:00,161] {logging_mixin.py:115} INFO - [2024-12-04 11:58:00,161] {utils.py:145} INFO - Note: NumExpr detected 64 cores but "NUMEXPR_MAX_THREADS" not set, so enforcing safe limit of 8.
[2024-12-04 11:58:00,162] {logging_mixin.py:115} INFO - [2024-12-04 11:58:00,162] {utils.py:157} INFO - NumExpr defaulting to 8 threads.
[2024-12-04 11:58:00,347] {processor.py:653} WARNING - No viable dags retrieved from /home/airflow/dags/Lead_scoring_inference_pipeline/utils.py
[2024-12-04 11:58:00,355] {processor.py:161} INFO - Processing /home/airflow/dags/Lead_scoring_inference_pipeline/utils.py took 0.918 seconds
[2024-12-04 11:58:40,953] {processor.py:153} INFO - Started process (PID=7747) to work on /home/airflow/dags/Lead_scoring_inference_pipeline/utils.py
[2024-12-04 11:58:40,955] {processor.py:641} INFO - Processing file /home/airflow/dags/Lead_scoring_inference_pipeline/utils.py for tasks to queue
[2024-12-04 11:58:40,955] {logging_mixin.py:115} INFO - [2024-12-04 11:58:40,955] {dagbag.py:508} INFO - Filling up the DagBag from /home/airflow/dags/Lead_scoring_inference_pipeline/utils.py
[2024-12-04 11:58:41,657] {logging_mixin.py:115} INFO - [2024-12-04 11:58:41,657] {utils.py:145} INFO - Note: NumExpr detected 64 cores but "NUMEXPR_MAX_THREADS" not set, so enforcing safe limit of 8.
[2024-12-04 11:58:41,657] {logging_mixin.py:115} INFO - [2024-12-04 11:58:41,657] {utils.py:157} INFO - NumExpr defaulting to 8 threads.
[2024-12-04 11:58:41,820] {processor.py:653} WARNING - No viable dags retrieved from /home/airflow/dags/Lead_scoring_inference_pipeline/utils.py
[2024-12-04 11:58:41,829] {processor.py:161} INFO - Processing /home/airflow/dags/Lead_scoring_inference_pipeline/utils.py took 0.879 seconds
[2024-12-04 11:59:19,257] {processor.py:153} INFO - Started process (PID=7814) to work on /home/airflow/dags/Lead_scoring_inference_pipeline/utils.py
[2024-12-04 11:59:19,259] {processor.py:641} INFO - Processing file /home/airflow/dags/Lead_scoring_inference_pipeline/utils.py for tasks to queue
[2024-12-04 11:59:19,259] {logging_mixin.py:115} INFO - [2024-12-04 11:59:19,259] {dagbag.py:508} INFO - Filling up the DagBag from /home/airflow/dags/Lead_scoring_inference_pipeline/utils.py
[2024-12-04 11:59:20,051] {logging_mixin.py:115} INFO - [2024-12-04 11:59:20,050] {utils.py:145} INFO - Note: NumExpr detected 64 cores but "NUMEXPR_MAX_THREADS" not set, so enforcing safe limit of 8.
[2024-12-04 11:59:20,051] {logging_mixin.py:115} INFO - [2024-12-04 11:59:20,051] {utils.py:157} INFO - NumExpr defaulting to 8 threads.
[2024-12-04 11:59:20,221] {processor.py:653} WARNING - No viable dags retrieved from /home/airflow/dags/Lead_scoring_inference_pipeline/utils.py
[2024-12-04 11:59:20,230] {processor.py:161} INFO - Processing /home/airflow/dags/Lead_scoring_inference_pipeline/utils.py took 0.977 seconds
[2024-12-04 11:59:56,410] {processor.py:153} INFO - Started process (PID=7867) to work on /home/airflow/dags/Lead_scoring_inference_pipeline/utils.py
[2024-12-04 11:59:56,412] {processor.py:641} INFO - Processing file /home/airflow/dags/Lead_scoring_inference_pipeline/utils.py for tasks to queue
[2024-12-04 11:59:56,412] {logging_mixin.py:115} INFO - [2024-12-04 11:59:56,412] {dagbag.py:508} INFO - Filling up the DagBag from /home/airflow/dags/Lead_scoring_inference_pipeline/utils.py
[2024-12-04 11:59:57,148] {logging_mixin.py:115} INFO - [2024-12-04 11:59:57,147] {utils.py:145} INFO - Note: NumExpr detected 64 cores but "NUMEXPR_MAX_THREADS" not set, so enforcing safe limit of 8.
[2024-12-04 11:59:57,148] {logging_mixin.py:115} INFO - [2024-12-04 11:59:57,148] {utils.py:157} INFO - NumExpr defaulting to 8 threads.
[2024-12-04 11:59:57,323] {processor.py:653} WARNING - No viable dags retrieved from /home/airflow/dags/Lead_scoring_inference_pipeline/utils.py
[2024-12-04 11:59:57,332] {processor.py:161} INFO - Processing /home/airflow/dags/Lead_scoring_inference_pipeline/utils.py took 0.925 seconds
[2024-12-04 12:00:31,828] {processor.py:153} INFO - Started process (PID=7917) to work on /home/airflow/dags/Lead_scoring_inference_pipeline/utils.py
[2024-12-04 12:00:31,855] {processor.py:641} INFO - Processing file /home/airflow/dags/Lead_scoring_inference_pipeline/utils.py for tasks to queue
[2024-12-04 12:00:31,855] {logging_mixin.py:115} INFO - [2024-12-04 12:00:31,855] {dagbag.py:508} INFO - Filling up the DagBag from /home/airflow/dags/Lead_scoring_inference_pipeline/utils.py
[2024-12-04 12:00:32,611] {logging_mixin.py:115} INFO - [2024-12-04 12:00:32,611] {utils.py:145} INFO - Note: NumExpr detected 64 cores but "NUMEXPR_MAX_THREADS" not set, so enforcing safe limit of 8.
[2024-12-04 12:00:32,611] {logging_mixin.py:115} INFO - [2024-12-04 12:00:32,611] {utils.py:157} INFO - NumExpr defaulting to 8 threads.
[2024-12-04 12:00:32,776] {processor.py:653} WARNING - No viable dags retrieved from /home/airflow/dags/Lead_scoring_inference_pipeline/utils.py
[2024-12-04 12:00:32,785] {processor.py:161} INFO - Processing /home/airflow/dags/Lead_scoring_inference_pipeline/utils.py took 0.960 seconds
[2024-12-04 12:01:07,533] {processor.py:153} INFO - Started process (PID=7967) to work on /home/airflow/dags/Lead_scoring_inference_pipeline/utils.py
[2024-12-04 12:01:07,535] {processor.py:641} INFO - Processing file /home/airflow/dags/Lead_scoring_inference_pipeline/utils.py for tasks to queue
[2024-12-04 12:01:07,535] {logging_mixin.py:115} INFO - [2024-12-04 12:01:07,535] {dagbag.py:508} INFO - Filling up the DagBag from /home/airflow/dags/Lead_scoring_inference_pipeline/utils.py
[2024-12-04 12:01:08,274] {logging_mixin.py:115} INFO - [2024-12-04 12:01:08,274] {utils.py:145} INFO - Note: NumExpr detected 64 cores but "NUMEXPR_MAX_THREADS" not set, so enforcing safe limit of 8.
[2024-12-04 12:01:08,274] {logging_mixin.py:115} INFO - [2024-12-04 12:01:08,274] {utils.py:157} INFO - NumExpr defaulting to 8 threads.
[2024-12-04 12:01:08,446] {processor.py:653} WARNING - No viable dags retrieved from /home/airflow/dags/Lead_scoring_inference_pipeline/utils.py
[2024-12-04 12:01:08,464] {processor.py:161} INFO - Processing /home/airflow/dags/Lead_scoring_inference_pipeline/utils.py took 0.934 seconds
[2024-12-04 12:01:46,568] {processor.py:153} INFO - Started process (PID=8020) to work on /home/airflow/dags/Lead_scoring_inference_pipeline/utils.py
[2024-12-04 12:01:46,569] {processor.py:641} INFO - Processing file /home/airflow/dags/Lead_scoring_inference_pipeline/utils.py for tasks to queue
[2024-12-04 12:01:46,570] {logging_mixin.py:115} INFO - [2024-12-04 12:01:46,570] {dagbag.py:508} INFO - Filling up the DagBag from /home/airflow/dags/Lead_scoring_inference_pipeline/utils.py
[2024-12-04 12:01:47,310] {logging_mixin.py:115} INFO - [2024-12-04 12:01:47,310] {utils.py:145} INFO - Note: NumExpr detected 64 cores but "NUMEXPR_MAX_THREADS" not set, so enforcing safe limit of 8.
[2024-12-04 12:01:47,311] {logging_mixin.py:115} INFO - [2024-12-04 12:01:47,310] {utils.py:157} INFO - NumExpr defaulting to 8 threads.
[2024-12-04 12:01:47,479] {processor.py:653} WARNING - No viable dags retrieved from /home/airflow/dags/Lead_scoring_inference_pipeline/utils.py
[2024-12-04 12:01:47,488] {processor.py:161} INFO - Processing /home/airflow/dags/Lead_scoring_inference_pipeline/utils.py took 0.923 seconds
[2024-12-04 12:02:23,298] {processor.py:153} INFO - Started process (PID=8070) to work on /home/airflow/dags/Lead_scoring_inference_pipeline/utils.py
[2024-12-04 12:02:23,299] {processor.py:641} INFO - Processing file /home/airflow/dags/Lead_scoring_inference_pipeline/utils.py for tasks to queue
[2024-12-04 12:02:23,300] {logging_mixin.py:115} INFO - [2024-12-04 12:02:23,300] {dagbag.py:508} INFO - Filling up the DagBag from /home/airflow/dags/Lead_scoring_inference_pipeline/utils.py
[2024-12-04 12:02:24,025] {logging_mixin.py:115} INFO - [2024-12-04 12:02:24,025] {utils.py:145} INFO - Note: NumExpr detected 64 cores but "NUMEXPR_MAX_THREADS" not set, so enforcing safe limit of 8.
[2024-12-04 12:02:24,025] {logging_mixin.py:115} INFO - [2024-12-04 12:02:24,025] {utils.py:157} INFO - NumExpr defaulting to 8 threads.
[2024-12-04 12:02:24,188] {processor.py:653} WARNING - No viable dags retrieved from /home/airflow/dags/Lead_scoring_inference_pipeline/utils.py
[2024-12-04 12:02:24,197] {processor.py:161} INFO - Processing /home/airflow/dags/Lead_scoring_inference_pipeline/utils.py took 0.903 seconds
[2024-12-04 12:03:04,984] {processor.py:153} INFO - Started process (PID=8124) to work on /home/airflow/dags/Lead_scoring_inference_pipeline/utils.py
[2024-12-04 12:03:04,986] {processor.py:641} INFO - Processing file /home/airflow/dags/Lead_scoring_inference_pipeline/utils.py for tasks to queue
[2024-12-04 12:03:04,986] {logging_mixin.py:115} INFO - [2024-12-04 12:03:04,986] {dagbag.py:508} INFO - Filling up the DagBag from /home/airflow/dags/Lead_scoring_inference_pipeline/utils.py
[2024-12-04 12:03:05,682] {logging_mixin.py:115} INFO - [2024-12-04 12:03:05,682] {utils.py:145} INFO - Note: NumExpr detected 64 cores but "NUMEXPR_MAX_THREADS" not set, so enforcing safe limit of 8.
[2024-12-04 12:03:05,682] {logging_mixin.py:115} INFO - [2024-12-04 12:03:05,682] {utils.py:157} INFO - NumExpr defaulting to 8 threads.
[2024-12-04 12:03:05,842] {processor.py:653} WARNING - No viable dags retrieved from /home/airflow/dags/Lead_scoring_inference_pipeline/utils.py
[2024-12-04 12:03:05,851] {processor.py:161} INFO - Processing /home/airflow/dags/Lead_scoring_inference_pipeline/utils.py took 0.870 seconds
[2024-12-04 12:03:46,698] {processor.py:153} INFO - Started process (PID=8180) to work on /home/airflow/dags/Lead_scoring_inference_pipeline/utils.py
[2024-12-04 12:03:46,699] {processor.py:641} INFO - Processing file /home/airflow/dags/Lead_scoring_inference_pipeline/utils.py for tasks to queue
[2024-12-04 12:03:46,700] {logging_mixin.py:115} INFO - [2024-12-04 12:03:46,700] {dagbag.py:508} INFO - Filling up the DagBag from /home/airflow/dags/Lead_scoring_inference_pipeline/utils.py
[2024-12-04 12:03:47,421] {logging_mixin.py:115} INFO - [2024-12-04 12:03:47,420] {utils.py:145} INFO - Note: NumExpr detected 64 cores but "NUMEXPR_MAX_THREADS" not set, so enforcing safe limit of 8.
[2024-12-04 12:03:47,421] {logging_mixin.py:115} INFO - [2024-12-04 12:03:47,421] {utils.py:157} INFO - NumExpr defaulting to 8 threads.
[2024-12-04 12:03:47,585] {processor.py:653} WARNING - No viable dags retrieved from /home/airflow/dags/Lead_scoring_inference_pipeline/utils.py
[2024-12-04 12:03:47,594] {processor.py:161} INFO - Processing /home/airflow/dags/Lead_scoring_inference_pipeline/utils.py took 0.900 seconds
[2024-12-04 12:04:27,657] {processor.py:153} INFO - Started process (PID=8235) to work on /home/airflow/dags/Lead_scoring_inference_pipeline/utils.py
[2024-12-04 12:04:27,658] {processor.py:641} INFO - Processing file /home/airflow/dags/Lead_scoring_inference_pipeline/utils.py for tasks to queue
[2024-12-04 12:04:27,659] {logging_mixin.py:115} INFO - [2024-12-04 12:04:27,659] {dagbag.py:508} INFO - Filling up the DagBag from /home/airflow/dags/Lead_scoring_inference_pipeline/utils.py
[2024-12-04 12:04:28,397] {logging_mixin.py:115} INFO - [2024-12-04 12:04:28,396] {utils.py:145} INFO - Note: NumExpr detected 64 cores but "NUMEXPR_MAX_THREADS" not set, so enforcing safe limit of 8.
[2024-12-04 12:04:28,397] {logging_mixin.py:115} INFO - [2024-12-04 12:04:28,397] {utils.py:157} INFO - NumExpr defaulting to 8 threads.
[2024-12-04 12:04:28,565] {processor.py:653} WARNING - No viable dags retrieved from /home/airflow/dags/Lead_scoring_inference_pipeline/utils.py
[2024-12-04 12:04:28,573] {processor.py:161} INFO - Processing /home/airflow/dags/Lead_scoring_inference_pipeline/utils.py took 0.920 seconds
[2024-12-04 12:05:03,734] {processor.py:153} INFO - Started process (PID=8285) to work on /home/airflow/dags/Lead_scoring_inference_pipeline/utils.py
[2024-12-04 12:05:03,735] {processor.py:641} INFO - Processing file /home/airflow/dags/Lead_scoring_inference_pipeline/utils.py for tasks to queue
[2024-12-04 12:05:03,736] {logging_mixin.py:115} INFO - [2024-12-04 12:05:03,736] {dagbag.py:508} INFO - Filling up the DagBag from /home/airflow/dags/Lead_scoring_inference_pipeline/utils.py
[2024-12-04 12:05:04,467] {logging_mixin.py:115} INFO - [2024-12-04 12:05:04,467] {utils.py:145} INFO - Note: NumExpr detected 64 cores but "NUMEXPR_MAX_THREADS" not set, so enforcing safe limit of 8.
[2024-12-04 12:05:04,468] {logging_mixin.py:115} INFO - [2024-12-04 12:05:04,468] {utils.py:157} INFO - NumExpr defaulting to 8 threads.
[2024-12-04 12:05:04,636] {processor.py:653} WARNING - No viable dags retrieved from /home/airflow/dags/Lead_scoring_inference_pipeline/utils.py
[2024-12-04 12:05:04,645] {processor.py:161} INFO - Processing /home/airflow/dags/Lead_scoring_inference_pipeline/utils.py took 0.914 seconds
[2024-12-04 12:05:45,645] {processor.py:153} INFO - Started process (PID=8339) to work on /home/airflow/dags/Lead_scoring_inference_pipeline/utils.py
[2024-12-04 12:05:45,646] {processor.py:641} INFO - Processing file /home/airflow/dags/Lead_scoring_inference_pipeline/utils.py for tasks to queue
[2024-12-04 12:05:45,647] {logging_mixin.py:115} INFO - [2024-12-04 12:05:45,646] {dagbag.py:508} INFO - Filling up the DagBag from /home/airflow/dags/Lead_scoring_inference_pipeline/utils.py
[2024-12-04 12:05:46,386] {logging_mixin.py:115} INFO - [2024-12-04 12:05:46,386] {utils.py:145} INFO - Note: NumExpr detected 64 cores but "NUMEXPR_MAX_THREADS" not set, so enforcing safe limit of 8.
[2024-12-04 12:05:46,386] {logging_mixin.py:115} INFO - [2024-12-04 12:05:46,386] {utils.py:157} INFO - NumExpr defaulting to 8 threads.
[2024-12-04 12:05:46,557] {processor.py:653} WARNING - No viable dags retrieved from /home/airflow/dags/Lead_scoring_inference_pipeline/utils.py
[2024-12-04 12:05:46,565] {processor.py:161} INFO - Processing /home/airflow/dags/Lead_scoring_inference_pipeline/utils.py took 0.924 seconds
[2024-12-04 12:06:24,689] {processor.py:153} INFO - Started process (PID=8393) to work on /home/airflow/dags/Lead_scoring_inference_pipeline/utils.py
[2024-12-04 12:06:24,691] {processor.py:641} INFO - Processing file /home/airflow/dags/Lead_scoring_inference_pipeline/utils.py for tasks to queue
[2024-12-04 12:06:24,691] {logging_mixin.py:115} INFO - [2024-12-04 12:06:24,691] {dagbag.py:508} INFO - Filling up the DagBag from /home/airflow/dags/Lead_scoring_inference_pipeline/utils.py
[2024-12-04 12:06:25,443] {logging_mixin.py:115} INFO - [2024-12-04 12:06:25,443] {utils.py:145} INFO - Note: NumExpr detected 64 cores but "NUMEXPR_MAX_THREADS" not set, so enforcing safe limit of 8.
[2024-12-04 12:06:25,443] {logging_mixin.py:115} INFO - [2024-12-04 12:06:25,443] {utils.py:157} INFO - NumExpr defaulting to 8 threads.
[2024-12-04 12:06:25,614] {processor.py:653} WARNING - No viable dags retrieved from /home/airflow/dags/Lead_scoring_inference_pipeline/utils.py
[2024-12-04 12:06:25,622] {processor.py:161} INFO - Processing /home/airflow/dags/Lead_scoring_inference_pipeline/utils.py took 0.937 seconds
[2024-12-04 12:07:04,829] {processor.py:153} INFO - Started process (PID=8453) to work on /home/airflow/dags/Lead_scoring_inference_pipeline/utils.py
[2024-12-04 12:07:04,831] {processor.py:641} INFO - Processing file /home/airflow/dags/Lead_scoring_inference_pipeline/utils.py for tasks to queue
[2024-12-04 12:07:04,831] {logging_mixin.py:115} INFO - [2024-12-04 12:07:04,831] {dagbag.py:508} INFO - Filling up the DagBag from /home/airflow/dags/Lead_scoring_inference_pipeline/utils.py
[2024-12-04 12:07:05,589] {logging_mixin.py:115} INFO - [2024-12-04 12:07:05,589] {utils.py:145} INFO - Note: NumExpr detected 64 cores but "NUMEXPR_MAX_THREADS" not set, so enforcing safe limit of 8.
[2024-12-04 12:07:05,589] {logging_mixin.py:115} INFO - [2024-12-04 12:07:05,589] {utils.py:157} INFO - NumExpr defaulting to 8 threads.
[2024-12-04 12:07:05,759] {processor.py:653} WARNING - No viable dags retrieved from /home/airflow/dags/Lead_scoring_inference_pipeline/utils.py
[2024-12-04 12:07:05,768] {processor.py:161} INFO - Processing /home/airflow/dags/Lead_scoring_inference_pipeline/utils.py took 0.943 seconds
[2024-12-04 12:07:43,177] {processor.py:153} INFO - Started process (PID=8505) to work on /home/airflow/dags/Lead_scoring_inference_pipeline/utils.py
[2024-12-04 12:07:43,178] {processor.py:641} INFO - Processing file /home/airflow/dags/Lead_scoring_inference_pipeline/utils.py for tasks to queue
[2024-12-04 12:07:43,179] {logging_mixin.py:115} INFO - [2024-12-04 12:07:43,179] {dagbag.py:508} INFO - Filling up the DagBag from /home/airflow/dags/Lead_scoring_inference_pipeline/utils.py
[2024-12-04 12:07:43,899] {logging_mixin.py:115} INFO - [2024-12-04 12:07:43,899] {utils.py:145} INFO - Note: NumExpr detected 64 cores but "NUMEXPR_MAX_THREADS" not set, so enforcing safe limit of 8.
[2024-12-04 12:07:43,899] {logging_mixin.py:115} INFO - [2024-12-04 12:07:43,899] {utils.py:157} INFO - NumExpr defaulting to 8 threads.
[2024-12-04 12:07:44,066] {processor.py:653} WARNING - No viable dags retrieved from /home/airflow/dags/Lead_scoring_inference_pipeline/utils.py
[2024-12-04 12:07:44,074] {processor.py:161} INFO - Processing /home/airflow/dags/Lead_scoring_inference_pipeline/utils.py took 0.900 seconds
[2024-12-04 12:08:21,617] {processor.py:153} INFO - Started process (PID=8558) to work on /home/airflow/dags/Lead_scoring_inference_pipeline/utils.py
[2024-12-04 12:08:21,618] {processor.py:641} INFO - Processing file /home/airflow/dags/Lead_scoring_inference_pipeline/utils.py for tasks to queue
[2024-12-04 12:08:21,619] {logging_mixin.py:115} INFO - [2024-12-04 12:08:21,618] {dagbag.py:508} INFO - Filling up the DagBag from /home/airflow/dags/Lead_scoring_inference_pipeline/utils.py
[2024-12-04 12:08:22,357] {logging_mixin.py:115} INFO - [2024-12-04 12:08:22,357] {utils.py:145} INFO - Note: NumExpr detected 64 cores but "NUMEXPR_MAX_THREADS" not set, so enforcing safe limit of 8.
[2024-12-04 12:08:22,357] {logging_mixin.py:115} INFO - [2024-12-04 12:08:22,357] {utils.py:157} INFO - NumExpr defaulting to 8 threads.
[2024-12-04 12:08:22,530] {processor.py:653} WARNING - No viable dags retrieved from /home/airflow/dags/Lead_scoring_inference_pipeline/utils.py
[2024-12-04 12:08:22,537] {processor.py:161} INFO - Processing /home/airflow/dags/Lead_scoring_inference_pipeline/utils.py took 0.924 seconds
[2024-12-04 12:08:57,132] {processor.py:153} INFO - Started process (PID=8608) to work on /home/airflow/dags/Lead_scoring_inference_pipeline/utils.py
[2024-12-04 12:08:57,134] {processor.py:641} INFO - Processing file /home/airflow/dags/Lead_scoring_inference_pipeline/utils.py for tasks to queue
[2024-12-04 12:08:57,134] {logging_mixin.py:115} INFO - [2024-12-04 12:08:57,134] {dagbag.py:508} INFO - Filling up the DagBag from /home/airflow/dags/Lead_scoring_inference_pipeline/utils.py
[2024-12-04 12:08:57,879] {logging_mixin.py:115} INFO - [2024-12-04 12:08:57,879] {utils.py:145} INFO - Note: NumExpr detected 64 cores but "NUMEXPR_MAX_THREADS" not set, so enforcing safe limit of 8.
[2024-12-04 12:08:57,879] {logging_mixin.py:115} INFO - [2024-12-04 12:08:57,879] {utils.py:157} INFO - NumExpr defaulting to 8 threads.
[2024-12-04 12:08:58,049] {processor.py:653} WARNING - No viable dags retrieved from /home/airflow/dags/Lead_scoring_inference_pipeline/utils.py
[2024-12-04 12:08:58,057] {processor.py:161} INFO - Processing /home/airflow/dags/Lead_scoring_inference_pipeline/utils.py took 0.928 seconds
[2024-12-04 12:09:33,100] {processor.py:153} INFO - Started process (PID=8657) to work on /home/airflow/dags/Lead_scoring_inference_pipeline/utils.py
[2024-12-04 12:09:33,102] {processor.py:641} INFO - Processing file /home/airflow/dags/Lead_scoring_inference_pipeline/utils.py for tasks to queue
[2024-12-04 12:09:33,102] {logging_mixin.py:115} INFO - [2024-12-04 12:09:33,102] {dagbag.py:508} INFO - Filling up the DagBag from /home/airflow/dags/Lead_scoring_inference_pipeline/utils.py
[2024-12-04 12:09:33,844] {logging_mixin.py:115} INFO - [2024-12-04 12:09:33,844] {utils.py:145} INFO - Note: NumExpr detected 64 cores but "NUMEXPR_MAX_THREADS" not set, so enforcing safe limit of 8.
[2024-12-04 12:09:33,844] {logging_mixin.py:115} INFO - [2024-12-04 12:09:33,844] {utils.py:157} INFO - NumExpr defaulting to 8 threads.
[2024-12-04 12:09:34,023] {processor.py:653} WARNING - No viable dags retrieved from /home/airflow/dags/Lead_scoring_inference_pipeline/utils.py
[2024-12-04 12:09:34,032] {processor.py:161} INFO - Processing /home/airflow/dags/Lead_scoring_inference_pipeline/utils.py took 0.935 seconds
[2024-12-04 12:10:13,833] {processor.py:153} INFO - Started process (PID=8719) to work on /home/airflow/dags/Lead_scoring_inference_pipeline/utils.py
[2024-12-04 12:10:13,835] {processor.py:641} INFO - Processing file /home/airflow/dags/Lead_scoring_inference_pipeline/utils.py for tasks to queue
[2024-12-04 12:10:13,835] {logging_mixin.py:115} INFO - [2024-12-04 12:10:13,835] {dagbag.py:508} INFO - Filling up the DagBag from /home/airflow/dags/Lead_scoring_inference_pipeline/utils.py
[2024-12-04 12:10:14,584] {logging_mixin.py:115} INFO - [2024-12-04 12:10:14,584] {utils.py:145} INFO - Note: NumExpr detected 64 cores but "NUMEXPR_MAX_THREADS" not set, so enforcing safe limit of 8.
[2024-12-04 12:10:14,584] {logging_mixin.py:115} INFO - [2024-12-04 12:10:14,584] {utils.py:157} INFO - NumExpr defaulting to 8 threads.
[2024-12-04 12:10:14,753] {processor.py:653} WARNING - No viable dags retrieved from /home/airflow/dags/Lead_scoring_inference_pipeline/utils.py
[2024-12-04 12:10:14,761] {processor.py:161} INFO - Processing /home/airflow/dags/Lead_scoring_inference_pipeline/utils.py took 0.931 seconds
[2024-12-04 12:10:50,976] {processor.py:153} INFO - Started process (PID=8799) to work on /home/airflow/dags/Lead_scoring_inference_pipeline/utils.py
[2024-12-04 12:10:50,977] {processor.py:641} INFO - Processing file /home/airflow/dags/Lead_scoring_inference_pipeline/utils.py for tasks to queue
[2024-12-04 12:10:50,978] {logging_mixin.py:115} INFO - [2024-12-04 12:10:50,977] {dagbag.py:508} INFO - Filling up the DagBag from /home/airflow/dags/Lead_scoring_inference_pipeline/utils.py
[2024-12-04 12:10:51,709] {logging_mixin.py:115} INFO - [2024-12-04 12:10:51,709] {utils.py:145} INFO - Note: NumExpr detected 64 cores but "NUMEXPR_MAX_THREADS" not set, so enforcing safe limit of 8.
[2024-12-04 12:10:51,709] {logging_mixin.py:115} INFO - [2024-12-04 12:10:51,709] {utils.py:157} INFO - NumExpr defaulting to 8 threads.
[2024-12-04 12:10:51,881] {processor.py:653} WARNING - No viable dags retrieved from /home/airflow/dags/Lead_scoring_inference_pipeline/utils.py
[2024-12-04 12:10:51,889] {processor.py:161} INFO - Processing /home/airflow/dags/Lead_scoring_inference_pipeline/utils.py took 0.917 seconds
[2024-12-04 12:11:26,708] {processor.py:153} INFO - Started process (PID=8879) to work on /home/airflow/dags/Lead_scoring_inference_pipeline/utils.py
[2024-12-04 12:11:26,709] {processor.py:641} INFO - Processing file /home/airflow/dags/Lead_scoring_inference_pipeline/utils.py for tasks to queue
[2024-12-04 12:11:26,709] {logging_mixin.py:115} INFO - [2024-12-04 12:11:26,709] {dagbag.py:508} INFO - Filling up the DagBag from /home/airflow/dags/Lead_scoring_inference_pipeline/utils.py
[2024-12-04 12:11:27,426] {logging_mixin.py:115} INFO - [2024-12-04 12:11:27,426] {utils.py:145} INFO - Note: NumExpr detected 64 cores but "NUMEXPR_MAX_THREADS" not set, so enforcing safe limit of 8.
[2024-12-04 12:11:27,426] {logging_mixin.py:115} INFO - [2024-12-04 12:11:27,426] {utils.py:157} INFO - NumExpr defaulting to 8 threads.
[2024-12-04 12:11:27,594] {processor.py:653} WARNING - No viable dags retrieved from /home/airflow/dags/Lead_scoring_inference_pipeline/utils.py
[2024-12-04 12:11:27,602] {processor.py:161} INFO - Processing /home/airflow/dags/Lead_scoring_inference_pipeline/utils.py took 0.898 seconds
[2024-12-04 12:12:00,960] {processor.py:153} INFO - Started process (PID=8981) to work on /home/airflow/dags/Lead_scoring_inference_pipeline/utils.py
[2024-12-04 12:12:00,961] {processor.py:641} INFO - Processing file /home/airflow/dags/Lead_scoring_inference_pipeline/utils.py for tasks to queue
[2024-12-04 12:12:00,961] {logging_mixin.py:115} INFO - [2024-12-04 12:12:00,961] {dagbag.py:508} INFO - Filling up the DagBag from /home/airflow/dags/Lead_scoring_inference_pipeline/utils.py
[2024-12-04 12:12:01,694] {logging_mixin.py:115} INFO - [2024-12-04 12:12:01,694] {utils.py:145} INFO - Note: NumExpr detected 64 cores but "NUMEXPR_MAX_THREADS" not set, so enforcing safe limit of 8.
[2024-12-04 12:12:01,694] {logging_mixin.py:115} INFO - [2024-12-04 12:12:01,694] {utils.py:157} INFO - NumExpr defaulting to 8 threads.
[2024-12-04 12:12:01,863] {processor.py:653} WARNING - No viable dags retrieved from /home/airflow/dags/Lead_scoring_inference_pipeline/utils.py
[2024-12-04 12:12:01,871] {processor.py:161} INFO - Processing /home/airflow/dags/Lead_scoring_inference_pipeline/utils.py took 0.914 seconds
[2024-12-04 12:12:33,353] {processor.py:153} INFO - Started process (PID=9087) to work on /home/airflow/dags/Lead_scoring_inference_pipeline/utils.py
[2024-12-04 12:12:33,353] {processor.py:641} INFO - Processing file /home/airflow/dags/Lead_scoring_inference_pipeline/utils.py for tasks to queue
[2024-12-04 12:12:33,353] {logging_mixin.py:115} INFO - [2024-12-04 12:12:33,353] {dagbag.py:508} INFO - Filling up the DagBag from /home/airflow/dags/Lead_scoring_inference_pipeline/utils.py
[2024-12-04 12:12:34,090] {logging_mixin.py:115} INFO - [2024-12-04 12:12:34,090] {utils.py:145} INFO - Note: NumExpr detected 64 cores but "NUMEXPR_MAX_THREADS" not set, so enforcing safe limit of 8.
[2024-12-04 12:12:34,090] {logging_mixin.py:115} INFO - [2024-12-04 12:12:34,090] {utils.py:157} INFO - NumExpr defaulting to 8 threads.
[2024-12-04 12:12:34,256] {processor.py:653} WARNING - No viable dags retrieved from /home/airflow/dags/Lead_scoring_inference_pipeline/utils.py
[2024-12-04 12:12:34,263] {processor.py:161} INFO - Processing /home/airflow/dags/Lead_scoring_inference_pipeline/utils.py took 0.914 seconds
[2024-12-04 12:13:07,702] {processor.py:153} INFO - Started process (PID=9179) to work on /home/airflow/dags/Lead_scoring_inference_pipeline/utils.py
[2024-12-04 12:13:07,703] {processor.py:641} INFO - Processing file /home/airflow/dags/Lead_scoring_inference_pipeline/utils.py for tasks to queue
[2024-12-04 12:13:07,703] {logging_mixin.py:115} INFO - [2024-12-04 12:13:07,703] {dagbag.py:508} INFO - Filling up the DagBag from /home/airflow/dags/Lead_scoring_inference_pipeline/utils.py
[2024-12-04 12:13:08,432] {logging_mixin.py:115} INFO - [2024-12-04 12:13:08,432] {utils.py:145} INFO - Note: NumExpr detected 64 cores but "NUMEXPR_MAX_THREADS" not set, so enforcing safe limit of 8.
[2024-12-04 12:13:08,432] {logging_mixin.py:115} INFO - [2024-12-04 12:13:08,432] {utils.py:157} INFO - NumExpr defaulting to 8 threads.
[2024-12-04 12:13:08,600] {processor.py:653} WARNING - No viable dags retrieved from /home/airflow/dags/Lead_scoring_inference_pipeline/utils.py
[2024-12-04 12:13:08,608] {processor.py:161} INFO - Processing /home/airflow/dags/Lead_scoring_inference_pipeline/utils.py took 0.909 seconds
[2024-12-04 12:13:42,070] {processor.py:153} INFO - Started process (PID=9290) to work on /home/airflow/dags/Lead_scoring_inference_pipeline/utils.py
[2024-12-04 12:13:42,071] {processor.py:641} INFO - Processing file /home/airflow/dags/Lead_scoring_inference_pipeline/utils.py for tasks to queue
[2024-12-04 12:13:42,071] {logging_mixin.py:115} INFO - [2024-12-04 12:13:42,071] {dagbag.py:508} INFO - Filling up the DagBag from /home/airflow/dags/Lead_scoring_inference_pipeline/utils.py
[2024-12-04 12:13:42,786] {logging_mixin.py:115} INFO - [2024-12-04 12:13:42,786] {utils.py:145} INFO - Note: NumExpr detected 64 cores but "NUMEXPR_MAX_THREADS" not set, so enforcing safe limit of 8.
[2024-12-04 12:13:42,786] {logging_mixin.py:115} INFO - [2024-12-04 12:13:42,786] {utils.py:157} INFO - NumExpr defaulting to 8 threads.
[2024-12-04 12:13:42,954] {processor.py:653} WARNING - No viable dags retrieved from /home/airflow/dags/Lead_scoring_inference_pipeline/utils.py
[2024-12-04 12:13:42,961] {processor.py:161} INFO - Processing /home/airflow/dags/Lead_scoring_inference_pipeline/utils.py took 0.895 seconds
[2024-12-04 12:14:16,524] {processor.py:153} INFO - Started process (PID=9382) to work on /home/airflow/dags/Lead_scoring_inference_pipeline/utils.py
[2024-12-04 12:14:16,525] {processor.py:641} INFO - Processing file /home/airflow/dags/Lead_scoring_inference_pipeline/utils.py for tasks to queue
[2024-12-04 12:14:16,526] {logging_mixin.py:115} INFO - [2024-12-04 12:14:16,526] {dagbag.py:508} INFO - Filling up the DagBag from /home/airflow/dags/Lead_scoring_inference_pipeline/utils.py
[2024-12-04 12:14:17,252] {logging_mixin.py:115} INFO - [2024-12-04 12:14:17,252] {utils.py:145} INFO - Note: NumExpr detected 64 cores but "NUMEXPR_MAX_THREADS" not set, so enforcing safe limit of 8.
[2024-12-04 12:14:17,253] {logging_mixin.py:115} INFO - [2024-12-04 12:14:17,252] {utils.py:157} INFO - NumExpr defaulting to 8 threads.
[2024-12-04 12:14:17,419] {processor.py:653} WARNING - No viable dags retrieved from /home/airflow/dags/Lead_scoring_inference_pipeline/utils.py
[2024-12-04 12:14:17,427] {processor.py:161} INFO - Processing /home/airflow/dags/Lead_scoring_inference_pipeline/utils.py took 0.906 seconds
[2024-12-04 12:14:54,920] {processor.py:153} INFO - Started process (PID=9482) to work on /home/airflow/dags/Lead_scoring_inference_pipeline/utils.py
[2024-12-04 12:14:54,922] {processor.py:641} INFO - Processing file /home/airflow/dags/Lead_scoring_inference_pipeline/utils.py for tasks to queue
[2024-12-04 12:14:54,922] {logging_mixin.py:115} INFO - [2024-12-04 12:14:54,922] {dagbag.py:508} INFO - Filling up the DagBag from /home/airflow/dags/Lead_scoring_inference_pipeline/utils.py
[2024-12-04 12:14:55,642] {logging_mixin.py:115} INFO - [2024-12-04 12:14:55,642] {utils.py:145} INFO - Note: NumExpr detected 64 cores but "NUMEXPR_MAX_THREADS" not set, so enforcing safe limit of 8.
[2024-12-04 12:14:55,642] {logging_mixin.py:115} INFO - [2024-12-04 12:14:55,642] {utils.py:157} INFO - NumExpr defaulting to 8 threads.
[2024-12-04 12:14:55,810] {processor.py:653} WARNING - No viable dags retrieved from /home/airflow/dags/Lead_scoring_inference_pipeline/utils.py
[2024-12-04 12:14:55,818] {processor.py:161} INFO - Processing /home/airflow/dags/Lead_scoring_inference_pipeline/utils.py took 0.901 seconds
[2024-12-04 12:15:33,804] {processor.py:153} INFO - Started process (PID=9546) to work on /home/airflow/dags/Lead_scoring_inference_pipeline/utils.py
[2024-12-04 12:15:33,805] {processor.py:641} INFO - Processing file /home/airflow/dags/Lead_scoring_inference_pipeline/utils.py for tasks to queue
[2024-12-04 12:15:33,806] {logging_mixin.py:115} INFO - [2024-12-04 12:15:33,806] {dagbag.py:508} INFO - Filling up the DagBag from /home/airflow/dags/Lead_scoring_inference_pipeline/utils.py
[2024-12-04 12:15:34,610] {logging_mixin.py:115} INFO - [2024-12-04 12:15:34,610] {utils.py:145} INFO - Note: NumExpr detected 64 cores but "NUMEXPR_MAX_THREADS" not set, so enforcing safe limit of 8.
[2024-12-04 12:15:34,610] {logging_mixin.py:115} INFO - [2024-12-04 12:15:34,610] {utils.py:157} INFO - NumExpr defaulting to 8 threads.
[2024-12-04 12:15:34,780] {processor.py:653} WARNING - No viable dags retrieved from /home/airflow/dags/Lead_scoring_inference_pipeline/utils.py
[2024-12-04 12:15:34,787] {processor.py:161} INFO - Processing /home/airflow/dags/Lead_scoring_inference_pipeline/utils.py took 0.987 seconds
[2024-12-04 12:16:08,288] {processor.py:153} INFO - Started process (PID=9616) to work on /home/airflow/dags/Lead_scoring_inference_pipeline/utils.py
[2024-12-04 12:16:08,289] {processor.py:641} INFO - Processing file /home/airflow/dags/Lead_scoring_inference_pipeline/utils.py for tasks to queue
[2024-12-04 12:16:08,290] {logging_mixin.py:115} INFO - [2024-12-04 12:16:08,290] {dagbag.py:508} INFO - Filling up the DagBag from /home/airflow/dags/Lead_scoring_inference_pipeline/utils.py
[2024-12-04 12:16:09,012] {logging_mixin.py:115} INFO - [2024-12-04 12:16:09,012] {utils.py:145} INFO - Note: NumExpr detected 64 cores but "NUMEXPR_MAX_THREADS" not set, so enforcing safe limit of 8.
[2024-12-04 12:16:09,012] {logging_mixin.py:115} INFO - [2024-12-04 12:16:09,012] {utils.py:157} INFO - NumExpr defaulting to 8 threads.
[2024-12-04 12:16:09,181] {processor.py:653} WARNING - No viable dags retrieved from /home/airflow/dags/Lead_scoring_inference_pipeline/utils.py
[2024-12-04 12:16:09,188] {processor.py:161} INFO - Processing /home/airflow/dags/Lead_scoring_inference_pipeline/utils.py took 0.903 seconds
[2024-12-04 12:16:44,951] {processor.py:153} INFO - Started process (PID=9682) to work on /home/airflow/dags/Lead_scoring_inference_pipeline/utils.py
[2024-12-04 12:16:44,952] {processor.py:641} INFO - Processing file /home/airflow/dags/Lead_scoring_inference_pipeline/utils.py for tasks to queue
[2024-12-04 12:16:44,953] {logging_mixin.py:115} INFO - [2024-12-04 12:16:44,953] {dagbag.py:508} INFO - Filling up the DagBag from /home/airflow/dags/Lead_scoring_inference_pipeline/utils.py
[2024-12-04 12:16:45,685] {logging_mixin.py:115} INFO - [2024-12-04 12:16:45,685] {utils.py:145} INFO - Note: NumExpr detected 64 cores but "NUMEXPR_MAX_THREADS" not set, so enforcing safe limit of 8.
[2024-12-04 12:16:45,686] {logging_mixin.py:115} INFO - [2024-12-04 12:16:45,686] {utils.py:157} INFO - NumExpr defaulting to 8 threads.
[2024-12-04 12:16:45,853] {processor.py:653} WARNING - No viable dags retrieved from /home/airflow/dags/Lead_scoring_inference_pipeline/utils.py
[2024-12-04 12:16:45,861] {processor.py:161} INFO - Processing /home/airflow/dags/Lead_scoring_inference_pipeline/utils.py took 0.913 seconds
[2024-12-04 12:17:25,205] {processor.py:153} INFO - Started process (PID=9747) to work on /home/airflow/dags/Lead_scoring_inference_pipeline/utils.py
[2024-12-04 12:17:25,207] {processor.py:641} INFO - Processing file /home/airflow/dags/Lead_scoring_inference_pipeline/utils.py for tasks to queue
[2024-12-04 12:17:25,207] {logging_mixin.py:115} INFO - [2024-12-04 12:17:25,207] {dagbag.py:508} INFO - Filling up the DagBag from /home/airflow/dags/Lead_scoring_inference_pipeline/utils.py
[2024-12-04 12:17:25,956] {logging_mixin.py:115} INFO - [2024-12-04 12:17:25,956] {utils.py:145} INFO - Note: NumExpr detected 64 cores but "NUMEXPR_MAX_THREADS" not set, so enforcing safe limit of 8.
[2024-12-04 12:17:25,956] {logging_mixin.py:115} INFO - [2024-12-04 12:17:25,956] {utils.py:157} INFO - NumExpr defaulting to 8 threads.
[2024-12-04 12:17:26,127] {processor.py:653} WARNING - No viable dags retrieved from /home/airflow/dags/Lead_scoring_inference_pipeline/utils.py
[2024-12-04 12:17:26,135] {processor.py:161} INFO - Processing /home/airflow/dags/Lead_scoring_inference_pipeline/utils.py took 0.933 seconds
[2024-12-04 12:18:06,606] {processor.py:153} INFO - Started process (PID=9814) to work on /home/airflow/dags/Lead_scoring_inference_pipeline/utils.py
[2024-12-04 12:18:06,607] {processor.py:641} INFO - Processing file /home/airflow/dags/Lead_scoring_inference_pipeline/utils.py for tasks to queue
[2024-12-04 12:18:06,607] {logging_mixin.py:115} INFO - [2024-12-04 12:18:06,607] {dagbag.py:508} INFO - Filling up the DagBag from /home/airflow/dags/Lead_scoring_inference_pipeline/utils.py
[2024-12-04 12:18:07,327] {logging_mixin.py:115} INFO - [2024-12-04 12:18:07,327] {utils.py:145} INFO - Note: NumExpr detected 64 cores but "NUMEXPR_MAX_THREADS" not set, so enforcing safe limit of 8.
[2024-12-04 12:18:07,327] {logging_mixin.py:115} INFO - [2024-12-04 12:18:07,327] {utils.py:157} INFO - NumExpr defaulting to 8 threads.
[2024-12-04 12:18:07,495] {processor.py:653} WARNING - No viable dags retrieved from /home/airflow/dags/Lead_scoring_inference_pipeline/utils.py
[2024-12-04 12:18:07,503] {processor.py:161} INFO - Processing /home/airflow/dags/Lead_scoring_inference_pipeline/utils.py took 0.901 seconds
[2024-12-04 12:18:42,176] {processor.py:153} INFO - Started process (PID=9868) to work on /home/airflow/dags/Lead_scoring_inference_pipeline/utils.py
[2024-12-04 12:18:42,178] {processor.py:641} INFO - Processing file /home/airflow/dags/Lead_scoring_inference_pipeline/utils.py for tasks to queue
[2024-12-04 12:18:42,178] {logging_mixin.py:115} INFO - [2024-12-04 12:18:42,178] {dagbag.py:508} INFO - Filling up the DagBag from /home/airflow/dags/Lead_scoring_inference_pipeline/utils.py
[2024-12-04 12:18:42,912] {logging_mixin.py:115} INFO - [2024-12-04 12:18:42,912] {utils.py:145} INFO - Note: NumExpr detected 64 cores but "NUMEXPR_MAX_THREADS" not set, so enforcing safe limit of 8.
[2024-12-04 12:18:42,912] {logging_mixin.py:115} INFO - [2024-12-04 12:18:42,912] {utils.py:157} INFO - NumExpr defaulting to 8 threads.
[2024-12-04 12:18:43,081] {processor.py:653} WARNING - No viable dags retrieved from /home/airflow/dags/Lead_scoring_inference_pipeline/utils.py
[2024-12-04 12:18:43,089] {processor.py:161} INFO - Processing /home/airflow/dags/Lead_scoring_inference_pipeline/utils.py took 0.916 seconds
[2024-12-04 12:19:17,138] {processor.py:153} INFO - Started process (PID=9917) to work on /home/airflow/dags/Lead_scoring_inference_pipeline/utils.py
[2024-12-04 12:19:17,139] {processor.py:641} INFO - Processing file /home/airflow/dags/Lead_scoring_inference_pipeline/utils.py for tasks to queue
[2024-12-04 12:19:17,140] {logging_mixin.py:115} INFO - [2024-12-04 12:19:17,140] {dagbag.py:508} INFO - Filling up the DagBag from /home/airflow/dags/Lead_scoring_inference_pipeline/utils.py
[2024-12-04 12:19:17,900] {logging_mixin.py:115} INFO - [2024-12-04 12:19:17,900] {utils.py:145} INFO - Note: NumExpr detected 64 cores but "NUMEXPR_MAX_THREADS" not set, so enforcing safe limit of 8.
[2024-12-04 12:19:17,900] {logging_mixin.py:115} INFO - [2024-12-04 12:19:17,900] {utils.py:157} INFO - NumExpr defaulting to 8 threads.
[2024-12-04 12:19:18,078] {processor.py:653} WARNING - No viable dags retrieved from /home/airflow/dags/Lead_scoring_inference_pipeline/utils.py
[2024-12-04 12:19:18,086] {processor.py:161} INFO - Processing /home/airflow/dags/Lead_scoring_inference_pipeline/utils.py took 0.952 seconds
[2024-12-04 12:19:56,649] {processor.py:153} INFO - Started process (PID=9996) to work on /home/airflow/dags/Lead_scoring_inference_pipeline/utils.py
[2024-12-04 12:19:56,650] {processor.py:641} INFO - Processing file /home/airflow/dags/Lead_scoring_inference_pipeline/utils.py for tasks to queue
[2024-12-04 12:19:56,651] {logging_mixin.py:115} INFO - [2024-12-04 12:19:56,650] {dagbag.py:508} INFO - Filling up the DagBag from /home/airflow/dags/Lead_scoring_inference_pipeline/utils.py
[2024-12-04 12:19:57,393] {logging_mixin.py:115} INFO - [2024-12-04 12:19:57,393] {utils.py:145} INFO - Note: NumExpr detected 64 cores but "NUMEXPR_MAX_THREADS" not set, so enforcing safe limit of 8.
[2024-12-04 12:19:57,393] {logging_mixin.py:115} INFO - [2024-12-04 12:19:57,393] {utils.py:157} INFO - NumExpr defaulting to 8 threads.
[2024-12-04 12:19:57,565] {processor.py:653} WARNING - No viable dags retrieved from /home/airflow/dags/Lead_scoring_inference_pipeline/utils.py
[2024-12-04 12:19:57,573] {processor.py:161} INFO - Processing /home/airflow/dags/Lead_scoring_inference_pipeline/utils.py took 0.927 seconds
[2024-12-04 12:20:33,407] {processor.py:153} INFO - Started process (PID=10089) to work on /home/airflow/dags/Lead_scoring_inference_pipeline/utils.py
[2024-12-04 12:20:33,409] {processor.py:641} INFO - Processing file /home/airflow/dags/Lead_scoring_inference_pipeline/utils.py for tasks to queue
[2024-12-04 12:20:33,409] {logging_mixin.py:115} INFO - [2024-12-04 12:20:33,409] {dagbag.py:508} INFO - Filling up the DagBag from /home/airflow/dags/Lead_scoring_inference_pipeline/utils.py
[2024-12-04 12:20:34,137] {logging_mixin.py:115} INFO - [2024-12-04 12:20:34,137] {utils.py:145} INFO - Note: NumExpr detected 64 cores but "NUMEXPR_MAX_THREADS" not set, so enforcing safe limit of 8.
[2024-12-04 12:20:34,137] {logging_mixin.py:115} INFO - [2024-12-04 12:20:34,137] {utils.py:157} INFO - NumExpr defaulting to 8 threads.
[2024-12-04 12:20:34,304] {processor.py:653} WARNING - No viable dags retrieved from /home/airflow/dags/Lead_scoring_inference_pipeline/utils.py
[2024-12-04 12:20:34,312] {processor.py:161} INFO - Processing /home/airflow/dags/Lead_scoring_inference_pipeline/utils.py took 0.908 seconds
[2024-12-04 12:21:07,916] {processor.py:153} INFO - Started process (PID=10138) to work on /home/airflow/dags/Lead_scoring_inference_pipeline/utils.py
[2024-12-04 12:21:07,917] {processor.py:641} INFO - Processing file /home/airflow/dags/Lead_scoring_inference_pipeline/utils.py for tasks to queue
[2024-12-04 12:21:07,918] {logging_mixin.py:115} INFO - [2024-12-04 12:21:07,918] {dagbag.py:508} INFO - Filling up the DagBag from /home/airflow/dags/Lead_scoring_inference_pipeline/utils.py
[2024-12-04 12:21:08,603] {logging_mixin.py:115} INFO - [2024-12-04 12:21:08,603] {utils.py:145} INFO - Note: NumExpr detected 64 cores but "NUMEXPR_MAX_THREADS" not set, so enforcing safe limit of 8.
[2024-12-04 12:21:08,603] {logging_mixin.py:115} INFO - [2024-12-04 12:21:08,603] {utils.py:157} INFO - NumExpr defaulting to 8 threads.
[2024-12-04 12:21:08,764] {processor.py:653} WARNING - No viable dags retrieved from /home/airflow/dags/Lead_scoring_inference_pipeline/utils.py
[2024-12-04 12:21:08,773] {processor.py:161} INFO - Processing /home/airflow/dags/Lead_scoring_inference_pipeline/utils.py took 0.860 seconds
[2024-12-04 12:21:44,224] {processor.py:153} INFO - Started process (PID=10188) to work on /home/airflow/dags/Lead_scoring_inference_pipeline/utils.py
[2024-12-04 12:21:44,226] {processor.py:641} INFO - Processing file /home/airflow/dags/Lead_scoring_inference_pipeline/utils.py for tasks to queue
[2024-12-04 12:21:44,226] {logging_mixin.py:115} INFO - [2024-12-04 12:21:44,226] {dagbag.py:508} INFO - Filling up the DagBag from /home/airflow/dags/Lead_scoring_inference_pipeline/utils.py
[2024-12-04 12:21:44,903] {logging_mixin.py:115} INFO - [2024-12-04 12:21:44,903] {utils.py:145} INFO - Note: NumExpr detected 64 cores but "NUMEXPR_MAX_THREADS" not set, so enforcing safe limit of 8.
[2024-12-04 12:21:44,903] {logging_mixin.py:115} INFO - [2024-12-04 12:21:44,903] {utils.py:157} INFO - NumExpr defaulting to 8 threads.
[2024-12-04 12:21:45,067] {processor.py:653} WARNING - No viable dags retrieved from /home/airflow/dags/Lead_scoring_inference_pipeline/utils.py
[2024-12-04 12:21:45,075] {processor.py:161} INFO - Processing /home/airflow/dags/Lead_scoring_inference_pipeline/utils.py took 0.854 seconds
[2024-12-04 12:22:20,580] {processor.py:153} INFO - Started process (PID=10243) to work on /home/airflow/dags/Lead_scoring_inference_pipeline/utils.py
[2024-12-04 12:22:20,581] {processor.py:641} INFO - Processing file /home/airflow/dags/Lead_scoring_inference_pipeline/utils.py for tasks to queue
[2024-12-04 12:22:20,582] {logging_mixin.py:115} INFO - [2024-12-04 12:22:20,582] {dagbag.py:508} INFO - Filling up the DagBag from /home/airflow/dags/Lead_scoring_inference_pipeline/utils.py
[2024-12-04 12:22:21,294] {logging_mixin.py:115} INFO - [2024-12-04 12:22:21,294] {utils.py:145} INFO - Note: NumExpr detected 64 cores but "NUMEXPR_MAX_THREADS" not set, so enforcing safe limit of 8.
[2024-12-04 12:22:21,294] {logging_mixin.py:115} INFO - [2024-12-04 12:22:21,294] {utils.py:157} INFO - NumExpr defaulting to 8 threads.
[2024-12-04 12:22:21,463] {processor.py:653} WARNING - No viable dags retrieved from /home/airflow/dags/Lead_scoring_inference_pipeline/utils.py
[2024-12-04 12:22:21,470] {processor.py:161} INFO - Processing /home/airflow/dags/Lead_scoring_inference_pipeline/utils.py took 0.894 seconds
[2024-12-04 12:22:57,620] {processor.py:153} INFO - Started process (PID=10294) to work on /home/airflow/dags/Lead_scoring_inference_pipeline/utils.py
[2024-12-04 12:22:57,621] {processor.py:641} INFO - Processing file /home/airflow/dags/Lead_scoring_inference_pipeline/utils.py for tasks to queue
[2024-12-04 12:22:57,622] {logging_mixin.py:115} INFO - [2024-12-04 12:22:57,621] {dagbag.py:508} INFO - Filling up the DagBag from /home/airflow/dags/Lead_scoring_inference_pipeline/utils.py
[2024-12-04 12:22:58,319] {logging_mixin.py:115} INFO - [2024-12-04 12:22:58,319] {utils.py:145} INFO - Note: NumExpr detected 64 cores but "NUMEXPR_MAX_THREADS" not set, so enforcing safe limit of 8.
[2024-12-04 12:22:58,319] {logging_mixin.py:115} INFO - [2024-12-04 12:22:58,319] {utils.py:157} INFO - NumExpr defaulting to 8 threads.
[2024-12-04 12:22:58,482] {processor.py:653} WARNING - No viable dags retrieved from /home/airflow/dags/Lead_scoring_inference_pipeline/utils.py
[2024-12-04 12:22:58,490] {processor.py:161} INFO - Processing /home/airflow/dags/Lead_scoring_inference_pipeline/utils.py took 0.873 seconds
[2024-12-04 12:23:36,460] {processor.py:153} INFO - Started process (PID=10346) to work on /home/airflow/dags/Lead_scoring_inference_pipeline/utils.py
[2024-12-04 12:23:36,461] {processor.py:641} INFO - Processing file /home/airflow/dags/Lead_scoring_inference_pipeline/utils.py for tasks to queue
[2024-12-04 12:23:36,462] {logging_mixin.py:115} INFO - [2024-12-04 12:23:36,462] {dagbag.py:508} INFO - Filling up the DagBag from /home/airflow/dags/Lead_scoring_inference_pipeline/utils.py
[2024-12-04 12:23:37,177] {logging_mixin.py:115} INFO - [2024-12-04 12:23:37,177] {utils.py:145} INFO - Note: NumExpr detected 64 cores but "NUMEXPR_MAX_THREADS" not set, so enforcing safe limit of 8.
[2024-12-04 12:23:37,177] {logging_mixin.py:115} INFO - [2024-12-04 12:23:37,177] {utils.py:157} INFO - NumExpr defaulting to 8 threads.
[2024-12-04 12:23:37,338] {processor.py:653} WARNING - No viable dags retrieved from /home/airflow/dags/Lead_scoring_inference_pipeline/utils.py
[2024-12-04 12:23:37,346] {processor.py:161} INFO - Processing /home/airflow/dags/Lead_scoring_inference_pipeline/utils.py took 0.889 seconds
[2024-12-04 12:24:14,099] {processor.py:153} INFO - Started process (PID=10400) to work on /home/airflow/dags/Lead_scoring_inference_pipeline/utils.py
[2024-12-04 12:24:14,101] {processor.py:641} INFO - Processing file /home/airflow/dags/Lead_scoring_inference_pipeline/utils.py for tasks to queue
[2024-12-04 12:24:14,101] {logging_mixin.py:115} INFO - [2024-12-04 12:24:14,101] {dagbag.py:508} INFO - Filling up the DagBag from /home/airflow/dags/Lead_scoring_inference_pipeline/utils.py
[2024-12-04 12:24:14,813] {logging_mixin.py:115} INFO - [2024-12-04 12:24:14,813] {utils.py:145} INFO - Note: NumExpr detected 64 cores but "NUMEXPR_MAX_THREADS" not set, so enforcing safe limit of 8.
[2024-12-04 12:24:14,813] {logging_mixin.py:115} INFO - [2024-12-04 12:24:14,813] {utils.py:157} INFO - NumExpr defaulting to 8 threads.
[2024-12-04 12:24:14,977] {processor.py:653} WARNING - No viable dags retrieved from /home/airflow/dags/Lead_scoring_inference_pipeline/utils.py
[2024-12-04 12:24:14,985] {processor.py:161} INFO - Processing /home/airflow/dags/Lead_scoring_inference_pipeline/utils.py took 0.888 seconds
[2024-12-04 12:24:52,429] {processor.py:153} INFO - Started process (PID=10452) to work on /home/airflow/dags/Lead_scoring_inference_pipeline/utils.py
[2024-12-04 12:24:52,430] {processor.py:641} INFO - Processing file /home/airflow/dags/Lead_scoring_inference_pipeline/utils.py for tasks to queue
[2024-12-04 12:24:52,431] {logging_mixin.py:115} INFO - [2024-12-04 12:24:52,430] {dagbag.py:508} INFO - Filling up the DagBag from /home/airflow/dags/Lead_scoring_inference_pipeline/utils.py
[2024-12-04 12:24:53,146] {logging_mixin.py:115} INFO - [2024-12-04 12:24:53,146] {utils.py:145} INFO - Note: NumExpr detected 64 cores but "NUMEXPR_MAX_THREADS" not set, so enforcing safe limit of 8.
[2024-12-04 12:24:53,146] {logging_mixin.py:115} INFO - [2024-12-04 12:24:53,146] {utils.py:157} INFO - NumExpr defaulting to 8 threads.
[2024-12-04 12:24:53,309] {processor.py:653} WARNING - No viable dags retrieved from /home/airflow/dags/Lead_scoring_inference_pipeline/utils.py
[2024-12-04 12:24:53,317] {processor.py:161} INFO - Processing /home/airflow/dags/Lead_scoring_inference_pipeline/utils.py took 0.891 seconds
[2024-12-04 12:25:28,704] {processor.py:153} INFO - Started process (PID=10503) to work on /home/airflow/dags/Lead_scoring_inference_pipeline/utils.py
[2024-12-04 12:25:28,705] {processor.py:641} INFO - Processing file /home/airflow/dags/Lead_scoring_inference_pipeline/utils.py for tasks to queue
[2024-12-04 12:25:28,705] {logging_mixin.py:115} INFO - [2024-12-04 12:25:28,705] {dagbag.py:508} INFO - Filling up the DagBag from /home/airflow/dags/Lead_scoring_inference_pipeline/utils.py
[2024-12-04 12:25:29,434] {logging_mixin.py:115} INFO - [2024-12-04 12:25:29,434] {utils.py:145} INFO - Note: NumExpr detected 64 cores but "NUMEXPR_MAX_THREADS" not set, so enforcing safe limit of 8.
[2024-12-04 12:25:29,434] {logging_mixin.py:115} INFO - [2024-12-04 12:25:29,434] {utils.py:157} INFO - NumExpr defaulting to 8 threads.
[2024-12-04 12:25:29,601] {processor.py:653} WARNING - No viable dags retrieved from /home/airflow/dags/Lead_scoring_inference_pipeline/utils.py
[2024-12-04 12:25:29,609] {processor.py:161} INFO - Processing /home/airflow/dags/Lead_scoring_inference_pipeline/utils.py took 0.908 seconds
