[2024-12-04 11:23:19,076] {processor.py:153} INFO - Started process (PID=3965) to work on /home/airflow/dags/Lead_scoring_training_pipeline/constants.py
[2024-12-04 11:23:19,077] {processor.py:641} INFO - Processing file /home/airflow/dags/Lead_scoring_training_pipeline/constants.py for tasks to queue
[2024-12-04 11:23:19,077] {logging_mixin.py:115} INFO - [2024-12-04 11:23:19,077] {dagbag.py:508} INFO - Filling up the DagBag from /home/airflow/dags/Lead_scoring_training_pipeline/constants.py
[2024-12-04 11:23:19,079] {processor.py:653} WARNING - No viable dags retrieved from /home/airflow/dags/Lead_scoring_training_pipeline/constants.py
[2024-12-04 11:23:19,088] {processor.py:161} INFO - Processing /home/airflow/dags/Lead_scoring_training_pipeline/constants.py took 0.015 seconds
[2024-12-04 11:24:00,336] {processor.py:153} INFO - Started process (PID=4027) to work on /home/airflow/dags/Lead_scoring_training_pipeline/constants.py
[2024-12-04 11:24:00,338] {processor.py:641} INFO - Processing file /home/airflow/dags/Lead_scoring_training_pipeline/constants.py for tasks to queue
[2024-12-04 11:24:00,338] {logging_mixin.py:115} INFO - [2024-12-04 11:24:00,338] {dagbag.py:508} INFO - Filling up the DagBag from /home/airflow/dags/Lead_scoring_training_pipeline/constants.py
[2024-12-04 11:24:00,339] {processor.py:653} WARNING - No viable dags retrieved from /home/airflow/dags/Lead_scoring_training_pipeline/constants.py
[2024-12-04 11:24:00,350] {processor.py:161} INFO - Processing /home/airflow/dags/Lead_scoring_training_pipeline/constants.py took 0.017 seconds
[2024-12-04 11:24:35,526] {processor.py:153} INFO - Started process (PID=4249) to work on /home/airflow/dags/Lead_scoring_training_pipeline/constants.py
[2024-12-04 11:24:35,527] {processor.py:641} INFO - Processing file /home/airflow/dags/Lead_scoring_training_pipeline/constants.py for tasks to queue
[2024-12-04 11:24:35,528] {logging_mixin.py:115} INFO - [2024-12-04 11:24:35,528] {dagbag.py:508} INFO - Filling up the DagBag from /home/airflow/dags/Lead_scoring_training_pipeline/constants.py
[2024-12-04 11:24:35,529] {processor.py:653} WARNING - No viable dags retrieved from /home/airflow/dags/Lead_scoring_training_pipeline/constants.py
[2024-12-04 11:24:35,540] {processor.py:161} INFO - Processing /home/airflow/dags/Lead_scoring_training_pipeline/constants.py took 0.018 seconds
[2024-12-04 11:25:13,869] {processor.py:153} INFO - Started process (PID=4310) to work on /home/airflow/dags/Lead_scoring_training_pipeline/constants.py
[2024-12-04 11:25:13,870] {processor.py:641} INFO - Processing file /home/airflow/dags/Lead_scoring_training_pipeline/constants.py for tasks to queue
[2024-12-04 11:25:13,871] {logging_mixin.py:115} INFO - [2024-12-04 11:25:13,871] {dagbag.py:508} INFO - Filling up the DagBag from /home/airflow/dags/Lead_scoring_training_pipeline/constants.py
[2024-12-04 11:25:13,872] {processor.py:653} WARNING - No viable dags retrieved from /home/airflow/dags/Lead_scoring_training_pipeline/constants.py
[2024-12-04 11:25:13,884] {processor.py:161} INFO - Processing /home/airflow/dags/Lead_scoring_training_pipeline/constants.py took 0.018 seconds
[2024-12-04 11:25:53,172] {processor.py:153} INFO - Started process (PID=4554) to work on /home/airflow/dags/Lead_scoring_training_pipeline/constants.py
[2024-12-04 11:25:53,174] {processor.py:641} INFO - Processing file /home/airflow/dags/Lead_scoring_training_pipeline/constants.py for tasks to queue
[2024-12-04 11:25:53,174] {logging_mixin.py:115} INFO - [2024-12-04 11:25:53,174] {dagbag.py:508} INFO - Filling up the DagBag from /home/airflow/dags/Lead_scoring_training_pipeline/constants.py
[2024-12-04 11:25:53,176] {processor.py:653} WARNING - No viable dags retrieved from /home/airflow/dags/Lead_scoring_training_pipeline/constants.py
[2024-12-04 11:25:53,186] {processor.py:161} INFO - Processing /home/airflow/dags/Lead_scoring_training_pipeline/constants.py took 0.017 seconds
[2024-12-04 11:26:32,682] {processor.py:153} INFO - Started process (PID=4625) to work on /home/airflow/dags/Lead_scoring_training_pipeline/constants.py
[2024-12-04 11:26:32,683] {processor.py:641} INFO - Processing file /home/airflow/dags/Lead_scoring_training_pipeline/constants.py for tasks to queue
[2024-12-04 11:26:32,684] {logging_mixin.py:115} INFO - [2024-12-04 11:26:32,684] {dagbag.py:508} INFO - Filling up the DagBag from /home/airflow/dags/Lead_scoring_training_pipeline/constants.py
[2024-12-04 11:26:32,685] {processor.py:653} WARNING - No viable dags retrieved from /home/airflow/dags/Lead_scoring_training_pipeline/constants.py
[2024-12-04 11:26:32,697] {processor.py:161} INFO - Processing /home/airflow/dags/Lead_scoring_training_pipeline/constants.py took 0.019 seconds
[2024-12-04 11:27:05,092] {processor.py:153} INFO - Started process (PID=4685) to work on /home/airflow/dags/Lead_scoring_training_pipeline/constants.py
[2024-12-04 11:27:05,093] {processor.py:641} INFO - Processing file /home/airflow/dags/Lead_scoring_training_pipeline/constants.py for tasks to queue
[2024-12-04 11:27:05,093] {logging_mixin.py:115} INFO - [2024-12-04 11:27:05,093] {dagbag.py:508} INFO - Filling up the DagBag from /home/airflow/dags/Lead_scoring_training_pipeline/constants.py
[2024-12-04 11:27:05,095] {processor.py:653} WARNING - No viable dags retrieved from /home/airflow/dags/Lead_scoring_training_pipeline/constants.py
[2024-12-04 11:27:05,105] {processor.py:161} INFO - Processing /home/airflow/dags/Lead_scoring_training_pipeline/constants.py took 0.015 seconds
[2024-12-04 11:27:40,500] {processor.py:153} INFO - Started process (PID=4778) to work on /home/airflow/dags/Lead_scoring_training_pipeline/constants.py
[2024-12-04 11:27:40,502] {processor.py:641} INFO - Processing file /home/airflow/dags/Lead_scoring_training_pipeline/constants.py for tasks to queue
[2024-12-04 11:27:40,502] {logging_mixin.py:115} INFO - [2024-12-04 11:27:40,502] {dagbag.py:508} INFO - Filling up the DagBag from /home/airflow/dags/Lead_scoring_training_pipeline/constants.py
[2024-12-04 11:27:40,504] {processor.py:653} WARNING - No viable dags retrieved from /home/airflow/dags/Lead_scoring_training_pipeline/constants.py
[2024-12-04 11:27:40,515] {processor.py:161} INFO - Processing /home/airflow/dags/Lead_scoring_training_pipeline/constants.py took 0.018 seconds
[2024-12-04 11:28:16,838] {processor.py:153} INFO - Started process (PID=4835) to work on /home/airflow/dags/Lead_scoring_training_pipeline/constants.py
[2024-12-04 11:28:16,839] {processor.py:641} INFO - Processing file /home/airflow/dags/Lead_scoring_training_pipeline/constants.py for tasks to queue
[2024-12-04 11:28:16,840] {logging_mixin.py:115} INFO - [2024-12-04 11:28:16,840] {dagbag.py:508} INFO - Filling up the DagBag from /home/airflow/dags/Lead_scoring_training_pipeline/constants.py
[2024-12-04 11:28:16,842] {processor.py:653} WARNING - No viable dags retrieved from /home/airflow/dags/Lead_scoring_training_pipeline/constants.py
[2024-12-04 11:28:16,851] {processor.py:161} INFO - Processing /home/airflow/dags/Lead_scoring_training_pipeline/constants.py took 0.017 seconds
[2024-12-04 11:28:50,017] {processor.py:153} INFO - Started process (PID=4890) to work on /home/airflow/dags/Lead_scoring_training_pipeline/constants.py
[2024-12-04 11:28:50,018] {processor.py:641} INFO - Processing file /home/airflow/dags/Lead_scoring_training_pipeline/constants.py for tasks to queue
[2024-12-04 11:28:50,018] {logging_mixin.py:115} INFO - [2024-12-04 11:28:50,018] {dagbag.py:508} INFO - Filling up the DagBag from /home/airflow/dags/Lead_scoring_training_pipeline/constants.py
[2024-12-04 11:28:50,020] {processor.py:653} WARNING - No viable dags retrieved from /home/airflow/dags/Lead_scoring_training_pipeline/constants.py
[2024-12-04 11:28:50,031] {processor.py:161} INFO - Processing /home/airflow/dags/Lead_scoring_training_pipeline/constants.py took 0.017 seconds
[2024-12-04 11:29:24,099] {processor.py:153} INFO - Started process (PID=4944) to work on /home/airflow/dags/Lead_scoring_training_pipeline/constants.py
[2024-12-04 11:29:24,099] {processor.py:641} INFO - Processing file /home/airflow/dags/Lead_scoring_training_pipeline/constants.py for tasks to queue
[2024-12-04 11:29:24,100] {logging_mixin.py:115} INFO - [2024-12-04 11:29:24,100] {dagbag.py:508} INFO - Filling up the DagBag from /home/airflow/dags/Lead_scoring_training_pipeline/constants.py
[2024-12-04 11:29:24,101] {processor.py:653} WARNING - No viable dags retrieved from /home/airflow/dags/Lead_scoring_training_pipeline/constants.py
[2024-12-04 11:29:24,110] {processor.py:161} INFO - Processing /home/airflow/dags/Lead_scoring_training_pipeline/constants.py took 0.015 seconds
[2024-12-04 11:29:58,005] {processor.py:153} INFO - Started process (PID=5000) to work on /home/airflow/dags/Lead_scoring_training_pipeline/constants.py
[2024-12-04 11:29:58,006] {processor.py:641} INFO - Processing file /home/airflow/dags/Lead_scoring_training_pipeline/constants.py for tasks to queue
[2024-12-04 11:29:58,007] {logging_mixin.py:115} INFO - [2024-12-04 11:29:58,006] {dagbag.py:508} INFO - Filling up the DagBag from /home/airflow/dags/Lead_scoring_training_pipeline/constants.py
[2024-12-04 11:29:58,008] {processor.py:653} WARNING - No viable dags retrieved from /home/airflow/dags/Lead_scoring_training_pipeline/constants.py
[2024-12-04 11:29:58,019] {processor.py:161} INFO - Processing /home/airflow/dags/Lead_scoring_training_pipeline/constants.py took 0.018 seconds
[2024-12-04 11:30:30,937] {processor.py:153} INFO - Started process (PID=5062) to work on /home/airflow/dags/Lead_scoring_training_pipeline/constants.py
[2024-12-04 11:30:30,938] {processor.py:641} INFO - Processing file /home/airflow/dags/Lead_scoring_training_pipeline/constants.py for tasks to queue
[2024-12-04 11:30:30,938] {logging_mixin.py:115} INFO - [2024-12-04 11:30:30,938] {dagbag.py:508} INFO - Filling up the DagBag from /home/airflow/dags/Lead_scoring_training_pipeline/constants.py
[2024-12-04 11:30:30,940] {processor.py:653} WARNING - No viable dags retrieved from /home/airflow/dags/Lead_scoring_training_pipeline/constants.py
[2024-12-04 11:30:30,951] {processor.py:161} INFO - Processing /home/airflow/dags/Lead_scoring_training_pipeline/constants.py took 0.017 seconds
[2024-12-04 11:31:05,508] {processor.py:153} INFO - Started process (PID=5130) to work on /home/airflow/dags/Lead_scoring_training_pipeline/constants.py
[2024-12-04 11:31:05,509] {processor.py:641} INFO - Processing file /home/airflow/dags/Lead_scoring_training_pipeline/constants.py for tasks to queue
[2024-12-04 11:31:05,509] {logging_mixin.py:115} INFO - [2024-12-04 11:31:05,509] {dagbag.py:508} INFO - Filling up the DagBag from /home/airflow/dags/Lead_scoring_training_pipeline/constants.py
[2024-12-04 11:31:05,511] {processor.py:653} WARNING - No viable dags retrieved from /home/airflow/dags/Lead_scoring_training_pipeline/constants.py
[2024-12-04 11:31:05,522] {processor.py:161} INFO - Processing /home/airflow/dags/Lead_scoring_training_pipeline/constants.py took 0.017 seconds
[2024-12-04 11:31:41,523] {processor.py:153} INFO - Started process (PID=5223) to work on /home/airflow/dags/Lead_scoring_training_pipeline/constants.py
[2024-12-04 11:31:41,525] {processor.py:641} INFO - Processing file /home/airflow/dags/Lead_scoring_training_pipeline/constants.py for tasks to queue
[2024-12-04 11:31:41,525] {logging_mixin.py:115} INFO - [2024-12-04 11:31:41,525] {dagbag.py:508} INFO - Filling up the DagBag from /home/airflow/dags/Lead_scoring_training_pipeline/constants.py
[2024-12-04 11:31:41,526] {processor.py:653} WARNING - No viable dags retrieved from /home/airflow/dags/Lead_scoring_training_pipeline/constants.py
[2024-12-04 11:31:41,536] {processor.py:161} INFO - Processing /home/airflow/dags/Lead_scoring_training_pipeline/constants.py took 0.016 seconds
[2024-12-04 11:32:14,384] {processor.py:153} INFO - Started process (PID=5451) to work on /home/airflow/dags/Lead_scoring_training_pipeline/constants.py
[2024-12-04 11:32:14,386] {processor.py:641} INFO - Processing file /home/airflow/dags/Lead_scoring_training_pipeline/constants.py for tasks to queue
[2024-12-04 11:32:14,386] {logging_mixin.py:115} INFO - [2024-12-04 11:32:14,386] {dagbag.py:508} INFO - Filling up the DagBag from /home/airflow/dags/Lead_scoring_training_pipeline/constants.py
[2024-12-04 11:32:14,388] {processor.py:653} WARNING - No viable dags retrieved from /home/airflow/dags/Lead_scoring_training_pipeline/constants.py
[2024-12-04 11:32:14,399] {processor.py:161} INFO - Processing /home/airflow/dags/Lead_scoring_training_pipeline/constants.py took 0.018 seconds
[2024-12-04 11:32:55,640] {processor.py:153} INFO - Started process (PID=5551) to work on /home/airflow/dags/Lead_scoring_training_pipeline/constants.py
[2024-12-04 11:32:55,642] {processor.py:641} INFO - Processing file /home/airflow/dags/Lead_scoring_training_pipeline/constants.py for tasks to queue
[2024-12-04 11:32:55,642] {logging_mixin.py:115} INFO - [2024-12-04 11:32:55,642] {dagbag.py:508} INFO - Filling up the DagBag from /home/airflow/dags/Lead_scoring_training_pipeline/constants.py
[2024-12-04 11:32:55,643] {processor.py:653} WARNING - No viable dags retrieved from /home/airflow/dags/Lead_scoring_training_pipeline/constants.py
[2024-12-04 11:32:55,653] {processor.py:161} INFO - Processing /home/airflow/dags/Lead_scoring_training_pipeline/constants.py took 0.016 seconds
[2024-12-04 11:33:28,492] {processor.py:153} INFO - Started process (PID=5606) to work on /home/airflow/dags/Lead_scoring_training_pipeline/constants.py
[2024-12-04 11:33:28,492] {processor.py:641} INFO - Processing file /home/airflow/dags/Lead_scoring_training_pipeline/constants.py for tasks to queue
[2024-12-04 11:33:28,493] {logging_mixin.py:115} INFO - [2024-12-04 11:33:28,493] {dagbag.py:508} INFO - Filling up the DagBag from /home/airflow/dags/Lead_scoring_training_pipeline/constants.py
[2024-12-04 11:33:28,494] {processor.py:653} WARNING - No viable dags retrieved from /home/airflow/dags/Lead_scoring_training_pipeline/constants.py
[2024-12-04 11:33:28,505] {processor.py:161} INFO - Processing /home/airflow/dags/Lead_scoring_training_pipeline/constants.py took 0.017 seconds
[2024-12-04 11:34:01,894] {processor.py:153} INFO - Started process (PID=5660) to work on /home/airflow/dags/Lead_scoring_training_pipeline/constants.py
[2024-12-04 11:34:01,895] {processor.py:641} INFO - Processing file /home/airflow/dags/Lead_scoring_training_pipeline/constants.py for tasks to queue
[2024-12-04 11:34:01,896] {logging_mixin.py:115} INFO - [2024-12-04 11:34:01,896] {dagbag.py:508} INFO - Filling up the DagBag from /home/airflow/dags/Lead_scoring_training_pipeline/constants.py
[2024-12-04 11:34:01,897] {processor.py:653} WARNING - No viable dags retrieved from /home/airflow/dags/Lead_scoring_training_pipeline/constants.py
[2024-12-04 11:34:01,909] {processor.py:161} INFO - Processing /home/airflow/dags/Lead_scoring_training_pipeline/constants.py took 0.019 seconds
[2024-12-04 11:34:37,417] {processor.py:153} INFO - Started process (PID=5716) to work on /home/airflow/dags/Lead_scoring_training_pipeline/constants.py
[2024-12-04 11:34:37,419] {processor.py:641} INFO - Processing file /home/airflow/dags/Lead_scoring_training_pipeline/constants.py for tasks to queue
[2024-12-04 11:34:37,419] {logging_mixin.py:115} INFO - [2024-12-04 11:34:37,419] {dagbag.py:508} INFO - Filling up the DagBag from /home/airflow/dags/Lead_scoring_training_pipeline/constants.py
[2024-12-04 11:34:37,421] {processor.py:653} WARNING - No viable dags retrieved from /home/airflow/dags/Lead_scoring_training_pipeline/constants.py
[2024-12-04 11:34:37,432] {processor.py:161} INFO - Processing /home/airflow/dags/Lead_scoring_training_pipeline/constants.py took 0.018 seconds
[2024-12-04 11:35:13,480] {processor.py:153} INFO - Started process (PID=5773) to work on /home/airflow/dags/Lead_scoring_training_pipeline/constants.py
[2024-12-04 11:35:13,482] {processor.py:641} INFO - Processing file /home/airflow/dags/Lead_scoring_training_pipeline/constants.py for tasks to queue
[2024-12-04 11:35:13,482] {logging_mixin.py:115} INFO - [2024-12-04 11:35:13,482] {dagbag.py:508} INFO - Filling up the DagBag from /home/airflow/dags/Lead_scoring_training_pipeline/constants.py
[2024-12-04 11:35:13,484] {processor.py:653} WARNING - No viable dags retrieved from /home/airflow/dags/Lead_scoring_training_pipeline/constants.py
[2024-12-04 11:35:13,495] {processor.py:161} INFO - Processing /home/airflow/dags/Lead_scoring_training_pipeline/constants.py took 0.018 seconds
[2024-12-04 11:35:49,777] {processor.py:153} INFO - Started process (PID=5829) to work on /home/airflow/dags/Lead_scoring_training_pipeline/constants.py
[2024-12-04 11:35:49,778] {processor.py:641} INFO - Processing file /home/airflow/dags/Lead_scoring_training_pipeline/constants.py for tasks to queue
[2024-12-04 11:35:49,779] {logging_mixin.py:115} INFO - [2024-12-04 11:35:49,778] {dagbag.py:508} INFO - Filling up the DagBag from /home/airflow/dags/Lead_scoring_training_pipeline/constants.py
[2024-12-04 11:35:49,780] {processor.py:653} WARNING - No viable dags retrieved from /home/airflow/dags/Lead_scoring_training_pipeline/constants.py
[2024-12-04 11:35:49,791] {processor.py:161} INFO - Processing /home/airflow/dags/Lead_scoring_training_pipeline/constants.py took 0.018 seconds
[2024-12-04 11:36:25,129] {processor.py:153} INFO - Started process (PID=5885) to work on /home/airflow/dags/Lead_scoring_training_pipeline/constants.py
[2024-12-04 11:36:25,130] {processor.py:641} INFO - Processing file /home/airflow/dags/Lead_scoring_training_pipeline/constants.py for tasks to queue
[2024-12-04 11:36:25,131] {logging_mixin.py:115} INFO - [2024-12-04 11:36:25,131] {dagbag.py:508} INFO - Filling up the DagBag from /home/airflow/dags/Lead_scoring_training_pipeline/constants.py
[2024-12-04 11:36:25,132] {processor.py:653} WARNING - No viable dags retrieved from /home/airflow/dags/Lead_scoring_training_pipeline/constants.py
[2024-12-04 11:36:25,143] {processor.py:161} INFO - Processing /home/airflow/dags/Lead_scoring_training_pipeline/constants.py took 0.018 seconds
[2024-12-04 11:37:02,247] {processor.py:153} INFO - Started process (PID=5942) to work on /home/airflow/dags/Lead_scoring_training_pipeline/constants.py
[2024-12-04 11:37:02,249] {processor.py:641} INFO - Processing file /home/airflow/dags/Lead_scoring_training_pipeline/constants.py for tasks to queue
[2024-12-04 11:37:02,249] {logging_mixin.py:115} INFO - [2024-12-04 11:37:02,249] {dagbag.py:508} INFO - Filling up the DagBag from /home/airflow/dags/Lead_scoring_training_pipeline/constants.py
[2024-12-04 11:37:02,251] {processor.py:653} WARNING - No viable dags retrieved from /home/airflow/dags/Lead_scoring_training_pipeline/constants.py
[2024-12-04 11:37:02,261] {processor.py:161} INFO - Processing /home/airflow/dags/Lead_scoring_training_pipeline/constants.py took 0.017 seconds
[2024-12-04 11:37:44,929] {processor.py:153} INFO - Started process (PID=6003) to work on /home/airflow/dags/Lead_scoring_training_pipeline/constants.py
[2024-12-04 11:37:44,931] {processor.py:641} INFO - Processing file /home/airflow/dags/Lead_scoring_training_pipeline/constants.py for tasks to queue
[2024-12-04 11:37:44,931] {logging_mixin.py:115} INFO - [2024-12-04 11:37:44,931] {dagbag.py:508} INFO - Filling up the DagBag from /home/airflow/dags/Lead_scoring_training_pipeline/constants.py
[2024-12-04 11:37:44,933] {processor.py:653} WARNING - No viable dags retrieved from /home/airflow/dags/Lead_scoring_training_pipeline/constants.py
[2024-12-04 11:37:44,944] {processor.py:161} INFO - Processing /home/airflow/dags/Lead_scoring_training_pipeline/constants.py took 0.018 seconds
[2024-12-04 11:38:27,604] {processor.py:153} INFO - Started process (PID=6074) to work on /home/airflow/dags/Lead_scoring_training_pipeline/constants.py
[2024-12-04 11:38:27,606] {processor.py:641} INFO - Processing file /home/airflow/dags/Lead_scoring_training_pipeline/constants.py for tasks to queue
[2024-12-04 11:38:27,606] {logging_mixin.py:115} INFO - [2024-12-04 11:38:27,606] {dagbag.py:508} INFO - Filling up the DagBag from /home/airflow/dags/Lead_scoring_training_pipeline/constants.py
[2024-12-04 11:38:27,608] {processor.py:653} WARNING - No viable dags retrieved from /home/airflow/dags/Lead_scoring_training_pipeline/constants.py
[2024-12-04 11:38:27,618] {processor.py:161} INFO - Processing /home/airflow/dags/Lead_scoring_training_pipeline/constants.py took 0.018 seconds
[2024-12-04 11:39:03,806] {processor.py:153} INFO - Started process (PID=6139) to work on /home/airflow/dags/Lead_scoring_training_pipeline/constants.py
[2024-12-04 11:39:03,807] {processor.py:641} INFO - Processing file /home/airflow/dags/Lead_scoring_training_pipeline/constants.py for tasks to queue
[2024-12-04 11:39:03,807] {logging_mixin.py:115} INFO - [2024-12-04 11:39:03,807] {dagbag.py:508} INFO - Filling up the DagBag from /home/airflow/dags/Lead_scoring_training_pipeline/constants.py
[2024-12-04 11:39:03,809] {processor.py:653} WARNING - No viable dags retrieved from /home/airflow/dags/Lead_scoring_training_pipeline/constants.py
[2024-12-04 11:39:03,820] {processor.py:161} INFO - Processing /home/airflow/dags/Lead_scoring_training_pipeline/constants.py took 0.018 seconds
[2024-12-04 11:39:41,638] {processor.py:153} INFO - Started process (PID=6206) to work on /home/airflow/dags/Lead_scoring_training_pipeline/constants.py
[2024-12-04 11:39:41,639] {processor.py:641} INFO - Processing file /home/airflow/dags/Lead_scoring_training_pipeline/constants.py for tasks to queue
[2024-12-04 11:39:41,640] {logging_mixin.py:115} INFO - [2024-12-04 11:39:41,640] {dagbag.py:508} INFO - Filling up the DagBag from /home/airflow/dags/Lead_scoring_training_pipeline/constants.py
[2024-12-04 11:39:41,642] {processor.py:653} WARNING - No viable dags retrieved from /home/airflow/dags/Lead_scoring_training_pipeline/constants.py
[2024-12-04 11:39:41,653] {processor.py:161} INFO - Processing /home/airflow/dags/Lead_scoring_training_pipeline/constants.py took 0.019 seconds
[2024-12-04 11:40:19,739] {processor.py:153} INFO - Started process (PID=6272) to work on /home/airflow/dags/Lead_scoring_training_pipeline/constants.py
[2024-12-04 11:40:19,741] {processor.py:641} INFO - Processing file /home/airflow/dags/Lead_scoring_training_pipeline/constants.py for tasks to queue
[2024-12-04 11:40:19,741] {logging_mixin.py:115} INFO - [2024-12-04 11:40:19,741] {dagbag.py:508} INFO - Filling up the DagBag from /home/airflow/dags/Lead_scoring_training_pipeline/constants.py
[2024-12-04 11:40:19,742] {processor.py:653} WARNING - No viable dags retrieved from /home/airflow/dags/Lead_scoring_training_pipeline/constants.py
[2024-12-04 11:40:19,752] {processor.py:161} INFO - Processing /home/airflow/dags/Lead_scoring_training_pipeline/constants.py took 0.015 seconds
[2024-12-04 11:41:00,162] {processor.py:153} INFO - Started process (PID=6343) to work on /home/airflow/dags/Lead_scoring_training_pipeline/constants.py
[2024-12-04 11:41:00,163] {processor.py:641} INFO - Processing file /home/airflow/dags/Lead_scoring_training_pipeline/constants.py for tasks to queue
[2024-12-04 11:41:00,163] {logging_mixin.py:115} INFO - [2024-12-04 11:41:00,163] {dagbag.py:508} INFO - Filling up the DagBag from /home/airflow/dags/Lead_scoring_training_pipeline/constants.py
[2024-12-04 11:41:00,165] {processor.py:653} WARNING - No viable dags retrieved from /home/airflow/dags/Lead_scoring_training_pipeline/constants.py
[2024-12-04 11:41:00,176] {processor.py:161} INFO - Processing /home/airflow/dags/Lead_scoring_training_pipeline/constants.py took 0.018 seconds
[2024-12-04 11:41:41,168] {processor.py:153} INFO - Started process (PID=6427) to work on /home/airflow/dags/Lead_scoring_training_pipeline/constants.py
[2024-12-04 11:41:41,169] {processor.py:641} INFO - Processing file /home/airflow/dags/Lead_scoring_training_pipeline/constants.py for tasks to queue
[2024-12-04 11:41:41,170] {logging_mixin.py:115} INFO - [2024-12-04 11:41:41,170] {dagbag.py:508} INFO - Filling up the DagBag from /home/airflow/dags/Lead_scoring_training_pipeline/constants.py
[2024-12-04 11:41:41,171] {processor.py:653} WARNING - No viable dags retrieved from /home/airflow/dags/Lead_scoring_training_pipeline/constants.py
[2024-12-04 11:41:41,181] {processor.py:161} INFO - Processing /home/airflow/dags/Lead_scoring_training_pipeline/constants.py took 0.016 seconds
[2024-12-04 11:42:26,577] {processor.py:153} INFO - Started process (PID=6492) to work on /home/airflow/dags/Lead_scoring_training_pipeline/constants.py
[2024-12-04 11:42:26,579] {processor.py:641} INFO - Processing file /home/airflow/dags/Lead_scoring_training_pipeline/constants.py for tasks to queue
[2024-12-04 11:42:26,579] {logging_mixin.py:115} INFO - [2024-12-04 11:42:26,579] {dagbag.py:508} INFO - Filling up the DagBag from /home/airflow/dags/Lead_scoring_training_pipeline/constants.py
[2024-12-04 11:42:26,581] {processor.py:653} WARNING - No viable dags retrieved from /home/airflow/dags/Lead_scoring_training_pipeline/constants.py
[2024-12-04 11:42:26,592] {processor.py:161} INFO - Processing /home/airflow/dags/Lead_scoring_training_pipeline/constants.py took 0.018 seconds
[2024-12-04 11:43:02,689] {processor.py:153} INFO - Started process (PID=6542) to work on /home/airflow/dags/Lead_scoring_training_pipeline/constants.py
[2024-12-04 11:43:02,690] {processor.py:641} INFO - Processing file /home/airflow/dags/Lead_scoring_training_pipeline/constants.py for tasks to queue
[2024-12-04 11:43:02,691] {logging_mixin.py:115} INFO - [2024-12-04 11:43:02,691] {dagbag.py:508} INFO - Filling up the DagBag from /home/airflow/dags/Lead_scoring_training_pipeline/constants.py
[2024-12-04 11:43:02,692] {processor.py:653} WARNING - No viable dags retrieved from /home/airflow/dags/Lead_scoring_training_pipeline/constants.py
[2024-12-04 11:43:02,704] {processor.py:161} INFO - Processing /home/airflow/dags/Lead_scoring_training_pipeline/constants.py took 0.018 seconds
[2024-12-04 11:43:43,859] {processor.py:153} INFO - Started process (PID=6598) to work on /home/airflow/dags/Lead_scoring_training_pipeline/constants.py
[2024-12-04 11:43:43,861] {processor.py:641} INFO - Processing file /home/airflow/dags/Lead_scoring_training_pipeline/constants.py for tasks to queue
[2024-12-04 11:43:43,861] {logging_mixin.py:115} INFO - [2024-12-04 11:43:43,861] {dagbag.py:508} INFO - Filling up the DagBag from /home/airflow/dags/Lead_scoring_training_pipeline/constants.py
[2024-12-04 11:43:43,863] {processor.py:653} WARNING - No viable dags retrieved from /home/airflow/dags/Lead_scoring_training_pipeline/constants.py
[2024-12-04 11:43:43,874] {processor.py:161} INFO - Processing /home/airflow/dags/Lead_scoring_training_pipeline/constants.py took 0.018 seconds
[2024-12-04 11:44:22,964] {processor.py:153} INFO - Started process (PID=6650) to work on /home/airflow/dags/Lead_scoring_training_pipeline/constants.py
[2024-12-04 11:44:22,965] {processor.py:641} INFO - Processing file /home/airflow/dags/Lead_scoring_training_pipeline/constants.py for tasks to queue
[2024-12-04 11:44:22,966] {logging_mixin.py:115} INFO - [2024-12-04 11:44:22,966] {dagbag.py:508} INFO - Filling up the DagBag from /home/airflow/dags/Lead_scoring_training_pipeline/constants.py
[2024-12-04 11:44:22,967] {processor.py:653} WARNING - No viable dags retrieved from /home/airflow/dags/Lead_scoring_training_pipeline/constants.py
[2024-12-04 11:44:22,977] {processor.py:161} INFO - Processing /home/airflow/dags/Lead_scoring_training_pipeline/constants.py took 0.016 seconds
[2024-12-04 11:44:56,008] {processor.py:153} INFO - Started process (PID=6699) to work on /home/airflow/dags/Lead_scoring_training_pipeline/constants.py
[2024-12-04 11:44:56,009] {processor.py:641} INFO - Processing file /home/airflow/dags/Lead_scoring_training_pipeline/constants.py for tasks to queue
[2024-12-04 11:44:56,009] {logging_mixin.py:115} INFO - [2024-12-04 11:44:56,009] {dagbag.py:508} INFO - Filling up the DagBag from /home/airflow/dags/Lead_scoring_training_pipeline/constants.py
[2024-12-04 11:44:56,010] {processor.py:653} WARNING - No viable dags retrieved from /home/airflow/dags/Lead_scoring_training_pipeline/constants.py
[2024-12-04 11:44:56,021] {processor.py:161} INFO - Processing /home/airflow/dags/Lead_scoring_training_pipeline/constants.py took 0.016 seconds
[2024-12-04 11:45:30,035] {processor.py:153} INFO - Started process (PID=6748) to work on /home/airflow/dags/Lead_scoring_training_pipeline/constants.py
[2024-12-04 11:45:30,037] {processor.py:641} INFO - Processing file /home/airflow/dags/Lead_scoring_training_pipeline/constants.py for tasks to queue
[2024-12-04 11:45:30,037] {logging_mixin.py:115} INFO - [2024-12-04 11:45:30,037] {dagbag.py:508} INFO - Filling up the DagBag from /home/airflow/dags/Lead_scoring_training_pipeline/constants.py
[2024-12-04 11:45:30,039] {processor.py:653} WARNING - No viable dags retrieved from /home/airflow/dags/Lead_scoring_training_pipeline/constants.py
[2024-12-04 11:45:30,049] {processor.py:161} INFO - Processing /home/airflow/dags/Lead_scoring_training_pipeline/constants.py took 0.017 seconds
[2024-12-04 11:46:03,773] {processor.py:153} INFO - Started process (PID=6783) to work on /home/airflow/dags/Lead_scoring_training_pipeline/constants.py
[2024-12-04 11:46:03,774] {processor.py:641} INFO - Processing file /home/airflow/dags/Lead_scoring_training_pipeline/constants.py for tasks to queue
[2024-12-04 11:46:03,775] {logging_mixin.py:115} INFO - [2024-12-04 11:46:03,775] {dagbag.py:508} INFO - Filling up the DagBag from /home/airflow/dags/Lead_scoring_training_pipeline/constants.py
[2024-12-04 11:46:03,776] {processor.py:653} WARNING - No viable dags retrieved from /home/airflow/dags/Lead_scoring_training_pipeline/constants.py
[2024-12-04 11:46:03,787] {processor.py:161} INFO - Processing /home/airflow/dags/Lead_scoring_training_pipeline/constants.py took 0.018 seconds
[2024-12-04 11:46:39,636] {processor.py:153} INFO - Started process (PID=6834) to work on /home/airflow/dags/Lead_scoring_training_pipeline/constants.py
[2024-12-04 11:46:39,637] {processor.py:641} INFO - Processing file /home/airflow/dags/Lead_scoring_training_pipeline/constants.py for tasks to queue
[2024-12-04 11:46:39,638] {logging_mixin.py:115} INFO - [2024-12-04 11:46:39,638] {dagbag.py:508} INFO - Filling up the DagBag from /home/airflow/dags/Lead_scoring_training_pipeline/constants.py
[2024-12-04 11:46:39,639] {processor.py:653} WARNING - No viable dags retrieved from /home/airflow/dags/Lead_scoring_training_pipeline/constants.py
[2024-12-04 11:46:39,650] {processor.py:161} INFO - Processing /home/airflow/dags/Lead_scoring_training_pipeline/constants.py took 0.017 seconds
[2024-12-04 11:47:06,788] {processor.py:153} INFO - Started process (PID=6875) to work on /home/airflow/dags/Lead_scoring_training_pipeline/constants.py
[2024-12-04 11:47:06,789] {processor.py:641} INFO - Processing file /home/airflow/dags/Lead_scoring_training_pipeline/constants.py for tasks to queue
[2024-12-04 11:47:06,789] {logging_mixin.py:115} INFO - [2024-12-04 11:47:06,789] {dagbag.py:508} INFO - Filling up the DagBag from /home/airflow/dags/Lead_scoring_training_pipeline/constants.py
[2024-12-04 11:47:06,791] {processor.py:653} WARNING - No viable dags retrieved from /home/airflow/dags/Lead_scoring_training_pipeline/constants.py
[2024-12-04 11:47:06,802] {processor.py:161} INFO - Processing /home/airflow/dags/Lead_scoring_training_pipeline/constants.py took 0.016 seconds
[2024-12-04 11:47:45,066] {processor.py:153} INFO - Started process (PID=6927) to work on /home/airflow/dags/Lead_scoring_training_pipeline/constants.py
[2024-12-04 11:47:45,067] {processor.py:641} INFO - Processing file /home/airflow/dags/Lead_scoring_training_pipeline/constants.py for tasks to queue
[2024-12-04 11:47:45,067] {logging_mixin.py:115} INFO - [2024-12-04 11:47:45,067] {dagbag.py:508} INFO - Filling up the DagBag from /home/airflow/dags/Lead_scoring_training_pipeline/constants.py
[2024-12-04 11:47:45,069] {processor.py:653} WARNING - No viable dags retrieved from /home/airflow/dags/Lead_scoring_training_pipeline/constants.py
[2024-12-04 11:47:45,081] {processor.py:161} INFO - Processing /home/airflow/dags/Lead_scoring_training_pipeline/constants.py took 0.019 seconds
