[2024-12-04 11:23:20,211] {processor.py:153} INFO - Started process (PID=3966) to work on /home/airflow/dags/Lead_scoring_training_pipeline/utils.py
[2024-12-04 11:23:20,211] {processor.py:641} INFO - Processing file /home/airflow/dags/Lead_scoring_training_pipeline/utils.py for tasks to queue
[2024-12-04 11:23:20,212] {logging_mixin.py:115} INFO - [2024-12-04 11:23:20,212] {dagbag.py:508} INFO - Filling up the DagBag from /home/airflow/dags/Lead_scoring_training_pipeline/utils.py
[2024-12-04 11:23:20,935] {logging_mixin.py:115} INFO - [2024-12-04 11:23:20,935] {utils.py:145} INFO - Note: NumExpr detected 64 cores but "NUMEXPR_MAX_THREADS" not set, so enforcing safe limit of 8.
[2024-12-04 11:23:20,935] {logging_mixin.py:115} INFO - [2024-12-04 11:23:20,935] {utils.py:157} INFO - NumExpr defaulting to 8 threads.
[2024-12-04 11:23:21,106] {processor.py:653} WARNING - No viable dags retrieved from /home/airflow/dags/Lead_scoring_training_pipeline/utils.py
[2024-12-04 11:23:21,115] {processor.py:161} INFO - Processing /home/airflow/dags/Lead_scoring_training_pipeline/utils.py took 0.907 seconds
[2024-12-04 11:24:01,521] {processor.py:153} INFO - Started process (PID=4028) to work on /home/airflow/dags/Lead_scoring_training_pipeline/utils.py
[2024-12-04 11:24:01,522] {processor.py:641} INFO - Processing file /home/airflow/dags/Lead_scoring_training_pipeline/utils.py for tasks to queue
[2024-12-04 11:24:01,523] {logging_mixin.py:115} INFO - [2024-12-04 11:24:01,523] {dagbag.py:508} INFO - Filling up the DagBag from /home/airflow/dags/Lead_scoring_training_pipeline/utils.py
[2024-12-04 11:24:02,267] {logging_mixin.py:115} INFO - [2024-12-04 11:24:02,267] {utils.py:145} INFO - Note: NumExpr detected 64 cores but "NUMEXPR_MAX_THREADS" not set, so enforcing safe limit of 8.
[2024-12-04 11:24:02,267] {logging_mixin.py:115} INFO - [2024-12-04 11:24:02,267] {utils.py:157} INFO - NumExpr defaulting to 8 threads.
[2024-12-04 11:24:02,441] {processor.py:653} WARNING - No viable dags retrieved from /home/airflow/dags/Lead_scoring_training_pipeline/utils.py
[2024-12-04 11:24:02,450] {processor.py:161} INFO - Processing /home/airflow/dags/Lead_scoring_training_pipeline/utils.py took 0.932 seconds
[2024-12-04 11:24:36,713] {processor.py:153} INFO - Started process (PID=4250) to work on /home/airflow/dags/Lead_scoring_training_pipeline/utils.py
[2024-12-04 11:24:36,714] {processor.py:641} INFO - Processing file /home/airflow/dags/Lead_scoring_training_pipeline/utils.py for tasks to queue
[2024-12-04 11:24:36,714] {logging_mixin.py:115} INFO - [2024-12-04 11:24:36,714] {dagbag.py:508} INFO - Filling up the DagBag from /home/airflow/dags/Lead_scoring_training_pipeline/utils.py
[2024-12-04 11:24:37,434] {logging_mixin.py:115} INFO - [2024-12-04 11:24:37,434] {utils.py:145} INFO - Note: NumExpr detected 64 cores but "NUMEXPR_MAX_THREADS" not set, so enforcing safe limit of 8.
[2024-12-04 11:24:37,434] {logging_mixin.py:115} INFO - [2024-12-04 11:24:37,434] {utils.py:157} INFO - NumExpr defaulting to 8 threads.
[2024-12-04 11:24:37,606] {processor.py:653} WARNING - No viable dags retrieved from /home/airflow/dags/Lead_scoring_training_pipeline/utils.py
[2024-12-04 11:24:37,614] {processor.py:161} INFO - Processing /home/airflow/dags/Lead_scoring_training_pipeline/utils.py took 0.905 seconds
[2024-12-04 11:25:15,033] {processor.py:153} INFO - Started process (PID=4311) to work on /home/airflow/dags/Lead_scoring_training_pipeline/utils.py
[2024-12-04 11:25:15,034] {processor.py:641} INFO - Processing file /home/airflow/dags/Lead_scoring_training_pipeline/utils.py for tasks to queue
[2024-12-04 11:25:15,035] {logging_mixin.py:115} INFO - [2024-12-04 11:25:15,035] {dagbag.py:508} INFO - Filling up the DagBag from /home/airflow/dags/Lead_scoring_training_pipeline/utils.py
[2024-12-04 11:25:15,766] {logging_mixin.py:115} INFO - [2024-12-04 11:25:15,766] {utils.py:145} INFO - Note: NumExpr detected 64 cores but "NUMEXPR_MAX_THREADS" not set, so enforcing safe limit of 8.
[2024-12-04 11:25:15,767] {logging_mixin.py:115} INFO - [2024-12-04 11:25:15,767] {utils.py:157} INFO - NumExpr defaulting to 8 threads.
[2024-12-04 11:25:15,937] {processor.py:653} WARNING - No viable dags retrieved from /home/airflow/dags/Lead_scoring_training_pipeline/utils.py
[2024-12-04 11:25:15,946] {processor.py:161} INFO - Processing /home/airflow/dags/Lead_scoring_training_pipeline/utils.py took 0.916 seconds
[2024-12-04 11:25:53,922] {processor.py:153} INFO - Started process (PID=4555) to work on /home/airflow/dags/Lead_scoring_training_pipeline/utils.py
[2024-12-04 11:25:53,923] {processor.py:641} INFO - Processing file /home/airflow/dags/Lead_scoring_training_pipeline/utils.py for tasks to queue
[2024-12-04 11:25:53,924] {logging_mixin.py:115} INFO - [2024-12-04 11:25:53,924] {dagbag.py:508} INFO - Filling up the DagBag from /home/airflow/dags/Lead_scoring_training_pipeline/utils.py
[2024-12-04 11:25:54,659] {logging_mixin.py:115} INFO - [2024-12-04 11:25:54,659] {utils.py:145} INFO - Note: NumExpr detected 64 cores but "NUMEXPR_MAX_THREADS" not set, so enforcing safe limit of 8.
[2024-12-04 11:25:54,660] {logging_mixin.py:115} INFO - [2024-12-04 11:25:54,660] {utils.py:157} INFO - NumExpr defaulting to 8 threads.
[2024-12-04 11:25:54,832] {processor.py:653} WARNING - No viable dags retrieved from /home/airflow/dags/Lead_scoring_training_pipeline/utils.py
[2024-12-04 11:25:54,844] {processor.py:161} INFO - Processing /home/airflow/dags/Lead_scoring_training_pipeline/utils.py took 0.925 seconds
[2024-12-04 11:26:33,849] {processor.py:153} INFO - Started process (PID=4626) to work on /home/airflow/dags/Lead_scoring_training_pipeline/utils.py
[2024-12-04 11:26:33,850] {processor.py:641} INFO - Processing file /home/airflow/dags/Lead_scoring_training_pipeline/utils.py for tasks to queue
[2024-12-04 11:26:33,851] {logging_mixin.py:115} INFO - [2024-12-04 11:26:33,850] {dagbag.py:508} INFO - Filling up the DagBag from /home/airflow/dags/Lead_scoring_training_pipeline/utils.py
[2024-12-04 11:26:34,611] {logging_mixin.py:115} INFO - [2024-12-04 11:26:34,611] {utils.py:145} INFO - Note: NumExpr detected 64 cores but "NUMEXPR_MAX_THREADS" not set, so enforcing safe limit of 8.
[2024-12-04 11:26:34,612] {logging_mixin.py:115} INFO - [2024-12-04 11:26:34,612] {utils.py:157} INFO - NumExpr defaulting to 8 threads.
[2024-12-04 11:26:34,784] {processor.py:653} WARNING - No viable dags retrieved from /home/airflow/dags/Lead_scoring_training_pipeline/utils.py
[2024-12-04 11:26:34,792] {processor.py:161} INFO - Processing /home/airflow/dags/Lead_scoring_training_pipeline/utils.py took 0.947 seconds
[2024-12-04 11:27:14,757] {processor.py:153} INFO - Started process (PID=4694) to work on /home/airflow/dags/Lead_scoring_training_pipeline/utils.py
[2024-12-04 11:27:14,759] {processor.py:641} INFO - Processing file /home/airflow/dags/Lead_scoring_training_pipeline/utils.py for tasks to queue
[2024-12-04 11:27:14,759] {logging_mixin.py:115} INFO - [2024-12-04 11:27:14,759] {dagbag.py:508} INFO - Filling up the DagBag from /home/airflow/dags/Lead_scoring_training_pipeline/utils.py
[2024-12-04 11:27:15,489] {logging_mixin.py:115} INFO - [2024-12-04 11:27:15,489] {utils.py:145} INFO - Note: NumExpr detected 64 cores but "NUMEXPR_MAX_THREADS" not set, so enforcing safe limit of 8.
[2024-12-04 11:27:15,489] {logging_mixin.py:115} INFO - [2024-12-04 11:27:15,489] {utils.py:157} INFO - NumExpr defaulting to 8 threads.
[2024-12-04 11:27:15,658] {processor.py:653} WARNING - No viable dags retrieved from /home/airflow/dags/Lead_scoring_training_pipeline/utils.py
[2024-12-04 11:27:15,666] {processor.py:161} INFO - Processing /home/airflow/dags/Lead_scoring_training_pipeline/utils.py took 0.913 seconds
[2024-12-04 11:27:50,469] {processor.py:153} INFO - Started process (PID=4788) to work on /home/airflow/dags/Lead_scoring_training_pipeline/utils.py
[2024-12-04 11:27:50,470] {processor.py:641} INFO - Processing file /home/airflow/dags/Lead_scoring_training_pipeline/utils.py for tasks to queue
[2024-12-04 11:27:50,471] {logging_mixin.py:115} INFO - [2024-12-04 11:27:50,470] {dagbag.py:508} INFO - Filling up the DagBag from /home/airflow/dags/Lead_scoring_training_pipeline/utils.py
[2024-12-04 11:27:51,248] {logging_mixin.py:115} INFO - [2024-12-04 11:27:51,248] {utils.py:145} INFO - Note: NumExpr detected 64 cores but "NUMEXPR_MAX_THREADS" not set, so enforcing safe limit of 8.
[2024-12-04 11:27:51,248] {logging_mixin.py:115} INFO - [2024-12-04 11:27:51,248] {utils.py:157} INFO - NumExpr defaulting to 8 threads.
[2024-12-04 11:27:51,421] {processor.py:653} WARNING - No viable dags retrieved from /home/airflow/dags/Lead_scoring_training_pipeline/utils.py
[2024-12-04 11:27:51,429] {processor.py:161} INFO - Processing /home/airflow/dags/Lead_scoring_training_pipeline/utils.py took 0.964 seconds
[2024-12-04 11:28:25,312] {processor.py:153} INFO - Started process (PID=4844) to work on /home/airflow/dags/Lead_scoring_training_pipeline/utils.py
[2024-12-04 11:28:25,313] {processor.py:641} INFO - Processing file /home/airflow/dags/Lead_scoring_training_pipeline/utils.py for tasks to queue
[2024-12-04 11:28:25,314] {logging_mixin.py:115} INFO - [2024-12-04 11:28:25,314] {dagbag.py:508} INFO - Filling up the DagBag from /home/airflow/dags/Lead_scoring_training_pipeline/utils.py
[2024-12-04 11:28:26,020] {logging_mixin.py:115} INFO - [2024-12-04 11:28:26,019] {utils.py:145} INFO - Note: NumExpr detected 64 cores but "NUMEXPR_MAX_THREADS" not set, so enforcing safe limit of 8.
[2024-12-04 11:28:26,020] {logging_mixin.py:115} INFO - [2024-12-04 11:28:26,020] {utils.py:157} INFO - NumExpr defaulting to 8 threads.
[2024-12-04 11:28:26,190] {processor.py:653} WARNING - No viable dags retrieved from /home/airflow/dags/Lead_scoring_training_pipeline/utils.py
[2024-12-04 11:28:26,199] {processor.py:161} INFO - Processing /home/airflow/dags/Lead_scoring_training_pipeline/utils.py took 0.890 seconds
[2024-12-04 11:28:58,668] {processor.py:153} INFO - Started process (PID=4899) to work on /home/airflow/dags/Lead_scoring_training_pipeline/utils.py
[2024-12-04 11:28:58,669] {processor.py:641} INFO - Processing file /home/airflow/dags/Lead_scoring_training_pipeline/utils.py for tasks to queue
[2024-12-04 11:28:58,669] {logging_mixin.py:115} INFO - [2024-12-04 11:28:58,669] {dagbag.py:508} INFO - Filling up the DagBag from /home/airflow/dags/Lead_scoring_training_pipeline/utils.py
[2024-12-04 11:28:59,398] {logging_mixin.py:115} INFO - [2024-12-04 11:28:59,398] {utils.py:145} INFO - Note: NumExpr detected 64 cores but "NUMEXPR_MAX_THREADS" not set, so enforcing safe limit of 8.
[2024-12-04 11:28:59,398] {logging_mixin.py:115} INFO - [2024-12-04 11:28:59,398] {utils.py:157} INFO - NumExpr defaulting to 8 threads.
[2024-12-04 11:28:59,570] {processor.py:653} WARNING - No viable dags retrieved from /home/airflow/dags/Lead_scoring_training_pipeline/utils.py
[2024-12-04 11:28:59,579] {processor.py:161} INFO - Processing /home/airflow/dags/Lead_scoring_training_pipeline/utils.py took 0.914 seconds
[2024-12-04 11:29:33,245] {processor.py:153} INFO - Started process (PID=4954) to work on /home/airflow/dags/Lead_scoring_training_pipeline/utils.py
[2024-12-04 11:29:33,247] {processor.py:641} INFO - Processing file /home/airflow/dags/Lead_scoring_training_pipeline/utils.py for tasks to queue
[2024-12-04 11:29:33,247] {logging_mixin.py:115} INFO - [2024-12-04 11:29:33,247] {dagbag.py:508} INFO - Filling up the DagBag from /home/airflow/dags/Lead_scoring_training_pipeline/utils.py
[2024-12-04 11:29:33,954] {logging_mixin.py:115} INFO - [2024-12-04 11:29:33,954] {utils.py:145} INFO - Note: NumExpr detected 64 cores but "NUMEXPR_MAX_THREADS" not set, so enforcing safe limit of 8.
[2024-12-04 11:29:33,954] {logging_mixin.py:115} INFO - [2024-12-04 11:29:33,954] {utils.py:157} INFO - NumExpr defaulting to 8 threads.
[2024-12-04 11:29:34,125] {processor.py:653} WARNING - No viable dags retrieved from /home/airflow/dags/Lead_scoring_training_pipeline/utils.py
[2024-12-04 11:29:34,134] {processor.py:161} INFO - Processing /home/airflow/dags/Lead_scoring_training_pipeline/utils.py took 0.891 seconds
[2024-12-04 11:30:06,276] {processor.py:153} INFO - Started process (PID=5008) to work on /home/airflow/dags/Lead_scoring_training_pipeline/utils.py
[2024-12-04 11:30:06,277] {processor.py:641} INFO - Processing file /home/airflow/dags/Lead_scoring_training_pipeline/utils.py for tasks to queue
[2024-12-04 11:30:06,278] {logging_mixin.py:115} INFO - [2024-12-04 11:30:06,278] {dagbag.py:508} INFO - Filling up the DagBag from /home/airflow/dags/Lead_scoring_training_pipeline/utils.py
[2024-12-04 11:30:07,002] {logging_mixin.py:115} INFO - [2024-12-04 11:30:07,002] {utils.py:145} INFO - Note: NumExpr detected 64 cores but "NUMEXPR_MAX_THREADS" not set, so enforcing safe limit of 8.
[2024-12-04 11:30:07,002] {logging_mixin.py:115} INFO - [2024-12-04 11:30:07,002] {utils.py:157} INFO - NumExpr defaulting to 8 threads.
[2024-12-04 11:30:07,172] {processor.py:653} WARNING - No viable dags retrieved from /home/airflow/dags/Lead_scoring_training_pipeline/utils.py
[2024-12-04 11:30:07,181] {processor.py:161} INFO - Processing /home/airflow/dags/Lead_scoring_training_pipeline/utils.py took 0.908 seconds
[2024-12-04 11:30:40,761] {processor.py:153} INFO - Started process (PID=5076) to work on /home/airflow/dags/Lead_scoring_training_pipeline/utils.py
[2024-12-04 11:30:40,761] {processor.py:641} INFO - Processing file /home/airflow/dags/Lead_scoring_training_pipeline/utils.py for tasks to queue
[2024-12-04 11:30:40,762] {logging_mixin.py:115} INFO - [2024-12-04 11:30:40,762] {dagbag.py:508} INFO - Filling up the DagBag from /home/airflow/dags/Lead_scoring_training_pipeline/utils.py
[2024-12-04 11:30:41,508] {logging_mixin.py:115} INFO - [2024-12-04 11:30:41,508] {utils.py:145} INFO - Note: NumExpr detected 64 cores but "NUMEXPR_MAX_THREADS" not set, so enforcing safe limit of 8.
[2024-12-04 11:30:41,509] {logging_mixin.py:115} INFO - [2024-12-04 11:30:41,509] {utils.py:157} INFO - NumExpr defaulting to 8 threads.
[2024-12-04 11:30:41,682] {processor.py:653} WARNING - No viable dags retrieved from /home/airflow/dags/Lead_scoring_training_pipeline/utils.py
[2024-12-04 11:30:41,692] {processor.py:161} INFO - Processing /home/airflow/dags/Lead_scoring_training_pipeline/utils.py took 0.935 seconds
[2024-12-04 11:31:15,679] {processor.py:153} INFO - Started process (PID=5140) to work on /home/airflow/dags/Lead_scoring_training_pipeline/utils.py
[2024-12-04 11:31:15,680] {processor.py:641} INFO - Processing file /home/airflow/dags/Lead_scoring_training_pipeline/utils.py for tasks to queue
[2024-12-04 11:31:15,681] {logging_mixin.py:115} INFO - [2024-12-04 11:31:15,681] {dagbag.py:508} INFO - Filling up the DagBag from /home/airflow/dags/Lead_scoring_training_pipeline/utils.py
[2024-12-04 11:31:16,450] {logging_mixin.py:115} INFO - [2024-12-04 11:31:16,450] {utils.py:145} INFO - Note: NumExpr detected 64 cores but "NUMEXPR_MAX_THREADS" not set, so enforcing safe limit of 8.
[2024-12-04 11:31:16,450] {logging_mixin.py:115} INFO - [2024-12-04 11:31:16,450] {utils.py:157} INFO - NumExpr defaulting to 8 threads.
[2024-12-04 11:31:16,622] {processor.py:653} WARNING - No viable dags retrieved from /home/airflow/dags/Lead_scoring_training_pipeline/utils.py
[2024-12-04 11:31:16,631] {processor.py:161} INFO - Processing /home/airflow/dags/Lead_scoring_training_pipeline/utils.py took 0.955 seconds
[2024-12-04 11:31:50,708] {processor.py:153} INFO - Started process (PID=5232) to work on /home/airflow/dags/Lead_scoring_training_pipeline/utils.py
[2024-12-04 11:31:50,710] {processor.py:641} INFO - Processing file /home/airflow/dags/Lead_scoring_training_pipeline/utils.py for tasks to queue
[2024-12-04 11:31:50,710] {logging_mixin.py:115} INFO - [2024-12-04 11:31:50,710] {dagbag.py:508} INFO - Filling up the DagBag from /home/airflow/dags/Lead_scoring_training_pipeline/utils.py
[2024-12-04 11:31:51,433] {logging_mixin.py:115} INFO - [2024-12-04 11:31:51,433] {utils.py:145} INFO - Note: NumExpr detected 64 cores but "NUMEXPR_MAX_THREADS" not set, so enforcing safe limit of 8.
[2024-12-04 11:31:51,433] {logging_mixin.py:115} INFO - [2024-12-04 11:31:51,433] {utils.py:157} INFO - NumExpr defaulting to 8 threads.
[2024-12-04 11:31:51,602] {processor.py:653} WARNING - No viable dags retrieved from /home/airflow/dags/Lead_scoring_training_pipeline/utils.py
[2024-12-04 11:31:51,611] {processor.py:161} INFO - Processing /home/airflow/dags/Lead_scoring_training_pipeline/utils.py took 0.907 seconds
[2024-12-04 11:32:23,542] {processor.py:153} INFO - Started process (PID=5498) to work on /home/airflow/dags/Lead_scoring_training_pipeline/utils.py
[2024-12-04 11:32:23,542] {processor.py:641} INFO - Processing file /home/airflow/dags/Lead_scoring_training_pipeline/utils.py for tasks to queue
[2024-12-04 11:32:23,543] {logging_mixin.py:115} INFO - [2024-12-04 11:32:23,542] {dagbag.py:508} INFO - Filling up the DagBag from /home/airflow/dags/Lead_scoring_training_pipeline/utils.py
[2024-12-04 11:32:24,269] {logging_mixin.py:115} INFO - [2024-12-04 11:32:24,268] {utils.py:145} INFO - Note: NumExpr detected 64 cores but "NUMEXPR_MAX_THREADS" not set, so enforcing safe limit of 8.
[2024-12-04 11:32:24,269] {logging_mixin.py:115} INFO - [2024-12-04 11:32:24,269] {utils.py:157} INFO - NumExpr defaulting to 8 threads.
[2024-12-04 11:32:24,440] {processor.py:653} WARNING - No viable dags retrieved from /home/airflow/dags/Lead_scoring_training_pipeline/utils.py
[2024-12-04 11:32:24,449] {processor.py:161} INFO - Processing /home/airflow/dags/Lead_scoring_training_pipeline/utils.py took 0.911 seconds
[2024-12-04 11:32:56,012] {processor.py:153} INFO - Started process (PID=5552) to work on /home/airflow/dags/Lead_scoring_training_pipeline/utils.py
[2024-12-04 11:32:56,014] {processor.py:641} INFO - Processing file /home/airflow/dags/Lead_scoring_training_pipeline/utils.py for tasks to queue
[2024-12-04 11:32:56,014] {logging_mixin.py:115} INFO - [2024-12-04 11:32:56,014] {dagbag.py:508} INFO - Filling up the DagBag from /home/airflow/dags/Lead_scoring_training_pipeline/utils.py
[2024-12-04 11:32:56,772] {logging_mixin.py:115} INFO - [2024-12-04 11:32:56,771] {utils.py:145} INFO - Note: NumExpr detected 64 cores but "NUMEXPR_MAX_THREADS" not set, so enforcing safe limit of 8.
[2024-12-04 11:32:56,772] {logging_mixin.py:115} INFO - [2024-12-04 11:32:56,772] {utils.py:157} INFO - NumExpr defaulting to 8 threads.
[2024-12-04 11:32:56,943] {processor.py:653} WARNING - No viable dags retrieved from /home/airflow/dags/Lead_scoring_training_pipeline/utils.py
[2024-12-04 11:32:56,951] {processor.py:161} INFO - Processing /home/airflow/dags/Lead_scoring_training_pipeline/utils.py took 0.942 seconds
[2024-12-04 11:33:29,676] {processor.py:153} INFO - Started process (PID=5607) to work on /home/airflow/dags/Lead_scoring_training_pipeline/utils.py
[2024-12-04 11:33:29,676] {processor.py:641} INFO - Processing file /home/airflow/dags/Lead_scoring_training_pipeline/utils.py for tasks to queue
[2024-12-04 11:33:29,677] {logging_mixin.py:115} INFO - [2024-12-04 11:33:29,677] {dagbag.py:508} INFO - Filling up the DagBag from /home/airflow/dags/Lead_scoring_training_pipeline/utils.py
[2024-12-04 11:33:30,466] {logging_mixin.py:115} INFO - [2024-12-04 11:33:30,466] {utils.py:145} INFO - Note: NumExpr detected 64 cores but "NUMEXPR_MAX_THREADS" not set, so enforcing safe limit of 8.
[2024-12-04 11:33:30,466] {logging_mixin.py:115} INFO - [2024-12-04 11:33:30,466] {utils.py:157} INFO - NumExpr defaulting to 8 threads.
[2024-12-04 11:33:30,640] {processor.py:653} WARNING - No viable dags retrieved from /home/airflow/dags/Lead_scoring_training_pipeline/utils.py
[2024-12-04 11:33:30,649] {processor.py:161} INFO - Processing /home/airflow/dags/Lead_scoring_training_pipeline/utils.py took 0.976 seconds
[2024-12-04 11:34:03,058] {processor.py:153} INFO - Started process (PID=5661) to work on /home/airflow/dags/Lead_scoring_training_pipeline/utils.py
[2024-12-04 11:34:03,060] {processor.py:641} INFO - Processing file /home/airflow/dags/Lead_scoring_training_pipeline/utils.py for tasks to queue
[2024-12-04 11:34:03,060] {logging_mixin.py:115} INFO - [2024-12-04 11:34:03,060] {dagbag.py:508} INFO - Filling up the DagBag from /home/airflow/dags/Lead_scoring_training_pipeline/utils.py
[2024-12-04 11:34:03,813] {logging_mixin.py:115} INFO - [2024-12-04 11:34:03,813] {utils.py:145} INFO - Note: NumExpr detected 64 cores but "NUMEXPR_MAX_THREADS" not set, so enforcing safe limit of 8.
[2024-12-04 11:34:03,813] {logging_mixin.py:115} INFO - [2024-12-04 11:34:03,813] {utils.py:157} INFO - NumExpr defaulting to 8 threads.
[2024-12-04 11:34:03,989] {processor.py:653} WARNING - No viable dags retrieved from /home/airflow/dags/Lead_scoring_training_pipeline/utils.py
[2024-12-04 11:34:03,998] {processor.py:161} INFO - Processing /home/airflow/dags/Lead_scoring_training_pipeline/utils.py took 0.943 seconds
[2024-12-04 11:34:38,172] {processor.py:153} INFO - Started process (PID=5717) to work on /home/airflow/dags/Lead_scoring_training_pipeline/utils.py
[2024-12-04 11:34:38,173] {processor.py:641} INFO - Processing file /home/airflow/dags/Lead_scoring_training_pipeline/utils.py for tasks to queue
[2024-12-04 11:34:38,173] {logging_mixin.py:115} INFO - [2024-12-04 11:34:38,173] {dagbag.py:508} INFO - Filling up the DagBag from /home/airflow/dags/Lead_scoring_training_pipeline/utils.py
[2024-12-04 11:34:38,904] {logging_mixin.py:115} INFO - [2024-12-04 11:34:38,904] {utils.py:145} INFO - Note: NumExpr detected 64 cores but "NUMEXPR_MAX_THREADS" not set, so enforcing safe limit of 8.
[2024-12-04 11:34:38,904] {logging_mixin.py:115} INFO - [2024-12-04 11:34:38,904] {utils.py:157} INFO - NumExpr defaulting to 8 threads.
[2024-12-04 11:34:39,075] {processor.py:653} WARNING - No viable dags retrieved from /home/airflow/dags/Lead_scoring_training_pipeline/utils.py
[2024-12-04 11:34:39,083] {processor.py:161} INFO - Processing /home/airflow/dags/Lead_scoring_training_pipeline/utils.py took 0.915 seconds
[2024-12-04 11:35:14,177] {processor.py:153} INFO - Started process (PID=5774) to work on /home/airflow/dags/Lead_scoring_training_pipeline/utils.py
[2024-12-04 11:35:14,178] {processor.py:641} INFO - Processing file /home/airflow/dags/Lead_scoring_training_pipeline/utils.py for tasks to queue
[2024-12-04 11:35:14,179] {logging_mixin.py:115} INFO - [2024-12-04 11:35:14,179] {dagbag.py:508} INFO - Filling up the DagBag from /home/airflow/dags/Lead_scoring_training_pipeline/utils.py
[2024-12-04 11:35:14,912] {logging_mixin.py:115} INFO - [2024-12-04 11:35:14,912] {utils.py:145} INFO - Note: NumExpr detected 64 cores but "NUMEXPR_MAX_THREADS" not set, so enforcing safe limit of 8.
[2024-12-04 11:35:14,912] {logging_mixin.py:115} INFO - [2024-12-04 11:35:14,912] {utils.py:157} INFO - NumExpr defaulting to 8 threads.
[2024-12-04 11:35:15,087] {processor.py:653} WARNING - No viable dags retrieved from /home/airflow/dags/Lead_scoring_training_pipeline/utils.py
[2024-12-04 11:35:15,095] {processor.py:161} INFO - Processing /home/airflow/dags/Lead_scoring_training_pipeline/utils.py took 0.922 seconds
[2024-12-04 11:35:50,829] {processor.py:153} INFO - Started process (PID=5830) to work on /home/airflow/dags/Lead_scoring_training_pipeline/utils.py
[2024-12-04 11:35:50,831] {processor.py:641} INFO - Processing file /home/airflow/dags/Lead_scoring_training_pipeline/utils.py for tasks to queue
[2024-12-04 11:35:50,831] {logging_mixin.py:115} INFO - [2024-12-04 11:35:50,831] {dagbag.py:508} INFO - Filling up the DagBag from /home/airflow/dags/Lead_scoring_training_pipeline/utils.py
[2024-12-04 11:35:51,561] {logging_mixin.py:115} INFO - [2024-12-04 11:35:51,561] {utils.py:145} INFO - Note: NumExpr detected 64 cores but "NUMEXPR_MAX_THREADS" not set, so enforcing safe limit of 8.
[2024-12-04 11:35:51,561] {logging_mixin.py:115} INFO - [2024-12-04 11:35:51,561] {utils.py:157} INFO - NumExpr defaulting to 8 threads.
[2024-12-04 11:35:51,733] {processor.py:653} WARNING - No viable dags retrieved from /home/airflow/dags/Lead_scoring_training_pipeline/utils.py
[2024-12-04 11:35:51,741] {processor.py:161} INFO - Processing /home/airflow/dags/Lead_scoring_training_pipeline/utils.py took 0.915 seconds
[2024-12-04 11:36:25,896] {processor.py:153} INFO - Started process (PID=5886) to work on /home/airflow/dags/Lead_scoring_training_pipeline/utils.py
[2024-12-04 11:36:25,898] {processor.py:641} INFO - Processing file /home/airflow/dags/Lead_scoring_training_pipeline/utils.py for tasks to queue
[2024-12-04 11:36:25,899] {logging_mixin.py:115} INFO - [2024-12-04 11:36:25,898] {dagbag.py:508} INFO - Filling up the DagBag from /home/airflow/dags/Lead_scoring_training_pipeline/utils.py
[2024-12-04 11:36:26,622] {logging_mixin.py:115} INFO - [2024-12-04 11:36:26,622] {utils.py:145} INFO - Note: NumExpr detected 64 cores but "NUMEXPR_MAX_THREADS" not set, so enforcing safe limit of 8.
[2024-12-04 11:36:26,622] {logging_mixin.py:115} INFO - [2024-12-04 11:36:26,622] {utils.py:157} INFO - NumExpr defaulting to 8 threads.
[2024-12-04 11:36:26,794] {processor.py:653} WARNING - No viable dags retrieved from /home/airflow/dags/Lead_scoring_training_pipeline/utils.py
[2024-12-04 11:36:26,803] {processor.py:161} INFO - Processing /home/airflow/dags/Lead_scoring_training_pipeline/utils.py took 0.909 seconds
[2024-12-04 11:37:03,412] {processor.py:153} INFO - Started process (PID=5943) to work on /home/airflow/dags/Lead_scoring_training_pipeline/utils.py
[2024-12-04 11:37:03,413] {processor.py:641} INFO - Processing file /home/airflow/dags/Lead_scoring_training_pipeline/utils.py for tasks to queue
[2024-12-04 11:37:03,414] {logging_mixin.py:115} INFO - [2024-12-04 11:37:03,413] {dagbag.py:508} INFO - Filling up the DagBag from /home/airflow/dags/Lead_scoring_training_pipeline/utils.py
[2024-12-04 11:37:04,146] {logging_mixin.py:115} INFO - [2024-12-04 11:37:04,146] {utils.py:145} INFO - Note: NumExpr detected 64 cores but "NUMEXPR_MAX_THREADS" not set, so enforcing safe limit of 8.
[2024-12-04 11:37:04,146] {logging_mixin.py:115} INFO - [2024-12-04 11:37:04,146] {utils.py:157} INFO - NumExpr defaulting to 8 threads.
[2024-12-04 11:37:04,318] {processor.py:653} WARNING - No viable dags retrieved from /home/airflow/dags/Lead_scoring_training_pipeline/utils.py
[2024-12-04 11:37:04,334] {processor.py:161} INFO - Processing /home/airflow/dags/Lead_scoring_training_pipeline/utils.py took 0.925 seconds
[2024-12-04 11:37:45,809] {processor.py:153} INFO - Started process (PID=6004) to work on /home/airflow/dags/Lead_scoring_training_pipeline/utils.py
[2024-12-04 11:37:45,811] {processor.py:641} INFO - Processing file /home/airflow/dags/Lead_scoring_training_pipeline/utils.py for tasks to queue
[2024-12-04 11:37:45,811] {logging_mixin.py:115} INFO - [2024-12-04 11:37:45,811] {dagbag.py:508} INFO - Filling up the DagBag from /home/airflow/dags/Lead_scoring_training_pipeline/utils.py
[2024-12-04 11:37:46,534] {logging_mixin.py:115} INFO - [2024-12-04 11:37:46,534] {utils.py:145} INFO - Note: NumExpr detected 64 cores but "NUMEXPR_MAX_THREADS" not set, so enforcing safe limit of 8.
[2024-12-04 11:37:46,534] {logging_mixin.py:115} INFO - [2024-12-04 11:37:46,534] {utils.py:157} INFO - NumExpr defaulting to 8 threads.
[2024-12-04 11:37:46,705] {processor.py:653} WARNING - No viable dags retrieved from /home/airflow/dags/Lead_scoring_training_pipeline/utils.py
[2024-12-04 11:37:46,713] {processor.py:161} INFO - Processing /home/airflow/dags/Lead_scoring_training_pipeline/utils.py took 0.907 seconds
[2024-12-04 11:38:28,767] {processor.py:153} INFO - Started process (PID=6075) to work on /home/airflow/dags/Lead_scoring_training_pipeline/utils.py
[2024-12-04 11:38:28,768] {processor.py:641} INFO - Processing file /home/airflow/dags/Lead_scoring_training_pipeline/utils.py for tasks to queue
[2024-12-04 11:38:28,769] {logging_mixin.py:115} INFO - [2024-12-04 11:38:28,768] {dagbag.py:508} INFO - Filling up the DagBag from /home/airflow/dags/Lead_scoring_training_pipeline/utils.py
[2024-12-04 11:38:29,505] {logging_mixin.py:115} INFO - [2024-12-04 11:38:29,505] {utils.py:145} INFO - Note: NumExpr detected 64 cores but "NUMEXPR_MAX_THREADS" not set, so enforcing safe limit of 8.
[2024-12-04 11:38:29,505] {logging_mixin.py:115} INFO - [2024-12-04 11:38:29,505] {utils.py:157} INFO - NumExpr defaulting to 8 threads.
[2024-12-04 11:38:29,677] {processor.py:653} WARNING - No viable dags retrieved from /home/airflow/dags/Lead_scoring_training_pipeline/utils.py
[2024-12-04 11:38:29,685] {processor.py:161} INFO - Processing /home/airflow/dags/Lead_scoring_training_pipeline/utils.py took 0.921 seconds
[2024-12-04 11:39:04,976] {processor.py:153} INFO - Started process (PID=6140) to work on /home/airflow/dags/Lead_scoring_training_pipeline/utils.py
[2024-12-04 11:39:04,977] {processor.py:641} INFO - Processing file /home/airflow/dags/Lead_scoring_training_pipeline/utils.py for tasks to queue
[2024-12-04 11:39:04,978] {logging_mixin.py:115} INFO - [2024-12-04 11:39:04,978] {dagbag.py:508} INFO - Filling up the DagBag from /home/airflow/dags/Lead_scoring_training_pipeline/utils.py
[2024-12-04 11:39:05,712] {logging_mixin.py:115} INFO - [2024-12-04 11:39:05,712] {utils.py:145} INFO - Note: NumExpr detected 64 cores but "NUMEXPR_MAX_THREADS" not set, so enforcing safe limit of 8.
[2024-12-04 11:39:05,712] {logging_mixin.py:115} INFO - [2024-12-04 11:39:05,712] {utils.py:157} INFO - NumExpr defaulting to 8 threads.
[2024-12-04 11:39:05,883] {processor.py:653} WARNING - No viable dags retrieved from /home/airflow/dags/Lead_scoring_training_pipeline/utils.py
[2024-12-04 11:39:05,892] {processor.py:161} INFO - Processing /home/airflow/dags/Lead_scoring_training_pipeline/utils.py took 0.919 seconds
[2024-12-04 11:39:42,802] {processor.py:153} INFO - Started process (PID=6207) to work on /home/airflow/dags/Lead_scoring_training_pipeline/utils.py
[2024-12-04 11:39:42,803] {processor.py:641} INFO - Processing file /home/airflow/dags/Lead_scoring_training_pipeline/utils.py for tasks to queue
[2024-12-04 11:39:42,803] {logging_mixin.py:115} INFO - [2024-12-04 11:39:42,803] {dagbag.py:508} INFO - Filling up the DagBag from /home/airflow/dags/Lead_scoring_training_pipeline/utils.py
[2024-12-04 11:39:43,540] {logging_mixin.py:115} INFO - [2024-12-04 11:39:43,539] {utils.py:145} INFO - Note: NumExpr detected 64 cores but "NUMEXPR_MAX_THREADS" not set, so enforcing safe limit of 8.
[2024-12-04 11:39:43,540] {logging_mixin.py:115} INFO - [2024-12-04 11:39:43,540] {utils.py:157} INFO - NumExpr defaulting to 8 threads.
[2024-12-04 11:39:43,712] {processor.py:653} WARNING - No viable dags retrieved from /home/airflow/dags/Lead_scoring_training_pipeline/utils.py
[2024-12-04 11:39:43,720] {processor.py:161} INFO - Processing /home/airflow/dags/Lead_scoring_training_pipeline/utils.py took 0.922 seconds
[2024-12-04 11:40:20,716] {processor.py:153} INFO - Started process (PID=6273) to work on /home/airflow/dags/Lead_scoring_training_pipeline/utils.py
[2024-12-04 11:40:20,717] {processor.py:641} INFO - Processing file /home/airflow/dags/Lead_scoring_training_pipeline/utils.py for tasks to queue
[2024-12-04 11:40:20,718] {logging_mixin.py:115} INFO - [2024-12-04 11:40:20,718] {dagbag.py:508} INFO - Filling up the DagBag from /home/airflow/dags/Lead_scoring_training_pipeline/utils.py
[2024-12-04 11:40:21,429] {logging_mixin.py:115} INFO - [2024-12-04 11:40:21,429] {utils.py:145} INFO - Note: NumExpr detected 64 cores but "NUMEXPR_MAX_THREADS" not set, so enforcing safe limit of 8.
[2024-12-04 11:40:21,429] {logging_mixin.py:115} INFO - [2024-12-04 11:40:21,429] {utils.py:157} INFO - NumExpr defaulting to 8 threads.
[2024-12-04 11:40:21,601] {processor.py:653} WARNING - No viable dags retrieved from /home/airflow/dags/Lead_scoring_training_pipeline/utils.py
[2024-12-04 11:40:21,609] {processor.py:161} INFO - Processing /home/airflow/dags/Lead_scoring_training_pipeline/utils.py took 0.897 seconds
[2024-12-04 11:41:01,333] {processor.py:153} INFO - Started process (PID=6344) to work on /home/airflow/dags/Lead_scoring_training_pipeline/utils.py
[2024-12-04 11:41:01,334] {processor.py:641} INFO - Processing file /home/airflow/dags/Lead_scoring_training_pipeline/utils.py for tasks to queue
[2024-12-04 11:41:01,335] {logging_mixin.py:115} INFO - [2024-12-04 11:41:01,335] {dagbag.py:508} INFO - Filling up the DagBag from /home/airflow/dags/Lead_scoring_training_pipeline/utils.py
[2024-12-04 11:41:02,050] {logging_mixin.py:115} INFO - [2024-12-04 11:41:02,050] {utils.py:145} INFO - Note: NumExpr detected 64 cores but "NUMEXPR_MAX_THREADS" not set, so enforcing safe limit of 8.
[2024-12-04 11:41:02,051] {logging_mixin.py:115} INFO - [2024-12-04 11:41:02,051] {utils.py:157} INFO - NumExpr defaulting to 8 threads.
[2024-12-04 11:41:02,221] {processor.py:653} WARNING - No viable dags retrieved from /home/airflow/dags/Lead_scoring_training_pipeline/utils.py
[2024-12-04 11:41:02,229] {processor.py:161} INFO - Processing /home/airflow/dags/Lead_scoring_training_pipeline/utils.py took 0.899 seconds
[2024-12-04 11:41:35,069] {processor.py:153} INFO - Started process (PID=6400) to work on /home/airflow/dags/Lead_scoring_training_pipeline/utils.py
[2024-12-04 11:41:35,071] {processor.py:641} INFO - Processing file /home/airflow/dags/Lead_scoring_training_pipeline/utils.py for tasks to queue
[2024-12-04 11:41:35,071] {logging_mixin.py:115} INFO - [2024-12-04 11:41:35,071] {dagbag.py:508} INFO - Filling up the DagBag from /home/airflow/dags/Lead_scoring_training_pipeline/utils.py
[2024-12-04 11:41:35,807] {logging_mixin.py:115} INFO - [2024-12-04 11:41:35,806] {utils.py:145} INFO - Note: NumExpr detected 64 cores but "NUMEXPR_MAX_THREADS" not set, so enforcing safe limit of 8.
[2024-12-04 11:41:35,807] {logging_mixin.py:115} INFO - [2024-12-04 11:41:35,807] {utils.py:157} INFO - NumExpr defaulting to 8 threads.
[2024-12-04 11:41:35,987] {logging_mixin.py:115} INFO - [2024-12-04 11:41:35,987] {dagbag.py:321} ERROR - Failed to import: /home/airflow/dags/Lead_scoring_training_pipeline/utils.py
Traceback (most recent call last):
  File "/opt/conda/lib/python3.8/site-packages/airflow/models/dagbag.py", line 318, in parse
    loader.exec_module(new_module)
  File "<frozen importlib._bootstrap_external>", line 843, in exec_module
  File "<frozen importlib._bootstrap>", line 219, in _call_with_frames_removed
  File "/home/airflow/dags/Lead_scoring_training_pipeline/utils.py", line 16, in <module>
    from Lead_scoring_inference_pipeline.constants import *
ModuleNotFoundError: No module named 'Lead_scoring_inference_pipeline'
[2024-12-04 11:41:35,990] {processor.py:653} WARNING - No viable dags retrieved from /home/airflow/dags/Lead_scoring_training_pipeline/utils.py
[2024-12-04 11:41:36,009] {processor.py:161} INFO - Processing /home/airflow/dags/Lead_scoring_training_pipeline/utils.py took 0.943 seconds
[2024-12-04 11:42:08,940] {processor.py:153} INFO - Started process (PID=6460) to work on /home/airflow/dags/Lead_scoring_training_pipeline/utils.py
[2024-12-04 11:42:08,941] {processor.py:641} INFO - Processing file /home/airflow/dags/Lead_scoring_training_pipeline/utils.py for tasks to queue
[2024-12-04 11:42:08,942] {logging_mixin.py:115} INFO - [2024-12-04 11:42:08,941] {dagbag.py:508} INFO - Filling up the DagBag from /home/airflow/dags/Lead_scoring_training_pipeline/utils.py
[2024-12-04 11:42:09,675] {logging_mixin.py:115} INFO - [2024-12-04 11:42:09,675] {utils.py:145} INFO - Note: NumExpr detected 64 cores but "NUMEXPR_MAX_THREADS" not set, so enforcing safe limit of 8.
[2024-12-04 11:42:09,676] {logging_mixin.py:115} INFO - [2024-12-04 11:42:09,676] {utils.py:157} INFO - NumExpr defaulting to 8 threads.
[2024-12-04 11:42:09,849] {logging_mixin.py:115} INFO - [2024-12-04 11:42:09,848] {dagbag.py:321} ERROR - Failed to import: /home/airflow/dags/Lead_scoring_training_pipeline/utils.py
Traceback (most recent call last):
  File "/opt/conda/lib/python3.8/site-packages/airflow/models/dagbag.py", line 318, in parse
    loader.exec_module(new_module)
  File "<frozen importlib._bootstrap_external>", line 843, in exec_module
  File "<frozen importlib._bootstrap>", line 219, in _call_with_frames_removed
  File "/home/airflow/dags/Lead_scoring_training_pipeline/utils.py", line 16, in <module>
    from Lead_scoring_inference_pipeline.constants import *
ModuleNotFoundError: No module named 'Lead_scoring_inference_pipeline'
[2024-12-04 11:42:09,852] {processor.py:653} WARNING - No viable dags retrieved from /home/airflow/dags/Lead_scoring_training_pipeline/utils.py
[2024-12-04 11:42:09,871] {processor.py:161} INFO - Processing /home/airflow/dags/Lead_scoring_training_pipeline/utils.py took 0.934 seconds
[2024-12-04 11:42:51,445] {processor.py:153} INFO - Started process (PID=6516) to work on /home/airflow/dags/Lead_scoring_training_pipeline/utils.py
[2024-12-04 11:42:51,447] {processor.py:641} INFO - Processing file /home/airflow/dags/Lead_scoring_training_pipeline/utils.py for tasks to queue
[2024-12-04 11:42:51,447] {logging_mixin.py:115} INFO - [2024-12-04 11:42:51,447] {dagbag.py:508} INFO - Filling up the DagBag from /home/airflow/dags/Lead_scoring_training_pipeline/utils.py
[2024-12-04 11:42:52,170] {logging_mixin.py:115} INFO - [2024-12-04 11:42:52,169] {utils.py:145} INFO - Note: NumExpr detected 64 cores but "NUMEXPR_MAX_THREADS" not set, so enforcing safe limit of 8.
[2024-12-04 11:42:52,170] {logging_mixin.py:115} INFO - [2024-12-04 11:42:52,170] {utils.py:157} INFO - NumExpr defaulting to 8 threads.
[2024-12-04 11:42:52,341] {logging_mixin.py:115} INFO - [2024-12-04 11:42:52,340] {dagbag.py:321} ERROR - Failed to import: /home/airflow/dags/Lead_scoring_training_pipeline/utils.py
Traceback (most recent call last):
  File "/opt/conda/lib/python3.8/site-packages/airflow/models/dagbag.py", line 318, in parse
    loader.exec_module(new_module)
  File "<frozen importlib._bootstrap_external>", line 843, in exec_module
  File "<frozen importlib._bootstrap>", line 219, in _call_with_frames_removed
  File "/home/airflow/dags/Lead_scoring_training_pipeline/utils.py", line 16, in <module>
    from Lead_scoring_inference_pipeline.constants import *
ModuleNotFoundError: No module named 'Lead_scoring_inference_pipeline'
[2024-12-04 11:42:52,344] {processor.py:653} WARNING - No viable dags retrieved from /home/airflow/dags/Lead_scoring_training_pipeline/utils.py
[2024-12-04 11:42:52,364] {processor.py:161} INFO - Processing /home/airflow/dags/Lead_scoring_training_pipeline/utils.py took 0.922 seconds
[2024-12-04 11:43:32,788] {processor.py:153} INFO - Started process (PID=6572) to work on /home/airflow/dags/Lead_scoring_training_pipeline/utils.py
[2024-12-04 11:43:32,790] {processor.py:641} INFO - Processing file /home/airflow/dags/Lead_scoring_training_pipeline/utils.py for tasks to queue
[2024-12-04 11:43:32,790] {logging_mixin.py:115} INFO - [2024-12-04 11:43:32,790] {dagbag.py:508} INFO - Filling up the DagBag from /home/airflow/dags/Lead_scoring_training_pipeline/utils.py
[2024-12-04 11:43:33,518] {logging_mixin.py:115} INFO - [2024-12-04 11:43:33,517] {utils.py:145} INFO - Note: NumExpr detected 64 cores but "NUMEXPR_MAX_THREADS" not set, so enforcing safe limit of 8.
[2024-12-04 11:43:33,518] {logging_mixin.py:115} INFO - [2024-12-04 11:43:33,518] {utils.py:157} INFO - NumExpr defaulting to 8 threads.
[2024-12-04 11:43:33,688] {logging_mixin.py:115} INFO - [2024-12-04 11:43:33,687] {dagbag.py:321} ERROR - Failed to import: /home/airflow/dags/Lead_scoring_training_pipeline/utils.py
Traceback (most recent call last):
  File "/opt/conda/lib/python3.8/site-packages/airflow/models/dagbag.py", line 318, in parse
    loader.exec_module(new_module)
  File "<frozen importlib._bootstrap_external>", line 843, in exec_module
  File "<frozen importlib._bootstrap>", line 219, in _call_with_frames_removed
  File "/home/airflow/dags/Lead_scoring_training_pipeline/utils.py", line 16, in <module>
    from Lead_scoring_inference_pipeline.constants import *
ModuleNotFoundError: No module named 'Lead_scoring_inference_pipeline'
[2024-12-04 11:43:33,691] {processor.py:653} WARNING - No viable dags retrieved from /home/airflow/dags/Lead_scoring_training_pipeline/utils.py
[2024-12-04 11:43:33,711] {processor.py:161} INFO - Processing /home/airflow/dags/Lead_scoring_training_pipeline/utils.py took 0.926 seconds
[2024-12-04 11:44:09,784] {processor.py:153} INFO - Started process (PID=6622) to work on /home/airflow/dags/Lead_scoring_training_pipeline/utils.py
[2024-12-04 11:44:09,785] {processor.py:641} INFO - Processing file /home/airflow/dags/Lead_scoring_training_pipeline/utils.py for tasks to queue
[2024-12-04 11:44:09,786] {logging_mixin.py:115} INFO - [2024-12-04 11:44:09,786] {dagbag.py:508} INFO - Filling up the DagBag from /home/airflow/dags/Lead_scoring_training_pipeline/utils.py
[2024-12-04 11:44:10,504] {logging_mixin.py:115} INFO - [2024-12-04 11:44:10,504] {utils.py:145} INFO - Note: NumExpr detected 64 cores but "NUMEXPR_MAX_THREADS" not set, so enforcing safe limit of 8.
[2024-12-04 11:44:10,504] {logging_mixin.py:115} INFO - [2024-12-04 11:44:10,504] {utils.py:157} INFO - NumExpr defaulting to 8 threads.
[2024-12-04 11:44:10,677] {logging_mixin.py:115} INFO - [2024-12-04 11:44:10,676] {dagbag.py:321} ERROR - Failed to import: /home/airflow/dags/Lead_scoring_training_pipeline/utils.py
Traceback (most recent call last):
  File "/opt/conda/lib/python3.8/site-packages/airflow/models/dagbag.py", line 318, in parse
    loader.exec_module(new_module)
  File "<frozen importlib._bootstrap_external>", line 843, in exec_module
  File "<frozen importlib._bootstrap>", line 219, in _call_with_frames_removed
  File "/home/airflow/dags/Lead_scoring_training_pipeline/utils.py", line 16, in <module>
    from Lead_scoring_inference_pipeline.constants import *
ModuleNotFoundError: No module named 'Lead_scoring_inference_pipeline'
[2024-12-04 11:44:10,680] {processor.py:653} WARNING - No viable dags retrieved from /home/airflow/dags/Lead_scoring_training_pipeline/utils.py
[2024-12-04 11:44:10,697] {processor.py:161} INFO - Processing /home/airflow/dags/Lead_scoring_training_pipeline/utils.py took 0.916 seconds
[2024-12-04 11:44:45,841] {processor.py:153} INFO - Started process (PID=6674) to work on /home/airflow/dags/Lead_scoring_training_pipeline/utils.py
[2024-12-04 11:44:45,843] {processor.py:641} INFO - Processing file /home/airflow/dags/Lead_scoring_training_pipeline/utils.py for tasks to queue
[2024-12-04 11:44:45,843] {logging_mixin.py:115} INFO - [2024-12-04 11:44:45,843] {dagbag.py:508} INFO - Filling up the DagBag from /home/airflow/dags/Lead_scoring_training_pipeline/utils.py
[2024-12-04 11:44:46,540] {logging_mixin.py:115} INFO - [2024-12-04 11:44:46,540] {utils.py:145} INFO - Note: NumExpr detected 64 cores but "NUMEXPR_MAX_THREADS" not set, so enforcing safe limit of 8.
[2024-12-04 11:44:46,540] {logging_mixin.py:115} INFO - [2024-12-04 11:44:46,540] {utils.py:157} INFO - NumExpr defaulting to 8 threads.
[2024-12-04 11:44:46,707] {logging_mixin.py:115} INFO - [2024-12-04 11:44:46,706] {dagbag.py:321} ERROR - Failed to import: /home/airflow/dags/Lead_scoring_training_pipeline/utils.py
Traceback (most recent call last):
  File "/opt/conda/lib/python3.8/site-packages/airflow/models/dagbag.py", line 318, in parse
    loader.exec_module(new_module)
  File "<frozen importlib._bootstrap_external>", line 843, in exec_module
  File "<frozen importlib._bootstrap>", line 219, in _call_with_frames_removed
  File "/home/airflow/dags/Lead_scoring_training_pipeline/utils.py", line 16, in <module>
    from Lead_scoring_inference_pipeline.constants import *
ModuleNotFoundError: No module named 'Lead_scoring_inference_pipeline'
[2024-12-04 11:44:46,710] {processor.py:653} WARNING - No viable dags retrieved from /home/airflow/dags/Lead_scoring_training_pipeline/utils.py
[2024-12-04 11:44:46,732] {processor.py:161} INFO - Processing /home/airflow/dags/Lead_scoring_training_pipeline/utils.py took 0.894 seconds
[2024-12-04 11:45:17,457] {processor.py:153} INFO - Started process (PID=6721) to work on /home/airflow/dags/Lead_scoring_training_pipeline/utils.py
[2024-12-04 11:45:17,459] {processor.py:641} INFO - Processing file /home/airflow/dags/Lead_scoring_training_pipeline/utils.py for tasks to queue
[2024-12-04 11:45:17,459] {logging_mixin.py:115} INFO - [2024-12-04 11:45:17,459] {dagbag.py:508} INFO - Filling up the DagBag from /home/airflow/dags/Lead_scoring_training_pipeline/utils.py
[2024-12-04 11:45:18,140] {logging_mixin.py:115} INFO - [2024-12-04 11:45:18,140] {utils.py:145} INFO - Note: NumExpr detected 64 cores but "NUMEXPR_MAX_THREADS" not set, so enforcing safe limit of 8.
[2024-12-04 11:45:18,140] {logging_mixin.py:115} INFO - [2024-12-04 11:45:18,140] {utils.py:157} INFO - NumExpr defaulting to 8 threads.
[2024-12-04 11:45:18,309] {logging_mixin.py:115} INFO - [2024-12-04 11:45:18,308] {dagbag.py:321} ERROR - Failed to import: /home/airflow/dags/Lead_scoring_training_pipeline/utils.py
Traceback (most recent call last):
  File "/opt/conda/lib/python3.8/site-packages/airflow/models/dagbag.py", line 318, in parse
    loader.exec_module(new_module)
  File "<frozen importlib._bootstrap_external>", line 843, in exec_module
  File "<frozen importlib._bootstrap>", line 219, in _call_with_frames_removed
  File "/home/airflow/dags/Lead_scoring_training_pipeline/utils.py", line 16, in <module>
    from Lead_scoring_inference_pipeline.constants import *
ModuleNotFoundError: No module named 'Lead_scoring_inference_pipeline'
[2024-12-04 11:45:18,312] {processor.py:653} WARNING - No viable dags retrieved from /home/airflow/dags/Lead_scoring_training_pipeline/utils.py
[2024-12-04 11:45:18,332] {processor.py:161} INFO - Processing /home/airflow/dags/Lead_scoring_training_pipeline/utils.py took 0.878 seconds
[2024-12-04 11:45:38,880] {processor.py:153} INFO - Started process (PID=6757) to work on /home/airflow/dags/Lead_scoring_training_pipeline/utils.py
[2024-12-04 11:45:38,880] {processor.py:641} INFO - Processing file /home/airflow/dags/Lead_scoring_training_pipeline/utils.py for tasks to queue
[2024-12-04 11:45:38,880] {logging_mixin.py:115} INFO - [2024-12-04 11:45:38,880] {dagbag.py:508} INFO - Filling up the DagBag from /home/airflow/dags/Lead_scoring_training_pipeline/utils.py
[2024-12-04 11:45:38,889] {logging_mixin.py:115} INFO - [2024-12-04 11:45:38,888] {dagbag.py:321} ERROR - Failed to import: /home/airflow/dags/Lead_scoring_training_pipeline/utils.py
Traceback (most recent call last):
  File "/opt/conda/lib/python3.8/site-packages/airflow/models/dagbag.py", line 318, in parse
    loader.exec_module(new_module)
  File "<frozen importlib._bootstrap_external>", line 843, in exec_module
  File "<frozen importlib._bootstrap>", line 219, in _call_with_frames_removed
  File "/home/airflow/dags/Lead_scoring_training_pipeline/utils.py", line 36, in <module>
    utils = module_from_file("utils", "/home/airflow/dags/Lead_scoring_inference_pipeline/utils.py")
  File "/home/airflow/dags/Lead_scoring_training_pipeline/utils.py", line 33, in module_from_file
    spec.loader.exec_module(module)
  File "<frozen importlib._bootstrap_external>", line 839, in exec_module
  File "<frozen importlib._bootstrap_external>", line 975, in get_code
  File "<frozen importlib._bootstrap_external>", line 1032, in get_data
FileNotFoundError: [Errno 2] No such file or directory: '/home/airflow/dags/Lead_scoring_inference_pipeline/utils.py'
[2024-12-04 11:45:38,889] {processor.py:653} WARNING - No viable dags retrieved from /home/airflow/dags/Lead_scoring_training_pipeline/utils.py
[2024-12-04 11:45:38,917] {processor.py:161} INFO - Processing /home/airflow/dags/Lead_scoring_training_pipeline/utils.py took 0.040 seconds
[2024-12-04 11:46:15,275] {processor.py:153} INFO - Started process (PID=6794) to work on /home/airflow/dags/Lead_scoring_training_pipeline/utils.py
[2024-12-04 11:46:15,277] {processor.py:641} INFO - Processing file /home/airflow/dags/Lead_scoring_training_pipeline/utils.py for tasks to queue
[2024-12-04 11:46:15,277] {logging_mixin.py:115} INFO - [2024-12-04 11:46:15,277] {dagbag.py:508} INFO - Filling up the DagBag from /home/airflow/dags/Lead_scoring_training_pipeline/utils.py
[2024-12-04 11:46:15,991] {logging_mixin.py:115} INFO - [2024-12-04 11:46:15,991] {utils.py:145} INFO - Note: NumExpr detected 64 cores but "NUMEXPR_MAX_THREADS" not set, so enforcing safe limit of 8.
[2024-12-04 11:46:15,991] {logging_mixin.py:115} INFO - [2024-12-04 11:46:15,991] {utils.py:157} INFO - NumExpr defaulting to 8 threads.
[2024-12-04 11:46:16,161] {processor.py:653} WARNING - No viable dags retrieved from /home/airflow/dags/Lead_scoring_training_pipeline/utils.py
[2024-12-04 11:46:16,180] {processor.py:161} INFO - Processing /home/airflow/dags/Lead_scoring_training_pipeline/utils.py took 0.907 seconds
[2024-12-04 11:46:53,445] {processor.py:153} INFO - Started process (PID=6847) to work on /home/airflow/dags/Lead_scoring_training_pipeline/utils.py
[2024-12-04 11:46:53,446] {processor.py:641} INFO - Processing file /home/airflow/dags/Lead_scoring_training_pipeline/utils.py for tasks to queue
[2024-12-04 11:46:53,446] {logging_mixin.py:115} INFO - [2024-12-04 11:46:53,446] {dagbag.py:508} INFO - Filling up the DagBag from /home/airflow/dags/Lead_scoring_training_pipeline/utils.py
[2024-12-04 11:46:54,135] {logging_mixin.py:115} INFO - [2024-12-04 11:46:54,135] {utils.py:145} INFO - Note: NumExpr detected 64 cores but "NUMEXPR_MAX_THREADS" not set, so enforcing safe limit of 8.
[2024-12-04 11:46:54,135] {logging_mixin.py:115} INFO - [2024-12-04 11:46:54,135] {utils.py:157} INFO - NumExpr defaulting to 8 threads.
[2024-12-04 11:46:54,303] {processor.py:653} WARNING - No viable dags retrieved from /home/airflow/dags/Lead_scoring_training_pipeline/utils.py
[2024-12-04 11:46:54,312] {processor.py:161} INFO - Processing /home/airflow/dags/Lead_scoring_training_pipeline/utils.py took 0.870 seconds
[2024-12-04 11:47:32,816] {processor.py:153} INFO - Started process (PID=6901) to work on /home/airflow/dags/Lead_scoring_training_pipeline/utils.py
[2024-12-04 11:47:32,818] {processor.py:641} INFO - Processing file /home/airflow/dags/Lead_scoring_training_pipeline/utils.py for tasks to queue
[2024-12-04 11:47:32,818] {logging_mixin.py:115} INFO - [2024-12-04 11:47:32,818] {dagbag.py:508} INFO - Filling up the DagBag from /home/airflow/dags/Lead_scoring_training_pipeline/utils.py
[2024-12-04 11:47:33,539] {logging_mixin.py:115} INFO - [2024-12-04 11:47:33,539] {utils.py:145} INFO - Note: NumExpr detected 64 cores but "NUMEXPR_MAX_THREADS" not set, so enforcing safe limit of 8.
[2024-12-04 11:47:33,539] {logging_mixin.py:115} INFO - [2024-12-04 11:47:33,539] {utils.py:157} INFO - NumExpr defaulting to 8 threads.
[2024-12-04 11:47:33,713] {processor.py:653} WARNING - No viable dags retrieved from /home/airflow/dags/Lead_scoring_training_pipeline/utils.py
[2024-12-04 11:47:33,722] {processor.py:161} INFO - Processing /home/airflow/dags/Lead_scoring_training_pipeline/utils.py took 0.909 seconds
[2024-12-04 11:48:08,883] {processor.py:153} INFO - Started process (PID=6955) to work on /home/airflow/dags/Lead_scoring_training_pipeline/utils.py
[2024-12-04 11:48:08,885] {processor.py:641} INFO - Processing file /home/airflow/dags/Lead_scoring_training_pipeline/utils.py for tasks to queue
[2024-12-04 11:48:08,885] {logging_mixin.py:115} INFO - [2024-12-04 11:48:08,885] {dagbag.py:508} INFO - Filling up the DagBag from /home/airflow/dags/Lead_scoring_training_pipeline/utils.py
[2024-12-04 11:48:09,604] {logging_mixin.py:115} INFO - [2024-12-04 11:48:09,604] {utils.py:145} INFO - Note: NumExpr detected 64 cores but "NUMEXPR_MAX_THREADS" not set, so enforcing safe limit of 8.
[2024-12-04 11:48:09,604] {logging_mixin.py:115} INFO - [2024-12-04 11:48:09,604] {utils.py:157} INFO - NumExpr defaulting to 8 threads.
[2024-12-04 11:48:09,778] {processor.py:653} WARNING - No viable dags retrieved from /home/airflow/dags/Lead_scoring_training_pipeline/utils.py
[2024-12-04 11:48:09,786] {processor.py:161} INFO - Processing /home/airflow/dags/Lead_scoring_training_pipeline/utils.py took 0.906 seconds
