[2024-12-04 10:52:44,468] {processor.py:153} INFO - Started process (PID=3855) to work on /opt/conda/lib/python3.8/site-packages/airflow/example_dags/example_complex.py
[2024-12-04 10:52:44,469] {processor.py:641} INFO - Processing file /opt/conda/lib/python3.8/site-packages/airflow/example_dags/example_complex.py for tasks to queue
[2024-12-04 10:52:44,469] {logging_mixin.py:115} INFO - [2024-12-04 10:52:44,469] {dagbag.py:508} INFO - Filling up the DagBag from /opt/conda/lib/python3.8/site-packages/airflow/example_dags/example_complex.py
[2024-12-04 10:52:44,482] {processor.py:651} INFO - DAG(s) dict_keys(['example_complex']) retrieved from /opt/conda/lib/python3.8/site-packages/airflow/example_dags/example_complex.py
[2024-12-04 10:52:44,595] {logging_mixin.py:115} INFO - [2024-12-04 10:52:44,594] {manager.py:508} INFO - Created Permission View: can read on DAG:example_complex
[2024-12-04 10:52:44,610] {logging_mixin.py:115} INFO - [2024-12-04 10:52:44,610] {manager.py:508} INFO - Created Permission View: can delete on DAG:example_complex
[2024-12-04 10:52:44,622] {logging_mixin.py:115} INFO - [2024-12-04 10:52:44,622] {manager.py:508} INFO - Created Permission View: can edit on DAG:example_complex
[2024-12-04 10:52:44,622] {logging_mixin.py:115} INFO - [2024-12-04 10:52:44,622] {dag.py:2420} INFO - Sync 1 DAGs
[2024-12-04 10:52:44,629] {logging_mixin.py:115} INFO - [2024-12-04 10:52:44,629] {dag.py:2439} INFO - Creating ORM DAG for example_complex
[2024-12-04 10:52:44,635] {logging_mixin.py:115} INFO - [2024-12-04 10:52:44,635] {dag.py:2968} INFO - Setting next_dagrun for example_complex to None, run_after=None
[2024-12-04 10:52:44,671] {processor.py:161} INFO - Processing /opt/conda/lib/python3.8/site-packages/airflow/example_dags/example_complex.py took 0.206 seconds
[2024-12-04 11:23:49,673] {processor.py:153} INFO - Started process (PID=4010) to work on /opt/conda/lib/python3.8/site-packages/airflow/example_dags/example_complex.py
[2024-12-04 11:23:49,675] {processor.py:641} INFO - Processing file /opt/conda/lib/python3.8/site-packages/airflow/example_dags/example_complex.py for tasks to queue
[2024-12-04 11:23:49,676] {logging_mixin.py:115} INFO - [2024-12-04 11:23:49,676] {dagbag.py:508} INFO - Filling up the DagBag from /opt/conda/lib/python3.8/site-packages/airflow/example_dags/example_complex.py
[2024-12-04 11:23:49,689] {processor.py:651} INFO - DAG(s) dict_keys(['example_complex']) retrieved from /opt/conda/lib/python3.8/site-packages/airflow/example_dags/example_complex.py
[2024-12-04 11:23:49,711] {logging_mixin.py:115} INFO - [2024-12-04 11:23:49,711] {dag.py:2420} INFO - Sync 1 DAGs
[2024-12-04 11:23:49,730] {logging_mixin.py:115} INFO - [2024-12-04 11:23:49,730] {dag.py:2968} INFO - Setting next_dagrun for example_complex to None, run_after=None
[2024-12-04 11:23:49,750] {processor.py:161} INFO - Processing /opt/conda/lib/python3.8/site-packages/airflow/example_dags/example_complex.py took 0.081 seconds
[2024-12-04 11:24:30,368] {processor.py:153} INFO - Started process (PID=4237) to work on /opt/conda/lib/python3.8/site-packages/airflow/example_dags/example_complex.py
[2024-12-04 11:24:30,370] {processor.py:641} INFO - Processing file /opt/conda/lib/python3.8/site-packages/airflow/example_dags/example_complex.py for tasks to queue
[2024-12-04 11:24:30,371] {logging_mixin.py:115} INFO - [2024-12-04 11:24:30,371] {dagbag.py:508} INFO - Filling up the DagBag from /opt/conda/lib/python3.8/site-packages/airflow/example_dags/example_complex.py
[2024-12-04 11:24:30,383] {processor.py:651} INFO - DAG(s) dict_keys(['example_complex']) retrieved from /opt/conda/lib/python3.8/site-packages/airflow/example_dags/example_complex.py
[2024-12-04 11:24:30,405] {logging_mixin.py:115} INFO - [2024-12-04 11:24:30,405] {dag.py:2420} INFO - Sync 1 DAGs
[2024-12-04 11:24:30,422] {logging_mixin.py:115} INFO - [2024-12-04 11:24:30,422] {dag.py:2968} INFO - Setting next_dagrun for example_complex to None, run_after=None
[2024-12-04 11:24:30,441] {processor.py:161} INFO - Processing /opt/conda/lib/python3.8/site-packages/airflow/example_dags/example_complex.py took 0.076 seconds
[2024-12-04 11:25:10,632] {processor.py:153} INFO - Started process (PID=4300) to work on /opt/conda/lib/python3.8/site-packages/airflow/example_dags/example_complex.py
[2024-12-04 11:25:10,634] {processor.py:641} INFO - Processing file /opt/conda/lib/python3.8/site-packages/airflow/example_dags/example_complex.py for tasks to queue
[2024-12-04 11:25:10,635] {logging_mixin.py:115} INFO - [2024-12-04 11:25:10,634] {dagbag.py:508} INFO - Filling up the DagBag from /opt/conda/lib/python3.8/site-packages/airflow/example_dags/example_complex.py
[2024-12-04 11:25:10,647] {processor.py:651} INFO - DAG(s) dict_keys(['example_complex']) retrieved from /opt/conda/lib/python3.8/site-packages/airflow/example_dags/example_complex.py
[2024-12-04 11:25:10,668] {logging_mixin.py:115} INFO - [2024-12-04 11:25:10,667] {dag.py:2420} INFO - Sync 1 DAGs
[2024-12-04 11:25:10,685] {logging_mixin.py:115} INFO - [2024-12-04 11:25:10,685] {dag.py:2968} INFO - Setting next_dagrun for example_complex to None, run_after=None
[2024-12-04 11:25:10,706] {processor.py:161} INFO - Processing /opt/conda/lib/python3.8/site-packages/airflow/example_dags/example_complex.py took 0.077 seconds
[2024-12-04 11:25:49,921] {processor.py:153} INFO - Started process (PID=4539) to work on /opt/conda/lib/python3.8/site-packages/airflow/example_dags/example_complex.py
[2024-12-04 11:25:49,923] {processor.py:641} INFO - Processing file /opt/conda/lib/python3.8/site-packages/airflow/example_dags/example_complex.py for tasks to queue
[2024-12-04 11:25:49,924] {logging_mixin.py:115} INFO - [2024-12-04 11:25:49,924] {dagbag.py:508} INFO - Filling up the DagBag from /opt/conda/lib/python3.8/site-packages/airflow/example_dags/example_complex.py
[2024-12-04 11:25:49,936] {processor.py:651} INFO - DAG(s) dict_keys(['example_complex']) retrieved from /opt/conda/lib/python3.8/site-packages/airflow/example_dags/example_complex.py
[2024-12-04 11:25:49,958] {logging_mixin.py:115} INFO - [2024-12-04 11:25:49,957] {dag.py:2420} INFO - Sync 1 DAGs
[2024-12-04 11:25:49,975] {logging_mixin.py:115} INFO - [2024-12-04 11:25:49,975] {dag.py:2968} INFO - Setting next_dagrun for example_complex to None, run_after=None
[2024-12-04 11:25:49,996] {processor.py:161} INFO - Processing /opt/conda/lib/python3.8/site-packages/airflow/example_dags/example_complex.py took 0.078 seconds
[2024-12-04 11:26:31,516] {processor.py:153} INFO - Started process (PID=4624) to work on /opt/conda/lib/python3.8/site-packages/airflow/example_dags/example_complex.py
[2024-12-04 11:26:31,518] {processor.py:641} INFO - Processing file /opt/conda/lib/python3.8/site-packages/airflow/example_dags/example_complex.py for tasks to queue
[2024-12-04 11:26:31,518] {logging_mixin.py:115} INFO - [2024-12-04 11:26:31,518] {dagbag.py:508} INFO - Filling up the DagBag from /opt/conda/lib/python3.8/site-packages/airflow/example_dags/example_complex.py
[2024-12-04 11:26:31,531] {processor.py:651} INFO - DAG(s) dict_keys(['example_complex']) retrieved from /opt/conda/lib/python3.8/site-packages/airflow/example_dags/example_complex.py
[2024-12-04 11:26:31,552] {logging_mixin.py:115} INFO - [2024-12-04 11:26:31,552] {dag.py:2420} INFO - Sync 1 DAGs
[2024-12-04 11:26:31,566] {logging_mixin.py:115} INFO - [2024-12-04 11:26:31,566] {dag.py:2968} INFO - Setting next_dagrun for example_complex to None, run_after=None
[2024-12-04 11:26:31,584] {processor.py:161} INFO - Processing /opt/conda/lib/python3.8/site-packages/airflow/example_dags/example_complex.py took 0.071 seconds
[2024-12-04 11:27:13,724] {processor.py:153} INFO - Started process (PID=4693) to work on /opt/conda/lib/python3.8/site-packages/airflow/example_dags/example_complex.py
[2024-12-04 11:27:13,726] {processor.py:641} INFO - Processing file /opt/conda/lib/python3.8/site-packages/airflow/example_dags/example_complex.py for tasks to queue
[2024-12-04 11:27:13,726] {logging_mixin.py:115} INFO - [2024-12-04 11:27:13,726] {dagbag.py:508} INFO - Filling up the DagBag from /opt/conda/lib/python3.8/site-packages/airflow/example_dags/example_complex.py
[2024-12-04 11:27:13,739] {processor.py:651} INFO - DAG(s) dict_keys(['example_complex']) retrieved from /opt/conda/lib/python3.8/site-packages/airflow/example_dags/example_complex.py
[2024-12-04 11:27:13,760] {logging_mixin.py:115} INFO - [2024-12-04 11:27:13,760] {dag.py:2420} INFO - Sync 1 DAGs
[2024-12-04 11:27:13,778] {logging_mixin.py:115} INFO - [2024-12-04 11:27:13,778] {dag.py:2968} INFO - Setting next_dagrun for example_complex to None, run_after=None
[2024-12-04 11:27:13,797] {processor.py:161} INFO - Processing /opt/conda/lib/python3.8/site-packages/airflow/example_dags/example_complex.py took 0.076 seconds
[2024-12-04 11:28:00,538] {processor.py:153} INFO - Started process (PID=4812) to work on /opt/conda/lib/python3.8/site-packages/airflow/example_dags/example_complex.py
[2024-12-04 11:28:00,540] {processor.py:641} INFO - Processing file /opt/conda/lib/python3.8/site-packages/airflow/example_dags/example_complex.py for tasks to queue
[2024-12-04 11:28:00,540] {logging_mixin.py:115} INFO - [2024-12-04 11:28:00,540] {dagbag.py:508} INFO - Filling up the DagBag from /opt/conda/lib/python3.8/site-packages/airflow/example_dags/example_complex.py
[2024-12-04 11:28:00,553] {processor.py:651} INFO - DAG(s) dict_keys(['example_complex']) retrieved from /opt/conda/lib/python3.8/site-packages/airflow/example_dags/example_complex.py
[2024-12-04 11:28:00,574] {logging_mixin.py:115} INFO - [2024-12-04 11:28:00,574] {dag.py:2420} INFO - Sync 1 DAGs
[2024-12-04 11:28:00,592] {logging_mixin.py:115} INFO - [2024-12-04 11:28:00,592] {dag.py:2968} INFO - Setting next_dagrun for example_complex to None, run_after=None
[2024-12-04 11:28:00,611] {processor.py:161} INFO - Processing /opt/conda/lib/python3.8/site-packages/airflow/example_dags/example_complex.py took 0.076 seconds
[2024-12-04 11:28:46,017] {processor.py:153} INFO - Started process (PID=4879) to work on /opt/conda/lib/python3.8/site-packages/airflow/example_dags/example_complex.py
[2024-12-04 11:28:46,019] {processor.py:641} INFO - Processing file /opt/conda/lib/python3.8/site-packages/airflow/example_dags/example_complex.py for tasks to queue
[2024-12-04 11:28:46,019] {logging_mixin.py:115} INFO - [2024-12-04 11:28:46,019] {dagbag.py:508} INFO - Filling up the DagBag from /opt/conda/lib/python3.8/site-packages/airflow/example_dags/example_complex.py
[2024-12-04 11:28:46,032] {processor.py:651} INFO - DAG(s) dict_keys(['example_complex']) retrieved from /opt/conda/lib/python3.8/site-packages/airflow/example_dags/example_complex.py
[2024-12-04 11:28:46,053] {logging_mixin.py:115} INFO - [2024-12-04 11:28:46,053] {dag.py:2420} INFO - Sync 1 DAGs
[2024-12-04 11:28:46,070] {logging_mixin.py:115} INFO - [2024-12-04 11:28:46,070] {dag.py:2968} INFO - Setting next_dagrun for example_complex to None, run_after=None
[2024-12-04 11:28:46,092] {processor.py:161} INFO - Processing /opt/conda/lib/python3.8/site-packages/airflow/example_dags/example_complex.py took 0.078 seconds
[2024-12-04 11:29:32,691] {processor.py:153} INFO - Started process (PID=4952) to work on /opt/conda/lib/python3.8/site-packages/airflow/example_dags/example_complex.py
[2024-12-04 11:29:32,693] {processor.py:641} INFO - Processing file /opt/conda/lib/python3.8/site-packages/airflow/example_dags/example_complex.py for tasks to queue
[2024-12-04 11:29:32,693] {logging_mixin.py:115} INFO - [2024-12-04 11:29:32,693] {dagbag.py:508} INFO - Filling up the DagBag from /opt/conda/lib/python3.8/site-packages/airflow/example_dags/example_complex.py
[2024-12-04 11:29:32,705] {processor.py:651} INFO - DAG(s) dict_keys(['example_complex']) retrieved from /opt/conda/lib/python3.8/site-packages/airflow/example_dags/example_complex.py
[2024-12-04 11:29:32,723] {logging_mixin.py:115} INFO - [2024-12-04 11:29:32,723] {dag.py:2420} INFO - Sync 1 DAGs
[2024-12-04 11:29:32,736] {logging_mixin.py:115} INFO - [2024-12-04 11:29:32,736] {dag.py:2968} INFO - Setting next_dagrun for example_complex to None, run_after=None
[2024-12-04 11:29:32,754] {processor.py:161} INFO - Processing /opt/conda/lib/python3.8/site-packages/airflow/example_dags/example_complex.py took 0.066 seconds
[2024-12-04 11:30:16,621] {processor.py:153} INFO - Started process (PID=5032) to work on /opt/conda/lib/python3.8/site-packages/airflow/example_dags/example_complex.py
[2024-12-04 11:30:16,622] {processor.py:641} INFO - Processing file /opt/conda/lib/python3.8/site-packages/airflow/example_dags/example_complex.py for tasks to queue
[2024-12-04 11:30:16,623] {logging_mixin.py:115} INFO - [2024-12-04 11:30:16,623] {dagbag.py:508} INFO - Filling up the DagBag from /opt/conda/lib/python3.8/site-packages/airflow/example_dags/example_complex.py
[2024-12-04 11:30:16,636] {processor.py:651} INFO - DAG(s) dict_keys(['example_complex']) retrieved from /opt/conda/lib/python3.8/site-packages/airflow/example_dags/example_complex.py
[2024-12-04 11:30:16,656] {logging_mixin.py:115} INFO - [2024-12-04 11:30:16,656] {dag.py:2420} INFO - Sync 1 DAGs
[2024-12-04 11:30:16,673] {logging_mixin.py:115} INFO - [2024-12-04 11:30:16,673] {dag.py:2968} INFO - Setting next_dagrun for example_complex to None, run_after=None
[2024-12-04 11:30:16,692] {processor.py:161} INFO - Processing /opt/conda/lib/python3.8/site-packages/airflow/example_dags/example_complex.py took 0.075 seconds
[2024-12-04 11:31:01,687] {processor.py:153} INFO - Started process (PID=5119) to work on /opt/conda/lib/python3.8/site-packages/airflow/example_dags/example_complex.py
[2024-12-04 11:31:01,689] {processor.py:641} INFO - Processing file /opt/conda/lib/python3.8/site-packages/airflow/example_dags/example_complex.py for tasks to queue
[2024-12-04 11:31:01,690] {logging_mixin.py:115} INFO - [2024-12-04 11:31:01,690] {dagbag.py:508} INFO - Filling up the DagBag from /opt/conda/lib/python3.8/site-packages/airflow/example_dags/example_complex.py
[2024-12-04 11:31:01,701] {processor.py:651} INFO - DAG(s) dict_keys(['example_complex']) retrieved from /opt/conda/lib/python3.8/site-packages/airflow/example_dags/example_complex.py
[2024-12-04 11:31:01,719] {logging_mixin.py:115} INFO - [2024-12-04 11:31:01,719] {dag.py:2420} INFO - Sync 1 DAGs
[2024-12-04 11:31:01,732] {logging_mixin.py:115} INFO - [2024-12-04 11:31:01,732] {dag.py:2968} INFO - Setting next_dagrun for example_complex to None, run_after=None
[2024-12-04 11:31:01,751] {processor.py:161} INFO - Processing /opt/conda/lib/python3.8/site-packages/airflow/example_dags/example_complex.py took 0.067 seconds
[2024-12-04 11:31:49,009] {processor.py:153} INFO - Started process (PID=5230) to work on /opt/conda/lib/python3.8/site-packages/airflow/example_dags/example_complex.py
[2024-12-04 11:31:49,011] {processor.py:641} INFO - Processing file /opt/conda/lib/python3.8/site-packages/airflow/example_dags/example_complex.py for tasks to queue
[2024-12-04 11:31:49,011] {logging_mixin.py:115} INFO - [2024-12-04 11:31:49,011] {dagbag.py:508} INFO - Filling up the DagBag from /opt/conda/lib/python3.8/site-packages/airflow/example_dags/example_complex.py
[2024-12-04 11:31:49,024] {processor.py:651} INFO - DAG(s) dict_keys(['example_complex']) retrieved from /opt/conda/lib/python3.8/site-packages/airflow/example_dags/example_complex.py
[2024-12-04 11:31:49,044] {logging_mixin.py:115} INFO - [2024-12-04 11:31:49,044] {dag.py:2420} INFO - Sync 1 DAGs
[2024-12-04 11:31:49,059] {logging_mixin.py:115} INFO - [2024-12-04 11:31:49,059] {dag.py:2968} INFO - Setting next_dagrun for example_complex to None, run_after=None
[2024-12-04 11:31:49,078] {processor.py:161} INFO - Processing /opt/conda/lib/python3.8/site-packages/airflow/example_dags/example_complex.py took 0.072 seconds
[2024-12-04 11:32:30,828] {processor.py:153} INFO - Started process (PID=5513) to work on /opt/conda/lib/python3.8/site-packages/airflow/example_dags/example_complex.py
[2024-12-04 11:32:30,830] {processor.py:641} INFO - Processing file /opt/conda/lib/python3.8/site-packages/airflow/example_dags/example_complex.py for tasks to queue
[2024-12-04 11:32:30,830] {logging_mixin.py:115} INFO - [2024-12-04 11:32:30,830] {dagbag.py:508} INFO - Filling up the DagBag from /opt/conda/lib/python3.8/site-packages/airflow/example_dags/example_complex.py
[2024-12-04 11:32:30,843] {processor.py:651} INFO - DAG(s) dict_keys(['example_complex']) retrieved from /opt/conda/lib/python3.8/site-packages/airflow/example_dags/example_complex.py
[2024-12-04 11:32:30,864] {logging_mixin.py:115} INFO - [2024-12-04 11:32:30,864] {dag.py:2420} INFO - Sync 1 DAGs
[2024-12-04 11:32:30,882] {logging_mixin.py:115} INFO - [2024-12-04 11:32:30,882] {dag.py:2968} INFO - Setting next_dagrun for example_complex to None, run_after=None
[2024-12-04 11:32:30,902] {processor.py:161} INFO - Processing /opt/conda/lib/python3.8/site-packages/airflow/example_dags/example_complex.py took 0.077 seconds
[2024-12-04 11:33:16,697] {processor.py:153} INFO - Started process (PID=5586) to work on /opt/conda/lib/python3.8/site-packages/airflow/example_dags/example_complex.py
[2024-12-04 11:33:16,698] {processor.py:641} INFO - Processing file /opt/conda/lib/python3.8/site-packages/airflow/example_dags/example_complex.py for tasks to queue
[2024-12-04 11:33:16,699] {logging_mixin.py:115} INFO - [2024-12-04 11:33:16,699] {dagbag.py:508} INFO - Filling up the DagBag from /opt/conda/lib/python3.8/site-packages/airflow/example_dags/example_complex.py
[2024-12-04 11:33:16,711] {processor.py:651} INFO - DAG(s) dict_keys(['example_complex']) retrieved from /opt/conda/lib/python3.8/site-packages/airflow/example_dags/example_complex.py
[2024-12-04 11:33:16,728] {logging_mixin.py:115} INFO - [2024-12-04 11:33:16,728] {dag.py:2420} INFO - Sync 1 DAGs
[2024-12-04 11:33:16,741] {logging_mixin.py:115} INFO - [2024-12-04 11:33:16,741] {dag.py:2968} INFO - Setting next_dagrun for example_complex to None, run_after=None
[2024-12-04 11:33:16,760] {processor.py:161} INFO - Processing /opt/conda/lib/python3.8/site-packages/airflow/example_dags/example_complex.py took 0.066 seconds
[2024-12-04 11:33:59,572] {processor.py:153} INFO - Started process (PID=5658) to work on /opt/conda/lib/python3.8/site-packages/airflow/example_dags/example_complex.py
[2024-12-04 11:33:59,574] {processor.py:641} INFO - Processing file /opt/conda/lib/python3.8/site-packages/airflow/example_dags/example_complex.py for tasks to queue
[2024-12-04 11:33:59,574] {logging_mixin.py:115} INFO - [2024-12-04 11:33:59,574] {dagbag.py:508} INFO - Filling up the DagBag from /opt/conda/lib/python3.8/site-packages/airflow/example_dags/example_complex.py
[2024-12-04 11:33:59,586] {processor.py:651} INFO - DAG(s) dict_keys(['example_complex']) retrieved from /opt/conda/lib/python3.8/site-packages/airflow/example_dags/example_complex.py
[2024-12-04 11:33:59,603] {logging_mixin.py:115} INFO - [2024-12-04 11:33:59,603] {dag.py:2420} INFO - Sync 1 DAGs
[2024-12-04 11:33:59,617] {logging_mixin.py:115} INFO - [2024-12-04 11:33:59,617] {dag.py:2968} INFO - Setting next_dagrun for example_complex to None, run_after=None
[2024-12-04 11:33:59,637] {processor.py:161} INFO - Processing /opt/conda/lib/python3.8/site-packages/airflow/example_dags/example_complex.py took 0.068 seconds
[2024-12-04 11:34:47,792] {processor.py:153} INFO - Started process (PID=5733) to work on /opt/conda/lib/python3.8/site-packages/airflow/example_dags/example_complex.py
[2024-12-04 11:34:47,794] {processor.py:641} INFO - Processing file /opt/conda/lib/python3.8/site-packages/airflow/example_dags/example_complex.py for tasks to queue
[2024-12-04 11:34:47,795] {logging_mixin.py:115} INFO - [2024-12-04 11:34:47,795] {dagbag.py:508} INFO - Filling up the DagBag from /opt/conda/lib/python3.8/site-packages/airflow/example_dags/example_complex.py
[2024-12-04 11:34:47,808] {processor.py:651} INFO - DAG(s) dict_keys(['example_complex']) retrieved from /opt/conda/lib/python3.8/site-packages/airflow/example_dags/example_complex.py
[2024-12-04 11:34:47,830] {logging_mixin.py:115} INFO - [2024-12-04 11:34:47,830] {dag.py:2420} INFO - Sync 1 DAGs
[2024-12-04 11:34:47,846] {logging_mixin.py:115} INFO - [2024-12-04 11:34:47,846] {dag.py:2968} INFO - Setting next_dagrun for example_complex to None, run_after=None
[2024-12-04 11:34:47,864] {processor.py:161} INFO - Processing /opt/conda/lib/python3.8/site-packages/airflow/example_dags/example_complex.py took 0.076 seconds
[2024-12-04 11:35:35,296] {processor.py:153} INFO - Started process (PID=5808) to work on /opt/conda/lib/python3.8/site-packages/airflow/example_dags/example_complex.py
[2024-12-04 11:35:35,298] {processor.py:641} INFO - Processing file /opt/conda/lib/python3.8/site-packages/airflow/example_dags/example_complex.py for tasks to queue
[2024-12-04 11:35:35,298] {logging_mixin.py:115} INFO - [2024-12-04 11:35:35,298] {dagbag.py:508} INFO - Filling up the DagBag from /opt/conda/lib/python3.8/site-packages/airflow/example_dags/example_complex.py
[2024-12-04 11:35:35,312] {processor.py:651} INFO - DAG(s) dict_keys(['example_complex']) retrieved from /opt/conda/lib/python3.8/site-packages/airflow/example_dags/example_complex.py
[2024-12-04 11:35:35,333] {logging_mixin.py:115} INFO - [2024-12-04 11:35:35,333] {dag.py:2420} INFO - Sync 1 DAGs
[2024-12-04 11:35:35,351] {logging_mixin.py:115} INFO - [2024-12-04 11:35:35,351] {dag.py:2968} INFO - Setting next_dagrun for example_complex to None, run_after=None
[2024-12-04 11:35:35,370] {processor.py:161} INFO - Processing /opt/conda/lib/python3.8/site-packages/airflow/example_dags/example_complex.py took 0.078 seconds
[2024-12-04 11:36:22,784] {processor.py:153} INFO - Started process (PID=5883) to work on /opt/conda/lib/python3.8/site-packages/airflow/example_dags/example_complex.py
[2024-12-04 11:36:22,786] {processor.py:641} INFO - Processing file /opt/conda/lib/python3.8/site-packages/airflow/example_dags/example_complex.py for tasks to queue
[2024-12-04 11:36:22,786] {logging_mixin.py:115} INFO - [2024-12-04 11:36:22,786] {dagbag.py:508} INFO - Filling up the DagBag from /opt/conda/lib/python3.8/site-packages/airflow/example_dags/example_complex.py
[2024-12-04 11:36:22,799] {processor.py:651} INFO - DAG(s) dict_keys(['example_complex']) retrieved from /opt/conda/lib/python3.8/site-packages/airflow/example_dags/example_complex.py
[2024-12-04 11:36:22,820] {logging_mixin.py:115} INFO - [2024-12-04 11:36:22,820] {dag.py:2420} INFO - Sync 1 DAGs
[2024-12-04 11:36:22,833] {logging_mixin.py:115} INFO - [2024-12-04 11:36:22,833] {dag.py:2968} INFO - Setting next_dagrun for example_complex to None, run_after=None
[2024-12-04 11:36:22,854] {processor.py:161} INFO - Processing /opt/conda/lib/python3.8/site-packages/airflow/example_dags/example_complex.py took 0.073 seconds
[2024-12-04 11:37:13,200] {processor.py:153} INFO - Started process (PID=5959) to work on /opt/conda/lib/python3.8/site-packages/airflow/example_dags/example_complex.py
[2024-12-04 11:37:13,202] {processor.py:641} INFO - Processing file /opt/conda/lib/python3.8/site-packages/airflow/example_dags/example_complex.py for tasks to queue
[2024-12-04 11:37:13,202] {logging_mixin.py:115} INFO - [2024-12-04 11:37:13,202] {dagbag.py:508} INFO - Filling up the DagBag from /opt/conda/lib/python3.8/site-packages/airflow/example_dags/example_complex.py
[2024-12-04 11:37:13,215] {processor.py:651} INFO - DAG(s) dict_keys(['example_complex']) retrieved from /opt/conda/lib/python3.8/site-packages/airflow/example_dags/example_complex.py
[2024-12-04 11:37:13,236] {logging_mixin.py:115} INFO - [2024-12-04 11:37:13,236] {dag.py:2420} INFO - Sync 1 DAGs
[2024-12-04 11:37:13,254] {logging_mixin.py:115} INFO - [2024-12-04 11:37:13,254] {dag.py:2968} INFO - Setting next_dagrun for example_complex to None, run_after=None
[2024-12-04 11:37:13,274] {processor.py:161} INFO - Processing /opt/conda/lib/python3.8/site-packages/airflow/example_dags/example_complex.py took 0.078 seconds
[2024-12-04 11:37:56,244] {processor.py:153} INFO - Started process (PID=6021) to work on /opt/conda/lib/python3.8/site-packages/airflow/example_dags/example_complex.py
[2024-12-04 11:37:56,246] {processor.py:641} INFO - Processing file /opt/conda/lib/python3.8/site-packages/airflow/example_dags/example_complex.py for tasks to queue
[2024-12-04 11:37:56,246] {logging_mixin.py:115} INFO - [2024-12-04 11:37:56,246] {dagbag.py:508} INFO - Filling up the DagBag from /opt/conda/lib/python3.8/site-packages/airflow/example_dags/example_complex.py
[2024-12-04 11:37:56,258] {processor.py:651} INFO - DAG(s) dict_keys(['example_complex']) retrieved from /opt/conda/lib/python3.8/site-packages/airflow/example_dags/example_complex.py
[2024-12-04 11:37:56,275] {logging_mixin.py:115} INFO - [2024-12-04 11:37:56,275] {dag.py:2420} INFO - Sync 1 DAGs
[2024-12-04 11:37:56,288] {logging_mixin.py:115} INFO - [2024-12-04 11:37:56,288] {dag.py:2968} INFO - Setting next_dagrun for example_complex to None, run_after=None
[2024-12-04 11:37:56,306] {processor.py:161} INFO - Processing /opt/conda/lib/python3.8/site-packages/airflow/example_dags/example_complex.py took 0.065 seconds
[2024-12-04 11:38:45,913] {processor.py:153} INFO - Started process (PID=6114) to work on /opt/conda/lib/python3.8/site-packages/airflow/example_dags/example_complex.py
[2024-12-04 11:38:45,915] {processor.py:641} INFO - Processing file /opt/conda/lib/python3.8/site-packages/airflow/example_dags/example_complex.py for tasks to queue
[2024-12-04 11:38:45,915] {logging_mixin.py:115} INFO - [2024-12-04 11:38:45,915] {dagbag.py:508} INFO - Filling up the DagBag from /opt/conda/lib/python3.8/site-packages/airflow/example_dags/example_complex.py
[2024-12-04 11:38:45,927] {processor.py:651} INFO - DAG(s) dict_keys(['example_complex']) retrieved from /opt/conda/lib/python3.8/site-packages/airflow/example_dags/example_complex.py
[2024-12-04 11:38:45,944] {logging_mixin.py:115} INFO - [2024-12-04 11:38:45,944] {dag.py:2420} INFO - Sync 1 DAGs
[2024-12-04 11:38:45,957] {logging_mixin.py:115} INFO - [2024-12-04 11:38:45,957] {dag.py:2968} INFO - Setting next_dagrun for example_complex to None, run_after=None
[2024-12-04 11:38:45,974] {processor.py:161} INFO - Processing /opt/conda/lib/python3.8/site-packages/airflow/example_dags/example_complex.py took 0.065 seconds
[2024-12-04 11:39:36,368] {processor.py:153} INFO - Started process (PID=6193) to work on /opt/conda/lib/python3.8/site-packages/airflow/example_dags/example_complex.py
[2024-12-04 11:39:36,370] {processor.py:641} INFO - Processing file /opt/conda/lib/python3.8/site-packages/airflow/example_dags/example_complex.py for tasks to queue
[2024-12-04 11:39:36,370] {logging_mixin.py:115} INFO - [2024-12-04 11:39:36,370] {dagbag.py:508} INFO - Filling up the DagBag from /opt/conda/lib/python3.8/site-packages/airflow/example_dags/example_complex.py
[2024-12-04 11:39:36,383] {processor.py:651} INFO - DAG(s) dict_keys(['example_complex']) retrieved from /opt/conda/lib/python3.8/site-packages/airflow/example_dags/example_complex.py
[2024-12-04 11:39:36,404] {logging_mixin.py:115} INFO - [2024-12-04 11:39:36,404] {dag.py:2420} INFO - Sync 1 DAGs
[2024-12-04 11:39:36,422] {logging_mixin.py:115} INFO - [2024-12-04 11:39:36,421] {dag.py:2968} INFO - Setting next_dagrun for example_complex to None, run_after=None
[2024-12-04 11:39:36,443] {processor.py:161} INFO - Processing /opt/conda/lib/python3.8/site-packages/airflow/example_dags/example_complex.py took 0.078 seconds
[2024-12-04 11:40:26,692] {processor.py:153} INFO - Started process (PID=6286) to work on /opt/conda/lib/python3.8/site-packages/airflow/example_dags/example_complex.py
[2024-12-04 11:40:26,694] {processor.py:641} INFO - Processing file /opt/conda/lib/python3.8/site-packages/airflow/example_dags/example_complex.py for tasks to queue
[2024-12-04 11:40:26,695] {logging_mixin.py:115} INFO - [2024-12-04 11:40:26,695] {dagbag.py:508} INFO - Filling up the DagBag from /opt/conda/lib/python3.8/site-packages/airflow/example_dags/example_complex.py
[2024-12-04 11:40:26,706] {processor.py:651} INFO - DAG(s) dict_keys(['example_complex']) retrieved from /opt/conda/lib/python3.8/site-packages/airflow/example_dags/example_complex.py
[2024-12-04 11:40:26,723] {logging_mixin.py:115} INFO - [2024-12-04 11:40:26,723] {dag.py:2420} INFO - Sync 1 DAGs
[2024-12-04 11:40:26,737] {logging_mixin.py:115} INFO - [2024-12-04 11:40:26,737] {dag.py:2968} INFO - Setting next_dagrun for example_complex to None, run_after=None
[2024-12-04 11:40:26,755] {processor.py:161} INFO - Processing /opt/conda/lib/python3.8/site-packages/airflow/example_dags/example_complex.py took 0.065 seconds
[2024-12-04 11:41:09,821] {processor.py:153} INFO - Started process (PID=6360) to work on /opt/conda/lib/python3.8/site-packages/airflow/example_dags/example_complex.py
[2024-12-04 11:41:09,823] {processor.py:641} INFO - Processing file /opt/conda/lib/python3.8/site-packages/airflow/example_dags/example_complex.py for tasks to queue
[2024-12-04 11:41:09,824] {logging_mixin.py:115} INFO - [2024-12-04 11:41:09,824] {dagbag.py:508} INFO - Filling up the DagBag from /opt/conda/lib/python3.8/site-packages/airflow/example_dags/example_complex.py
[2024-12-04 11:41:09,837] {processor.py:651} INFO - DAG(s) dict_keys(['example_complex']) retrieved from /opt/conda/lib/python3.8/site-packages/airflow/example_dags/example_complex.py
[2024-12-04 11:41:09,858] {logging_mixin.py:115} INFO - [2024-12-04 11:41:09,858] {dag.py:2420} INFO - Sync 1 DAGs
[2024-12-04 11:41:09,873] {logging_mixin.py:115} INFO - [2024-12-04 11:41:09,873] {dag.py:2968} INFO - Setting next_dagrun for example_complex to None, run_after=None
[2024-12-04 11:41:09,890] {processor.py:161} INFO - Processing /opt/conda/lib/python3.8/site-packages/airflow/example_dags/example_complex.py took 0.072 seconds
[2024-12-04 11:42:02,557] {processor.py:153} INFO - Started process (PID=6454) to work on /opt/conda/lib/python3.8/site-packages/airflow/example_dags/example_complex.py
[2024-12-04 11:42:02,559] {processor.py:641} INFO - Processing file /opt/conda/lib/python3.8/site-packages/airflow/example_dags/example_complex.py for tasks to queue
[2024-12-04 11:42:02,560] {logging_mixin.py:115} INFO - [2024-12-04 11:42:02,560] {dagbag.py:508} INFO - Filling up the DagBag from /opt/conda/lib/python3.8/site-packages/airflow/example_dags/example_complex.py
[2024-12-04 11:42:02,573] {processor.py:651} INFO - DAG(s) dict_keys(['example_complex']) retrieved from /opt/conda/lib/python3.8/site-packages/airflow/example_dags/example_complex.py
[2024-12-04 11:42:02,594] {logging_mixin.py:115} INFO - [2024-12-04 11:42:02,594] {dag.py:2420} INFO - Sync 1 DAGs
[2024-12-04 11:42:02,612] {logging_mixin.py:115} INFO - [2024-12-04 11:42:02,612] {dag.py:2968} INFO - Setting next_dagrun for example_complex to None, run_after=None
[2024-12-04 11:42:02,634] {processor.py:161} INFO - Processing /opt/conda/lib/python3.8/site-packages/airflow/example_dags/example_complex.py took 0.079 seconds
[2024-12-04 11:42:45,093] {processor.py:153} INFO - Started process (PID=6510) to work on /opt/conda/lib/python3.8/site-packages/airflow/example_dags/example_complex.py
[2024-12-04 11:42:45,094] {processor.py:641} INFO - Processing file /opt/conda/lib/python3.8/site-packages/airflow/example_dags/example_complex.py for tasks to queue
[2024-12-04 11:42:45,095] {logging_mixin.py:115} INFO - [2024-12-04 11:42:45,095] {dagbag.py:508} INFO - Filling up the DagBag from /opt/conda/lib/python3.8/site-packages/airflow/example_dags/example_complex.py
[2024-12-04 11:42:45,108] {processor.py:651} INFO - DAG(s) dict_keys(['example_complex']) retrieved from /opt/conda/lib/python3.8/site-packages/airflow/example_dags/example_complex.py
[2024-12-04 11:42:45,129] {logging_mixin.py:115} INFO - [2024-12-04 11:42:45,129] {dag.py:2420} INFO - Sync 1 DAGs
[2024-12-04 11:42:45,146] {logging_mixin.py:115} INFO - [2024-12-04 11:42:45,146] {dag.py:2968} INFO - Setting next_dagrun for example_complex to None, run_after=None
[2024-12-04 11:42:45,168] {processor.py:161} INFO - Processing /opt/conda/lib/python3.8/site-packages/airflow/example_dags/example_complex.py took 0.078 seconds
[2024-12-04 11:43:28,846] {processor.py:153} INFO - Started process (PID=6568) to work on /opt/conda/lib/python3.8/site-packages/airflow/example_dags/example_complex.py
[2024-12-04 11:43:28,848] {processor.py:641} INFO - Processing file /opt/conda/lib/python3.8/site-packages/airflow/example_dags/example_complex.py for tasks to queue
[2024-12-04 11:43:28,848] {logging_mixin.py:115} INFO - [2024-12-04 11:43:28,848] {dagbag.py:508} INFO - Filling up the DagBag from /opt/conda/lib/python3.8/site-packages/airflow/example_dags/example_complex.py
[2024-12-04 11:43:28,861] {processor.py:651} INFO - DAG(s) dict_keys(['example_complex']) retrieved from /opt/conda/lib/python3.8/site-packages/airflow/example_dags/example_complex.py
[2024-12-04 11:43:28,881] {logging_mixin.py:115} INFO - [2024-12-04 11:43:28,880] {dag.py:2420} INFO - Sync 1 DAGs
[2024-12-04 11:43:28,898] {logging_mixin.py:115} INFO - [2024-12-04 11:43:28,898] {dag.py:2968} INFO - Setting next_dagrun for example_complex to None, run_after=None
[2024-12-04 11:43:28,916] {processor.py:161} INFO - Processing /opt/conda/lib/python3.8/site-packages/airflow/example_dags/example_complex.py took 0.073 seconds
[2024-12-04 11:44:18,964] {processor.py:153} INFO - Started process (PID=6646) to work on /opt/conda/lib/python3.8/site-packages/airflow/example_dags/example_complex.py
[2024-12-04 11:44:18,966] {processor.py:641} INFO - Processing file /opt/conda/lib/python3.8/site-packages/airflow/example_dags/example_complex.py for tasks to queue
[2024-12-04 11:44:18,966] {logging_mixin.py:115} INFO - [2024-12-04 11:44:18,966] {dagbag.py:508} INFO - Filling up the DagBag from /opt/conda/lib/python3.8/site-packages/airflow/example_dags/example_complex.py
[2024-12-04 11:44:18,978] {processor.py:651} INFO - DAG(s) dict_keys(['example_complex']) retrieved from /opt/conda/lib/python3.8/site-packages/airflow/example_dags/example_complex.py
[2024-12-04 11:44:18,995] {logging_mixin.py:115} INFO - [2024-12-04 11:44:18,995] {dag.py:2420} INFO - Sync 1 DAGs
[2024-12-04 11:44:19,008] {logging_mixin.py:115} INFO - [2024-12-04 11:44:19,008] {dag.py:2968} INFO - Setting next_dagrun for example_complex to None, run_after=None
[2024-12-04 11:44:19,026] {processor.py:161} INFO - Processing /opt/conda/lib/python3.8/site-packages/airflow/example_dags/example_complex.py took 0.066 seconds
[2024-12-04 11:45:03,848] {processor.py:153} INFO - Started process (PID=6706) to work on /opt/conda/lib/python3.8/site-packages/airflow/example_dags/example_complex.py
[2024-12-04 11:45:03,849] {processor.py:641} INFO - Processing file /opt/conda/lib/python3.8/site-packages/airflow/example_dags/example_complex.py for tasks to queue
[2024-12-04 11:45:03,850] {logging_mixin.py:115} INFO - [2024-12-04 11:45:03,850] {dagbag.py:508} INFO - Filling up the DagBag from /opt/conda/lib/python3.8/site-packages/airflow/example_dags/example_complex.py
[2024-12-04 11:45:03,863] {processor.py:651} INFO - DAG(s) dict_keys(['example_complex']) retrieved from /opt/conda/lib/python3.8/site-packages/airflow/example_dags/example_complex.py
[2024-12-04 11:45:03,883] {logging_mixin.py:115} INFO - [2024-12-04 11:45:03,883] {dag.py:2420} INFO - Sync 1 DAGs
[2024-12-04 11:45:03,900] {logging_mixin.py:115} INFO - [2024-12-04 11:45:03,900] {dag.py:2968} INFO - Setting next_dagrun for example_complex to None, run_after=None
[2024-12-04 11:45:03,921] {processor.py:161} INFO - Processing /opt/conda/lib/python3.8/site-packages/airflow/example_dags/example_complex.py took 0.076 seconds
[2024-12-04 11:45:46,945] {processor.py:153} INFO - Started process (PID=6766) to work on /opt/conda/lib/python3.8/site-packages/airflow/example_dags/example_complex.py
[2024-12-04 11:45:46,947] {processor.py:641} INFO - Processing file /opt/conda/lib/python3.8/site-packages/airflow/example_dags/example_complex.py for tasks to queue
[2024-12-04 11:45:46,947] {logging_mixin.py:115} INFO - [2024-12-04 11:45:46,947] {dagbag.py:508} INFO - Filling up the DagBag from /opt/conda/lib/python3.8/site-packages/airflow/example_dags/example_complex.py
[2024-12-04 11:45:46,959] {processor.py:651} INFO - DAG(s) dict_keys(['example_complex']) retrieved from /opt/conda/lib/python3.8/site-packages/airflow/example_dags/example_complex.py
[2024-12-04 11:45:46,977] {logging_mixin.py:115} INFO - [2024-12-04 11:45:46,977] {dag.py:2420} INFO - Sync 1 DAGs
[2024-12-04 11:45:46,990] {logging_mixin.py:115} INFO - [2024-12-04 11:45:46,990] {dag.py:2968} INFO - Setting next_dagrun for example_complex to None, run_after=None
[2024-12-04 11:45:47,007] {processor.py:161} INFO - Processing /opt/conda/lib/python3.8/site-packages/airflow/example_dags/example_complex.py took 0.065 seconds
[2024-12-04 11:46:35,586] {processor.py:153} INFO - Started process (PID=6830) to work on /opt/conda/lib/python3.8/site-packages/airflow/example_dags/example_complex.py
[2024-12-04 11:46:35,588] {processor.py:641} INFO - Processing file /opt/conda/lib/python3.8/site-packages/airflow/example_dags/example_complex.py for tasks to queue
[2024-12-04 11:46:35,588] {logging_mixin.py:115} INFO - [2024-12-04 11:46:35,588] {dagbag.py:508} INFO - Filling up the DagBag from /opt/conda/lib/python3.8/site-packages/airflow/example_dags/example_complex.py
[2024-12-04 11:46:35,601] {processor.py:651} INFO - DAG(s) dict_keys(['example_complex']) retrieved from /opt/conda/lib/python3.8/site-packages/airflow/example_dags/example_complex.py
[2024-12-04 11:46:35,623] {logging_mixin.py:115} INFO - [2024-12-04 11:46:35,622] {dag.py:2420} INFO - Sync 1 DAGs
[2024-12-04 11:46:35,638] {logging_mixin.py:115} INFO - [2024-12-04 11:46:35,638] {dag.py:2968} INFO - Setting next_dagrun for example_complex to None, run_after=None
[2024-12-04 11:46:35,657] {processor.py:161} INFO - Processing /opt/conda/lib/python3.8/site-packages/airflow/example_dags/example_complex.py took 0.075 seconds
[2024-12-04 11:47:18,117] {processor.py:153} INFO - Started process (PID=6887) to work on /opt/conda/lib/python3.8/site-packages/airflow/example_dags/example_complex.py
[2024-12-04 11:47:18,119] {processor.py:641} INFO - Processing file /opt/conda/lib/python3.8/site-packages/airflow/example_dags/example_complex.py for tasks to queue
[2024-12-04 11:47:18,120] {logging_mixin.py:115} INFO - [2024-12-04 11:47:18,120] {dagbag.py:508} INFO - Filling up the DagBag from /opt/conda/lib/python3.8/site-packages/airflow/example_dags/example_complex.py
[2024-12-04 11:47:18,133] {processor.py:651} INFO - DAG(s) dict_keys(['example_complex']) retrieved from /opt/conda/lib/python3.8/site-packages/airflow/example_dags/example_complex.py
[2024-12-04 11:47:18,152] {logging_mixin.py:115} INFO - [2024-12-04 11:47:18,152] {dag.py:2420} INFO - Sync 1 DAGs
[2024-12-04 11:47:18,165] {logging_mixin.py:115} INFO - [2024-12-04 11:47:18,165] {dag.py:2968} INFO - Setting next_dagrun for example_complex to None, run_after=None
[2024-12-04 11:47:18,183] {processor.py:161} INFO - Processing /opt/conda/lib/python3.8/site-packages/airflow/example_dags/example_complex.py took 0.070 seconds
[2024-12-04 11:48:06,645] {processor.py:153} INFO - Started process (PID=6953) to work on /opt/conda/lib/python3.8/site-packages/airflow/example_dags/example_complex.py
[2024-12-04 11:48:06,647] {processor.py:641} INFO - Processing file /opt/conda/lib/python3.8/site-packages/airflow/example_dags/example_complex.py for tasks to queue
[2024-12-04 11:48:06,648] {logging_mixin.py:115} INFO - [2024-12-04 11:48:06,648] {dagbag.py:508} INFO - Filling up the DagBag from /opt/conda/lib/python3.8/site-packages/airflow/example_dags/example_complex.py
[2024-12-04 11:48:06,661] {processor.py:651} INFO - DAG(s) dict_keys(['example_complex']) retrieved from /opt/conda/lib/python3.8/site-packages/airflow/example_dags/example_complex.py
[2024-12-04 11:48:06,681] {logging_mixin.py:115} INFO - [2024-12-04 11:48:06,681] {dag.py:2420} INFO - Sync 1 DAGs
[2024-12-04 11:48:06,699] {logging_mixin.py:115} INFO - [2024-12-04 11:48:06,699] {dag.py:2968} INFO - Setting next_dagrun for example_complex to None, run_after=None
[2024-12-04 11:48:06,718] {processor.py:161} INFO - Processing /opt/conda/lib/python3.8/site-packages/airflow/example_dags/example_complex.py took 0.076 seconds
[2024-12-04 11:48:44,573] {processor.py:153} INFO - Started process (PID=7006) to work on /opt/conda/lib/python3.8/site-packages/airflow/example_dags/example_complex.py
[2024-12-04 11:48:44,575] {processor.py:641} INFO - Processing file /opt/conda/lib/python3.8/site-packages/airflow/example_dags/example_complex.py for tasks to queue
[2024-12-04 11:48:44,575] {logging_mixin.py:115} INFO - [2024-12-04 11:48:44,575] {dagbag.py:508} INFO - Filling up the DagBag from /opt/conda/lib/python3.8/site-packages/airflow/example_dags/example_complex.py
[2024-12-04 11:48:44,589] {processor.py:651} INFO - DAG(s) dict_keys(['example_complex']) retrieved from /opt/conda/lib/python3.8/site-packages/airflow/example_dags/example_complex.py
[2024-12-04 11:48:44,610] {logging_mixin.py:115} INFO - [2024-12-04 11:48:44,610] {dag.py:2420} INFO - Sync 1 DAGs
[2024-12-04 11:48:44,624] {logging_mixin.py:115} INFO - [2024-12-04 11:48:44,624] {dag.py:2968} INFO - Setting next_dagrun for example_complex to None, run_after=None
[2024-12-04 11:48:44,642] {processor.py:161} INFO - Processing /opt/conda/lib/python3.8/site-packages/airflow/example_dags/example_complex.py took 0.073 seconds
[2024-12-04 11:49:23,268] {processor.py:153} INFO - Started process (PID=7046) to work on /opt/conda/lib/python3.8/site-packages/airflow/example_dags/example_complex.py
[2024-12-04 11:49:23,298] {processor.py:641} INFO - Processing file /opt/conda/lib/python3.8/site-packages/airflow/example_dags/example_complex.py for tasks to queue
[2024-12-04 11:49:23,299] {logging_mixin.py:115} INFO - [2024-12-04 11:49:23,299] {dagbag.py:508} INFO - Filling up the DagBag from /opt/conda/lib/python3.8/site-packages/airflow/example_dags/example_complex.py
[2024-12-04 11:49:23,311] {processor.py:651} INFO - DAG(s) dict_keys(['example_complex']) retrieved from /opt/conda/lib/python3.8/site-packages/airflow/example_dags/example_complex.py
[2024-12-04 11:49:23,331] {logging_mixin.py:115} INFO - [2024-12-04 11:49:23,331] {dag.py:2420} INFO - Sync 1 DAGs
[2024-12-04 11:49:23,347] {logging_mixin.py:115} INFO - [2024-12-04 11:49:23,347] {dag.py:2968} INFO - Setting next_dagrun for example_complex to None, run_after=None
[2024-12-04 11:49:23,365] {processor.py:161} INFO - Processing /opt/conda/lib/python3.8/site-packages/airflow/example_dags/example_complex.py took 0.099 seconds
[2024-12-04 11:49:56,096] {processor.py:153} INFO - Started process (PID=7080) to work on /opt/conda/lib/python3.8/site-packages/airflow/example_dags/example_complex.py
[2024-12-04 11:49:56,096] {processor.py:641} INFO - Processing file /opt/conda/lib/python3.8/site-packages/airflow/example_dags/example_complex.py for tasks to queue
[2024-12-04 11:49:56,097] {logging_mixin.py:115} INFO - [2024-12-04 11:49:56,097] {dagbag.py:508} INFO - Filling up the DagBag from /opt/conda/lib/python3.8/site-packages/airflow/example_dags/example_complex.py
[2024-12-04 11:49:56,108] {processor.py:651} INFO - DAG(s) dict_keys(['example_complex']) retrieved from /opt/conda/lib/python3.8/site-packages/airflow/example_dags/example_complex.py
[2024-12-04 11:49:56,124] {logging_mixin.py:115} INFO - [2024-12-04 11:49:56,124] {dag.py:2420} INFO - Sync 1 DAGs
[2024-12-04 11:49:56,137] {logging_mixin.py:115} INFO - [2024-12-04 11:49:56,137] {dag.py:2968} INFO - Setting next_dagrun for example_complex to None, run_after=None
[2024-12-04 11:49:56,154] {processor.py:161} INFO - Processing /opt/conda/lib/python3.8/site-packages/airflow/example_dags/example_complex.py took 0.061 seconds
[2024-12-04 11:50:29,927] {processor.py:153} INFO - Started process (PID=7114) to work on /opt/conda/lib/python3.8/site-packages/airflow/example_dags/example_complex.py
[2024-12-04 11:50:29,929] {processor.py:641} INFO - Processing file /opt/conda/lib/python3.8/site-packages/airflow/example_dags/example_complex.py for tasks to queue
[2024-12-04 11:50:29,929] {logging_mixin.py:115} INFO - [2024-12-04 11:50:29,929] {dagbag.py:508} INFO - Filling up the DagBag from /opt/conda/lib/python3.8/site-packages/airflow/example_dags/example_complex.py
[2024-12-04 11:50:29,941] {processor.py:651} INFO - DAG(s) dict_keys(['example_complex']) retrieved from /opt/conda/lib/python3.8/site-packages/airflow/example_dags/example_complex.py
[2024-12-04 11:50:29,958] {logging_mixin.py:115} INFO - [2024-12-04 11:50:29,958] {dag.py:2420} INFO - Sync 1 DAGs
[2024-12-04 11:50:29,971] {logging_mixin.py:115} INFO - [2024-12-04 11:50:29,971] {dag.py:2968} INFO - Setting next_dagrun for example_complex to None, run_after=None
[2024-12-04 11:50:29,988] {processor.py:161} INFO - Processing /opt/conda/lib/python3.8/site-packages/airflow/example_dags/example_complex.py took 0.064 seconds
[2024-12-04 11:51:07,235] {processor.py:153} INFO - Started process (PID=7150) to work on /opt/conda/lib/python3.8/site-packages/airflow/example_dags/example_complex.py
[2024-12-04 11:51:07,237] {processor.py:641} INFO - Processing file /opt/conda/lib/python3.8/site-packages/airflow/example_dags/example_complex.py for tasks to queue
[2024-12-04 11:51:07,237] {logging_mixin.py:115} INFO - [2024-12-04 11:51:07,237] {dagbag.py:508} INFO - Filling up the DagBag from /opt/conda/lib/python3.8/site-packages/airflow/example_dags/example_complex.py
[2024-12-04 11:51:07,250] {processor.py:651} INFO - DAG(s) dict_keys(['example_complex']) retrieved from /opt/conda/lib/python3.8/site-packages/airflow/example_dags/example_complex.py
[2024-12-04 11:51:07,267] {logging_mixin.py:115} INFO - [2024-12-04 11:51:07,267] {dag.py:2420} INFO - Sync 1 DAGs
[2024-12-04 11:51:07,280] {logging_mixin.py:115} INFO - [2024-12-04 11:51:07,280] {dag.py:2968} INFO - Setting next_dagrun for example_complex to None, run_after=None
[2024-12-04 11:51:07,298] {processor.py:161} INFO - Processing /opt/conda/lib/python3.8/site-packages/airflow/example_dags/example_complex.py took 0.065 seconds
[2024-12-04 11:51:43,149] {processor.py:153} INFO - Started process (PID=7186) to work on /opt/conda/lib/python3.8/site-packages/airflow/example_dags/example_complex.py
[2024-12-04 11:51:43,151] {processor.py:641} INFO - Processing file /opt/conda/lib/python3.8/site-packages/airflow/example_dags/example_complex.py for tasks to queue
[2024-12-04 11:51:43,151] {logging_mixin.py:115} INFO - [2024-12-04 11:51:43,151] {dagbag.py:508} INFO - Filling up the DagBag from /opt/conda/lib/python3.8/site-packages/airflow/example_dags/example_complex.py
[2024-12-04 11:51:43,164] {processor.py:651} INFO - DAG(s) dict_keys(['example_complex']) retrieved from /opt/conda/lib/python3.8/site-packages/airflow/example_dags/example_complex.py
[2024-12-04 11:51:43,185] {logging_mixin.py:115} INFO - [2024-12-04 11:51:43,185] {dag.py:2420} INFO - Sync 1 DAGs
[2024-12-04 11:51:43,203] {logging_mixin.py:115} INFO - [2024-12-04 11:51:43,203] {dag.py:2968} INFO - Setting next_dagrun for example_complex to None, run_after=None
[2024-12-04 11:51:43,224] {processor.py:161} INFO - Processing /opt/conda/lib/python3.8/site-packages/airflow/example_dags/example_complex.py took 0.079 seconds
[2024-12-04 11:52:19,617] {processor.py:153} INFO - Started process (PID=7222) to work on /opt/conda/lib/python3.8/site-packages/airflow/example_dags/example_complex.py
[2024-12-04 11:52:19,618] {processor.py:641} INFO - Processing file /opt/conda/lib/python3.8/site-packages/airflow/example_dags/example_complex.py for tasks to queue
[2024-12-04 11:52:19,619] {logging_mixin.py:115} INFO - [2024-12-04 11:52:19,619] {dagbag.py:508} INFO - Filling up the DagBag from /opt/conda/lib/python3.8/site-packages/airflow/example_dags/example_complex.py
[2024-12-04 11:52:19,631] {processor.py:651} INFO - DAG(s) dict_keys(['example_complex']) retrieved from /opt/conda/lib/python3.8/site-packages/airflow/example_dags/example_complex.py
[2024-12-04 11:52:19,648] {logging_mixin.py:115} INFO - [2024-12-04 11:52:19,648] {dag.py:2420} INFO - Sync 1 DAGs
[2024-12-04 11:52:19,661] {logging_mixin.py:115} INFO - [2024-12-04 11:52:19,661] {dag.py:2968} INFO - Setting next_dagrun for example_complex to None, run_after=None
[2024-12-04 11:52:19,678] {processor.py:161} INFO - Processing /opt/conda/lib/python3.8/site-packages/airflow/example_dags/example_complex.py took 0.065 seconds
[2024-12-04 11:52:53,742] {processor.py:153} INFO - Started process (PID=7256) to work on /opt/conda/lib/python3.8/site-packages/airflow/example_dags/example_complex.py
[2024-12-04 11:52:53,744] {processor.py:641} INFO - Processing file /opt/conda/lib/python3.8/site-packages/airflow/example_dags/example_complex.py for tasks to queue
[2024-12-04 11:52:53,744] {logging_mixin.py:115} INFO - [2024-12-04 11:52:53,744] {dagbag.py:508} INFO - Filling up the DagBag from /opt/conda/lib/python3.8/site-packages/airflow/example_dags/example_complex.py
[2024-12-04 11:52:53,757] {processor.py:651} INFO - DAG(s) dict_keys(['example_complex']) retrieved from /opt/conda/lib/python3.8/site-packages/airflow/example_dags/example_complex.py
[2024-12-04 11:52:53,778] {logging_mixin.py:115} INFO - [2024-12-04 11:52:53,778] {dag.py:2420} INFO - Sync 1 DAGs
[2024-12-04 11:52:53,793] {logging_mixin.py:115} INFO - [2024-12-04 11:52:53,793] {dag.py:2968} INFO - Setting next_dagrun for example_complex to None, run_after=None
[2024-12-04 11:52:53,812] {processor.py:161} INFO - Processing /opt/conda/lib/python3.8/site-packages/airflow/example_dags/example_complex.py took 0.074 seconds
[2024-12-04 11:53:49,665] {processor.py:153} INFO - Started process (PID=7341) to work on /opt/conda/lib/python3.8/site-packages/airflow/example_dags/example_complex.py
[2024-12-04 11:53:49,668] {processor.py:641} INFO - Processing file /opt/conda/lib/python3.8/site-packages/airflow/example_dags/example_complex.py for tasks to queue
[2024-12-04 11:53:49,668] {logging_mixin.py:115} INFO - [2024-12-04 11:53:49,668] {dagbag.py:508} INFO - Filling up the DagBag from /opt/conda/lib/python3.8/site-packages/airflow/example_dags/example_complex.py
[2024-12-04 11:53:49,682] {processor.py:651} INFO - DAG(s) dict_keys(['example_complex']) retrieved from /opt/conda/lib/python3.8/site-packages/airflow/example_dags/example_complex.py
[2024-12-04 11:53:49,701] {logging_mixin.py:115} INFO - [2024-12-04 11:53:49,701] {dag.py:2420} INFO - Sync 1 DAGs
[2024-12-04 11:53:49,716] {logging_mixin.py:115} INFO - [2024-12-04 11:53:49,715] {dag.py:2968} INFO - Setting next_dagrun for example_complex to None, run_after=None
[2024-12-04 11:53:49,734] {processor.py:161} INFO - Processing /opt/conda/lib/python3.8/site-packages/airflow/example_dags/example_complex.py took 0.072 seconds
[2024-12-04 11:54:32,557] {processor.py:153} INFO - Started process (PID=7409) to work on /opt/conda/lib/python3.8/site-packages/airflow/example_dags/example_complex.py
[2024-12-04 11:54:32,559] {processor.py:641} INFO - Processing file /opt/conda/lib/python3.8/site-packages/airflow/example_dags/example_complex.py for tasks to queue
[2024-12-04 11:54:32,559] {logging_mixin.py:115} INFO - [2024-12-04 11:54:32,559] {dagbag.py:508} INFO - Filling up the DagBag from /opt/conda/lib/python3.8/site-packages/airflow/example_dags/example_complex.py
[2024-12-04 11:54:32,571] {processor.py:651} INFO - DAG(s) dict_keys(['example_complex']) retrieved from /opt/conda/lib/python3.8/site-packages/airflow/example_dags/example_complex.py
[2024-12-04 11:54:32,588] {logging_mixin.py:115} INFO - [2024-12-04 11:54:32,588] {dag.py:2420} INFO - Sync 1 DAGs
[2024-12-04 11:54:32,601] {logging_mixin.py:115} INFO - [2024-12-04 11:54:32,601] {dag.py:2968} INFO - Setting next_dagrun for example_complex to None, run_after=None
[2024-12-04 11:54:32,618] {processor.py:161} INFO - Processing /opt/conda/lib/python3.8/site-packages/airflow/example_dags/example_complex.py took 0.064 seconds
[2024-12-04 11:55:18,064] {processor.py:153} INFO - Started process (PID=7469) to work on /opt/conda/lib/python3.8/site-packages/airflow/example_dags/example_complex.py
[2024-12-04 11:55:18,066] {processor.py:641} INFO - Processing file /opt/conda/lib/python3.8/site-packages/airflow/example_dags/example_complex.py for tasks to queue
[2024-12-04 11:55:18,067] {logging_mixin.py:115} INFO - [2024-12-04 11:55:18,067] {dagbag.py:508} INFO - Filling up the DagBag from /opt/conda/lib/python3.8/site-packages/airflow/example_dags/example_complex.py
[2024-12-04 11:55:18,080] {processor.py:651} INFO - DAG(s) dict_keys(['example_complex']) retrieved from /opt/conda/lib/python3.8/site-packages/airflow/example_dags/example_complex.py
[2024-12-04 11:55:18,102] {logging_mixin.py:115} INFO - [2024-12-04 11:55:18,102] {dag.py:2420} INFO - Sync 1 DAGs
[2024-12-04 11:55:18,120] {logging_mixin.py:115} INFO - [2024-12-04 11:55:18,120] {dag.py:2968} INFO - Setting next_dagrun for example_complex to None, run_after=None
[2024-12-04 11:55:18,140] {processor.py:161} INFO - Processing /opt/conda/lib/python3.8/site-packages/airflow/example_dags/example_complex.py took 0.079 seconds
[2024-12-04 11:56:02,063] {processor.py:153} INFO - Started process (PID=7525) to work on /opt/conda/lib/python3.8/site-packages/airflow/example_dags/example_complex.py
[2024-12-04 11:56:02,065] {processor.py:641} INFO - Processing file /opt/conda/lib/python3.8/site-packages/airflow/example_dags/example_complex.py for tasks to queue
[2024-12-04 11:56:02,066] {logging_mixin.py:115} INFO - [2024-12-04 11:56:02,065] {dagbag.py:508} INFO - Filling up the DagBag from /opt/conda/lib/python3.8/site-packages/airflow/example_dags/example_complex.py
[2024-12-04 11:56:02,078] {processor.py:651} INFO - DAG(s) dict_keys(['example_complex']) retrieved from /opt/conda/lib/python3.8/site-packages/airflow/example_dags/example_complex.py
[2024-12-04 11:56:02,098] {logging_mixin.py:115} INFO - [2024-12-04 11:56:02,098] {dag.py:2420} INFO - Sync 1 DAGs
[2024-12-04 11:56:02,116] {logging_mixin.py:115} INFO - [2024-12-04 11:56:02,116] {dag.py:2968} INFO - Setting next_dagrun for example_complex to None, run_after=None
[2024-12-04 11:56:02,137] {processor.py:161} INFO - Processing /opt/conda/lib/python3.8/site-packages/airflow/example_dags/example_complex.py took 0.077 seconds
[2024-12-04 11:56:52,769] {processor.py:153} INFO - Started process (PID=7597) to work on /opt/conda/lib/python3.8/site-packages/airflow/example_dags/example_complex.py
[2024-12-04 11:56:52,770] {processor.py:641} INFO - Processing file /opt/conda/lib/python3.8/site-packages/airflow/example_dags/example_complex.py for tasks to queue
[2024-12-04 11:56:52,771] {logging_mixin.py:115} INFO - [2024-12-04 11:56:52,771] {dagbag.py:508} INFO - Filling up the DagBag from /opt/conda/lib/python3.8/site-packages/airflow/example_dags/example_complex.py
[2024-12-04 11:56:52,784] {processor.py:651} INFO - DAG(s) dict_keys(['example_complex']) retrieved from /opt/conda/lib/python3.8/site-packages/airflow/example_dags/example_complex.py
[2024-12-04 11:56:52,804] {logging_mixin.py:115} INFO - [2024-12-04 11:56:52,804] {dag.py:2420} INFO - Sync 1 DAGs
[2024-12-04 11:56:52,820] {logging_mixin.py:115} INFO - [2024-12-04 11:56:52,820] {dag.py:2968} INFO - Setting next_dagrun for example_complex to None, run_after=None
[2024-12-04 11:56:52,837] {processor.py:161} INFO - Processing /opt/conda/lib/python3.8/site-packages/airflow/example_dags/example_complex.py took 0.071 seconds
[2024-12-04 11:57:40,851] {processor.py:153} INFO - Started process (PID=7669) to work on /opt/conda/lib/python3.8/site-packages/airflow/example_dags/example_complex.py
[2024-12-04 11:57:40,853] {processor.py:641} INFO - Processing file /opt/conda/lib/python3.8/site-packages/airflow/example_dags/example_complex.py for tasks to queue
[2024-12-04 11:57:40,854] {logging_mixin.py:115} INFO - [2024-12-04 11:57:40,854] {dagbag.py:508} INFO - Filling up the DagBag from /opt/conda/lib/python3.8/site-packages/airflow/example_dags/example_complex.py
[2024-12-04 11:57:40,866] {processor.py:651} INFO - DAG(s) dict_keys(['example_complex']) retrieved from /opt/conda/lib/python3.8/site-packages/airflow/example_dags/example_complex.py
[2024-12-04 11:57:40,886] {logging_mixin.py:115} INFO - [2024-12-04 11:57:40,886] {dag.py:2420} INFO - Sync 1 DAGs
[2024-12-04 11:57:40,904] {logging_mixin.py:115} INFO - [2024-12-04 11:57:40,904] {dag.py:2968} INFO - Setting next_dagrun for example_complex to None, run_after=None
[2024-12-04 11:57:40,924] {processor.py:161} INFO - Processing /opt/conda/lib/python3.8/site-packages/airflow/example_dags/example_complex.py took 0.076 seconds
[2024-12-04 11:58:24,205] {processor.py:153} INFO - Started process (PID=7728) to work on /opt/conda/lib/python3.8/site-packages/airflow/example_dags/example_complex.py
[2024-12-04 11:58:24,207] {processor.py:641} INFO - Processing file /opt/conda/lib/python3.8/site-packages/airflow/example_dags/example_complex.py for tasks to queue
[2024-12-04 11:58:24,208] {logging_mixin.py:115} INFO - [2024-12-04 11:58:24,208] {dagbag.py:508} INFO - Filling up the DagBag from /opt/conda/lib/python3.8/site-packages/airflow/example_dags/example_complex.py
[2024-12-04 11:58:24,220] {processor.py:651} INFO - DAG(s) dict_keys(['example_complex']) retrieved from /opt/conda/lib/python3.8/site-packages/airflow/example_dags/example_complex.py
[2024-12-04 11:58:24,238] {logging_mixin.py:115} INFO - [2024-12-04 11:58:24,238] {dag.py:2420} INFO - Sync 1 DAGs
[2024-12-04 11:58:24,253] {logging_mixin.py:115} INFO - [2024-12-04 11:58:24,253] {dag.py:2968} INFO - Setting next_dagrun for example_complex to None, run_after=None
[2024-12-04 11:58:24,270] {processor.py:161} INFO - Processing /opt/conda/lib/python3.8/site-packages/airflow/example_dags/example_complex.py took 0.069 seconds
[2024-12-04 11:59:13,409] {processor.py:153} INFO - Started process (PID=7808) to work on /opt/conda/lib/python3.8/site-packages/airflow/example_dags/example_complex.py
[2024-12-04 11:59:13,410] {processor.py:641} INFO - Processing file /opt/conda/lib/python3.8/site-packages/airflow/example_dags/example_complex.py for tasks to queue
[2024-12-04 11:59:13,411] {logging_mixin.py:115} INFO - [2024-12-04 11:59:13,411] {dagbag.py:508} INFO - Filling up the DagBag from /opt/conda/lib/python3.8/site-packages/airflow/example_dags/example_complex.py
[2024-12-04 11:59:13,424] {processor.py:651} INFO - DAG(s) dict_keys(['example_complex']) retrieved from /opt/conda/lib/python3.8/site-packages/airflow/example_dags/example_complex.py
[2024-12-04 11:59:13,443] {logging_mixin.py:115} INFO - [2024-12-04 11:59:13,443] {dag.py:2420} INFO - Sync 1 DAGs
[2024-12-04 11:59:13,458] {logging_mixin.py:115} INFO - [2024-12-04 11:59:13,457] {dag.py:2968} INFO - Setting next_dagrun for example_complex to None, run_after=None
[2024-12-04 11:59:13,476] {processor.py:161} INFO - Processing /opt/conda/lib/python3.8/site-packages/airflow/example_dags/example_complex.py took 0.071 seconds
[2024-12-04 12:00:03,081] {processor.py:153} INFO - Started process (PID=7888) to work on /opt/conda/lib/python3.8/site-packages/airflow/example_dags/example_complex.py
[2024-12-04 12:00:03,082] {processor.py:641} INFO - Processing file /opt/conda/lib/python3.8/site-packages/airflow/example_dags/example_complex.py for tasks to queue
[2024-12-04 12:00:03,083] {logging_mixin.py:115} INFO - [2024-12-04 12:00:03,083] {dagbag.py:508} INFO - Filling up the DagBag from /opt/conda/lib/python3.8/site-packages/airflow/example_dags/example_complex.py
[2024-12-04 12:00:03,096] {processor.py:651} INFO - DAG(s) dict_keys(['example_complex']) retrieved from /opt/conda/lib/python3.8/site-packages/airflow/example_dags/example_complex.py
[2024-12-04 12:00:03,117] {logging_mixin.py:115} INFO - [2024-12-04 12:00:03,117] {dag.py:2420} INFO - Sync 1 DAGs
[2024-12-04 12:00:03,136] {logging_mixin.py:115} INFO - [2024-12-04 12:00:03,136] {dag.py:2968} INFO - Setting next_dagrun for example_complex to None, run_after=None
[2024-12-04 12:00:03,155] {processor.py:161} INFO - Processing /opt/conda/lib/python3.8/site-packages/airflow/example_dags/example_complex.py took 0.077 seconds
[2024-12-04 12:00:50,905] {processor.py:153} INFO - Started process (PID=7950) to work on /opt/conda/lib/python3.8/site-packages/airflow/example_dags/example_complex.py
[2024-12-04 12:00:50,907] {processor.py:641} INFO - Processing file /opt/conda/lib/python3.8/site-packages/airflow/example_dags/example_complex.py for tasks to queue
[2024-12-04 12:00:50,907] {logging_mixin.py:115} INFO - [2024-12-04 12:00:50,907] {dagbag.py:508} INFO - Filling up the DagBag from /opt/conda/lib/python3.8/site-packages/airflow/example_dags/example_complex.py
[2024-12-04 12:00:50,920] {processor.py:651} INFO - DAG(s) dict_keys(['example_complex']) retrieved from /opt/conda/lib/python3.8/site-packages/airflow/example_dags/example_complex.py
[2024-12-04 12:00:50,942] {logging_mixin.py:115} INFO - [2024-12-04 12:00:50,941] {dag.py:2420} INFO - Sync 1 DAGs
[2024-12-04 12:00:50,960] {logging_mixin.py:115} INFO - [2024-12-04 12:00:50,960] {dag.py:2968} INFO - Setting next_dagrun for example_complex to None, run_after=None
[2024-12-04 12:00:50,980] {processor.py:161} INFO - Processing /opt/conda/lib/python3.8/site-packages/airflow/example_dags/example_complex.py took 0.078 seconds
[2024-12-04 12:01:42,776] {processor.py:153} INFO - Started process (PID=8016) to work on /opt/conda/lib/python3.8/site-packages/airflow/example_dags/example_complex.py
[2024-12-04 12:01:42,778] {processor.py:641} INFO - Processing file /opt/conda/lib/python3.8/site-packages/airflow/example_dags/example_complex.py for tasks to queue
[2024-12-04 12:01:42,778] {logging_mixin.py:115} INFO - [2024-12-04 12:01:42,778] {dagbag.py:508} INFO - Filling up the DagBag from /opt/conda/lib/python3.8/site-packages/airflow/example_dags/example_complex.py
[2024-12-04 12:01:42,792] {processor.py:651} INFO - DAG(s) dict_keys(['example_complex']) retrieved from /opt/conda/lib/python3.8/site-packages/airflow/example_dags/example_complex.py
[2024-12-04 12:01:42,813] {logging_mixin.py:115} INFO - [2024-12-04 12:01:42,813] {dag.py:2420} INFO - Sync 1 DAGs
[2024-12-04 12:01:42,832] {logging_mixin.py:115} INFO - [2024-12-04 12:01:42,832] {dag.py:2968} INFO - Setting next_dagrun for example_complex to None, run_after=None
[2024-12-04 12:01:42,852] {processor.py:161} INFO - Processing /opt/conda/lib/python3.8/site-packages/airflow/example_dags/example_complex.py took 0.080 seconds
[2024-12-04 12:02:32,913] {processor.py:153} INFO - Started process (PID=8093) to work on /opt/conda/lib/python3.8/site-packages/airflow/example_dags/example_complex.py
[2024-12-04 12:02:32,915] {processor.py:641} INFO - Processing file /opt/conda/lib/python3.8/site-packages/airflow/example_dags/example_complex.py for tasks to queue
[2024-12-04 12:02:32,915] {logging_mixin.py:115} INFO - [2024-12-04 12:02:32,915] {dagbag.py:508} INFO - Filling up the DagBag from /opt/conda/lib/python3.8/site-packages/airflow/example_dags/example_complex.py
[2024-12-04 12:02:32,928] {processor.py:651} INFO - DAG(s) dict_keys(['example_complex']) retrieved from /opt/conda/lib/python3.8/site-packages/airflow/example_dags/example_complex.py
[2024-12-04 12:02:32,946] {logging_mixin.py:115} INFO - [2024-12-04 12:02:32,946] {dag.py:2420} INFO - Sync 1 DAGs
[2024-12-04 12:02:32,960] {logging_mixin.py:115} INFO - [2024-12-04 12:02:32,960] {dag.py:2968} INFO - Setting next_dagrun for example_complex to None, run_after=None
[2024-12-04 12:02:32,978] {processor.py:161} INFO - Processing /opt/conda/lib/python3.8/site-packages/airflow/example_dags/example_complex.py took 0.068 seconds
[2024-12-04 12:03:15,665] {processor.py:153} INFO - Started process (PID=8149) to work on /opt/conda/lib/python3.8/site-packages/airflow/example_dags/example_complex.py
[2024-12-04 12:03:15,666] {processor.py:641} INFO - Processing file /opt/conda/lib/python3.8/site-packages/airflow/example_dags/example_complex.py for tasks to queue
[2024-12-04 12:03:15,667] {logging_mixin.py:115} INFO - [2024-12-04 12:03:15,667] {dagbag.py:508} INFO - Filling up the DagBag from /opt/conda/lib/python3.8/site-packages/airflow/example_dags/example_complex.py
[2024-12-04 12:03:15,680] {processor.py:651} INFO - DAG(s) dict_keys(['example_complex']) retrieved from /opt/conda/lib/python3.8/site-packages/airflow/example_dags/example_complex.py
[2024-12-04 12:03:15,702] {logging_mixin.py:115} INFO - [2024-12-04 12:03:15,702] {dag.py:2420} INFO - Sync 1 DAGs
[2024-12-04 12:03:15,720] {logging_mixin.py:115} INFO - [2024-12-04 12:03:15,720] {dag.py:2968} INFO - Setting next_dagrun for example_complex to None, run_after=None
[2024-12-04 12:03:15,742] {processor.py:161} INFO - Processing /opt/conda/lib/python3.8/site-packages/airflow/example_dags/example_complex.py took 0.081 seconds
[2024-12-04 12:03:57,014] {processor.py:153} INFO - Started process (PID=8204) to work on /opt/conda/lib/python3.8/site-packages/airflow/example_dags/example_complex.py
[2024-12-04 12:03:57,015] {processor.py:641} INFO - Processing file /opt/conda/lib/python3.8/site-packages/airflow/example_dags/example_complex.py for tasks to queue
[2024-12-04 12:03:57,016] {logging_mixin.py:115} INFO - [2024-12-04 12:03:57,016] {dagbag.py:508} INFO - Filling up the DagBag from /opt/conda/lib/python3.8/site-packages/airflow/example_dags/example_complex.py
[2024-12-04 12:03:57,029] {processor.py:651} INFO - DAG(s) dict_keys(['example_complex']) retrieved from /opt/conda/lib/python3.8/site-packages/airflow/example_dags/example_complex.py
[2024-12-04 12:03:57,050] {logging_mixin.py:115} INFO - [2024-12-04 12:03:57,050] {dag.py:2420} INFO - Sync 1 DAGs
[2024-12-04 12:03:57,068] {logging_mixin.py:115} INFO - [2024-12-04 12:03:57,068] {dag.py:2968} INFO - Setting next_dagrun for example_complex to None, run_after=None
[2024-12-04 12:03:57,090] {processor.py:161} INFO - Processing /opt/conda/lib/python3.8/site-packages/airflow/example_dags/example_complex.py took 0.080 seconds
[2024-12-04 12:04:37,884] {processor.py:153} INFO - Started process (PID=8259) to work on /opt/conda/lib/python3.8/site-packages/airflow/example_dags/example_complex.py
[2024-12-04 12:04:37,886] {processor.py:641} INFO - Processing file /opt/conda/lib/python3.8/site-packages/airflow/example_dags/example_complex.py for tasks to queue
[2024-12-04 12:04:37,887] {logging_mixin.py:115} INFO - [2024-12-04 12:04:37,886] {dagbag.py:508} INFO - Filling up the DagBag from /opt/conda/lib/python3.8/site-packages/airflow/example_dags/example_complex.py
[2024-12-04 12:04:37,900] {processor.py:651} INFO - DAG(s) dict_keys(['example_complex']) retrieved from /opt/conda/lib/python3.8/site-packages/airflow/example_dags/example_complex.py
[2024-12-04 12:04:37,921] {logging_mixin.py:115} INFO - [2024-12-04 12:04:37,921] {dag.py:2420} INFO - Sync 1 DAGs
[2024-12-04 12:04:37,939] {logging_mixin.py:115} INFO - [2024-12-04 12:04:37,939] {dag.py:2968} INFO - Setting next_dagrun for example_complex to None, run_after=None
[2024-12-04 12:04:37,959] {processor.py:161} INFO - Processing /opt/conda/lib/python3.8/site-packages/airflow/example_dags/example_complex.py took 0.078 seconds
[2024-12-04 12:05:28,900] {processor.py:153} INFO - Started process (PID=8323) to work on /opt/conda/lib/python3.8/site-packages/airflow/example_dags/example_complex.py
[2024-12-04 12:05:28,902] {processor.py:641} INFO - Processing file /opt/conda/lib/python3.8/site-packages/airflow/example_dags/example_complex.py for tasks to queue
[2024-12-04 12:05:28,902] {logging_mixin.py:115} INFO - [2024-12-04 12:05:28,902] {dagbag.py:508} INFO - Filling up the DagBag from /opt/conda/lib/python3.8/site-packages/airflow/example_dags/example_complex.py
[2024-12-04 12:05:28,915] {processor.py:651} INFO - DAG(s) dict_keys(['example_complex']) retrieved from /opt/conda/lib/python3.8/site-packages/airflow/example_dags/example_complex.py
[2024-12-04 12:05:28,935] {logging_mixin.py:115} INFO - [2024-12-04 12:05:28,935] {dag.py:2420} INFO - Sync 1 DAGs
[2024-12-04 12:05:28,949] {logging_mixin.py:115} INFO - [2024-12-04 12:05:28,949] {dag.py:2968} INFO - Setting next_dagrun for example_complex to None, run_after=None
[2024-12-04 12:05:28,967] {processor.py:161} INFO - Processing /opt/conda/lib/python3.8/site-packages/airflow/example_dags/example_complex.py took 0.070 seconds
[2024-12-04 12:06:23,023] {processor.py:153} INFO - Started process (PID=8391) to work on /opt/conda/lib/python3.8/site-packages/airflow/example_dags/example_complex.py
[2024-12-04 12:06:23,025] {processor.py:641} INFO - Processing file /opt/conda/lib/python3.8/site-packages/airflow/example_dags/example_complex.py for tasks to queue
[2024-12-04 12:06:23,025] {logging_mixin.py:115} INFO - [2024-12-04 12:06:23,025] {dagbag.py:508} INFO - Filling up the DagBag from /opt/conda/lib/python3.8/site-packages/airflow/example_dags/example_complex.py
[2024-12-04 12:06:23,038] {processor.py:651} INFO - DAG(s) dict_keys(['example_complex']) retrieved from /opt/conda/lib/python3.8/site-packages/airflow/example_dags/example_complex.py
[2024-12-04 12:06:23,056] {logging_mixin.py:115} INFO - [2024-12-04 12:06:23,056] {dag.py:2420} INFO - Sync 1 DAGs
[2024-12-04 12:06:23,070] {logging_mixin.py:115} INFO - [2024-12-04 12:06:23,070] {dag.py:2968} INFO - Setting next_dagrun for example_complex to None, run_after=None
[2024-12-04 12:06:23,088] {processor.py:161} INFO - Processing /opt/conda/lib/python3.8/site-packages/airflow/example_dags/example_complex.py took 0.068 seconds
[2024-12-04 12:07:15,348] {processor.py:153} INFO - Started process (PID=8478) to work on /opt/conda/lib/python3.8/site-packages/airflow/example_dags/example_complex.py
[2024-12-04 12:07:15,350] {processor.py:641} INFO - Processing file /opt/conda/lib/python3.8/site-packages/airflow/example_dags/example_complex.py for tasks to queue
[2024-12-04 12:07:15,350] {logging_mixin.py:115} INFO - [2024-12-04 12:07:15,350] {dagbag.py:508} INFO - Filling up the DagBag from /opt/conda/lib/python3.8/site-packages/airflow/example_dags/example_complex.py
[2024-12-04 12:07:15,363] {processor.py:651} INFO - DAG(s) dict_keys(['example_complex']) retrieved from /opt/conda/lib/python3.8/site-packages/airflow/example_dags/example_complex.py
[2024-12-04 12:07:15,384] {logging_mixin.py:115} INFO - [2024-12-04 12:07:15,384] {dag.py:2420} INFO - Sync 1 DAGs
[2024-12-04 12:07:15,403] {logging_mixin.py:115} INFO - [2024-12-04 12:07:15,403] {dag.py:2968} INFO - Setting next_dagrun for example_complex to None, run_after=None
[2024-12-04 12:07:15,424] {processor.py:161} INFO - Processing /opt/conda/lib/python3.8/site-packages/airflow/example_dags/example_complex.py took 0.079 seconds
[2024-12-04 12:08:08,385] {processor.py:153} INFO - Started process (PID=8544) to work on /opt/conda/lib/python3.8/site-packages/airflow/example_dags/example_complex.py
[2024-12-04 12:08:08,386] {processor.py:641} INFO - Processing file /opt/conda/lib/python3.8/site-packages/airflow/example_dags/example_complex.py for tasks to queue
[2024-12-04 12:08:08,387] {logging_mixin.py:115} INFO - [2024-12-04 12:08:08,387] {dagbag.py:508} INFO - Filling up the DagBag from /opt/conda/lib/python3.8/site-packages/airflow/example_dags/example_complex.py
[2024-12-04 12:08:08,400] {processor.py:651} INFO - DAG(s) dict_keys(['example_complex']) retrieved from /opt/conda/lib/python3.8/site-packages/airflow/example_dags/example_complex.py
[2024-12-04 12:08:08,421] {logging_mixin.py:115} INFO - [2024-12-04 12:08:08,421] {dag.py:2420} INFO - Sync 1 DAGs
[2024-12-04 12:08:08,439] {logging_mixin.py:115} INFO - [2024-12-04 12:08:08,439] {dag.py:2968} INFO - Setting next_dagrun for example_complex to None, run_after=None
[2024-12-04 12:08:08,458] {processor.py:161} INFO - Processing /opt/conda/lib/python3.8/site-packages/airflow/example_dags/example_complex.py took 0.076 seconds
[2024-12-04 12:08:56,276] {processor.py:153} INFO - Started process (PID=8606) to work on /opt/conda/lib/python3.8/site-packages/airflow/example_dags/example_complex.py
[2024-12-04 12:08:56,278] {processor.py:641} INFO - Processing file /opt/conda/lib/python3.8/site-packages/airflow/example_dags/example_complex.py for tasks to queue
[2024-12-04 12:08:56,278] {logging_mixin.py:115} INFO - [2024-12-04 12:08:56,278] {dagbag.py:508} INFO - Filling up the DagBag from /opt/conda/lib/python3.8/site-packages/airflow/example_dags/example_complex.py
[2024-12-04 12:08:56,291] {processor.py:651} INFO - DAG(s) dict_keys(['example_complex']) retrieved from /opt/conda/lib/python3.8/site-packages/airflow/example_dags/example_complex.py
[2024-12-04 12:08:56,312] {logging_mixin.py:115} INFO - [2024-12-04 12:08:56,312] {dag.py:2420} INFO - Sync 1 DAGs
[2024-12-04 12:08:56,331] {logging_mixin.py:115} INFO - [2024-12-04 12:08:56,331] {dag.py:2968} INFO - Setting next_dagrun for example_complex to None, run_after=None
[2024-12-04 12:08:56,349] {processor.py:161} INFO - Processing /opt/conda/lib/python3.8/site-packages/airflow/example_dags/example_complex.py took 0.077 seconds
[2024-12-04 12:09:44,384] {processor.py:153} INFO - Started process (PID=8682) to work on /opt/conda/lib/python3.8/site-packages/airflow/example_dags/example_complex.py
[2024-12-04 12:09:44,386] {processor.py:641} INFO - Processing file /opt/conda/lib/python3.8/site-packages/airflow/example_dags/example_complex.py for tasks to queue
[2024-12-04 12:09:44,386] {logging_mixin.py:115} INFO - [2024-12-04 12:09:44,386] {dagbag.py:508} INFO - Filling up the DagBag from /opt/conda/lib/python3.8/site-packages/airflow/example_dags/example_complex.py
[2024-12-04 12:09:44,400] {processor.py:651} INFO - DAG(s) dict_keys(['example_complex']) retrieved from /opt/conda/lib/python3.8/site-packages/airflow/example_dags/example_complex.py
[2024-12-04 12:09:44,421] {logging_mixin.py:115} INFO - [2024-12-04 12:09:44,421] {dag.py:2420} INFO - Sync 1 DAGs
[2024-12-04 12:09:44,438] {logging_mixin.py:115} INFO - [2024-12-04 12:09:44,438] {dag.py:2968} INFO - Setting next_dagrun for example_complex to None, run_after=None
[2024-12-04 12:09:44,455] {processor.py:161} INFO - Processing /opt/conda/lib/python3.8/site-packages/airflow/example_dags/example_complex.py took 0.074 seconds
[2024-12-04 12:10:36,556] {processor.py:153} INFO - Started process (PID=8769) to work on /opt/conda/lib/python3.8/site-packages/airflow/example_dags/example_complex.py
[2024-12-04 12:10:36,558] {processor.py:641} INFO - Processing file /opt/conda/lib/python3.8/site-packages/airflow/example_dags/example_complex.py for tasks to queue
[2024-12-04 12:10:36,559] {logging_mixin.py:115} INFO - [2024-12-04 12:10:36,559] {dagbag.py:508} INFO - Filling up the DagBag from /opt/conda/lib/python3.8/site-packages/airflow/example_dags/example_complex.py
[2024-12-04 12:10:36,571] {processor.py:651} INFO - DAG(s) dict_keys(['example_complex']) retrieved from /opt/conda/lib/python3.8/site-packages/airflow/example_dags/example_complex.py
[2024-12-04 12:10:36,588] {logging_mixin.py:115} INFO - [2024-12-04 12:10:36,588] {dag.py:2420} INFO - Sync 1 DAGs
[2024-12-04 12:10:36,602] {logging_mixin.py:115} INFO - [2024-12-04 12:10:36,602] {dag.py:2968} INFO - Setting next_dagrun for example_complex to None, run_after=None
[2024-12-04 12:10:36,620] {processor.py:161} INFO - Processing /opt/conda/lib/python3.8/site-packages/airflow/example_dags/example_complex.py took 0.067 seconds
[2024-12-04 12:11:23,845] {processor.py:153} INFO - Started process (PID=8871) to work on /opt/conda/lib/python3.8/site-packages/airflow/example_dags/example_complex.py
[2024-12-04 12:11:23,847] {processor.py:641} INFO - Processing file /opt/conda/lib/python3.8/site-packages/airflow/example_dags/example_complex.py for tasks to queue
[2024-12-04 12:11:23,847] {logging_mixin.py:115} INFO - [2024-12-04 12:11:23,847] {dagbag.py:508} INFO - Filling up the DagBag from /opt/conda/lib/python3.8/site-packages/airflow/example_dags/example_complex.py
[2024-12-04 12:11:23,860] {processor.py:651} INFO - DAG(s) dict_keys(['example_complex']) retrieved from /opt/conda/lib/python3.8/site-packages/airflow/example_dags/example_complex.py
[2024-12-04 12:11:23,881] {logging_mixin.py:115} INFO - [2024-12-04 12:11:23,881] {dag.py:2420} INFO - Sync 1 DAGs
[2024-12-04 12:11:23,900] {logging_mixin.py:115} INFO - [2024-12-04 12:11:23,899] {dag.py:2968} INFO - Setting next_dagrun for example_complex to None, run_after=None
[2024-12-04 12:11:23,917] {processor.py:161} INFO - Processing /opt/conda/lib/python3.8/site-packages/airflow/example_dags/example_complex.py took 0.075 seconds
[2024-12-04 12:12:10,544] {processor.py:153} INFO - Started process (PID=9022) to work on /opt/conda/lib/python3.8/site-packages/airflow/example_dags/example_complex.py
[2024-12-04 12:12:10,545] {processor.py:641} INFO - Processing file /opt/conda/lib/python3.8/site-packages/airflow/example_dags/example_complex.py for tasks to queue
[2024-12-04 12:12:10,546] {logging_mixin.py:115} INFO - [2024-12-04 12:12:10,546] {dagbag.py:508} INFO - Filling up the DagBag from /opt/conda/lib/python3.8/site-packages/airflow/example_dags/example_complex.py
[2024-12-04 12:12:10,558] {processor.py:651} INFO - DAG(s) dict_keys(['example_complex']) retrieved from /opt/conda/lib/python3.8/site-packages/airflow/example_dags/example_complex.py
[2024-12-04 12:12:10,576] {logging_mixin.py:115} INFO - [2024-12-04 12:12:10,576] {dag.py:2420} INFO - Sync 1 DAGs
[2024-12-04 12:12:10,590] {logging_mixin.py:115} INFO - [2024-12-04 12:12:10,590] {dag.py:2968} INFO - Setting next_dagrun for example_complex to None, run_after=None
[2024-12-04 12:12:10,608] {processor.py:161} INFO - Processing /opt/conda/lib/python3.8/site-packages/airflow/example_dags/example_complex.py took 0.068 seconds
[2024-12-04 12:12:52,340] {processor.py:153} INFO - Started process (PID=9135) to work on /opt/conda/lib/python3.8/site-packages/airflow/example_dags/example_complex.py
[2024-12-04 12:12:52,342] {processor.py:641} INFO - Processing file /opt/conda/lib/python3.8/site-packages/airflow/example_dags/example_complex.py for tasks to queue
[2024-12-04 12:12:52,342] {logging_mixin.py:115} INFO - [2024-12-04 12:12:52,342] {dagbag.py:508} INFO - Filling up the DagBag from /opt/conda/lib/python3.8/site-packages/airflow/example_dags/example_complex.py
[2024-12-04 12:12:52,355] {processor.py:651} INFO - DAG(s) dict_keys(['example_complex']) retrieved from /opt/conda/lib/python3.8/site-packages/airflow/example_dags/example_complex.py
[2024-12-04 12:12:52,376] {logging_mixin.py:115} INFO - [2024-12-04 12:12:52,375] {dag.py:2420} INFO - Sync 1 DAGs
[2024-12-04 12:12:52,393] {logging_mixin.py:115} INFO - [2024-12-04 12:12:52,393] {dag.py:2968} INFO - Setting next_dagrun for example_complex to None, run_after=None
[2024-12-04 12:12:52,413] {processor.py:161} INFO - Processing /opt/conda/lib/python3.8/site-packages/airflow/example_dags/example_complex.py took 0.076 seconds
[2024-12-04 12:13:39,000] {processor.py:153} INFO - Started process (PID=9281) to work on /opt/conda/lib/python3.8/site-packages/airflow/example_dags/example_complex.py
[2024-12-04 12:13:39,001] {processor.py:641} INFO - Processing file /opt/conda/lib/python3.8/site-packages/airflow/example_dags/example_complex.py for tasks to queue
[2024-12-04 12:13:39,002] {logging_mixin.py:115} INFO - [2024-12-04 12:13:39,002] {dagbag.py:508} INFO - Filling up the DagBag from /opt/conda/lib/python3.8/site-packages/airflow/example_dags/example_complex.py
[2024-12-04 12:13:39,015] {processor.py:651} INFO - DAG(s) dict_keys(['example_complex']) retrieved from /opt/conda/lib/python3.8/site-packages/airflow/example_dags/example_complex.py
[2024-12-04 12:13:39,036] {logging_mixin.py:115} INFO - [2024-12-04 12:13:39,035] {dag.py:2420} INFO - Sync 1 DAGs
[2024-12-04 12:13:39,053] {logging_mixin.py:115} INFO - [2024-12-04 12:13:39,053] {dag.py:2968} INFO - Setting next_dagrun for example_complex to None, run_after=None
[2024-12-04 12:13:39,070] {processor.py:161} INFO - Processing /opt/conda/lib/python3.8/site-packages/airflow/example_dags/example_complex.py took 0.074 seconds
[2024-12-04 12:14:26,141] {processor.py:153} INFO - Started process (PID=9405) to work on /opt/conda/lib/python3.8/site-packages/airflow/example_dags/example_complex.py
[2024-12-04 12:14:26,143] {processor.py:641} INFO - Processing file /opt/conda/lib/python3.8/site-packages/airflow/example_dags/example_complex.py for tasks to queue
[2024-12-04 12:14:26,143] {logging_mixin.py:115} INFO - [2024-12-04 12:14:26,143] {dagbag.py:508} INFO - Filling up the DagBag from /opt/conda/lib/python3.8/site-packages/airflow/example_dags/example_complex.py
[2024-12-04 12:14:26,156] {processor.py:651} INFO - DAG(s) dict_keys(['example_complex']) retrieved from /opt/conda/lib/python3.8/site-packages/airflow/example_dags/example_complex.py
[2024-12-04 12:14:26,176] {logging_mixin.py:115} INFO - [2024-12-04 12:14:26,176] {dag.py:2420} INFO - Sync 1 DAGs
[2024-12-04 12:14:26,190] {logging_mixin.py:115} INFO - [2024-12-04 12:14:26,190] {dag.py:2968} INFO - Setting next_dagrun for example_complex to None, run_after=None
[2024-12-04 12:14:26,207] {processor.py:161} INFO - Processing /opt/conda/lib/python3.8/site-packages/airflow/example_dags/example_complex.py took 0.070 seconds
[2024-12-04 12:15:15,560] {processor.py:153} INFO - Started process (PID=9520) to work on /opt/conda/lib/python3.8/site-packages/airflow/example_dags/example_complex.py
[2024-12-04 12:15:15,561] {processor.py:641} INFO - Processing file /opt/conda/lib/python3.8/site-packages/airflow/example_dags/example_complex.py for tasks to queue
[2024-12-04 12:15:15,562] {logging_mixin.py:115} INFO - [2024-12-04 12:15:15,562] {dagbag.py:508} INFO - Filling up the DagBag from /opt/conda/lib/python3.8/site-packages/airflow/example_dags/example_complex.py
[2024-12-04 12:15:15,575] {processor.py:651} INFO - DAG(s) dict_keys(['example_complex']) retrieved from /opt/conda/lib/python3.8/site-packages/airflow/example_dags/example_complex.py
[2024-12-04 12:15:15,595] {logging_mixin.py:115} INFO - [2024-12-04 12:15:15,595] {dag.py:2420} INFO - Sync 1 DAGs
[2024-12-04 12:15:15,613] {logging_mixin.py:115} INFO - [2024-12-04 12:15:15,613] {dag.py:2968} INFO - Setting next_dagrun for example_complex to None, run_after=None
[2024-12-04 12:15:15,633] {processor.py:161} INFO - Processing /opt/conda/lib/python3.8/site-packages/airflow/example_dags/example_complex.py took 0.077 seconds
[2024-12-04 12:16:04,263] {processor.py:153} INFO - Started process (PID=9612) to work on /opt/conda/lib/python3.8/site-packages/airflow/example_dags/example_complex.py
[2024-12-04 12:16:04,265] {processor.py:641} INFO - Processing file /opt/conda/lib/python3.8/site-packages/airflow/example_dags/example_complex.py for tasks to queue
[2024-12-04 12:16:04,265] {logging_mixin.py:115} INFO - [2024-12-04 12:16:04,265] {dagbag.py:508} INFO - Filling up the DagBag from /opt/conda/lib/python3.8/site-packages/airflow/example_dags/example_complex.py
[2024-12-04 12:16:04,278] {processor.py:651} INFO - DAG(s) dict_keys(['example_complex']) retrieved from /opt/conda/lib/python3.8/site-packages/airflow/example_dags/example_complex.py
[2024-12-04 12:16:04,299] {logging_mixin.py:115} INFO - [2024-12-04 12:16:04,299] {dag.py:2420} INFO - Sync 1 DAGs
[2024-12-04 12:16:04,317] {logging_mixin.py:115} INFO - [2024-12-04 12:16:04,317] {dag.py:2968} INFO - Setting next_dagrun for example_complex to None, run_after=None
[2024-12-04 12:16:04,337] {processor.py:161} INFO - Processing /opt/conda/lib/python3.8/site-packages/airflow/example_dags/example_complex.py took 0.077 seconds
[2024-12-04 12:16:53,776] {processor.py:153} INFO - Started process (PID=9698) to work on /opt/conda/lib/python3.8/site-packages/airflow/example_dags/example_complex.py
[2024-12-04 12:16:53,777] {processor.py:641} INFO - Processing file /opt/conda/lib/python3.8/site-packages/airflow/example_dags/example_complex.py for tasks to queue
[2024-12-04 12:16:53,778] {logging_mixin.py:115} INFO - [2024-12-04 12:16:53,778] {dagbag.py:508} INFO - Filling up the DagBag from /opt/conda/lib/python3.8/site-packages/airflow/example_dags/example_complex.py
[2024-12-04 12:16:53,791] {processor.py:651} INFO - DAG(s) dict_keys(['example_complex']) retrieved from /opt/conda/lib/python3.8/site-packages/airflow/example_dags/example_complex.py
[2024-12-04 12:16:53,812] {logging_mixin.py:115} INFO - [2024-12-04 12:16:53,812] {dag.py:2420} INFO - Sync 1 DAGs
[2024-12-04 12:16:53,829] {logging_mixin.py:115} INFO - [2024-12-04 12:16:53,829] {dag.py:2968} INFO - Setting next_dagrun for example_complex to None, run_after=None
[2024-12-04 12:16:53,848] {processor.py:161} INFO - Processing /opt/conda/lib/python3.8/site-packages/airflow/example_dags/example_complex.py took 0.076 seconds
[2024-12-04 12:17:36,377] {processor.py:153} INFO - Started process (PID=9769) to work on /opt/conda/lib/python3.8/site-packages/airflow/example_dags/example_complex.py
[2024-12-04 12:17:36,378] {processor.py:641} INFO - Processing file /opt/conda/lib/python3.8/site-packages/airflow/example_dags/example_complex.py for tasks to queue
[2024-12-04 12:17:36,379] {logging_mixin.py:115} INFO - [2024-12-04 12:17:36,379] {dagbag.py:508} INFO - Filling up the DagBag from /opt/conda/lib/python3.8/site-packages/airflow/example_dags/example_complex.py
[2024-12-04 12:17:36,392] {processor.py:651} INFO - DAG(s) dict_keys(['example_complex']) retrieved from /opt/conda/lib/python3.8/site-packages/airflow/example_dags/example_complex.py
[2024-12-04 12:17:36,413] {logging_mixin.py:115} INFO - [2024-12-04 12:17:36,412] {dag.py:2420} INFO - Sync 1 DAGs
[2024-12-04 12:17:36,430] {logging_mixin.py:115} INFO - [2024-12-04 12:17:36,430] {dag.py:2968} INFO - Setting next_dagrun for example_complex to None, run_after=None
[2024-12-04 12:17:36,450] {processor.py:161} INFO - Processing /opt/conda/lib/python3.8/site-packages/airflow/example_dags/example_complex.py took 0.077 seconds
[2024-12-04 12:18:28,296] {processor.py:153} INFO - Started process (PID=9854) to work on /opt/conda/lib/python3.8/site-packages/airflow/example_dags/example_complex.py
[2024-12-04 12:18:28,298] {processor.py:641} INFO - Processing file /opt/conda/lib/python3.8/site-packages/airflow/example_dags/example_complex.py for tasks to queue
[2024-12-04 12:18:28,298] {logging_mixin.py:115} INFO - [2024-12-04 12:18:28,298] {dagbag.py:508} INFO - Filling up the DagBag from /opt/conda/lib/python3.8/site-packages/airflow/example_dags/example_complex.py
[2024-12-04 12:18:28,311] {processor.py:651} INFO - DAG(s) dict_keys(['example_complex']) retrieved from /opt/conda/lib/python3.8/site-packages/airflow/example_dags/example_complex.py
[2024-12-04 12:18:28,332] {logging_mixin.py:115} INFO - [2024-12-04 12:18:28,332] {dag.py:2420} INFO - Sync 1 DAGs
[2024-12-04 12:18:28,349] {logging_mixin.py:115} INFO - [2024-12-04 12:18:28,349] {dag.py:2968} INFO - Setting next_dagrun for example_complex to None, run_after=None
[2024-12-04 12:18:28,373] {processor.py:161} INFO - Processing /opt/conda/lib/python3.8/site-packages/airflow/example_dags/example_complex.py took 0.079 seconds
[2024-12-04 12:19:14,447] {processor.py:153} INFO - Started process (PID=9914) to work on /opt/conda/lib/python3.8/site-packages/airflow/example_dags/example_complex.py
[2024-12-04 12:19:14,449] {processor.py:641} INFO - Processing file /opt/conda/lib/python3.8/site-packages/airflow/example_dags/example_complex.py for tasks to queue
[2024-12-04 12:19:14,450] {logging_mixin.py:115} INFO - [2024-12-04 12:19:14,449] {dagbag.py:508} INFO - Filling up the DagBag from /opt/conda/lib/python3.8/site-packages/airflow/example_dags/example_complex.py
[2024-12-04 12:19:14,463] {processor.py:651} INFO - DAG(s) dict_keys(['example_complex']) retrieved from /opt/conda/lib/python3.8/site-packages/airflow/example_dags/example_complex.py
[2024-12-04 12:19:14,483] {logging_mixin.py:115} INFO - [2024-12-04 12:19:14,483] {dag.py:2420} INFO - Sync 1 DAGs
[2024-12-04 12:19:14,501] {logging_mixin.py:115} INFO - [2024-12-04 12:19:14,501] {dag.py:2968} INFO - Setting next_dagrun for example_complex to None, run_after=None
[2024-12-04 12:19:14,520] {processor.py:161} INFO - Processing /opt/conda/lib/python3.8/site-packages/airflow/example_dags/example_complex.py took 0.076 seconds
[2024-12-04 12:20:07,437] {processor.py:153} INFO - Started process (PID=10025) to work on /opt/conda/lib/python3.8/site-packages/airflow/example_dags/example_complex.py
[2024-12-04 12:20:07,438] {processor.py:641} INFO - Processing file /opt/conda/lib/python3.8/site-packages/airflow/example_dags/example_complex.py for tasks to queue
[2024-12-04 12:20:07,439] {logging_mixin.py:115} INFO - [2024-12-04 12:20:07,439] {dagbag.py:508} INFO - Filling up the DagBag from /opt/conda/lib/python3.8/site-packages/airflow/example_dags/example_complex.py
[2024-12-04 12:20:07,452] {processor.py:651} INFO - DAG(s) dict_keys(['example_complex']) retrieved from /opt/conda/lib/python3.8/site-packages/airflow/example_dags/example_complex.py
[2024-12-04 12:20:07,472] {logging_mixin.py:115} INFO - [2024-12-04 12:20:07,472] {dag.py:2420} INFO - Sync 1 DAGs
[2024-12-04 12:20:07,490] {logging_mixin.py:115} INFO - [2024-12-04 12:20:07,489] {dag.py:2968} INFO - Setting next_dagrun for example_complex to None, run_after=None
[2024-12-04 12:20:07,510] {processor.py:161} INFO - Processing /opt/conda/lib/python3.8/site-packages/airflow/example_dags/example_complex.py took 0.076 seconds
[2024-12-04 12:20:53,541] {processor.py:153} INFO - Started process (PID=10123) to work on /opt/conda/lib/python3.8/site-packages/airflow/example_dags/example_complex.py
[2024-12-04 12:20:53,542] {processor.py:641} INFO - Processing file /opt/conda/lib/python3.8/site-packages/airflow/example_dags/example_complex.py for tasks to queue
[2024-12-04 12:20:53,543] {logging_mixin.py:115} INFO - [2024-12-04 12:20:53,543] {dagbag.py:508} INFO - Filling up the DagBag from /opt/conda/lib/python3.8/site-packages/airflow/example_dags/example_complex.py
[2024-12-04 12:20:53,556] {processor.py:651} INFO - DAG(s) dict_keys(['example_complex']) retrieved from /opt/conda/lib/python3.8/site-packages/airflow/example_dags/example_complex.py
[2024-12-04 12:20:53,574] {logging_mixin.py:115} INFO - [2024-12-04 12:20:53,574] {dag.py:2420} INFO - Sync 1 DAGs
[2024-12-04 12:20:53,587] {logging_mixin.py:115} INFO - [2024-12-04 12:20:53,587] {dag.py:2968} INFO - Setting next_dagrun for example_complex to None, run_after=None
[2024-12-04 12:20:53,605] {processor.py:161} INFO - Processing /opt/conda/lib/python3.8/site-packages/airflow/example_dags/example_complex.py took 0.068 seconds
[2024-12-04 12:21:40,976] {processor.py:153} INFO - Started process (PID=10185) to work on /opt/conda/lib/python3.8/site-packages/airflow/example_dags/example_complex.py
[2024-12-04 12:21:40,978] {processor.py:641} INFO - Processing file /opt/conda/lib/python3.8/site-packages/airflow/example_dags/example_complex.py for tasks to queue
[2024-12-04 12:21:40,978] {logging_mixin.py:115} INFO - [2024-12-04 12:21:40,978] {dagbag.py:508} INFO - Filling up the DagBag from /opt/conda/lib/python3.8/site-packages/airflow/example_dags/example_complex.py
[2024-12-04 12:21:40,991] {processor.py:651} INFO - DAG(s) dict_keys(['example_complex']) retrieved from /opt/conda/lib/python3.8/site-packages/airflow/example_dags/example_complex.py
[2024-12-04 12:21:41,008] {logging_mixin.py:115} INFO - [2024-12-04 12:21:41,008] {dag.py:2420} INFO - Sync 1 DAGs
[2024-12-04 12:21:41,021] {logging_mixin.py:115} INFO - [2024-12-04 12:21:41,021] {dag.py:2968} INFO - Setting next_dagrun for example_complex to None, run_after=None
[2024-12-04 12:21:41,039] {processor.py:161} INFO - Processing /opt/conda/lib/python3.8/site-packages/airflow/example_dags/example_complex.py took 0.065 seconds
[2024-12-04 12:22:28,452] {processor.py:153} INFO - Started process (PID=10258) to work on /opt/conda/lib/python3.8/site-packages/airflow/example_dags/example_complex.py
[2024-12-04 12:22:28,453] {processor.py:641} INFO - Processing file /opt/conda/lib/python3.8/site-packages/airflow/example_dags/example_complex.py for tasks to queue
[2024-12-04 12:22:28,454] {logging_mixin.py:115} INFO - [2024-12-04 12:22:28,453] {dagbag.py:508} INFO - Filling up the DagBag from /opt/conda/lib/python3.8/site-packages/airflow/example_dags/example_complex.py
[2024-12-04 12:22:28,467] {processor.py:651} INFO - DAG(s) dict_keys(['example_complex']) retrieved from /opt/conda/lib/python3.8/site-packages/airflow/example_dags/example_complex.py
[2024-12-04 12:22:28,487] {logging_mixin.py:115} INFO - [2024-12-04 12:22:28,487] {dag.py:2420} INFO - Sync 1 DAGs
[2024-12-04 12:22:28,505] {logging_mixin.py:115} INFO - [2024-12-04 12:22:28,505] {dag.py:2968} INFO - Setting next_dagrun for example_complex to None, run_after=None
[2024-12-04 12:22:28,523] {processor.py:161} INFO - Processing /opt/conda/lib/python3.8/site-packages/airflow/example_dags/example_complex.py took 0.075 seconds
[2024-12-04 12:23:20,116] {processor.py:153} INFO - Started process (PID=10330) to work on /opt/conda/lib/python3.8/site-packages/airflow/example_dags/example_complex.py
[2024-12-04 12:23:20,118] {processor.py:641} INFO - Processing file /opt/conda/lib/python3.8/site-packages/airflow/example_dags/example_complex.py for tasks to queue
[2024-12-04 12:23:20,118] {logging_mixin.py:115} INFO - [2024-12-04 12:23:20,118] {dagbag.py:508} INFO - Filling up the DagBag from /opt/conda/lib/python3.8/site-packages/airflow/example_dags/example_complex.py
[2024-12-04 12:23:20,131] {processor.py:651} INFO - DAG(s) dict_keys(['example_complex']) retrieved from /opt/conda/lib/python3.8/site-packages/airflow/example_dags/example_complex.py
[2024-12-04 12:23:20,152] {logging_mixin.py:115} INFO - [2024-12-04 12:23:20,151] {dag.py:2420} INFO - Sync 1 DAGs
[2024-12-04 12:23:20,169] {logging_mixin.py:115} INFO - [2024-12-04 12:23:20,169] {dag.py:2968} INFO - Setting next_dagrun for example_complex to None, run_after=None
[2024-12-04 12:23:20,192] {processor.py:161} INFO - Processing /opt/conda/lib/python3.8/site-packages/airflow/example_dags/example_complex.py took 0.079 seconds
[2024-12-04 12:24:12,123] {processor.py:153} INFO - Started process (PID=10397) to work on /opt/conda/lib/python3.8/site-packages/airflow/example_dags/example_complex.py
[2024-12-04 12:24:12,125] {processor.py:641} INFO - Processing file /opt/conda/lib/python3.8/site-packages/airflow/example_dags/example_complex.py for tasks to queue
[2024-12-04 12:24:12,125] {logging_mixin.py:115} INFO - [2024-12-04 12:24:12,125] {dagbag.py:508} INFO - Filling up the DagBag from /opt/conda/lib/python3.8/site-packages/airflow/example_dags/example_complex.py
[2024-12-04 12:24:12,138] {processor.py:651} INFO - DAG(s) dict_keys(['example_complex']) retrieved from /opt/conda/lib/python3.8/site-packages/airflow/example_dags/example_complex.py
[2024-12-04 12:24:12,158] {logging_mixin.py:115} INFO - [2024-12-04 12:24:12,158] {dag.py:2420} INFO - Sync 1 DAGs
[2024-12-04 12:24:12,176] {logging_mixin.py:115} INFO - [2024-12-04 12:24:12,176] {dag.py:2968} INFO - Setting next_dagrun for example_complex to None, run_after=None
[2024-12-04 12:24:12,196] {processor.py:161} INFO - Processing /opt/conda/lib/python3.8/site-packages/airflow/example_dags/example_complex.py took 0.075 seconds
[2024-12-04 12:25:00,396] {processor.py:153} INFO - Started process (PID=10468) to work on /opt/conda/lib/python3.8/site-packages/airflow/example_dags/example_complex.py
[2024-12-04 12:25:00,397] {processor.py:641} INFO - Processing file /opt/conda/lib/python3.8/site-packages/airflow/example_dags/example_complex.py for tasks to queue
[2024-12-04 12:25:00,398] {logging_mixin.py:115} INFO - [2024-12-04 12:25:00,397] {dagbag.py:508} INFO - Filling up the DagBag from /opt/conda/lib/python3.8/site-packages/airflow/example_dags/example_complex.py
[2024-12-04 12:25:00,411] {processor.py:651} INFO - DAG(s) dict_keys(['example_complex']) retrieved from /opt/conda/lib/python3.8/site-packages/airflow/example_dags/example_complex.py
[2024-12-04 12:25:00,431] {logging_mixin.py:115} INFO - [2024-12-04 12:25:00,431] {dag.py:2420} INFO - Sync 1 DAGs
[2024-12-04 12:25:00,449] {logging_mixin.py:115} INFO - [2024-12-04 12:25:00,449] {dag.py:2968} INFO - Setting next_dagrun for example_complex to None, run_after=None
[2024-12-04 12:25:00,467] {processor.py:161} INFO - Processing /opt/conda/lib/python3.8/site-packages/airflow/example_dags/example_complex.py took 0.075 seconds
[2024-12-04 12:25:49,693] {processor.py:153} INFO - Started process (PID=10542) to work on /opt/conda/lib/python3.8/site-packages/airflow/example_dags/example_complex.py
[2024-12-04 12:25:49,694] {processor.py:641} INFO - Processing file /opt/conda/lib/python3.8/site-packages/airflow/example_dags/example_complex.py for tasks to queue
[2024-12-04 12:25:49,695] {logging_mixin.py:115} INFO - [2024-12-04 12:25:49,695] {dagbag.py:508} INFO - Filling up the DagBag from /opt/conda/lib/python3.8/site-packages/airflow/example_dags/example_complex.py
[2024-12-04 12:25:49,708] {processor.py:651} INFO - DAG(s) dict_keys(['example_complex']) retrieved from /opt/conda/lib/python3.8/site-packages/airflow/example_dags/example_complex.py
[2024-12-04 12:25:49,729] {logging_mixin.py:115} INFO - [2024-12-04 12:25:49,729] {dag.py:2420} INFO - Sync 1 DAGs
[2024-12-04 12:25:49,746] {logging_mixin.py:115} INFO - [2024-12-04 12:25:49,746] {dag.py:2968} INFO - Setting next_dagrun for example_complex to None, run_after=None
[2024-12-04 12:25:49,767] {processor.py:161} INFO - Processing /opt/conda/lib/python3.8/site-packages/airflow/example_dags/example_complex.py took 0.078 seconds
